-- Found ament_cmake: 1.3.3 (/opt/ros/humble/share/ament_cmake/cmake)
-- Found rosidl_default_generators: 1.2.0 (/opt/ros/humble/share/rosidl_default_generators/cmake)
-- Using all available rosidl_typesupport_c: rosidl_typesupport_fastrtps_c;rosidl_typesupport_introspection_c
-- Found rosidl_adapter: 3.1.4 (/opt/ros/humble/share/rosidl_adapter/cmake)
-- Using all available rosidl_typesupport_cpp: rosidl_typesupport_fastrtps_cpp;rosidl_typesupport_introspection_cpp
-- Found ament_cmake_ros: 0.10.0 (/opt/ros/humble/share/ament_cmake_ros/cmake)
-- Using all available rosidl_typesupport_c: rosidl_typesupport_fastrtps_c;rosidl_typesupport_introspection_c
-- Using all available rosidl_typesupport_cpp: rosidl_typesupport_fastrtps_cpp;rosidl_typesupport_introspection_cpp
-- Found python_cmake_module: 0.10.0 (/opt/ros/humble/share/python_cmake_module/cmake)
-- Using PYTHON_EXECUTABLE: /usr/bin/python3
-- Using PYTHON_INCLUDE_DIRS: /usr/include/python3.10
-- Using PYTHON_LIBRARIES: /usr/lib/x86_64-linux-gnu/libpython3.10.so
-- Found ament_lint_auto: 0.12.5 (/opt/ros/humble/share/ament_lint_auto/cmake)
-- Added test 'lint_cmake' to check CMake code style
-- Added test 'xmllint' to check XML markup files
-- Configuring done
-- Generating done
-- Build files have been written to: /mnt/hgfs/VMware/ROS2_DEMO/3_Chapter/code/build/srv_demo
[35m[1mConsolidate compiler generated dependencies of target srv_demo__rosidl_generator_c[0m
[  3%] Built target srv_demo__cpp
[35m[1mConsolidate compiler generated dependencies of target srv_demo__rosidl_typesupport_cpp[0m
[35m[1mConsolidate compiler generated dependencies of target srv_demo__rosidl_typesupport_fastrtps_cpp[0m
[35m[1mConsolidate compiler generated dependencies of target srv_demo__rosidl_typesupport_introspection_cpp[0m
[  3%] Built target ament_cmake_python_copy_srv_demo
[ 12%] Built target srv_demo__rosidl_generator_c
[35m[1mConsolidate compiler generated dependencies of target srv_demo__rosidl_typesupport_c[0m
[35m[1mConsolidate compiler generated dependencies of target srv_demo__rosidl_typesupport_introspection_c[0m
[35m[1mConsolidate compiler generated dependencies of target srv_demo__rosidl_typesupport_fastrtps_c[0m
[ 22%] Built target srv_demo__rosidl_typesupport_c
running egg_info
writing srv_demo.egg-info/PKG-INFO
writing dependency_links to srv_demo.egg-info/dependency_links.txt
writing top-level names to srv_demo.egg-info/top_level.txt
reading manifest file 'srv_demo.egg-info/SOURCES.txt'
[ 32%] Built target srv_demo__rosidl_typesupport_introspection_c
writing manifest file 'srv_demo.egg-info/SOURCES.txt'
[ 32%] Built target ament_cmake_python_build_srv_demo_egg
[ 41%] Built target srv_demo__rosidl_typesupport_cpp
[ 51%] Built target srv_demo__rosidl_typesupport_introspection_cpp
[ 61%] Built target srv_demo__rosidl_typesupport_fastrtps_cpp
[ 70%] Built target srv_demo__rosidl_typesupport_fastrtps_c
[ 70%] Built target srv_demo
[ 74%] Built target srv_demo__py
[35m[1mConsolidate compiler generated dependencies of target srv_demo__rosidl_generator_py[0m
[ 80%] Built target srv_demo__rosidl_generator_py
[35m[1mConsolidate compiler generated dependencies of target srv_demo__rosidl_typesupport_c__pyext[0m
[35m[1mConsolidate compiler generated dependencies of target srv_demo__rosidl_typesupport_fastrtps_c__pyext[0m
[35m[1mConsolidate compiler generated dependencies of target srv_demo__rosidl_typesupport_introspection_c__pyext[0m
[ 87%] Built target srv_demo__rosidl_typesupport_c__pyext
[ 96%] Built target srv_demo__rosidl_typesupport_fastrtps_c__pyext
[100%] Built target srv_demo__rosidl_typesupport_introspection_c__pyext
-- Install configuration: ""
-- Up-to-date: /mnt/hgfs/VMware/ROS2_DEMO/3_Chapter/code/install/srv_demo/share/ament_index/resource_index/rosidl_interfaces/srv_demo
-- Up-to-date: /mnt/hgfs/VMware/ROS2_DEMO/3_Chapter/code/install/srv_demo/include/srv_demo/srv_demo
-- Up-to-date: /mnt/hgfs/VMware/ROS2_DEMO/3_Chapter/code/install/srv_demo/include/srv_demo/srv_demo/msg
-- Up-to-date: /mnt/hgfs/VMware/ROS2_DEMO/3_Chapter/code/install/srv_demo/include/srv_demo/srv_demo/msg/rosidl_generator_c__visibility_control.h
-- Up-to-date: /mnt/hgfs/VMware/ROS2_DEMO/3_Chapter/code/install/srv_demo/include/srv_demo/srv_demo/srv
-- Up-to-date: /mnt/hgfs/VMware/ROS2_DEMO/3_Chapter/code/install/srv_demo/include/srv_demo/srv_demo/srv/add_int.h
-- Up-to-date: /mnt/hgfs/VMware/ROS2_DEMO/3_Chapter/code/install/srv_demo/include/srv_demo/srv_demo/srv/detail
-- Up-to-date: /mnt/hgfs/VMware/ROS2_DEMO/3_Chapter/code/install/srv_demo/include/srv_demo/srv_demo/srv/detail/add_int__functions.c
-- Up-to-date: /mnt/hgfs/VMware/ROS2_DEMO/3_Chapter/code/install/srv_demo/include/srv_demo/srv_demo/srv/detail/add_int__functions.h
-- Up-to-date: /mnt/hgfs/VMware/ROS2_DEMO/3_Chapter/code/install/srv_demo/include/srv_demo/srv_demo/srv/detail/add_int__struct.h
-- Up-to-date: /mnt/hgfs/VMware/ROS2_DEMO/3_Chapter/code/install/srv_demo/include/srv_demo/srv_demo/srv/detail/add_int__type_support.h
-- Up-to-date: /mnt/hgfs/VMware/ROS2_DEMO/3_Chapter/code/install/srv_demo/share/srv_demo/environment/library_path.sh
-- Installing: /mnt/hgfs/VMware/ROS2_DEMO/3_Chapter/code/install/srv_demo/share/srv_demo/environment/library_path.dsv
-- Up-to-date: /mnt/hgfs/VMware/ROS2_DEMO/3_Chapter/code/install/srv_demo/lib/libsrv_demo__rosidl_generator_c.so
-- Up-to-date: /mnt/hgfs/VMware/ROS2_DEMO/3_Chapter/code/install/srv_demo/include/srv_demo/srv_demo
-- Up-to-date: /mnt/hgfs/VMware/ROS2_DEMO/3_Chapter/code/install/srv_demo/include/srv_demo/srv_demo/msg
-- Up-to-date: /mnt/hgfs/VMware/ROS2_DEMO/3_Chapter/code/install/srv_demo/include/srv_demo/srv_demo/msg/rosidl_typesupport_fastrtps_c__visibility_control.h
-- Up-to-date: /mnt/hgfs/VMware/ROS2_DEMO/3_Chapter/code/install/srv_demo/include/srv_demo/srv_demo/srv
-- Up-to-date: /mnt/hgfs/VMware/ROS2_DEMO/3_Chapter/code/install/srv_demo/include/srv_demo/srv_demo/srv/detail
-- Up-to-date: /mnt/hgfs/VMware/ROS2_DEMO/3_Chapter/code/install/srv_demo/include/srv_demo/srv_demo/srv/detail/add_int__rosidl_typesupport_fastrtps_c.h
-- Up-to-date: /mnt/hgfs/VMware/ROS2_DEMO/3_Chapter/code/install/srv_demo/lib/libsrv_demo__rosidl_typesupport_fastrtps_c.so
-- Up-to-date: /mnt/hgfs/VMware/ROS2_DEMO/3_Chapter/code/install/srv_demo/include/srv_demo/srv_demo
-- Up-to-date: /mnt/hgfs/VMware/ROS2_DEMO/3_Chapter/code/install/srv_demo/include/srv_demo/srv_demo/msg
-- Up-to-date: /mnt/hgfs/VMware/ROS2_DEMO/3_Chapter/code/install/srv_demo/include/srv_demo/srv_demo/msg/rosidl_typesupport_introspection_c__visibility_control.h
-- Up-to-date: /mnt/hgfs/VMware/ROS2_DEMO/3_Chapter/code/install/srv_demo/include/srv_demo/srv_demo/srv
-- Up-to-date: /mnt/hgfs/VMware/ROS2_DEMO/3_Chapter/code/install/srv_demo/include/srv_demo/srv_demo/srv/detail
-- Up-to-date: /mnt/hgfs/VMware/ROS2_DEMO/3_Chapter/code/install/srv_demo/include/srv_demo/srv_demo/srv/detail/add_int__rosidl_typesupport_introspection_c.h
-- Up-to-date: /mnt/hgfs/VMware/ROS2_DEMO/3_Chapter/code/install/srv_demo/include/srv_demo/srv_demo/srv/detail/add_int__type_support.c
-- Up-to-date: /mnt/hgfs/VMware/ROS2_DEMO/3_Chapter/code/install/srv_demo/lib/libsrv_demo__rosidl_typesupport_introspection_c.so
-- Up-to-date: /mnt/hgfs/VMware/ROS2_DEMO/3_Chapter/code/install/srv_demo/lib/libsrv_demo__rosidl_typesupport_c.so
-- Up-to-date: /mnt/hgfs/VMware/ROS2_DEMO/3_Chapter/code/install/srv_demo/include/srv_demo/srv_demo
-- Up-to-date: /mnt/hgfs/VMware/ROS2_DEMO/3_Chapter/code/install/srv_demo/include/srv_demo/srv_demo/srv
-- Up-to-date: /mnt/hgfs/VMware/ROS2_DEMO/3_Chapter/code/install/srv_demo/include/srv_demo/srv_demo/srv/add_int.hpp
-- Up-to-date: /mnt/hgfs/VMware/ROS2_DEMO/3_Chapter/code/install/srv_demo/include/srv_demo/srv_demo/srv/detail
-- Up-to-date: /mnt/hgfs/VMware/ROS2_DEMO/3_Chapter/code/install/srv_demo/include/srv_demo/srv_demo/srv/detail/add_int__builder.hpp
-- Up-to-date: /mnt/hgfs/VMware/ROS2_DEMO/3_Chapter/code/install/srv_demo/include/srv_demo/srv_demo/srv/detail/add_int__struct.hpp
-- Up-to-date: /mnt/hgfs/VMware/ROS2_DEMO/3_Chapter/code/install/srv_demo/include/srv_demo/srv_demo/srv/detail/add_int__traits.hpp
-- Up-to-date: /mnt/hgfs/VMware/ROS2_DEMO/3_Chapter/code/install/srv_demo/include/srv_demo/srv_demo
-- Up-to-date: /mnt/hgfs/VMware/ROS2_DEMO/3_Chapter/code/install/srv_demo/include/srv_demo/srv_demo/msg
-- Up-to-date: /mnt/hgfs/VMware/ROS2_DEMO/3_Chapter/code/install/srv_demo/include/srv_demo/srv_demo/msg/rosidl_typesupport_fastrtps_cpp__visibility_control.h
-- Up-to-date: /mnt/hgfs/VMware/ROS2_DEMO/3_Chapter/code/install/srv_demo/include/srv_demo/srv_demo/srv
-- Up-to-date: /mnt/hgfs/VMware/ROS2_DEMO/3_Chapter/code/install/srv_demo/include/srv_demo/srv_demo/srv/detail
-- Up-to-date: /mnt/hgfs/VMware/ROS2_DEMO/3_Chapter/code/install/srv_demo/include/srv_demo/srv_demo/srv/detail/add_int__rosidl_typesupport_fastrtps_cpp.hpp
-- Up-to-date: /mnt/hgfs/VMware/ROS2_DEMO/3_Chapter/code/install/srv_demo/include/srv_demo/srv_demo/srv/detail/dds_fastrtps
-- Up-to-date: /mnt/hgfs/VMware/ROS2_DEMO/3_Chapter/code/install/srv_demo/lib/libsrv_demo__rosidl_typesupport_fastrtps_cpp.so
-- Up-to-date: /mnt/hgfs/VMware/ROS2_DEMO/3_Chapter/code/install/srv_demo/include/srv_demo/srv_demo
-- Up-to-date: /mnt/hgfs/VMware/ROS2_DEMO/3_Chapter/code/install/srv_demo/include/srv_demo/srv_demo/srv
-- Up-to-date: /mnt/hgfs/VMware/ROS2_DEMO/3_Chapter/code/install/srv_demo/include/srv_demo/srv_demo/srv/detail
-- Up-to-date: /mnt/hgfs/VMware/ROS2_DEMO/3_Chapter/code/install/srv_demo/include/srv_demo/srv_demo/srv/detail/add_int__rosidl_typesupport_introspection_cpp.hpp
-- Up-to-date: /mnt/hgfs/VMware/ROS2_DEMO/3_Chapter/code/install/srv_demo/include/srv_demo/srv_demo/srv/detail/add_int__type_support.cpp
-- Up-to-date: /mnt/hgfs/VMware/ROS2_DEMO/3_Chapter/code/install/srv_demo/lib/libsrv_demo__rosidl_typesupport_introspection_cpp.so
-- Up-to-date: /mnt/hgfs/VMware/ROS2_DEMO/3_Chapter/code/install/srv_demo/lib/libsrv_demo__rosidl_typesupport_cpp.so
-- Up-to-date: /mnt/hgfs/VMware/ROS2_DEMO/3_Chapter/code/install/srv_demo/share/srv_demo/environment/pythonpath.sh
-- Installing: /mnt/hgfs/VMware/ROS2_DEMO/3_Chapter/code/install/srv_demo/share/srv_demo/environment/pythonpath.dsv
-- Up-to-date: /mnt/hgfs/VMware/ROS2_DEMO/3_Chapter/code/install/srv_demo/local/lib/python3.10/dist-packages/srv_demo-0.0.0-py3.10.egg-info
-- Installing: /mnt/hgfs/VMware/ROS2_DEMO/3_Chapter/code/install/srv_demo/local/lib/python3.10/dist-packages/srv_demo-0.0.0-py3.10.egg-info/dependency_links.txt
-- Installing: /mnt/hgfs/VMware/ROS2_DEMO/3_Chapter/code/install/srv_demo/local/lib/python3.10/dist-packages/srv_demo-0.0.0-py3.10.egg-info/PKG-INFO
-- Installing: /mnt/hgfs/VMware/ROS2_DEMO/3_Chapter/code/install/srv_demo/local/lib/python3.10/dist-packages/srv_demo-0.0.0-py3.10.egg-info/SOURCES.txt
-- Installing: /mnt/hgfs/VMware/ROS2_DEMO/3_Chapter/code/install/srv_demo/local/lib/python3.10/dist-packages/srv_demo-0.0.0-py3.10.egg-info/top_level.txt
-- Up-to-date: /mnt/hgfs/VMware/ROS2_DEMO/3_Chapter/code/install/srv_demo/local/lib/python3.10/dist-packages/srv_demo
-- Up-to-date: /mnt/hgfs/VMware/ROS2_DEMO/3_Chapter/code/install/srv_demo/local/lib/python3.10/dist-packages/srv_demo/libsrv_demo__rosidl_generator_py.so
-- Up-to-date: /mnt/hgfs/VMware/ROS2_DEMO/3_Chapter/code/install/srv_demo/local/lib/python3.10/dist-packages/srv_demo/srv
-- Up-to-date: /mnt/hgfs/VMware/ROS2_DEMO/3_Chapter/code/install/srv_demo/local/lib/python3.10/dist-packages/srv_demo/srv/_add_int.py
-- Up-to-date: /mnt/hgfs/VMware/ROS2_DEMO/3_Chapter/code/install/srv_demo/local/lib/python3.10/dist-packages/srv_demo/srv/_add_int_s.c
-- Up-to-date: /mnt/hgfs/VMware/ROS2_DEMO/3_Chapter/code/install/srv_demo/local/lib/python3.10/dist-packages/srv_demo/srv/__init__.py
-- Up-to-date: /mnt/hgfs/VMware/ROS2_DEMO/3_Chapter/code/install/srv_demo/local/lib/python3.10/dist-packages/srv_demo/srv_demo_s__rosidl_typesupport_c.cpython-310-x86_64-linux-gnu.so
-- Up-to-date: /mnt/hgfs/VMware/ROS2_DEMO/3_Chapter/code/install/srv_demo/local/lib/python3.10/dist-packages/srv_demo/srv_demo_s__rosidl_typesupport_fastrtps_c.cpython-310-x86_64-linux-gnu.so
-- Up-to-date: /mnt/hgfs/VMware/ROS2_DEMO/3_Chapter/code/install/srv_demo/local/lib/python3.10/dist-packages/srv_demo/srv_demo_s__rosidl_typesupport_introspection_c.cpython-310-x86_64-linux-gnu.so
-- Up-to-date: /mnt/hgfs/VMware/ROS2_DEMO/3_Chapter/code/install/srv_demo/local/lib/python3.10/dist-packages/srv_demo/_srv_demo_s.ep.rosidl_typesupport_c.c
-- Up-to-date: /mnt/hgfs/VMware/ROS2_DEMO/3_Chapter/code/install/srv_demo/local/lib/python3.10/dist-packages/srv_demo/_srv_demo_s.ep.rosidl_typesupport_fastrtps_c.c
-- Up-to-date: /mnt/hgfs/VMware/ROS2_DEMO/3_Chapter/code/install/srv_demo/local/lib/python3.10/dist-packages/srv_demo/_srv_demo_s.ep.rosidl_typesupport_introspection_c.c
-- Up-to-date: /mnt/hgfs/VMware/ROS2_DEMO/3_Chapter/code/install/srv_demo/local/lib/python3.10/dist-packages/srv_demo/__init__.py
Listing '/mnt/hgfs/VMware/ROS2_DEMO/3_Chapter/code/install/srv_demo/local/lib/python3.10/dist-packages/srv_demo'...
Listing '/mnt/hgfs/VMware/ROS2_DEMO/3_Chapter/code/install/srv_demo/local/lib/python3.10/dist-packages/srv_demo/srv'...
-- Up-to-date: /mnt/hgfs/VMware/ROS2_DEMO/3_Chapter/code/install/srv_demo/local/lib/python3.10/dist-packages/srv_demo/srv_demo_s__rosidl_typesupport_fastrtps_c.cpython-310-x86_64-linux-gnu.so
-- Up-to-date: /mnt/hgfs/VMware/ROS2_DEMO/3_Chapter/code/install/srv_demo/local/lib/python3.10/dist-packages/srv_demo/srv_demo_s__rosidl_typesupport_introspection_c.cpython-310-x86_64-linux-gnu.so
-- Up-to-date: /mnt/hgfs/VMware/ROS2_DEMO/3_Chapter/code/install/srv_demo/local/lib/python3.10/dist-packages/srv_demo/srv_demo_s__rosidl_typesupport_c.cpython-310-x86_64-linux-gnu.so
-- Up-to-date: /mnt/hgfs/VMware/ROS2_DEMO/3_Chapter/code/install/srv_demo/lib/libsrv_demo__rosidl_generator_py.so
-- Up-to-date: /mnt/hgfs/VMware/ROS2_DEMO/3_Chapter/code/install/srv_demo/share/srv_demo/srv/AddInt.idl
-- Up-to-date: /mnt/hgfs/VMware/ROS2_DEMO/3_Chapter/code/install/srv_demo/share/srv_demo/srv/AddInt.srv
-- Up-to-date: /mnt/hgfs/VMware/ROS2_DEMO/3_Chapter/code/install/srv_demo/share/srv_demo/srv/AddInt_Request.msg
-- Up-to-date: /mnt/hgfs/VMware/ROS2_DEMO/3_Chapter/code/install/srv_demo/share/srv_demo/srv/AddInt_Response.msg
-- Up-to-date: /mnt/hgfs/VMware/ROS2_DEMO/3_Chapter/code/install/srv_demo/share/ament_index/resource_index/package_run_dependencies/srv_demo
-- Up-to-date: /mnt/hgfs/VMware/ROS2_DEMO/3_Chapter/code/install/srv_demo/share/ament_index/resource_index/parent_prefix_path/srv_demo
-- Up-to-date: /mnt/hgfs/VMware/ROS2_DEMO/3_Chapter/code/install/srv_demo/share/srv_demo/environment/ament_prefix_path.sh
-- Installing: /mnt/hgfs/VMware/ROS2_DEMO/3_Chapter/code/install/srv_demo/share/srv_demo/environment/ament_prefix_path.dsv
-- Up-to-date: /mnt/hgfs/VMware/ROS2_DEMO/3_Chapter/code/install/srv_demo/share/srv_demo/environment/path.sh
-- Installing: /mnt/hgfs/VMware/ROS2_DEMO/3_Chapter/code/install/srv_demo/share/srv_demo/environment/path.dsv
-- Up-to-date: /mnt/hgfs/VMware/ROS2_DEMO/3_Chapter/code/install/srv_demo/share/srv_demo/local_setup.bash
-- Up-to-date: /mnt/hgfs/VMware/ROS2_DEMO/3_Chapter/code/install/srv_demo/share/srv_demo/local_setup.sh
-- Up-to-date: /mnt/hgfs/VMware/ROS2_DEMO/3_Chapter/code/install/srv_demo/share/srv_demo/local_setup.zsh
-- Installing: /mnt/hgfs/VMware/ROS2_DEMO/3_Chapter/code/install/srv_demo/share/srv_demo/local_setup.dsv
-- Installing: /mnt/hgfs/VMware/ROS2_DEMO/3_Chapter/code/install/srv_demo/share/srv_demo/package.dsv
-- Up-to-date: /mnt/hgfs/VMware/ROS2_DEMO/3_Chapter/code/install/srv_demo/share/ament_index/resource_index/packages/srv_demo
-- Up-to-date: /mnt/hgfs/VMware/ROS2_DEMO/3_Chapter/code/install/srv_demo/share/srv_demo/cmake/export_srv_demo__rosidl_generator_cExport.cmake
-- Up-to-date: /mnt/hgfs/VMware/ROS2_DEMO/3_Chapter/code/install/srv_demo/share/srv_demo/cmake/export_srv_demo__rosidl_generator_cExport-noconfig.cmake
-- Up-to-date: /mnt/hgfs/VMware/ROS2_DEMO/3_Chapter/code/install/srv_demo/share/srv_demo/cmake/export_srv_demo__rosidl_typesupport_fastrtps_cExport.cmake
-- Up-to-date: /mnt/hgfs/VMware/ROS2_DEMO/3_Chapter/code/install/srv_demo/share/srv_demo/cmake/export_srv_demo__rosidl_typesupport_fastrtps_cExport-noconfig.cmake
-- Up-to-date: /mnt/hgfs/VMware/ROS2_DEMO/3_Chapter/code/install/srv_demo/share/srv_demo/cmake/srv_demo__rosidl_typesupport_introspection_cExport.cmake
-- Up-to-date: /mnt/hgfs/VMware/ROS2_DEMO/3_Chapter/code/install/srv_demo/share/srv_demo/cmake/srv_demo__rosidl_typesupport_introspection_cExport-noconfig.cmake
-- Up-to-date: /mnt/hgfs/VMware/ROS2_DEMO/3_Chapter/code/install/srv_demo/share/srv_demo/cmake/srv_demo__rosidl_typesupport_cExport.cmake
-- Up-to-date: /mnt/hgfs/VMware/ROS2_DEMO/3_Chapter/code/install/srv_demo/share/srv_demo/cmake/srv_demo__rosidl_typesupport_cExport-noconfig.cmake
-- Up-to-date: /mnt/hgfs/VMware/ROS2_DEMO/3_Chapter/code/install/srv_demo/share/srv_demo/cmake/export_srv_demo__rosidl_generator_cppExport.cmake
-- Up-to-date: /mnt/hgfs/VMware/ROS2_DEMO/3_Chapter/code/install/srv_demo/share/srv_demo/cmake/export_srv_demo__rosidl_typesupport_fastrtps_cppExport.cmake
-- Up-to-date: /mnt/hgfs/VMware/ROS2_DEMO/3_Chapter/code/install/srv_demo/share/srv_demo/cmake/export_srv_demo__rosidl_typesupport_fastrtps_cppExport-noconfig.cmake
-- Up-to-date: /mnt/hgfs/VMware/ROS2_DEMO/3_Chapter/code/install/srv_demo/share/srv_demo/cmake/srv_demo__rosidl_typesupport_introspection_cppExport.cmake
-- Up-to-date: /mnt/hgfs/VMware/ROS2_DEMO/3_Chapter/code/install/srv_demo/share/srv_demo/cmake/srv_demo__rosidl_typesupport_introspection_cppExport-noconfig.cmake
-- Up-to-date: /mnt/hgfs/VMware/ROS2_DEMO/3_Chapter/code/install/srv_demo/share/srv_demo/cmake/srv_demo__rosidl_typesupport_cppExport.cmake
-- Up-to-date: /mnt/hgfs/VMware/ROS2_DEMO/3_Chapter/code/install/srv_demo/share/srv_demo/cmake/srv_demo__rosidl_typesupport_cppExport-noconfig.cmake
-- Up-to-date: /mnt/hgfs/VMware/ROS2_DEMO/3_Chapter/code/install/srv_demo/share/srv_demo/cmake/export_srv_demo__rosidl_generator_pyExport.cmake
-- Up-to-date: /mnt/hgfs/VMware/ROS2_DEMO/3_Chapter/code/install/srv_demo/share/srv_demo/cmake/export_srv_demo__rosidl_generator_pyExport-noconfig.cmake
-- Up-to-date: /mnt/hgfs/VMware/ROS2_DEMO/3_Chapter/code/install/srv_demo/share/srv_demo/cmake/rosidl_cmake-extras.cmake
-- Up-to-date: /mnt/hgfs/VMware/ROS2_DEMO/3_Chapter/code/install/srv_demo/share/srv_demo/cmake/ament_cmake_export_include_directories-extras.cmake
-- Up-to-date: /mnt/hgfs/VMware/ROS2_DEMO/3_Chapter/code/install/srv_demo/share/srv_demo/cmake/ament_cmake_export_libraries-extras.cmake
-- Up-to-date: /mnt/hgfs/VMware/ROS2_DEMO/3_Chapter/code/install/srv_demo/share/srv_demo/cmake/ament_cmake_export_targets-extras.cmake
-- Up-to-date: /mnt/hgfs/VMware/ROS2_DEMO/3_Chapter/code/install/srv_demo/share/srv_demo/cmake/rosidl_cmake_export_typesupport_targets-extras.cmake
-- Up-to-date: /mnt/hgfs/VMware/ROS2_DEMO/3_Chapter/code/install/srv_demo/share/srv_demo/cmake/ament_cmake_export_dependencies-extras.cmake
-- Up-to-date: /mnt/hgfs/VMware/ROS2_DEMO/3_Chapter/code/install/srv_demo/share/srv_demo/cmake/rosidl_cmake_export_typesupport_libraries-extras.cmake
-- Up-to-date: /mnt/hgfs/VMware/ROS2_DEMO/3_Chapter/code/install/srv_demo/share/srv_demo/cmake/srv_demoConfig.cmake
-- Up-to-date: /mnt/hgfs/VMware/ROS2_DEMO/3_Chapter/code/install/srv_demo/share/srv_demo/cmake/srv_demoConfig-version.cmake
-- Installing: /mnt/hgfs/VMware/ROS2_DEMO/3_Chapter/code/install/srv_demo/share/srv_demo/package.xml
