[0.269s] DEBUG:colcon:Command line arguments: ['/usr/bin/colcon', 'build']
[0.270s] DEBUG:colcon:Parsed command line arguments: Namespace(log_base=None, log_level=None, verb_name='build', build_base='build', install_base='install', merge_install=False, symlink_install=False, test_result_base=None, continue_on_error=False, executor='parallel', parallel_workers=16, event_handlers=None, ignore_user_meta=False, metas=['./colcon.meta'], base_paths=['.'], packages_ignore=None, packages_ignore_regex=None, paths=None, packages_up_to=None, packages_up_to_regex=None, packages_above=None, packages_above_and_dependencies=None, packages_above_depth=None, packages_select_by_dep=None, packages_skip_by_dep=None, packages_skip_up_to=None, packages_select_build_failed=False, packages_skip_build_finished=False, packages_select_test_failures=False, packages_skip_test_passed=False, packages_select=None, packages_skip=None, packages_select_regex=None, packages_skip_regex=None, packages_start=None, packages_end=None, allow_overriding=[], cmake_args=None, cmake_target=None, cmake_target_skip_unavailable=False, cmake_clean_cache=False, cmake_clean_first=False, cmake_force_configure=False, ament_cmake_args=None, catkin_cmake_args=None, catkin_skip_building_tests=False, verb_parser=<colcon_defaults.argument_parser.defaults.DefaultArgumentsDecorator object at 0x7faf706916c0>, verb_extension=<colcon_core.verb.build.BuildVerb object at 0x7faf70e99f90>, main=<bound method BuildVerb.main of <colcon_core.verb.build.BuildVerb object at 0x7faf70e99f90>>)
[0.308s] Level 1:colcon.colcon_core.package_discovery:discover_packages(colcon_meta) check parameters
[0.309s] Level 1:colcon.colcon_core.package_discovery:discover_packages(recursive) check parameters
[0.309s] Level 1:colcon.colcon_core.package_discovery:discover_packages(ignore) check parameters
[0.310s] Level 1:colcon.colcon_core.package_discovery:discover_packages(path) check parameters
[0.311s] Level 1:colcon.colcon_core.package_discovery:discover_packages(colcon_meta) discover
[0.311s] Level 1:colcon.colcon_core.package_discovery:discover_packages(recursive) discover
[0.312s] INFO:colcon.colcon_core.package_discovery:Crawling recursively for packages in '/mnt/hgfs/VMware/ROS2_DEMO/4_Chapter/code'
[0.314s] Level 1:colcon.colcon_core.package_identification:_identify(.) by extensions ['ignore', 'ignore_ament_install']
[0.314s] Level 1:colcon.colcon_core.package_identification:_identify(.) by extension 'ignore'
[0.316s] Level 1:colcon.colcon_core.package_identification:_identify(.) by extension 'ignore_ament_install'
[0.317s] Level 1:colcon.colcon_core.package_identification:_identify(.) by extensions ['colcon_pkg']
[0.317s] Level 1:colcon.colcon_core.package_identification:_identify(.) by extension 'colcon_pkg'
[0.318s] Level 1:colcon.colcon_core.package_identification:_identify(.) by extensions ['colcon_meta']
[0.318s] Level 1:colcon.colcon_core.package_identification:_identify(.) by extension 'colcon_meta'
[0.319s] Level 1:colcon.colcon_core.package_identification:_identify(.) by extensions ['ros']
[0.319s] Level 1:colcon.colcon_core.package_identification:_identify(.) by extension 'ros'
[0.332s] Level 1:colcon.colcon_core.package_identification:_identify(.) by extensions ['cmake', 'python']
[0.332s] Level 1:colcon.colcon_core.package_identification:_identify(.) by extension 'cmake'
[0.334s] Level 1:colcon.colcon_core.package_identification:_identify(.) by extension 'python'
[0.335s] Level 1:colcon.colcon_core.package_identification:_identify(.) by extensions ['python_setup_py']
[0.335s] Level 1:colcon.colcon_core.package_identification:_identify(.) by extension 'python_setup_py'
[0.337s] Level 1:colcon.colcon_core.package_identification:_identify(build) by extensions ['ignore', 'ignore_ament_install']
[0.338s] Level 1:colcon.colcon_core.package_identification:_identify(build) by extension 'ignore'
[0.338s] Level 1:colcon.colcon_core.package_identification:_identify(build) ignored
[0.341s] Level 1:colcon.colcon_core.package_identification:_identify(cpp_para_client) by extensions ['ignore', 'ignore_ament_install']
[0.341s] Level 1:colcon.colcon_core.package_identification:_identify(cpp_para_client) by extension 'ignore'
[0.342s] Level 1:colcon.colcon_core.package_identification:_identify(cpp_para_client) by extension 'ignore_ament_install'
[0.344s] Level 1:colcon.colcon_core.package_identification:_identify(cpp_para_client) by extensions ['colcon_pkg']
[0.344s] Level 1:colcon.colcon_core.package_identification:_identify(cpp_para_client) by extension 'colcon_pkg'
[0.345s] Level 1:colcon.colcon_core.package_identification:_identify(cpp_para_client) by extensions ['colcon_meta']
[0.346s] Level 1:colcon.colcon_core.package_identification:_identify(cpp_para_client) by extension 'colcon_meta'
[0.347s] Level 1:colcon.colcon_core.package_identification:_identify(cpp_para_client) by extensions ['ros']
[0.347s] Level 1:colcon.colcon_core.package_identification:_identify(cpp_para_client) by extension 'ros'
[0.353s] DEBUG:colcon.colcon_core.package_identification:Package 'cpp_para_client' with type 'ros.ament_cmake' and name 'cpp_para_client'
[0.355s] Level 1:colcon.colcon_core.package_identification:_identify(cpp_para_server) by extensions ['ignore', 'ignore_ament_install']
[0.356s] Level 1:colcon.colcon_core.package_identification:_identify(cpp_para_server) by extension 'ignore'
[0.357s] Level 1:colcon.colcon_core.package_identification:_identify(cpp_para_server) by extension 'ignore_ament_install'
[0.359s] Level 1:colcon.colcon_core.package_identification:_identify(cpp_para_server) by extensions ['colcon_pkg']
[0.359s] Level 1:colcon.colcon_core.package_identification:_identify(cpp_para_server) by extension 'colcon_pkg'
[0.360s] Level 1:colcon.colcon_core.package_identification:_identify(cpp_para_server) by extensions ['colcon_meta']
[0.360s] Level 1:colcon.colcon_core.package_identification:_identify(cpp_para_server) by extension 'colcon_meta'
[0.360s] Level 1:colcon.colcon_core.package_identification:_identify(cpp_para_server) by extensions ['ros']
[0.361s] Level 1:colcon.colcon_core.package_identification:_identify(cpp_para_server) by extension 'ros'
[0.364s] DEBUG:colcon.colcon_core.package_identification:Package 'cpp_para_server' with type 'ros.ament_cmake' and name 'cpp_para_server'
[0.367s] Level 1:colcon.colcon_core.package_identification:_identify(install) by extensions ['ignore', 'ignore_ament_install']
[0.367s] Level 1:colcon.colcon_core.package_identification:_identify(install) by extension 'ignore'
[0.368s] Level 1:colcon.colcon_core.package_identification:_identify(install) ignored
[0.369s] Level 1:colcon.colcon_core.package_identification:_identify(log) by extensions ['ignore', 'ignore_ament_install']
[0.370s] Level 1:colcon.colcon_core.package_identification:_identify(log) by extension 'ignore'
[0.371s] Level 1:colcon.colcon_core.package_identification:_identify(log) ignored
[0.371s] Level 1:colcon.colcon_core.package_discovery:discover_packages(recursive) using defaults
[0.372s] Level 1:colcon.colcon_core.package_discovery:discover_packages(ignore) discover
[0.372s] Level 1:colcon.colcon_core.package_discovery:discover_packages(ignore) using defaults
[0.373s] Level 1:colcon.colcon_core.package_discovery:discover_packages(path) discover
[0.373s] Level 1:colcon.colcon_core.package_discovery:discover_packages(path) using defaults
[0.394s] Level 1:colcon.colcon_core.package_discovery:discover_packages(prefix_path) check parameters
[0.395s] Level 1:colcon.colcon_core.package_discovery:discover_packages(prefix_path) discover
[0.413s] DEBUG:colcon.colcon_installed_package_information.package_discovery:Found 1 installed packages in /mnt/hgfs/VMware/ROS2_DEMO/4_Chapter/code/install
[0.415s] DEBUG:colcon.colcon_installed_package_information.package_discovery:Found 270 installed packages in /opt/ros/humble
[0.417s] Level 1:colcon.colcon_core.package_discovery:discover_packages(prefix_path) using defaults
[0.468s] Level 5:colcon.colcon_core.verb:set package 'cpp_para_client' build argument 'cmake_args' from command line to 'None'
[0.468s] Level 5:colcon.colcon_core.verb:set package 'cpp_para_client' build argument 'cmake_target' from command line to 'None'
[0.470s] Level 5:colcon.colcon_core.verb:set package 'cpp_para_client' build argument 'cmake_target_skip_unavailable' from command line to 'False'
[0.470s] Level 5:colcon.colcon_core.verb:set package 'cpp_para_client' build argument 'cmake_clean_cache' from command line to 'False'
[0.471s] Level 5:colcon.colcon_core.verb:set package 'cpp_para_client' build argument 'cmake_clean_first' from command line to 'False'
[0.471s] Level 5:colcon.colcon_core.verb:set package 'cpp_para_client' build argument 'cmake_force_configure' from command line to 'False'
[0.472s] Level 5:colcon.colcon_core.verb:set package 'cpp_para_client' build argument 'ament_cmake_args' from command line to 'None'
[0.472s] Level 5:colcon.colcon_core.verb:set package 'cpp_para_client' build argument 'catkin_cmake_args' from command line to 'None'
[0.473s] Level 5:colcon.colcon_core.verb:set package 'cpp_para_client' build argument 'catkin_skip_building_tests' from command line to 'False'
[0.474s] DEBUG:colcon.colcon_core.verb:Building package 'cpp_para_client' with the following arguments: {'ament_cmake_args': None, 'build_base': '/mnt/hgfs/VMware/ROS2_DEMO/4_Chapter/code/build/cpp_para_client', 'catkin_cmake_args': None, 'catkin_skip_building_tests': False, 'cmake_args': None, 'cmake_clean_cache': False, 'cmake_clean_first': False, 'cmake_force_configure': False, 'cmake_target': None, 'cmake_target_skip_unavailable': False, 'install_base': '/mnt/hgfs/VMware/ROS2_DEMO/4_Chapter/code/install/cpp_para_client', 'merge_install': False, 'path': '/mnt/hgfs/VMware/ROS2_DEMO/4_Chapter/code/cpp_para_client', 'symlink_install': False, 'test_result_base': None}
[0.476s] Level 5:colcon.colcon_core.verb:set package 'cpp_para_server' build argument 'cmake_args' from command line to 'None'
[0.476s] Level 5:colcon.colcon_core.verb:set package 'cpp_para_server' build argument 'cmake_target' from command line to 'None'
[0.476s] Level 5:colcon.colcon_core.verb:set package 'cpp_para_server' build argument 'cmake_target_skip_unavailable' from command line to 'False'
[0.477s] Level 5:colcon.colcon_core.verb:set package 'cpp_para_server' build argument 'cmake_clean_cache' from command line to 'False'
[0.477s] Level 5:colcon.colcon_core.verb:set package 'cpp_para_server' build argument 'cmake_clean_first' from command line to 'False'
[0.478s] Level 5:colcon.colcon_core.verb:set package 'cpp_para_server' build argument 'cmake_force_configure' from command line to 'False'
[0.478s] Level 5:colcon.colcon_core.verb:set package 'cpp_para_server' build argument 'ament_cmake_args' from command line to 'None'
[0.479s] Level 5:colcon.colcon_core.verb:set package 'cpp_para_server' build argument 'catkin_cmake_args' from command line to 'None'
[0.479s] Level 5:colcon.colcon_core.verb:set package 'cpp_para_server' build argument 'catkin_skip_building_tests' from command line to 'False'
[0.480s] DEBUG:colcon.colcon_core.verb:Building package 'cpp_para_server' with the following arguments: {'ament_cmake_args': None, 'build_base': '/mnt/hgfs/VMware/ROS2_DEMO/4_Chapter/code/build/cpp_para_server', 'catkin_cmake_args': None, 'catkin_skip_building_tests': False, 'cmake_args': None, 'cmake_clean_cache': False, 'cmake_clean_first': False, 'cmake_force_configure': False, 'cmake_target': None, 'cmake_target_skip_unavailable': False, 'install_base': '/mnt/hgfs/VMware/ROS2_DEMO/4_Chapter/code/install/cpp_para_server', 'merge_install': False, 'path': '/mnt/hgfs/VMware/ROS2_DEMO/4_Chapter/code/cpp_para_server', 'symlink_install': False, 'test_result_base': None}
[0.481s] INFO:colcon.colcon_core.executor:Executing jobs using 'parallel' executor
[0.484s] DEBUG:colcon.colcon_parallel_executor.executor.parallel:run_until_complete
[0.485s] INFO:colcon.colcon_ros.task.ament_cmake.build:Building ROS package in '/mnt/hgfs/VMware/ROS2_DEMO/4_Chapter/code/cpp_para_client' with build type 'ament_cmake'
[0.486s] INFO:colcon.colcon_cmake.task.cmake.build:Building CMake package in '/mnt/hgfs/VMware/ROS2_DEMO/4_Chapter/code/cpp_para_client'
[0.491s] INFO:colcon.colcon_core.plugin_system:Skipping extension 'colcon_core.shell.bat': Not used on non-Windows systems
[0.492s] INFO:colcon.colcon_core.shell:Skip shell extension 'powershell' for command environment: Not usable outside of PowerShell
[0.493s] DEBUG:colcon.colcon_core.shell:Skip shell extension 'dsv' for command environment
[0.508s] INFO:colcon.colcon_ros.task.ament_cmake.build:Building ROS package in '/mnt/hgfs/VMware/ROS2_DEMO/4_Chapter/code/cpp_para_server' with build type 'ament_cmake'
[0.508s] INFO:colcon.colcon_cmake.task.cmake.build:Building CMake package in '/mnt/hgfs/VMware/ROS2_DEMO/4_Chapter/code/cpp_para_server'
[0.510s] INFO:colcon.colcon_core.shell:Skip shell extension 'powershell' for command environment: Not usable outside of PowerShell
[0.510s] DEBUG:colcon.colcon_core.shell:Skip shell extension 'dsv' for command environment
[0.547s] DEBUG:colcon.colcon_core.event_handler.log_command:Invoking command in '/mnt/hgfs/VMware/ROS2_DEMO/4_Chapter/code/build/cpp_para_client': CMAKE_PREFIX_PATH=${CMAKE_PREFIX_PATH}:/opt/ros/humble /usr/bin/cmake /mnt/hgfs/VMware/ROS2_DEMO/4_Chapter/code/cpp_para_client -DCMAKE_INSTALL_PREFIX=/mnt/hgfs/VMware/ROS2_DEMO/4_Chapter/code/install/cpp_para_client
[0.572s] DEBUG:colcon.colcon_core.event_handler.log_command:Invoking command in '/mnt/hgfs/VMware/ROS2_DEMO/4_Chapter/code/build/cpp_para_server': CMAKE_PREFIX_PATH=${CMAKE_PREFIX_PATH}:/opt/ros/humble /usr/bin/cmake --build /mnt/hgfs/VMware/ROS2_DEMO/4_Chapter/code/build/cpp_para_server -- -j16 -l16
[4.843s] DEBUG:colcon.colcon_core.event_handler.log_command:Invoked command in '/mnt/hgfs/VMware/ROS2_DEMO/4_Chapter/code/build/cpp_para_client' returned '0': CMAKE_PREFIX_PATH=${CMAKE_PREFIX_PATH}:/opt/ros/humble /usr/bin/cmake /mnt/hgfs/VMware/ROS2_DEMO/4_Chapter/code/cpp_para_client -DCMAKE_INSTALL_PREFIX=/mnt/hgfs/VMware/ROS2_DEMO/4_Chapter/code/install/cpp_para_client
[4.849s] DEBUG:colcon.colcon_core.event_handler.log_command:Invoking command in '/mnt/hgfs/VMware/ROS2_DEMO/4_Chapter/code/build/cpp_para_client': CMAKE_PREFIX_PATH=${CMAKE_PREFIX_PATH}:/opt/ros/humble /usr/bin/cmake --build /mnt/hgfs/VMware/ROS2_DEMO/4_Chapter/code/build/cpp_para_client -- -j16 -l16
[7.429s] DEBUG:colcon.colcon_core.event_handler.log_command:Invoked command in '/mnt/hgfs/VMware/ROS2_DEMO/4_Chapter/code/build/cpp_para_server' returned '0': CMAKE_PREFIX_PATH=${CMAKE_PREFIX_PATH}:/opt/ros/humble /usr/bin/cmake --build /mnt/hgfs/VMware/ROS2_DEMO/4_Chapter/code/build/cpp_para_server -- -j16 -l16
[7.465s] DEBUG:colcon.colcon_core.event_handler.log_command:Invoking command in '/mnt/hgfs/VMware/ROS2_DEMO/4_Chapter/code/build/cpp_para_server': CMAKE_PREFIX_PATH=${CMAKE_PREFIX_PATH}:/opt/ros/humble /usr/bin/cmake --install /mnt/hgfs/VMware/ROS2_DEMO/4_Chapter/code/build/cpp_para_server
[7.585s] Level 1:colcon.colcon_core.environment:create_environment_scripts_only(cpp_para_server)
[7.589s] DEBUG:colcon.colcon_core.event_handler.log_command:Invoked command in '/mnt/hgfs/VMware/ROS2_DEMO/4_Chapter/code/build/cpp_para_server' returned '0': CMAKE_PREFIX_PATH=${CMAKE_PREFIX_PATH}:/opt/ros/humble /usr/bin/cmake --install /mnt/hgfs/VMware/ROS2_DEMO/4_Chapter/code/build/cpp_para_server
[7.592s] Level 1:colcon.colcon_core.environment:checking '/mnt/hgfs/VMware/ROS2_DEMO/4_Chapter/code/install/cpp_para_server' for CMake module files
[7.606s] Level 1:colcon.colcon_core.environment:checking '/mnt/hgfs/VMware/ROS2_DEMO/4_Chapter/code/install/cpp_para_server' for CMake config files
[7.619s] Level 1:colcon.colcon_core.shell:create_environment_hook('cpp_para_server', 'cmake_prefix_path')
[7.621s] INFO:colcon.colcon_core.shell:Creating environment hook '/mnt/hgfs/VMware/ROS2_DEMO/4_Chapter/code/install/cpp_para_server/share/cpp_para_server/hook/cmake_prefix_path.ps1'
[7.623s] INFO:colcon.colcon_core.shell:Creating environment descriptor '/mnt/hgfs/VMware/ROS2_DEMO/4_Chapter/code/install/cpp_para_server/share/cpp_para_server/hook/cmake_prefix_path.dsv'
[7.627s] INFO:colcon.colcon_core.shell:Creating environment hook '/mnt/hgfs/VMware/ROS2_DEMO/4_Chapter/code/install/cpp_para_server/share/cpp_para_server/hook/cmake_prefix_path.sh'
[7.631s] Level 1:colcon.colcon_core.environment:checking '/mnt/hgfs/VMware/ROS2_DEMO/4_Chapter/code/install/cpp_para_server/lib'
[7.633s] Level 1:colcon.colcon_core.environment:checking '/mnt/hgfs/VMware/ROS2_DEMO/4_Chapter/code/install/cpp_para_server/bin'
[7.634s] Level 1:colcon.colcon_core.environment:checking '/mnt/hgfs/VMware/ROS2_DEMO/4_Chapter/code/install/cpp_para_server/lib/pkgconfig/cpp_para_server.pc'
[7.635s] Level 1:colcon.colcon_core.environment:checking '/mnt/hgfs/VMware/ROS2_DEMO/4_Chapter/code/install/cpp_para_server/lib/python3.10/site-packages'
[7.635s] Level 1:colcon.colcon_core.environment:checking '/mnt/hgfs/VMware/ROS2_DEMO/4_Chapter/code/install/cpp_para_server/bin'
[7.637s] INFO:colcon.colcon_core.shell:Creating package script '/mnt/hgfs/VMware/ROS2_DEMO/4_Chapter/code/install/cpp_para_server/share/cpp_para_server/package.ps1'
[7.639s] INFO:colcon.colcon_core.shell:Creating package descriptor '/mnt/hgfs/VMware/ROS2_DEMO/4_Chapter/code/install/cpp_para_server/share/cpp_para_server/package.dsv'
[7.642s] INFO:colcon.colcon_core.shell:Creating package script '/mnt/hgfs/VMware/ROS2_DEMO/4_Chapter/code/install/cpp_para_server/share/cpp_para_server/package.sh'
[7.646s] INFO:colcon.colcon_core.shell:Creating package script '/mnt/hgfs/VMware/ROS2_DEMO/4_Chapter/code/install/cpp_para_server/share/cpp_para_server/package.bash'
[7.649s] INFO:colcon.colcon_core.shell:Creating package script '/mnt/hgfs/VMware/ROS2_DEMO/4_Chapter/code/install/cpp_para_server/share/cpp_para_server/package.zsh'
[7.652s] Level 1:colcon.colcon_core.environment:create_file_with_runtime_dependencies(/mnt/hgfs/VMware/ROS2_DEMO/4_Chapter/code/install/cpp_para_server/share/colcon-core/packages/cpp_para_server)
[7.681s] Level 1:colcon.colcon_core.environment:create_environment_scripts_only(cpp_para_server)
[7.683s] Level 1:colcon.colcon_core.environment:checking '/mnt/hgfs/VMware/ROS2_DEMO/4_Chapter/code/install/cpp_para_server' for CMake module files
[7.693s] Level 1:colcon.colcon_core.environment:checking '/mnt/hgfs/VMware/ROS2_DEMO/4_Chapter/code/install/cpp_para_server' for CMake config files
[7.706s] Level 1:colcon.colcon_core.shell:create_environment_hook('cpp_para_server', 'cmake_prefix_path')
[7.707s] INFO:colcon.colcon_core.shell:Creating environment hook '/mnt/hgfs/VMware/ROS2_DEMO/4_Chapter/code/install/cpp_para_server/share/cpp_para_server/hook/cmake_prefix_path.ps1'
[7.709s] INFO:colcon.colcon_core.shell:Creating environment descriptor '/mnt/hgfs/VMware/ROS2_DEMO/4_Chapter/code/install/cpp_para_server/share/cpp_para_server/hook/cmake_prefix_path.dsv'
[7.711s] INFO:colcon.colcon_core.shell:Creating environment hook '/mnt/hgfs/VMware/ROS2_DEMO/4_Chapter/code/install/cpp_para_server/share/cpp_para_server/hook/cmake_prefix_path.sh'
[7.714s] Level 1:colcon.colcon_core.environment:checking '/mnt/hgfs/VMware/ROS2_DEMO/4_Chapter/code/install/cpp_para_server/lib'
[7.716s] Level 1:colcon.colcon_core.environment:checking '/mnt/hgfs/VMware/ROS2_DEMO/4_Chapter/code/install/cpp_para_server/bin'
[7.717s] Level 1:colcon.colcon_core.environment:checking '/mnt/hgfs/VMware/ROS2_DEMO/4_Chapter/code/install/cpp_para_server/lib/pkgconfig/cpp_para_server.pc'
[7.718s] Level 1:colcon.colcon_core.environment:checking '/mnt/hgfs/VMware/ROS2_DEMO/4_Chapter/code/install/cpp_para_server/lib/python3.10/site-packages'
[7.719s] Level 1:colcon.colcon_core.environment:checking '/mnt/hgfs/VMware/ROS2_DEMO/4_Chapter/code/install/cpp_para_server/bin'
[7.721s] INFO:colcon.colcon_core.shell:Creating package script '/mnt/hgfs/VMware/ROS2_DEMO/4_Chapter/code/install/cpp_para_server/share/cpp_para_server/package.ps1'
[7.723s] INFO:colcon.colcon_core.shell:Creating package descriptor '/mnt/hgfs/VMware/ROS2_DEMO/4_Chapter/code/install/cpp_para_server/share/cpp_para_server/package.dsv'
[7.726s] INFO:colcon.colcon_core.shell:Creating package script '/mnt/hgfs/VMware/ROS2_DEMO/4_Chapter/code/install/cpp_para_server/share/cpp_para_server/package.sh'
[7.729s] INFO:colcon.colcon_core.shell:Creating package script '/mnt/hgfs/VMware/ROS2_DEMO/4_Chapter/code/install/cpp_para_server/share/cpp_para_server/package.bash'
[7.731s] INFO:colcon.colcon_core.shell:Creating package script '/mnt/hgfs/VMware/ROS2_DEMO/4_Chapter/code/install/cpp_para_server/share/cpp_para_server/package.zsh'
[7.734s] Level 1:colcon.colcon_core.environment:create_file_with_runtime_dependencies(/mnt/hgfs/VMware/ROS2_DEMO/4_Chapter/code/install/cpp_para_server/share/colcon-core/packages/cpp_para_server)
[10.375s] DEBUG:colcon.colcon_core.event_handler.log_command:Invoked command in '/mnt/hgfs/VMware/ROS2_DEMO/4_Chapter/code/build/cpp_para_client' returned '0': CMAKE_PREFIX_PATH=${CMAKE_PREFIX_PATH}:/opt/ros/humble /usr/bin/cmake --build /mnt/hgfs/VMware/ROS2_DEMO/4_Chapter/code/build/cpp_para_client -- -j16 -l16
[10.402s] DEBUG:colcon.colcon_core.event_handler.log_command:Invoking command in '/mnt/hgfs/VMware/ROS2_DEMO/4_Chapter/code/build/cpp_para_client': CMAKE_PREFIX_PATH=${CMAKE_PREFIX_PATH}:/opt/ros/humble /usr/bin/cmake --install /mnt/hgfs/VMware/ROS2_DEMO/4_Chapter/code/build/cpp_para_client
[10.626s] Level 1:colcon.colcon_core.environment:create_environment_scripts_only(cpp_para_client)
[10.628s] Level 1:colcon.colcon_core.environment:checking '/mnt/hgfs/VMware/ROS2_DEMO/4_Chapter/code/install/cpp_para_client' for CMake module files
[10.629s] DEBUG:colcon.colcon_core.event_handler.log_command:Invoked command in '/mnt/hgfs/VMware/ROS2_DEMO/4_Chapter/code/build/cpp_para_client' returned '0': CMAKE_PREFIX_PATH=${CMAKE_PREFIX_PATH}:/opt/ros/humble /usr/bin/cmake --install /mnt/hgfs/VMware/ROS2_DEMO/4_Chapter/code/build/cpp_para_client
[10.638s] Level 1:colcon.colcon_core.environment:checking '/mnt/hgfs/VMware/ROS2_DEMO/4_Chapter/code/install/cpp_para_client' for CMake config files
[10.648s] Level 1:colcon.colcon_core.shell:create_environment_hook('cpp_para_client', 'cmake_prefix_path')
[10.650s] INFO:colcon.colcon_core.shell:Creating environment hook '/mnt/hgfs/VMware/ROS2_DEMO/4_Chapter/code/install/cpp_para_client/share/cpp_para_client/hook/cmake_prefix_path.ps1'
[10.654s] INFO:colcon.colcon_core.shell:Creating environment descriptor '/mnt/hgfs/VMware/ROS2_DEMO/4_Chapter/code/install/cpp_para_client/share/cpp_para_client/hook/cmake_prefix_path.dsv'
[10.656s] INFO:colcon.colcon_core.shell:Creating environment hook '/mnt/hgfs/VMware/ROS2_DEMO/4_Chapter/code/install/cpp_para_client/share/cpp_para_client/hook/cmake_prefix_path.sh'
[10.660s] Level 1:colcon.colcon_core.environment:checking '/mnt/hgfs/VMware/ROS2_DEMO/4_Chapter/code/install/cpp_para_client/lib'
[10.662s] Level 1:colcon.colcon_core.environment:checking '/mnt/hgfs/VMware/ROS2_DEMO/4_Chapter/code/install/cpp_para_client/bin'
[10.662s] Level 1:colcon.colcon_core.environment:checking '/mnt/hgfs/VMware/ROS2_DEMO/4_Chapter/code/install/cpp_para_client/lib/pkgconfig/cpp_para_client.pc'
[10.663s] Level 1:colcon.colcon_core.environment:checking '/mnt/hgfs/VMware/ROS2_DEMO/4_Chapter/code/install/cpp_para_client/lib/python3.10/site-packages'
[10.664s] Level 1:colcon.colcon_core.environment:checking '/mnt/hgfs/VMware/ROS2_DEMO/4_Chapter/code/install/cpp_para_client/bin'
[10.666s] INFO:colcon.colcon_core.shell:Creating package script '/mnt/hgfs/VMware/ROS2_DEMO/4_Chapter/code/install/cpp_para_client/share/cpp_para_client/package.ps1'
[10.668s] INFO:colcon.colcon_core.shell:Creating package descriptor '/mnt/hgfs/VMware/ROS2_DEMO/4_Chapter/code/install/cpp_para_client/share/cpp_para_client/package.dsv'
[10.670s] INFO:colcon.colcon_core.shell:Creating package script '/mnt/hgfs/VMware/ROS2_DEMO/4_Chapter/code/install/cpp_para_client/share/cpp_para_client/package.sh'
[10.672s] INFO:colcon.colcon_core.shell:Creating package script '/mnt/hgfs/VMware/ROS2_DEMO/4_Chapter/code/install/cpp_para_client/share/cpp_para_client/package.bash'
[10.676s] INFO:colcon.colcon_core.shell:Creating package script '/mnt/hgfs/VMware/ROS2_DEMO/4_Chapter/code/install/cpp_para_client/share/cpp_para_client/package.zsh'
[10.679s] Level 1:colcon.colcon_core.environment:create_file_with_runtime_dependencies(/mnt/hgfs/VMware/ROS2_DEMO/4_Chapter/code/install/cpp_para_client/share/colcon-core/packages/cpp_para_client)
[10.711s] Level 1:colcon.colcon_core.environment:create_environment_scripts_only(cpp_para_client)
[10.713s] Level 1:colcon.colcon_core.environment:checking '/mnt/hgfs/VMware/ROS2_DEMO/4_Chapter/code/install/cpp_para_client' for CMake module files
[10.722s] Level 1:colcon.colcon_core.environment:checking '/mnt/hgfs/VMware/ROS2_DEMO/4_Chapter/code/install/cpp_para_client' for CMake config files
[10.733s] Level 1:colcon.colcon_core.shell:create_environment_hook('cpp_para_client', 'cmake_prefix_path')
[10.735s] INFO:colcon.colcon_core.shell:Creating environment hook '/mnt/hgfs/VMware/ROS2_DEMO/4_Chapter/code/install/cpp_para_client/share/cpp_para_client/hook/cmake_prefix_path.ps1'
[10.737s] INFO:colcon.colcon_core.shell:Creating environment descriptor '/mnt/hgfs/VMware/ROS2_DEMO/4_Chapter/code/install/cpp_para_client/share/cpp_para_client/hook/cmake_prefix_path.dsv'
[10.738s] INFO:colcon.colcon_core.shell:Creating environment hook '/mnt/hgfs/VMware/ROS2_DEMO/4_Chapter/code/install/cpp_para_client/share/cpp_para_client/hook/cmake_prefix_path.sh'
[10.741s] Level 1:colcon.colcon_core.environment:checking '/mnt/hgfs/VMware/ROS2_DEMO/4_Chapter/code/install/cpp_para_client/lib'
[10.742s] Level 1:colcon.colcon_core.environment:checking '/mnt/hgfs/VMware/ROS2_DEMO/4_Chapter/code/install/cpp_para_client/bin'
[10.743s] Level 1:colcon.colcon_core.environment:checking '/mnt/hgfs/VMware/ROS2_DEMO/4_Chapter/code/install/cpp_para_client/lib/pkgconfig/cpp_para_client.pc'
[10.745s] Level 1:colcon.colcon_core.environment:checking '/mnt/hgfs/VMware/ROS2_DEMO/4_Chapter/code/install/cpp_para_client/lib/python3.10/site-packages'
[10.746s] Level 1:colcon.colcon_core.environment:checking '/mnt/hgfs/VMware/ROS2_DEMO/4_Chapter/code/install/cpp_para_client/bin'
[10.748s] INFO:colcon.colcon_core.shell:Creating package script '/mnt/hgfs/VMware/ROS2_DEMO/4_Chapter/code/install/cpp_para_client/share/cpp_para_client/package.ps1'
[10.750s] INFO:colcon.colcon_core.shell:Creating package descriptor '/mnt/hgfs/VMware/ROS2_DEMO/4_Chapter/code/install/cpp_para_client/share/cpp_para_client/package.dsv'
[10.751s] INFO:colcon.colcon_core.shell:Creating package script '/mnt/hgfs/VMware/ROS2_DEMO/4_Chapter/code/install/cpp_para_client/share/cpp_para_client/package.sh'
[10.754s] INFO:colcon.colcon_core.shell:Creating package script '/mnt/hgfs/VMware/ROS2_DEMO/4_Chapter/code/install/cpp_para_client/share/cpp_para_client/package.bash'
[10.757s] INFO:colcon.colcon_core.shell:Creating package script '/mnt/hgfs/VMware/ROS2_DEMO/4_Chapter/code/install/cpp_para_client/share/cpp_para_client/package.zsh'
[10.759s] Level 1:colcon.colcon_core.environment:create_file_with_runtime_dependencies(/mnt/hgfs/VMware/ROS2_DEMO/4_Chapter/code/install/cpp_para_client/share/colcon-core/packages/cpp_para_client)
[10.761s] DEBUG:colcon.colcon_parallel_executor.executor.parallel:closing loop
[10.762s] DEBUG:colcon.colcon_parallel_executor.executor.parallel:loop closed
[10.763s] DEBUG:colcon.colcon_parallel_executor.executor.parallel:run_until_complete finished with '0'
[10.764s] DEBUG:colcon.colcon_core.event_reactor:joining thread
[10.774s] INFO:colcon.colcon_core.plugin_system:Skipping extension 'colcon_notification.desktop_notification.terminal_notifier': Not used on non-Darwin systems
[10.775s] INFO:colcon.colcon_core.plugin_system:Skipping extension 'colcon_notification.desktop_notification.win32': Not used on non-Windows systems
[10.775s] INFO:colcon.colcon_notification.desktop_notification:Sending desktop notification using 'notify2'
[10.777s] DEBUG:colcon.colcon_notification.desktop_notification.notify2:Failed to initialize notify2: org.freedesktop.DBus.Error.ServiceUnknown: The name org.freedesktop.Notifications was not provided by any .service files
[10.778s] DEBUG:colcon.colcon_core.event_reactor:joined thread
[10.780s] INFO:colcon.colcon_core.shell:Creating prefix script '/mnt/hgfs/VMware/ROS2_DEMO/4_Chapter/code/install/local_setup.ps1'
[10.782s] INFO:colcon.colcon_core.shell:Creating prefix util module '/mnt/hgfs/VMware/ROS2_DEMO/4_Chapter/code/install/_local_setup_util_ps1.py'
[10.785s] INFO:colcon.colcon_core.shell:Creating prefix chain script '/mnt/hgfs/VMware/ROS2_DEMO/4_Chapter/code/install/setup.ps1'
[10.792s] INFO:colcon.colcon_core.shell:Creating prefix script '/mnt/hgfs/VMware/ROS2_DEMO/4_Chapter/code/install/local_setup.sh'
[10.795s] INFO:colcon.colcon_core.shell:Creating prefix util module '/mnt/hgfs/VMware/ROS2_DEMO/4_Chapter/code/install/_local_setup_util_sh.py'
[10.798s] INFO:colcon.colcon_core.shell:Creating prefix chain script '/mnt/hgfs/VMware/ROS2_DEMO/4_Chapter/code/install/setup.sh'
[10.805s] INFO:colcon.colcon_core.shell:Creating prefix script '/mnt/hgfs/VMware/ROS2_DEMO/4_Chapter/code/install/local_setup.bash'
[10.808s] INFO:colcon.colcon_core.shell:Creating prefix chain script '/mnt/hgfs/VMware/ROS2_DEMO/4_Chapter/code/install/setup.bash'
[10.817s] INFO:colcon.colcon_core.shell:Creating prefix script '/mnt/hgfs/VMware/ROS2_DEMO/4_Chapter/code/install/local_setup.zsh'
[10.821s] INFO:colcon.colcon_core.shell:Creating prefix chain script '/mnt/hgfs/VMware/ROS2_DEMO/4_Chapter/code/install/setup.zsh'
