running egg_info
creating ../build/vscodePythonDemo/vscodePythonDemo.egg-info
writing ../build/vscodePythonDemo/vscodePythonDemo.egg-info/PKG-INFO
writing dependency_links to ../build/vscodePythonDemo/vscodePythonDemo.egg-info/dependency_links.txt
writing entry points to ../build/vscodePythonDemo/vscodePythonDemo.egg-info/entry_points.txt
writing requirements to ../build/vscodePythonDemo/vscodePythonDemo.egg-info/requires.txt
writing top-level names to ../build/vscodePythonDemo/vscodePythonDemo.egg-info/top_level.txt
writing manifest file '../build/vscodePythonDemo/vscodePythonDemo.egg-info/SOURCES.txt'
reading manifest file '../build/vscodePythonDemo/vscodePythonDemo.egg-info/SOURCES.txt'
writing manifest file '../build/vscodePythonDemo/vscodePythonDemo.egg-info/SOURCES.txt'
running build
running build_py
creating /mnt/hgfs/VMware/ROS2_DEMO/1_Chapter/code/build/vscodePythonDemo/build
creating /mnt/hgfs/VMware/ROS2_DEMO/1_Chapter/code/build/vscodePythonDemo/build/lib
creating /mnt/hgfs/VMware/ROS2_DEMO/1_Chapter/code/build/vscodePythonDemo/build/lib/vscodePythonDemo
copying vscodePythonDemo/vscodePythonDemoNode.py -> /mnt/hgfs/VMware/ROS2_DEMO/1_Chapter/code/build/vscodePythonDemo/build/lib/vscodePythonDemo
copying vscodePythonDemo/__init__.py -> /mnt/hgfs/VMware/ROS2_DEMO/1_Chapter/code/build/vscodePythonDemo/build/lib/vscodePythonDemo
running install
/usr/lib/python3/dist-packages/setuptools/command/install.py:34: SetuptoolsDeprecationWarning: setup.py install is deprecated. Use build and pip and other standards-based tools.
  warnings.warn(
running install_lib
creating /mnt/hgfs/VMware/ROS2_DEMO/1_Chapter/code/install/vscodePythonDemo/lib/python3.10/site-packages/vscodePythonDemo
copying /mnt/hgfs/VMware/ROS2_DEMO/1_Chapter/code/build/vscodePythonDemo/build/lib/vscodePythonDemo/vscodePythonDemoNode.py -> /mnt/hgfs/VMware/ROS2_DEMO/1_Chapter/code/install/vscodePythonDemo/lib/python3.10/site-packages/vscodePythonDemo
copying /mnt/hgfs/VMware/ROS2_DEMO/1_Chapter/code/build/vscodePythonDemo/build/lib/vscodePythonDemo/__init__.py -> /mnt/hgfs/VMware/ROS2_DEMO/1_Chapter/code/install/vscodePythonDemo/lib/python3.10/site-packages/vscodePythonDemo
byte-compiling /mnt/hgfs/VMware/ROS2_DEMO/1_Chapter/code/install/vscodePythonDemo/lib/python3.10/site-packages/vscodePythonDemo/vscodePythonDemoNode.py to vscodePythonDemoNode.cpython-310.pyc
byte-compiling /mnt/hgfs/VMware/ROS2_DEMO/1_Chapter/code/install/vscodePythonDemo/lib/python3.10/site-packages/vscodePythonDemo/__init__.py to __init__.cpython-310.pyc
running install_data
creating /mnt/hgfs/VMware/ROS2_DEMO/1_Chapter/code/install/vscodePythonDemo/share/ament_index
creating /mnt/hgfs/VMware/ROS2_DEMO/1_Chapter/code/install/vscodePythonDemo/share/ament_index/resource_index
creating /mnt/hgfs/VMware/ROS2_DEMO/1_Chapter/code/install/vscodePythonDemo/share/ament_index/resource_index/packages
copying resource/vscodePythonDemo -> /mnt/hgfs/VMware/ROS2_DEMO/1_Chapter/code/install/vscodePythonDemo/share/ament_index/resource_index/packages
copying package.xml -> /mnt/hgfs/VMware/ROS2_DEMO/1_Chapter/code/install/vscodePythonDemo/share/vscodePythonDemo
running install_egg_info
Copying ../build/vscodePythonDemo/vscodePythonDemo.egg-info to /mnt/hgfs/VMware/ROS2_DEMO/1_Chapter/code/install/vscodePythonDemo/lib/python3.10/site-packages/vscodePythonDemo-0.0.0-py3.10.egg-info
running install_scripts
Installing vscodePythonDemoNode script to /mnt/hgfs/VMware/ROS2_DEMO/1_Chapter/code/install/vscodePythonDemo/lib/vscodePythonDemo
writing list of installed files to '/mnt/hgfs/VMware/ROS2_DEMO/1_Chapter/code/build/vscodePythonDemo/install.log'
