[0.798s] Invoking command in '/mnt/hgfs/VMware/ROS2_DEMO/1_Chapter/code/vscodePythonDemo': PYTHONPATH=/mnt/hgfs/VMware/ROS2_DEMO/1_Chapter/code/build/vscodePythonDemo/prefix_override:/mnt/hgfs/VMware/ROS2_DEMO/1_Chapter/code/install/vscodePythonDemo/lib/python3.10/site-packages:${PYTHONPATH} /usr/bin/python3 setup.py egg_info --egg-base ../build/vscodePythonDemo build --build-base /mnt/hgfs/VMware/ROS2_DEMO/1_Chapter/code/build/vscodePythonDemo/build install --record /mnt/hgfs/VMware/ROS2_DEMO/1_Chapter/code/build/vscodePythonDemo/install.log --single-version-externally-managed
[1.032s] running egg_info
[1.035s] creating ../build/vscodePythonDemo/vscodePythonDemo.egg-info
[1.039s] writing ../build/vscodePythonDemo/vscodePythonDemo.egg-info/PKG-INFO
[1.046s] writing dependency_links to ../build/vscodePythonDemo/vscodePythonDemo.egg-info/dependency_links.txt
[1.051s] writing entry points to ../build/vscodePythonDemo/vscodePythonDemo.egg-info/entry_points.txt
[1.055s] writing requirements to ../build/vscodePythonDemo/vscodePythonDemo.egg-info/requires.txt
[1.059s] writing top-level names to ../build/vscodePythonDemo/vscodePythonDemo.egg-info/top_level.txt
[1.063s] writing manifest file '../build/vscodePythonDemo/vscodePythonDemo.egg-info/SOURCES.txt'
[1.082s] reading manifest file '../build/vscodePythonDemo/vscodePythonDemo.egg-info/SOURCES.txt'
[1.086s] writing manifest file '../build/vscodePythonDemo/vscodePythonDemo.egg-info/SOURCES.txt'
[1.090s] running build
[1.093s] running build_py
[1.099s] creating /mnt/hgfs/VMware/ROS2_DEMO/1_Chapter/code/build/vscodePythonDemo/build
[1.102s] creating /mnt/hgfs/VMware/ROS2_DEMO/1_Chapter/code/build/vscodePythonDemo/build/lib
[1.106s] creating /mnt/hgfs/VMware/ROS2_DEMO/1_Chapter/code/build/vscodePythonDemo/build/lib/vscodePythonDemo
[1.109s] copying vscodePythonDemo/vscodePythonDemoNode.py -> /mnt/hgfs/VMware/ROS2_DEMO/1_Chapter/code/build/vscodePythonDemo/build/lib/vscodePythonDemo
[1.111s] copying vscodePythonDemo/__init__.py -> /mnt/hgfs/VMware/ROS2_DEMO/1_Chapter/code/build/vscodePythonDemo/build/lib/vscodePythonDemo
[1.115s] running install
[1.117s] /usr/lib/python3/dist-packages/setuptools/command/install.py:34: SetuptoolsDeprecationWarning: setup.py install is deprecated. Use build and pip and other standards-based tools.
[1.122s]   warnings.warn(
[1.126s] running install_lib
[1.129s] creating /mnt/hgfs/VMware/ROS2_DEMO/1_Chapter/code/install/vscodePythonDemo/lib/python3.10/site-packages/vscodePythonDemo
[1.131s] copying /mnt/hgfs/VMware/ROS2_DEMO/1_Chapter/code/build/vscodePythonDemo/build/lib/vscodePythonDemo/vscodePythonDemoNode.py -> /mnt/hgfs/VMware/ROS2_DEMO/1_Chapter/code/install/vscodePythonDemo/lib/python3.10/site-packages/vscodePythonDemo
[1.135s] copying /mnt/hgfs/VMware/ROS2_DEMO/1_Chapter/code/build/vscodePythonDemo/build/lib/vscodePythonDemo/__init__.py -> /mnt/hgfs/VMware/ROS2_DEMO/1_Chapter/code/install/vscodePythonDemo/lib/python3.10/site-packages/vscodePythonDemo
[1.139s] byte-compiling /mnt/hgfs/VMware/ROS2_DEMO/1_Chapter/code/install/vscodePythonDemo/lib/python3.10/site-packages/vscodePythonDemo/vscodePythonDemoNode.py to vscodePythonDemoNode.cpython-310.pyc
[1.149s] byte-compiling /mnt/hgfs/VMware/ROS2_DEMO/1_Chapter/code/install/vscodePythonDemo/lib/python3.10/site-packages/vscodePythonDemo/__init__.py to __init__.cpython-310.pyc
[1.156s] running install_data
[1.164s] creating /mnt/hgfs/VMware/ROS2_DEMO/1_Chapter/code/install/vscodePythonDemo/share/ament_index
[1.168s] creating /mnt/hgfs/VMware/ROS2_DEMO/1_Chapter/code/install/vscodePythonDemo/share/ament_index/resource_index
[1.174s] creating /mnt/hgfs/VMware/ROS2_DEMO/1_Chapter/code/install/vscodePythonDemo/share/ament_index/resource_index/packages
[1.180s] copying resource/vscodePythonDemo -> /mnt/hgfs/VMware/ROS2_DEMO/1_Chapter/code/install/vscodePythonDemo/share/ament_index/resource_index/packages
[1.186s] copying package.xml -> /mnt/hgfs/VMware/ROS2_DEMO/1_Chapter/code/install/vscodePythonDemo/share/vscodePythonDemo
[1.192s] running install_egg_info
[1.198s] Copying ../build/vscodePythonDemo/vscodePythonDemo.egg-info to /mnt/hgfs/VMware/ROS2_DEMO/1_Chapter/code/install/vscodePythonDemo/lib/python3.10/site-packages/vscodePythonDemo-0.0.0-py3.10.egg-info
[1.246s] running install_scripts
[1.268s] Installing vscodePythonDemoNode script to /mnt/hgfs/VMware/ROS2_DEMO/1_Chapter/code/install/vscodePythonDemo/lib/vscodePythonDemo
[1.275s] writing list of installed files to '/mnt/hgfs/VMware/ROS2_DEMO/1_Chapter/code/build/vscodePythonDemo/install.log'
[1.311s] Invoked command in '/mnt/hgfs/VMware/ROS2_DEMO/1_Chapter/code/vscodePythonDemo' returned '0': PYTHONPATH=/mnt/hgfs/VMware/ROS2_DEMO/1_Chapter/code/build/vscodePythonDemo/prefix_override:/mnt/hgfs/VMware/ROS2_DEMO/1_Chapter/code/install/vscodePythonDemo/lib/python3.10/site-packages:${PYTHONPATH} /usr/bin/python3 setup.py egg_info --egg-base ../build/vscodePythonDemo build --build-base /mnt/hgfs/VMware/ROS2_DEMO/1_Chapter/code/build/vscodePythonDemo/build install --record /mnt/hgfs/VMware/ROS2_DEMO/1_Chapter/code/build/vscodePythonDemo/install.log --single-version-externally-managed
