[35m[1mConsolidate compiler generated dependencies of target cppSrvClientNode[0m
[ 50%] [32mBuilding CXX object CMakeFiles/cppSrvClientNode.dir/src/cppSrvClientNode.cpp.o[0m
[100%] [32m[1mLinking CXX executable cppSrvClientNode[0m
[100%] Built target cppSrvClientNode
-- Install configuration: ""
-- Installing: /mnt/hgfs/VMware/ROS2_DEMO/3_Chapter/code/install/cpp_srv_client/lib/cpp_srv_client/cppSrvClientNode
-- Set runtime path of "/mnt/hgfs/VMware/ROS2_DEMO/3_Chapter/code/install/cpp_srv_client/lib/cpp_srv_client/cppSrvClientNode" to ""
-- Installing: /mnt/hgfs/VMware/ROS2_DEMO/3_Chapter/code/install/cpp_srv_client/share/ament_index/resource_index/package_run_dependencies/cpp_srv_client
-- Installing: /mnt/hgfs/VMware/ROS2_DEMO/3_Chapter/code/install/cpp_srv_client/share/ament_index/resource_index/parent_prefix_path/cpp_srv_client
-- Installing: /mnt/hgfs/VMware/ROS2_DEMO/3_Chapter/code/install/cpp_srv_client/share/cpp_srv_client/environment/ament_prefix_path.sh
-- Installing: /mnt/hgfs/VMware/ROS2_DEMO/3_Chapter/code/install/cpp_srv_client/share/cpp_srv_client/environment/ament_prefix_path.dsv
-- Installing: /mnt/hgfs/VMware/ROS2_DEMO/3_Chapter/code/install/cpp_srv_client/share/cpp_srv_client/environment/path.sh
-- Installing: /mnt/hgfs/VMware/ROS2_DEMO/3_Chapter/code/install/cpp_srv_client/share/cpp_srv_client/environment/path.dsv
-- Installing: /mnt/hgfs/VMware/ROS2_DEMO/3_Chapter/code/install/cpp_srv_client/share/cpp_srv_client/local_setup.bash
-- Installing: /mnt/hgfs/VMware/ROS2_DEMO/3_Chapter/code/install/cpp_srv_client/share/cpp_srv_client/local_setup.sh
-- Installing: /mnt/hgfs/VMware/ROS2_DEMO/3_Chapter/code/install/cpp_srv_client/share/cpp_srv_client/local_setup.zsh
-- Installing: /mnt/hgfs/VMware/ROS2_DEMO/3_Chapter/code/install/cpp_srv_client/share/cpp_srv_client/local_setup.dsv
-- Installing: /mnt/hgfs/VMware/ROS2_DEMO/3_Chapter/code/install/cpp_srv_client/share/cpp_srv_client/package.dsv
-- Installing: /mnt/hgfs/VMware/ROS2_DEMO/3_Chapter/code/install/cpp_srv_client/share/ament_index/resource_index/packages/cpp_srv_client
-- Installing: /mnt/hgfs/VMware/ROS2_DEMO/3_Chapter/code/install/cpp_srv_client/share/cpp_srv_client/cmake/cpp_srv_clientConfig.cmake
-- Installing: /mnt/hgfs/VMware/ROS2_DEMO/3_Chapter/code/install/cpp_srv_client/share/cpp_srv_client/cmake/cpp_srv_clientConfig-version.cmake
-- Installing: /mnt/hgfs/VMware/ROS2_DEMO/3_Chapter/code/install/cpp_srv_client/share/cpp_srv_client/package.xml
