[0.055s] Invoking command in '/mnt/hgfs/VMware/ROS2_DEMO/3_Chapter/code/build/cpp_srv_client': AMENT_PREFIX_PATH=/mnt/hgfs/VMware/ROS2_DEMO/3_Chapter/code/install/srv_demo:${AMENT_PREFIX_PATH} CMAKE_PREFIX_PATH=/mnt/hgfs/VMware/ROS2_DEMO/3_Chapter/code/install/srv_demo:/opt/ros/humble LD_LIBRARY_PATH=/mnt/hgfs/VMware/ROS2_DEMO/3_Chapter/code/install/srv_demo/lib:${LD_LIBRARY_PATH} PYTHONPATH=/mnt/hgfs/VMware/ROS2_DEMO/3_Chapter/code/install/srv_demo/local/lib/python3.10/dist-packages:${PYTHONPATH} /usr/bin/cmake --build /mnt/hgfs/VMware/ROS2_DEMO/3_Chapter/code/build/cpp_srv_client -- -j16 -l16
[0.229s] [35m[1mConsolidate compiler generated dependencies of target cppSrvClientNode[0m
[1.229s] [ 50%] [32mBuilding CXX object CMakeFiles/cppSrvClientNode.dir/src/cppSrvClientNode.cpp.o[0m
[5.750s] [100%] [32m[1mLinking CXX executable cppSrvClientNode[0m
[7.016s] [100%] Built target cppSrvClientNode
[7.049s] Invoked command in '/mnt/hgfs/VMware/ROS2_DEMO/3_Chapter/code/build/cpp_srv_client' returned '0': AMENT_PREFIX_PATH=/mnt/hgfs/VMware/ROS2_DEMO/3_Chapter/code/install/srv_demo:${AMENT_PREFIX_PATH} CMAKE_PREFIX_PATH=/mnt/hgfs/VMware/ROS2_DEMO/3_Chapter/code/install/srv_demo:/opt/ros/humble LD_LIBRARY_PATH=/mnt/hgfs/VMware/ROS2_DEMO/3_Chapter/code/install/srv_demo/lib:${LD_LIBRARY_PATH} PYTHONPATH=/mnt/hgfs/VMware/ROS2_DEMO/3_Chapter/code/install/srv_demo/local/lib/python3.10/dist-packages:${PYTHONPATH} /usr/bin/cmake --build /mnt/hgfs/VMware/ROS2_DEMO/3_Chapter/code/build/cpp_srv_client -- -j16 -l16
[7.084s] Invoking command in '/mnt/hgfs/VMware/ROS2_DEMO/3_Chapter/code/build/cpp_srv_client': AMENT_PREFIX_PATH=/mnt/hgfs/VMware/ROS2_DEMO/3_Chapter/code/install/srv_demo:${AMENT_PREFIX_PATH} CMAKE_PREFIX_PATH=/mnt/hgfs/VMware/ROS2_DEMO/3_Chapter/code/install/srv_demo:/opt/ros/humble LD_LIBRARY_PATH=/mnt/hgfs/VMware/ROS2_DEMO/3_Chapter/code/install/srv_demo/lib:${LD_LIBRARY_PATH} PYTHONPATH=/mnt/hgfs/VMware/ROS2_DEMO/3_Chapter/code/install/srv_demo/local/lib/python3.10/dist-packages:${PYTHONPATH} /usr/bin/cmake --install /mnt/hgfs/VMware/ROS2_DEMO/3_Chapter/code/build/cpp_srv_client
[7.110s] -- Install configuration: ""
[7.116s] -- Installing: /mnt/hgfs/VMware/ROS2_DEMO/3_Chapter/code/install/cpp_srv_client/lib/cpp_srv_client/cppSrvClientNode
[7.183s] -- Set runtime path of "/mnt/hgfs/VMware/ROS2_DEMO/3_Chapter/code/install/cpp_srv_client/lib/cpp_srv_client/cppSrvClientNode" to ""
[7.191s] -- Installing: /mnt/hgfs/VMware/ROS2_DEMO/3_Chapter/code/install/cpp_srv_client/share/ament_index/resource_index/package_run_dependencies/cpp_srv_client
[7.206s] -- Installing: /mnt/hgfs/VMware/ROS2_DEMO/3_Chapter/code/install/cpp_srv_client/share/ament_index/resource_index/parent_prefix_path/cpp_srv_client
[7.218s] -- Installing: /mnt/hgfs/VMware/ROS2_DEMO/3_Chapter/code/install/cpp_srv_client/share/cpp_srv_client/environment/ament_prefix_path.sh
[7.227s] -- Installing: /mnt/hgfs/VMware/ROS2_DEMO/3_Chapter/code/install/cpp_srv_client/share/cpp_srv_client/environment/ament_prefix_path.dsv
[7.237s] -- Installing: /mnt/hgfs/VMware/ROS2_DEMO/3_Chapter/code/install/cpp_srv_client/share/cpp_srv_client/environment/path.sh
[7.246s] -- Installing: /mnt/hgfs/VMware/ROS2_DEMO/3_Chapter/code/install/cpp_srv_client/share/cpp_srv_client/environment/path.dsv
[7.256s] -- Installing: /mnt/hgfs/VMware/ROS2_DEMO/3_Chapter/code/install/cpp_srv_client/share/cpp_srv_client/local_setup.bash
[7.267s] -- Installing: /mnt/hgfs/VMware/ROS2_DEMO/3_Chapter/code/install/cpp_srv_client/share/cpp_srv_client/local_setup.sh
[7.277s] -- Installing: /mnt/hgfs/VMware/ROS2_DEMO/3_Chapter/code/install/cpp_srv_client/share/cpp_srv_client/local_setup.zsh
[7.288s] -- Installing: /mnt/hgfs/VMware/ROS2_DEMO/3_Chapter/code/install/cpp_srv_client/share/cpp_srv_client/local_setup.dsv
[7.299s] -- Installing: /mnt/hgfs/VMware/ROS2_DEMO/3_Chapter/code/install/cpp_srv_client/share/cpp_srv_client/package.dsv
[7.311s] -- Installing: /mnt/hgfs/VMware/ROS2_DEMO/3_Chapter/code/install/cpp_srv_client/share/ament_index/resource_index/packages/cpp_srv_client
[7.323s] -- Installing: /mnt/hgfs/VMware/ROS2_DEMO/3_Chapter/code/install/cpp_srv_client/share/cpp_srv_client/cmake/cpp_srv_clientConfig.cmake
[7.334s] -- Installing: /mnt/hgfs/VMware/ROS2_DEMO/3_Chapter/code/install/cpp_srv_client/share/cpp_srv_client/cmake/cpp_srv_clientConfig-version.cmake
[7.346s] -- Installing: /mnt/hgfs/VMware/ROS2_DEMO/3_Chapter/code/install/cpp_srv_client/share/cpp_srv_client/package.xml
[7.358s] Invoked command in '/mnt/hgfs/VMware/ROS2_DEMO/3_Chapter/code/build/cpp_srv_client' returned '0': AMENT_PREFIX_PATH=/mnt/hgfs/VMware/ROS2_DEMO/3_Chapter/code/install/srv_demo:${AMENT_PREFIX_PATH} CMAKE_PREFIX_PATH=/mnt/hgfs/VMware/ROS2_DEMO/3_Chapter/code/install/srv_demo:/opt/ros/humble LD_LIBRARY_PATH=/mnt/hgfs/VMware/ROS2_DEMO/3_Chapter/code/install/srv_demo/lib:${LD_LIBRARY_PATH} PYTHONPATH=/mnt/hgfs/VMware/ROS2_DEMO/3_Chapter/code/install/srv_demo/local/lib/python3.10/dist-packages:${PYTHONPATH} /usr/bin/cmake --install /mnt/hgfs/VMware/ROS2_DEMO/3_Chapter/code/build/cpp_srv_client
