[0.141s] Invoking command in '/mnt/hgfs/VMware/ROS2_DEMO/4_Chapter/code/build/cpp_para_server': CMAKE_PREFIX_PATH=${CMAKE_PREFIX_PATH}:/mnt/hgfs/VMware/ROS2_DEMO/4_Chapter/code/install/python_para_ser:/mnt/hgfs/VMware/ROS2_DEMO/4_Chapter/code/install/python_para_cli:/opt/ros/humble /usr/bin/cmake --build /mnt/hgfs/VMware/ROS2_DEMO/4_Chapter/code/build/cpp_para_server -- -j16 -l16
[0.402s] [100%] Built target cppParaSerNode
[0.666s] Invoked command in '/mnt/hgfs/VMware/ROS2_DEMO/4_Chapter/code/build/cpp_para_server' returned '0': CMAKE_PREFIX_PATH=${CMAKE_PREFIX_PATH}:/mnt/hgfs/VMware/ROS2_DEMO/4_Chapter/code/install/python_para_ser:/mnt/hgfs/VMware/ROS2_DEMO/4_Chapter/code/install/python_para_cli:/opt/ros/humble /usr/bin/cmake --build /mnt/hgfs/VMware/ROS2_DEMO/4_Chapter/code/build/cpp_para_server -- -j16 -l16
[0.709s] Invoking command in '/mnt/hgfs/VMware/ROS2_DEMO/4_Chapter/code/build/cpp_para_server': CMAKE_PREFIX_PATH=${CMAKE_PREFIX_PATH}:/mnt/hgfs/VMware/ROS2_DEMO/4_Chapter/code/install/python_para_ser:/mnt/hgfs/VMware/ROS2_DEMO/4_Chapter/code/install/python_para_cli:/opt/ros/humble /usr/bin/cmake --install /mnt/hgfs/VMware/ROS2_DEMO/4_Chapter/code/build/cpp_para_server
[0.721s] -- Install configuration: ""
[0.729s] -- Up-to-date: /mnt/hgfs/VMware/ROS2_DEMO/4_Chapter/code/install/cpp_para_server/lib/cpp_para_server/cppParaSerNode
[0.738s] -- Up-to-date: /mnt/hgfs/VMware/ROS2_DEMO/4_Chapter/code/install/cpp_para_server/share/ament_index/resource_index/package_run_dependencies/cpp_para_server
[0.750s] -- Up-to-date: /mnt/hgfs/VMware/ROS2_DEMO/4_Chapter/code/install/cpp_para_server/share/ament_index/resource_index/parent_prefix_path/cpp_para_server
[0.760s] -- Up-to-date: /mnt/hgfs/VMware/ROS2_DEMO/4_Chapter/code/install/cpp_para_server/share/cpp_para_server/environment/ament_prefix_path.sh
[0.780s] -- Up-to-date: /mnt/hgfs/VMware/ROS2_DEMO/4_Chapter/code/install/cpp_para_server/share/cpp_para_server/environment/ament_prefix_path.dsv
[0.806s] -- Up-to-date: /mnt/hgfs/VMware/ROS2_DEMO/4_Chapter/code/install/cpp_para_server/share/cpp_para_server/environment/path.sh
[0.819s] -- Up-to-date: /mnt/hgfs/VMware/ROS2_DEMO/4_Chapter/code/install/cpp_para_server/share/cpp_para_server/environment/path.dsv
[0.825s] -- Up-to-date: /mnt/hgfs/VMware/ROS2_DEMO/4_Chapter/code/install/cpp_para_server/share/cpp_para_server/local_setup.bash
[0.831s] -- Up-to-date: /mnt/hgfs/VMware/ROS2_DEMO/4_Chapter/code/install/cpp_para_server/share/cpp_para_server/local_setup.sh
[0.834s] -- Up-to-date: /mnt/hgfs/VMware/ROS2_DEMO/4_Chapter/code/install/cpp_para_server/share/cpp_para_server/local_setup.zsh
[0.841s] -- Up-to-date: /mnt/hgfs/VMware/ROS2_DEMO/4_Chapter/code/install/cpp_para_server/share/cpp_para_server/local_setup.dsv
[0.847s] -- Installing: /mnt/hgfs/VMware/ROS2_DEMO/4_Chapter/code/install/cpp_para_server/share/cpp_para_server/package.dsv
[0.855s] -- Up-to-date: /mnt/hgfs/VMware/ROS2_DEMO/4_Chapter/code/install/cpp_para_server/share/ament_index/resource_index/packages/cpp_para_server
[0.865s] -- Up-to-date: /mnt/hgfs/VMware/ROS2_DEMO/4_Chapter/code/install/cpp_para_server/share/cpp_para_server/cmake/cpp_para_serverConfig.cmake
[0.875s] -- Up-to-date: /mnt/hgfs/VMware/ROS2_DEMO/4_Chapter/code/install/cpp_para_server/share/cpp_para_server/cmake/cpp_para_serverConfig-version.cmake
[0.877s] -- Up-to-date: /mnt/hgfs/VMware/ROS2_DEMO/4_Chapter/code/install/cpp_para_server/share/cpp_para_server/package.xml
[0.891s] Invoked command in '/mnt/hgfs/VMware/ROS2_DEMO/4_Chapter/code/build/cpp_para_server' returned '0': CMAKE_PREFIX_PATH=${CMAKE_PREFIX_PATH}:/mnt/hgfs/VMware/ROS2_DEMO/4_Chapter/code/install/python_para_ser:/mnt/hgfs/VMware/ROS2_DEMO/4_Chapter/code/install/python_para_cli:/opt/ros/humble /usr/bin/cmake --install /mnt/hgfs/VMware/ROS2_DEMO/4_Chapter/code/build/cpp_para_server
