[0.273s] Invoking command in '/mnt/hgfs/VMware/ROS2_DEMO/3_Chapter/code/build/cpp_srv_server': AMENT_PREFIX_PATH=/mnt/hgfs/VMware/ROS2_DEMO/3_Chapter/code/install/srv_demo:${AMENT_PREFIX_PATH} CMAKE_PREFIX_PATH=/mnt/hgfs/VMware/ROS2_DEMO/3_Chapter/code/install/srv_demo:/home/pldz/share/ROS2_DEMO/3_Chapter/code/install/cpp_srv_server:/home/pldz/share/ROS2_DEMO/3_Chapter/code/install/cpp_srv_client:/home/pldz/share/ROS2_DEMO/3_Chapter/code/install/srv_demo:/home/pldz/share/ROS2_DEMO/3_Chapter/code/install/python_srv_server:/home/pldz/share/ROS2_DEMO/3_Chapter/code/install/python_srv_client:/opt/ros/humble LD_LIBRARY_PATH=/mnt/hgfs/VMware/ROS2_DEMO/3_Chapter/code/install/srv_demo/lib:${LD_LIBRARY_PATH} PYTHONPATH=/mnt/hgfs/VMware/ROS2_DEMO/3_Chapter/code/install/srv_demo/local/lib/python3.10/dist-packages:${PYTHONPATH} /usr/bin/cmake --build /mnt/hgfs/VMware/ROS2_DEMO/3_Chapter/code/build/cpp_srv_server -- -j16 -l16
[1.424s] [100%] Built target cppSrvServerNode
[1.665s] Invoked command in '/mnt/hgfs/VMware/ROS2_DEMO/3_Chapter/code/build/cpp_srv_server' returned '0': AMENT_PREFIX_PATH=/mnt/hgfs/VMware/ROS2_DEMO/3_Chapter/code/install/srv_demo:${AMENT_PREFIX_PATH} CMAKE_PREFIX_PATH=/mnt/hgfs/VMware/ROS2_DEMO/3_Chapter/code/install/srv_demo:/home/pldz/share/ROS2_DEMO/3_Chapter/code/install/cpp_srv_server:/home/pldz/share/ROS2_DEMO/3_Chapter/code/install/cpp_srv_client:/home/pldz/share/ROS2_DEMO/3_Chapter/code/install/srv_demo:/home/pldz/share/ROS2_DEMO/3_Chapter/code/install/python_srv_server:/home/pldz/share/ROS2_DEMO/3_Chapter/code/install/python_srv_client:/opt/ros/humble LD_LIBRARY_PATH=/mnt/hgfs/VMware/ROS2_DEMO/3_Chapter/code/install/srv_demo/lib:${LD_LIBRARY_PATH} PYTHONPATH=/mnt/hgfs/VMware/ROS2_DEMO/3_Chapter/code/install/srv_demo/local/lib/python3.10/dist-packages:${PYTHONPATH} /usr/bin/cmake --build /mnt/hgfs/VMware/ROS2_DEMO/3_Chapter/code/build/cpp_srv_server -- -j16 -l16
[2.270s] Invoking command in '/mnt/hgfs/VMware/ROS2_DEMO/3_Chapter/code/build/cpp_srv_server': AMENT_PREFIX_PATH=/mnt/hgfs/VMware/ROS2_DEMO/3_Chapter/code/install/srv_demo:${AMENT_PREFIX_PATH} CMAKE_PREFIX_PATH=/mnt/hgfs/VMware/ROS2_DEMO/3_Chapter/code/install/srv_demo:/home/pldz/share/ROS2_DEMO/3_Chapter/code/install/cpp_srv_server:/home/pldz/share/ROS2_DEMO/3_Chapter/code/install/cpp_srv_client:/home/pldz/share/ROS2_DEMO/3_Chapter/code/install/srv_demo:/home/pldz/share/ROS2_DEMO/3_Chapter/code/install/python_srv_server:/home/pldz/share/ROS2_DEMO/3_Chapter/code/install/python_srv_client:/opt/ros/humble LD_LIBRARY_PATH=/mnt/hgfs/VMware/ROS2_DEMO/3_Chapter/code/install/srv_demo/lib:${LD_LIBRARY_PATH} PYTHONPATH=/mnt/hgfs/VMware/ROS2_DEMO/3_Chapter/code/install/srv_demo/local/lib/python3.10/dist-packages:${PYTHONPATH} /usr/bin/cmake --install /mnt/hgfs/VMware/ROS2_DEMO/3_Chapter/code/build/cpp_srv_server
[2.462s] -- Install configuration: ""
[2.499s] -- Up-to-date: /mnt/hgfs/VMware/ROS2_DEMO/3_Chapter/code/install/cpp_srv_server/lib/cpp_srv_server/cppSrvServerNode
[2.544s] -- Up-to-date: /mnt/hgfs/VMware/ROS2_DEMO/3_Chapter/code/install/cpp_srv_server/share/ament_index/resource_index/package_run_dependencies/cpp_srv_server
[2.553s] -- Up-to-date: /mnt/hgfs/VMware/ROS2_DEMO/3_Chapter/code/install/cpp_srv_server/share/ament_index/resource_index/parent_prefix_path/cpp_srv_server
[2.561s] -- Up-to-date: /mnt/hgfs/VMware/ROS2_DEMO/3_Chapter/code/install/cpp_srv_server/share/cpp_srv_server/environment/ament_prefix_path.sh
[2.567s] -- Up-to-date: /mnt/hgfs/VMware/ROS2_DEMO/3_Chapter/code/install/cpp_srv_server/share/cpp_srv_server/environment/ament_prefix_path.dsv
[2.572s] -- Up-to-date: /mnt/hgfs/VMware/ROS2_DEMO/3_Chapter/code/install/cpp_srv_server/share/cpp_srv_server/environment/path.sh
[2.579s] -- Up-to-date: /mnt/hgfs/VMware/ROS2_DEMO/3_Chapter/code/install/cpp_srv_server/share/cpp_srv_server/environment/path.dsv
[2.597s] -- Up-to-date: /mnt/hgfs/VMware/ROS2_DEMO/3_Chapter/code/install/cpp_srv_server/share/cpp_srv_server/local_setup.bash
[2.610s] -- Up-to-date: /mnt/hgfs/VMware/ROS2_DEMO/3_Chapter/code/install/cpp_srv_server/share/cpp_srv_server/local_setup.sh
[2.628s] -- Up-to-date: /mnt/hgfs/VMware/ROS2_DEMO/3_Chapter/code/install/cpp_srv_server/share/cpp_srv_server/local_setup.zsh
[2.640s] -- Up-to-date: /mnt/hgfs/VMware/ROS2_DEMO/3_Chapter/code/install/cpp_srv_server/share/cpp_srv_server/local_setup.dsv
[2.647s] -- Installing: /mnt/hgfs/VMware/ROS2_DEMO/3_Chapter/code/install/cpp_srv_server/share/cpp_srv_server/package.dsv
[2.658s] -- Up-to-date: /mnt/hgfs/VMware/ROS2_DEMO/3_Chapter/code/install/cpp_srv_server/share/ament_index/resource_index/packages/cpp_srv_server
[2.662s] -- Up-to-date: /mnt/hgfs/VMware/ROS2_DEMO/3_Chapter/code/install/cpp_srv_server/share/cpp_srv_server/cmake/cpp_srv_serverConfig.cmake
[2.665s] -- Up-to-date: /mnt/hgfs/VMware/ROS2_DEMO/3_Chapter/code/install/cpp_srv_server/share/cpp_srv_server/cmake/cpp_srv_serverConfig-version.cmake
[2.670s] -- Up-to-date: /mnt/hgfs/VMware/ROS2_DEMO/3_Chapter/code/install/cpp_srv_server/share/cpp_srv_server/package.xml
[2.760s] Invoked command in '/mnt/hgfs/VMware/ROS2_DEMO/3_Chapter/code/build/cpp_srv_server' returned '0': AMENT_PREFIX_PATH=/mnt/hgfs/VMware/ROS2_DEMO/3_Chapter/code/install/srv_demo:${AMENT_PREFIX_PATH} CMAKE_PREFIX_PATH=/mnt/hgfs/VMware/ROS2_DEMO/3_Chapter/code/install/srv_demo:/home/pldz/share/ROS2_DEMO/3_Chapter/code/install/cpp_srv_server:/home/pldz/share/ROS2_DEMO/3_Chapter/code/install/cpp_srv_client:/home/pldz/share/ROS2_DEMO/3_Chapter/code/install/srv_demo:/home/pldz/share/ROS2_DEMO/3_Chapter/code/install/python_srv_server:/home/pldz/share/ROS2_DEMO/3_Chapter/code/install/python_srv_client:/opt/ros/humble LD_LIBRARY_PATH=/mnt/hgfs/VMware/ROS2_DEMO/3_Chapter/code/install/srv_demo/lib:${LD_LIBRARY_PATH} PYTHONPATH=/mnt/hgfs/VMware/ROS2_DEMO/3_Chapter/code/install/srv_demo/local/lib/python3.10/dist-packages:${PYTHONPATH} /usr/bin/cmake --install /mnt/hgfs/VMware/ROS2_DEMO/3_Chapter/code/build/cpp_srv_server
