[0.048s] Invoking command in '/mnt/hgfs/VMware/ROS2_DEMO/1_Chapter/code/build/vscodeCppDemo': CMAKE_PREFIX_PATH=/mnt/hgfs/VMware/ROS2/install/pkg02_helloworld_py:/opt/ros/humble /usr/bin/cmake /mnt/hgfs/VMware/ROS2_DEMO/1_Chapter/code/vscodeCppDemo -DCMAKE_INSTALL_PREFIX=/mnt/hgfs/VMware/ROS2_DEMO/1_Chapter/code/install/vscodeCppDemo
[0.299s] -- The C compiler identification is GNU 11.3.0
[0.483s] -- The CXX compiler identification is GNU 11.3.0
[0.519s] -- Detecting C compiler ABI info
[0.766s] -- Detecting C compiler ABI info - done
[0.779s] -- Check for working C compiler: /usr/bin/cc - skipped
[0.783s] -- Detecting C compile features
[0.791s] -- Detecting C compile features - done
[0.808s] -- Detecting CXX compiler ABI info
[1.057s] -- Detecting CXX compiler ABI info - done
[1.069s] -- Check for working CXX compiler: /usr/bin/c++ - skipped
[1.073s] -- Detecting CXX compile features
[1.081s] -- Detecting CXX compile features - done
[1.114s] -- Found ament_cmake: 1.3.3 (/opt/ros/humble/share/ament_cmake/cmake)
[1.391s] -- Found Python3: /usr/bin/python3.10 (found version "3.10.6") found components: Interpreter 
[1.704s] -- Found rclcpp: 16.0.3 (/opt/ros/humble/share/rclcpp/cmake)
[1.950s] -- Found rosidl_generator_c: 3.1.4 (/opt/ros/humble/share/rosidl_generator_c/cmake)
[1.987s] -- Found rosidl_adapter: 3.1.4 (/opt/ros/humble/share/rosidl_adapter/cmake)
[2.027s] -- Found rosidl_generator_cpp: 3.1.4 (/opt/ros/humble/share/rosidl_generator_cpp/cmake)
[2.074s] -- Using all available rosidl_typesupport_c: rosidl_typesupport_fastrtps_c;rosidl_typesupport_introspection_c
[2.134s] -- Using all available rosidl_typesupport_cpp: rosidl_typesupport_fastrtps_cpp;rosidl_typesupport_introspection_cpp
[2.314s] -- Found rmw_implementation_cmake: 6.1.1 (/opt/ros/humble/share/rmw_implementation_cmake/cmake)
[2.332s] -- Found rmw_fastrtps_cpp: 6.2.2 (/opt/ros/humble/share/rmw_fastrtps_cpp/cmake)
[2.532s] -- Found OpenSSL: /usr/lib/x86_64-linux-gnu/libcrypto.so (found version "3.0.2")  
[2.580s] -- Found FastRTPS: /opt/ros/humble/include  
[2.648s] -- Using RMW implementation 'rmw_fastrtps_cpp' as default
[2.712s] -- Looking for pthread.h
[2.940s] -- Looking for pthread.h - found
[2.944s] -- Performing Test CMAKE_HAVE_LIBC_PTHREAD
[3.179s] -- Performing Test CMAKE_HAVE_LIBC_PTHREAD - Success
[3.183s] -- Found Threads: TRUE  
[3.433s] -- Found ament_lint_auto: 0.12.5 (/opt/ros/humble/share/ament_lint_auto/cmake)
[3.496s] WARNING: Package name "vscodeCppDemo" does not follow the naming conventions. It should start with a lower case letter and only contain lower case letters, digits, underscores, and dashes.
[3.711s] -- Added test 'cppcheck' to perform static code analysis on C / C++ code
[3.713s] -- Configured cppcheck include dirs: $<BUILD_INTERFACE:/mnt/hgfs/VMware/ROS2_DEMO/1_Chapter/code/vscodeCppDemo/include>
[3.716s] -- Configured cppcheck exclude dirs and/or files: 
[3.729s] -- Added test 'lint_cmake' to check CMake code style
[3.762s] -- Added test 'uncrustify' to check C / C++ code style
[3.765s] -- Configured uncrustify additional arguments: 
[3.773s] -- Added test 'xmllint' to check XML markup files
[3.821s] -- Configuring done
[3.972s] -- Generating done
[4.015s] -- Build files have been written to: /mnt/hgfs/VMware/ROS2_DEMO/1_Chapter/code/build/vscodeCppDemo
[4.023s] Invoked command in '/mnt/hgfs/VMware/ROS2_DEMO/1_Chapter/code/build/vscodeCppDemo' returned '0': CMAKE_PREFIX_PATH=/mnt/hgfs/VMware/ROS2/install/pkg02_helloworld_py:/opt/ros/humble /usr/bin/cmake /mnt/hgfs/VMware/ROS2_DEMO/1_Chapter/code/vscodeCppDemo -DCMAKE_INSTALL_PREFIX=/mnt/hgfs/VMware/ROS2_DEMO/1_Chapter/code/install/vscodeCppDemo
[4.029s] Invoking command in '/mnt/hgfs/VMware/ROS2_DEMO/1_Chapter/code/build/vscodeCppDemo': CMAKE_PREFIX_PATH=/mnt/hgfs/VMware/ROS2/install/pkg02_helloworld_py:/opt/ros/humble /usr/bin/cmake --build /mnt/hgfs/VMware/ROS2_DEMO/1_Chapter/code/build/vscodeCppDemo -- -j16 -l16
[4.096s] [ 50%] [32mBuilding CXX object CMakeFiles/vscodeCppDemoNode.dir/src/vscodeCppDemoNode.cpp.o[0m
[7.417s] [100%] [32m[1mLinking CXX executable vscodeCppDemoNode[0m
[7.853s] [100%] Built target vscodeCppDemoNode
[7.868s] Invoked command in '/mnt/hgfs/VMware/ROS2_DEMO/1_Chapter/code/build/vscodeCppDemo' returned '0': CMAKE_PREFIX_PATH=/mnt/hgfs/VMware/ROS2/install/pkg02_helloworld_py:/opt/ros/humble /usr/bin/cmake --build /mnt/hgfs/VMware/ROS2_DEMO/1_Chapter/code/build/vscodeCppDemo -- -j16 -l16
[7.906s] Invoking command in '/mnt/hgfs/VMware/ROS2_DEMO/1_Chapter/code/build/vscodeCppDemo': CMAKE_PREFIX_PATH=/mnt/hgfs/VMware/ROS2/install/pkg02_helloworld_py:/opt/ros/humble /usr/bin/cmake --install /mnt/hgfs/VMware/ROS2_DEMO/1_Chapter/code/build/vscodeCppDemo
[7.914s] -- Install configuration: ""
[7.919s] -- Installing: /mnt/hgfs/VMware/ROS2_DEMO/1_Chapter/code/install/vscodeCppDemo/lib/vscodeCppDemo/vscodeCppDemoNode
[7.941s] -- Set runtime path of "/mnt/hgfs/VMware/ROS2_DEMO/1_Chapter/code/install/vscodeCppDemo/lib/vscodeCppDemo/vscodeCppDemoNode" to ""
[7.950s] -- Installing: /mnt/hgfs/VMware/ROS2_DEMO/1_Chapter/code/install/vscodeCppDemo/share/ament_index/resource_index/package_run_dependencies/vscodeCppDemo
[7.961s] -- Installing: /mnt/hgfs/VMware/ROS2_DEMO/1_Chapter/code/install/vscodeCppDemo/share/ament_index/resource_index/parent_prefix_path/vscodeCppDemo
[7.974s] -- Installing: /mnt/hgfs/VMware/ROS2_DEMO/1_Chapter/code/install/vscodeCppDemo/share/vscodeCppDemo/environment/ament_prefix_path.sh
[7.984s] -- Installing: /mnt/hgfs/VMware/ROS2_DEMO/1_Chapter/code/install/vscodeCppDemo/share/vscodeCppDemo/environment/ament_prefix_path.dsv
[7.994s] -- Installing: /mnt/hgfs/VMware/ROS2_DEMO/1_Chapter/code/install/vscodeCppDemo/share/vscodeCppDemo/environment/path.sh
[8.002s] -- Installing: /mnt/hgfs/VMware/ROS2_DEMO/1_Chapter/code/install/vscodeCppDemo/share/vscodeCppDemo/environment/path.dsv
[8.011s] -- Installing: /mnt/hgfs/VMware/ROS2_DEMO/1_Chapter/code/install/vscodeCppDemo/share/vscodeCppDemo/local_setup.bash
[8.021s] -- Installing: /mnt/hgfs/VMware/ROS2_DEMO/1_Chapter/code/install/vscodeCppDemo/share/vscodeCppDemo/local_setup.sh
[8.030s] -- Installing: /mnt/hgfs/VMware/ROS2_DEMO/1_Chapter/code/install/vscodeCppDemo/share/vscodeCppDemo/local_setup.zsh
[8.041s] -- Installing: /mnt/hgfs/VMware/ROS2_DEMO/1_Chapter/code/install/vscodeCppDemo/share/vscodeCppDemo/local_setup.dsv
[8.050s] -- Installing: /mnt/hgfs/VMware/ROS2_DEMO/1_Chapter/code/install/vscodeCppDemo/share/vscodeCppDemo/package.dsv
[8.063s] -- Installing: /mnt/hgfs/VMware/ROS2_DEMO/1_Chapter/code/install/vscodeCppDemo/share/ament_index/resource_index/packages/vscodeCppDemo
[8.074s] -- Installing: /mnt/hgfs/VMware/ROS2_DEMO/1_Chapter/code/install/vscodeCppDemo/share/vscodeCppDemo/cmake/vscodeCppDemoConfig.cmake
[8.084s] -- Installing: /mnt/hgfs/VMware/ROS2_DEMO/1_Chapter/code/install/vscodeCppDemo/share/vscodeCppDemo/cmake/vscodeCppDemoConfig-version.cmake
[8.095s] -- Installing: /mnt/hgfs/VMware/ROS2_DEMO/1_Chapter/code/install/vscodeCppDemo/share/vscodeCppDemo/package.xml
[8.112s] Invoked command in '/mnt/hgfs/VMware/ROS2_DEMO/1_Chapter/code/build/vscodeCppDemo' returned '0': CMAKE_PREFIX_PATH=/mnt/hgfs/VMware/ROS2/install/pkg02_helloworld_py:/opt/ros/humble /usr/bin/cmake --install /mnt/hgfs/VMware/ROS2_DEMO/1_Chapter/code/build/vscodeCppDemo
