[1.953s] Invoking command in '/mnt/hgfs/VMware/ROS2_DEMO/3_Chapter/code/python_srv_client': AMENT_PREFIX_PATH=/mnt/hgfs/VMware/ROS2_DEMO/3_Chapter/code/install/srv_demo:${AMENT_PREFIX_PATH} CMAKE_PREFIX_PATH=/mnt/hgfs/VMware/ROS2_DEMO/3_Chapter/code/install/srv_demo LD_LIBRARY_PATH=/mnt/hgfs/VMware/ROS2_DEMO/3_Chapter/code/install/srv_demo/lib:${LD_LIBRARY_PATH} PYTHONPATH=/mnt/hgfs/VMware/ROS2_DEMO/3_Chapter/code/build/python_srv_client/prefix_override:/mnt/hgfs/VMware/ROS2_DEMO/3_Chapter/code/install/python_srv_client/lib/python3.10/site-packages:/mnt/hgfs/VMware/ROS2_DEMO/3_Chapter/code/install/srv_demo/local/lib/python3.10/dist-packages:${PYTHONPATH} /usr/bin/python3 setup.py egg_info --egg-base ../build/python_srv_client build --build-base /mnt/hgfs/VMware/ROS2_DEMO/3_Chapter/code/build/python_srv_client/build install --record /mnt/hgfs/VMware/ROS2_DEMO/3_Chapter/code/build/python_srv_client/install.log --single-version-externally-managed
[2.480s] running egg_info
[2.486s] creating ../build/python_srv_client/python_srv_client.egg-info
[2.494s] writing ../build/python_srv_client/python_srv_client.egg-info/PKG-INFO
[2.514s] writing dependency_links to ../build/python_srv_client/python_srv_client.egg-info/dependency_links.txt
[2.527s] writing entry points to ../build/python_srv_client/python_srv_client.egg-info/entry_points.txt
[2.528s] writing requirements to ../build/python_srv_client/python_srv_client.egg-info/requires.txt
[2.543s] writing top-level names to ../build/python_srv_client/python_srv_client.egg-info/top_level.txt
[2.559s] writing manifest file '../build/python_srv_client/python_srv_client.egg-info/SOURCES.txt'
[2.616s] reading manifest file '../build/python_srv_client/python_srv_client.egg-info/SOURCES.txt'
[2.641s] writing manifest file '../build/python_srv_client/python_srv_client.egg-info/SOURCES.txt'
[2.647s] running build
[2.665s] running build_py
[2.682s] creating /mnt/hgfs/VMware/ROS2_DEMO/3_Chapter/code/build/python_srv_client/build
[2.694s] creating /mnt/hgfs/VMware/ROS2_DEMO/3_Chapter/code/build/python_srv_client/build/lib
[2.701s] creating /mnt/hgfs/VMware/ROS2_DEMO/3_Chapter/code/build/python_srv_client/build/lib/python_srv_client
[2.704s] copying python_srv_client/pythonSrvClientNode.py -> /mnt/hgfs/VMware/ROS2_DEMO/3_Chapter/code/build/python_srv_client/build/lib/python_srv_client
[2.733s] copying python_srv_client/__init__.py -> /mnt/hgfs/VMware/ROS2_DEMO/3_Chapter/code/build/python_srv_client/build/lib/python_srv_client
[2.778s] running install
[2.784s] /usr/lib/python3/dist-packages/setuptools/command/install.py:34: SetuptoolsDeprecationWarning: setup.py install is deprecated. Use build and pip and other standards-based tools.
[2.794s]   warnings.warn(
[2.806s] running install_lib
[2.812s] creating /mnt/hgfs/VMware/ROS2_DEMO/3_Chapter/code/install/python_srv_client/lib/python3.10/site-packages/python_srv_client
[2.820s] copying /mnt/hgfs/VMware/ROS2_DEMO/3_Chapter/code/build/python_srv_client/build/lib/python_srv_client/pythonSrvClientNode.py -> /mnt/hgfs/VMware/ROS2_DEMO/3_Chapter/code/install/python_srv_client/lib/python3.10/site-packages/python_srv_client
[2.857s] copying /mnt/hgfs/VMware/ROS2_DEMO/3_Chapter/code/build/python_srv_client/build/lib/python_srv_client/__init__.py -> /mnt/hgfs/VMware/ROS2_DEMO/3_Chapter/code/install/python_srv_client/lib/python3.10/site-packages/python_srv_client
[2.872s] byte-compiling /mnt/hgfs/VMware/ROS2_DEMO/3_Chapter/code/install/python_srv_client/lib/python3.10/site-packages/python_srv_client/pythonSrvClientNode.py to pythonSrvClientNode.cpython-310.pyc
[2.898s] byte-compiling /mnt/hgfs/VMware/ROS2_DEMO/3_Chapter/code/install/python_srv_client/lib/python3.10/site-packages/python_srv_client/__init__.py to __init__.cpython-310.pyc
[2.908s] running install_data
[2.928s] creating /mnt/hgfs/VMware/ROS2_DEMO/3_Chapter/code/install/python_srv_client/share/ament_index
[2.936s] creating /mnt/hgfs/VMware/ROS2_DEMO/3_Chapter/code/install/python_srv_client/share/ament_index/resource_index
[2.938s] creating /mnt/hgfs/VMware/ROS2_DEMO/3_Chapter/code/install/python_srv_client/share/ament_index/resource_index/packages
[2.945s] copying resource/python_srv_client -> /mnt/hgfs/VMware/ROS2_DEMO/3_Chapter/code/install/python_srv_client/share/ament_index/resource_index/packages
[2.963s] copying package.xml -> /mnt/hgfs/VMware/ROS2_DEMO/3_Chapter/code/install/python_srv_client/share/python_srv_client
[2.973s] running install_egg_info
[2.982s] Copying ../build/python_srv_client/python_srv_client.egg-info to /mnt/hgfs/VMware/ROS2_DEMO/3_Chapter/code/install/python_srv_client/lib/python3.10/site-packages/python_srv_client-0.0.0-py3.10.egg-info
[3.035s] running install_scripts
[3.070s] Installing pythonSrvClientNode script to /mnt/hgfs/VMware/ROS2_DEMO/3_Chapter/code/install/python_srv_client/lib/python_srv_client
[3.089s] writing list of installed files to '/mnt/hgfs/VMware/ROS2_DEMO/3_Chapter/code/build/python_srv_client/install.log'
[3.285s] Invoked command in '/mnt/hgfs/VMware/ROS2_DEMO/3_Chapter/code/python_srv_client' returned '0': AMENT_PREFIX_PATH=/mnt/hgfs/VMware/ROS2_DEMO/3_Chapter/code/install/srv_demo:${AMENT_PREFIX_PATH} CMAKE_PREFIX_PATH=/mnt/hgfs/VMware/ROS2_DEMO/3_Chapter/code/install/srv_demo LD_LIBRARY_PATH=/mnt/hgfs/VMware/ROS2_DEMO/3_Chapter/code/install/srv_demo/lib:${LD_LIBRARY_PATH} PYTHONPATH=/mnt/hgfs/VMware/ROS2_DEMO/3_Chapter/code/build/python_srv_client/prefix_override:/mnt/hgfs/VMware/ROS2_DEMO/3_Chapter/code/install/python_srv_client/lib/python3.10/site-packages:/mnt/hgfs/VMware/ROS2_DEMO/3_Chapter/code/install/srv_demo/local/lib/python3.10/dist-packages:${PYTHONPATH} /usr/bin/python3 setup.py egg_info --egg-base ../build/python_srv_client build --build-base /mnt/hgfs/VMware/ROS2_DEMO/3_Chapter/code/build/python_srv_client/build install --record /mnt/hgfs/VMware/ROS2_DEMO/3_Chapter/code/build/python_srv_client/install.log --single-version-externally-managed
