[0.261s] DEBUG:colcon:Command line arguments: ['/usr/bin/colcon', 'build', '--packages-select', 'student_msg']
[0.262s] DEBUG:colcon:Parsed command line arguments: Namespace(log_base=None, log_level=None, verb_name='build', build_base='build', install_base='install', merge_install=False, symlink_install=False, test_result_base=None, continue_on_error=False, executor='parallel', parallel_workers=16, event_handlers=None, ignore_user_meta=False, metas=['./colcon.meta'], base_paths=['.'], packages_ignore=None, packages_ignore_regex=None, paths=None, packages_up_to=None, packages_up_to_regex=None, packages_above=None, packages_above_and_dependencies=None, packages_above_depth=None, packages_select_by_dep=None, packages_skip_by_dep=None, packages_skip_up_to=None, packages_select_build_failed=False, packages_skip_build_finished=False, packages_select_test_failures=False, packages_skip_test_passed=False, packages_select=['student_msg'], packages_skip=None, packages_select_regex=None, packages_skip_regex=None, packages_start=None, packages_end=None, allow_overriding=[], cmake_args=None, cmake_target=None, cmake_target_skip_unavailable=False, cmake_clean_cache=False, cmake_clean_first=False, cmake_force_configure=False, ament_cmake_args=None, catkin_cmake_args=None, catkin_skip_building_tests=False, verb_parser=<colcon_defaults.argument_parser.defaults.DefaultArgumentsDecorator object at 0x7efe5a199270>, verb_extension=<colcon_core.verb.build.BuildVerb object at 0x7efe5a2674f0>, main=<bound method BuildVerb.main of <colcon_core.verb.build.BuildVerb object at 0x7efe5a2674f0>>)
[0.313s] Level 1:colcon.colcon_core.package_discovery:discover_packages(colcon_meta) check parameters
[0.314s] Level 1:colcon.colcon_core.package_discovery:discover_packages(recursive) check parameters
[0.314s] Level 1:colcon.colcon_core.package_discovery:discover_packages(ignore) check parameters
[0.315s] Level 1:colcon.colcon_core.package_discovery:discover_packages(path) check parameters
[0.315s] Level 1:colcon.colcon_core.package_discovery:discover_packages(colcon_meta) discover
[0.315s] Level 1:colcon.colcon_core.package_discovery:discover_packages(recursive) discover
[0.316s] INFO:colcon.colcon_core.package_discovery:Crawling recursively for packages in '/mnt/hgfs/VMware/ROS2_DEMO/2_Chapter/code'
[0.318s] Level 1:colcon.colcon_core.package_identification:_identify(.) by extensions ['ignore', 'ignore_ament_install']
[0.319s] Level 1:colcon.colcon_core.package_identification:_identify(.) by extension 'ignore'
[0.320s] Level 1:colcon.colcon_core.package_identification:_identify(.) by extension 'ignore_ament_install'
[0.321s] Level 1:colcon.colcon_core.package_identification:_identify(.) by extensions ['colcon_pkg']
[0.321s] Level 1:colcon.colcon_core.package_identification:_identify(.) by extension 'colcon_pkg'
[0.322s] Level 1:colcon.colcon_core.package_identification:_identify(.) by extensions ['colcon_meta']
[0.323s] Level 1:colcon.colcon_core.package_identification:_identify(.) by extension 'colcon_meta'
[0.323s] Level 1:colcon.colcon_core.package_identification:_identify(.) by extensions ['ros']
[0.324s] Level 1:colcon.colcon_core.package_identification:_identify(.) by extension 'ros'
[0.337s] Level 1:colcon.colcon_core.package_identification:_identify(.) by extensions ['cmake', 'python']
[0.338s] Level 1:colcon.colcon_core.package_identification:_identify(.) by extension 'cmake'
[0.338s] Level 1:colcon.colcon_core.package_identification:_identify(.) by extension 'python'
[0.339s] Level 1:colcon.colcon_core.package_identification:_identify(.) by extensions ['python_setup_py']
[0.340s] Level 1:colcon.colcon_core.package_identification:_identify(.) by extension 'python_setup_py'
[0.341s] Level 1:colcon.colcon_core.package_identification:_identify(build) by extensions ['ignore', 'ignore_ament_install']
[0.342s] Level 1:colcon.colcon_core.package_identification:_identify(build) by extension 'ignore'
[0.342s] Level 1:colcon.colcon_core.package_identification:_identify(build) ignored
[0.344s] Level 1:colcon.colcon_core.package_identification:_identify(cppBaseMsgPub) by extensions ['ignore', 'ignore_ament_install']
[0.345s] Level 1:colcon.colcon_core.package_identification:_identify(cppBaseMsgPub) by extension 'ignore'
[0.346s] Level 1:colcon.colcon_core.package_identification:_identify(cppBaseMsgPub) by extension 'ignore_ament_install'
[0.348s] Level 1:colcon.colcon_core.package_identification:_identify(cppBaseMsgPub) by extensions ['colcon_pkg']
[0.348s] Level 1:colcon.colcon_core.package_identification:_identify(cppBaseMsgPub) by extension 'colcon_pkg'
[0.349s] Level 1:colcon.colcon_core.package_identification:_identify(cppBaseMsgPub) by extensions ['colcon_meta']
[0.350s] Level 1:colcon.colcon_core.package_identification:_identify(cppBaseMsgPub) by extension 'colcon_meta'
[0.350s] Level 1:colcon.colcon_core.package_identification:_identify(cppBaseMsgPub) by extensions ['ros']
[0.350s] Level 1:colcon.colcon_core.package_identification:_identify(cppBaseMsgPub) by extension 'ros'
[0.355s] DEBUG:colcon.colcon_core.package_identification:Package 'cppBaseMsgPub' with type 'ros.ament_cmake' and name 'cppBaseMsgPub'
[0.356s] Level 1:colcon.colcon_core.package_identification:_identify(cppBaseMsgSub) by extensions ['ignore', 'ignore_ament_install']
[0.357s] Level 1:colcon.colcon_core.package_identification:_identify(cppBaseMsgSub) by extension 'ignore'
[0.358s] Level 1:colcon.colcon_core.package_identification:_identify(cppBaseMsgSub) by extension 'ignore_ament_install'
[0.359s] Level 1:colcon.colcon_core.package_identification:_identify(cppBaseMsgSub) by extensions ['colcon_pkg']
[0.360s] Level 1:colcon.colcon_core.package_identification:_identify(cppBaseMsgSub) by extension 'colcon_pkg'
[0.361s] Level 1:colcon.colcon_core.package_identification:_identify(cppBaseMsgSub) by extensions ['colcon_meta']
[0.361s] Level 1:colcon.colcon_core.package_identification:_identify(cppBaseMsgSub) by extension 'colcon_meta'
[0.362s] Level 1:colcon.colcon_core.package_identification:_identify(cppBaseMsgSub) by extensions ['ros']
[0.362s] Level 1:colcon.colcon_core.package_identification:_identify(cppBaseMsgSub) by extension 'ros'
[0.365s] DEBUG:colcon.colcon_core.package_identification:Package 'cppBaseMsgSub' with type 'ros.ament_cmake' and name 'cppBaseMsgSub'
[0.368s] Level 1:colcon.colcon_core.package_identification:_identify(cpp_idl_pub) by extensions ['ignore', 'ignore_ament_install']
[0.368s] Level 1:colcon.colcon_core.package_identification:_identify(cpp_idl_pub) by extension 'ignore'
[0.370s] Level 1:colcon.colcon_core.package_identification:_identify(cpp_idl_pub) by extension 'ignore_ament_install'
[0.371s] Level 1:colcon.colcon_core.package_identification:_identify(cpp_idl_pub) by extensions ['colcon_pkg']
[0.372s] Level 1:colcon.colcon_core.package_identification:_identify(cpp_idl_pub) by extension 'colcon_pkg'
[0.373s] Level 1:colcon.colcon_core.package_identification:_identify(cpp_idl_pub) by extensions ['colcon_meta']
[0.373s] Level 1:colcon.colcon_core.package_identification:_identify(cpp_idl_pub) by extension 'colcon_meta'
[0.374s] Level 1:colcon.colcon_core.package_identification:_identify(cpp_idl_pub) by extensions ['ros']
[0.375s] Level 1:colcon.colcon_core.package_identification:_identify(cpp_idl_pub) by extension 'ros'
[0.379s] DEBUG:colcon.colcon_core.package_identification:Package 'cpp_idl_pub' with type 'ros.ament_cmake' and name 'cpp_idl_pub'
[0.381s] Level 1:colcon.colcon_core.package_identification:_identify(install) by extensions ['ignore', 'ignore_ament_install']
[0.381s] Level 1:colcon.colcon_core.package_identification:_identify(install) by extension 'ignore'
[0.382s] Level 1:colcon.colcon_core.package_identification:_identify(install) ignored
[0.383s] Level 1:colcon.colcon_core.package_identification:_identify(log) by extensions ['ignore', 'ignore_ament_install']
[0.384s] Level 1:colcon.colcon_core.package_identification:_identify(log) by extension 'ignore'
[0.384s] Level 1:colcon.colcon_core.package_identification:_identify(log) ignored
[0.386s] Level 1:colcon.colcon_core.package_identification:_identify(msg_demo) by extensions ['ignore', 'ignore_ament_install']
[0.387s] Level 1:colcon.colcon_core.package_identification:_identify(msg_demo) by extension 'ignore'
[0.388s] Level 1:colcon.colcon_core.package_identification:_identify(msg_demo) by extension 'ignore_ament_install'
[0.389s] Level 1:colcon.colcon_core.package_identification:_identify(msg_demo) by extensions ['colcon_pkg']
[0.389s] Level 1:colcon.colcon_core.package_identification:_identify(msg_demo) by extension 'colcon_pkg'
[0.390s] Level 1:colcon.colcon_core.package_identification:_identify(msg_demo) by extensions ['colcon_meta']
[0.391s] Level 1:colcon.colcon_core.package_identification:_identify(msg_demo) by extension 'colcon_meta'
[0.391s] Level 1:colcon.colcon_core.package_identification:_identify(msg_demo) by extensions ['ros']
[0.391s] Level 1:colcon.colcon_core.package_identification:_identify(msg_demo) by extension 'ros'
[0.395s] DEBUG:colcon.colcon_core.package_identification:Package 'msg_demo' with type 'ros.ament_cmake' and name 'msg_demo'
[0.397s] Level 1:colcon.colcon_core.package_identification:_identify(pythonBaseMsgPub) by extensions ['ignore', 'ignore_ament_install']
[0.397s] Level 1:colcon.colcon_core.package_identification:_identify(pythonBaseMsgPub) by extension 'ignore'
[0.399s] Level 1:colcon.colcon_core.package_identification:_identify(pythonBaseMsgPub) by extension 'ignore_ament_install'
[0.400s] Level 1:colcon.colcon_core.package_identification:_identify(pythonBaseMsgPub) by extensions ['colcon_pkg']
[0.400s] Level 1:colcon.colcon_core.package_identification:_identify(pythonBaseMsgPub) by extension 'colcon_pkg'
[0.401s] Level 1:colcon.colcon_core.package_identification:_identify(pythonBaseMsgPub) by extensions ['colcon_meta']
[0.401s] Level 1:colcon.colcon_core.package_identification:_identify(pythonBaseMsgPub) by extension 'colcon_meta'
[0.402s] Level 1:colcon.colcon_core.package_identification:_identify(pythonBaseMsgPub) by extensions ['ros']
[0.402s] Level 1:colcon.colcon_core.package_identification:_identify(pythonBaseMsgPub) by extension 'ros'
[0.405s] DEBUG:colcon.colcon_core.package_identification:Package 'pythonBaseMsgPub' with type 'ros.ament_python' and name 'pythonBaseMsgPub'
[0.407s] Level 1:colcon.colcon_core.package_identification:_identify(pythonBaseMsgSub) by extensions ['ignore', 'ignore_ament_install']
[0.407s] Level 1:colcon.colcon_core.package_identification:_identify(pythonBaseMsgSub) by extension 'ignore'
[0.410s] Level 1:colcon.colcon_core.package_identification:_identify(pythonBaseMsgSub) by extension 'ignore_ament_install'
[0.411s] Level 1:colcon.colcon_core.package_identification:_identify(pythonBaseMsgSub) by extensions ['colcon_pkg']
[0.411s] Level 1:colcon.colcon_core.package_identification:_identify(pythonBaseMsgSub) by extension 'colcon_pkg'
[0.412s] Level 1:colcon.colcon_core.package_identification:_identify(pythonBaseMsgSub) by extensions ['colcon_meta']
[0.413s] Level 1:colcon.colcon_core.package_identification:_identify(pythonBaseMsgSub) by extension 'colcon_meta'
[0.413s] Level 1:colcon.colcon_core.package_identification:_identify(pythonBaseMsgSub) by extensions ['ros']
[0.414s] Level 1:colcon.colcon_core.package_identification:_identify(pythonBaseMsgSub) by extension 'ros'
[0.417s] DEBUG:colcon.colcon_core.package_identification:Package 'pythonBaseMsgSub' with type 'ros.ament_python' and name 'pythonBaseMsgSub'
[0.419s] Level 1:colcon.colcon_core.package_identification:_identify(student_msg) by extensions ['ignore', 'ignore_ament_install']
[0.419s] Level 1:colcon.colcon_core.package_identification:_identify(student_msg) by extension 'ignore'
[0.420s] Level 1:colcon.colcon_core.package_identification:_identify(student_msg) by extension 'ignore_ament_install'
[0.422s] Level 1:colcon.colcon_core.package_identification:_identify(student_msg) by extensions ['colcon_pkg']
[0.422s] Level 1:colcon.colcon_core.package_identification:_identify(student_msg) by extension 'colcon_pkg'
[0.423s] Level 1:colcon.colcon_core.package_identification:_identify(student_msg) by extensions ['colcon_meta']
[0.423s] Level 1:colcon.colcon_core.package_identification:_identify(student_msg) by extension 'colcon_meta'
[0.424s] Level 1:colcon.colcon_core.package_identification:_identify(student_msg) by extensions ['ros']
[0.425s] Level 1:colcon.colcon_core.package_identification:_identify(student_msg) by extension 'ros'
[0.428s] DEBUG:colcon.colcon_core.package_identification:Package 'student_msg' with type 'ros.ament_cmake' and name 'student_msg'
[0.429s] Level 1:colcon.colcon_core.package_discovery:discover_packages(recursive) using defaults
[0.429s] Level 1:colcon.colcon_core.package_discovery:discover_packages(ignore) discover
[0.430s] Level 1:colcon.colcon_core.package_discovery:discover_packages(ignore) using defaults
[0.431s] Level 1:colcon.colcon_core.package_discovery:discover_packages(path) discover
[0.431s] Level 1:colcon.colcon_core.package_discovery:discover_packages(path) using defaults
[0.457s] INFO:colcon.colcon_core.package_selection:Skipping not selected package 'cppBaseMsgPub' in 'cppBaseMsgPub'
[0.457s] INFO:colcon.colcon_core.package_selection:Skipping not selected package 'cppBaseMsgSub' in 'cppBaseMsgSub'
[0.457s] INFO:colcon.colcon_core.package_selection:Skipping not selected package 'cpp_idl_pub' in 'cpp_idl_pub'
[0.458s] INFO:colcon.colcon_core.package_selection:Skipping not selected package 'msg_demo' in 'msg_demo'
[0.459s] INFO:colcon.colcon_core.package_selection:Skipping not selected package 'pythonBaseMsgPub' in 'pythonBaseMsgPub'
[0.459s] INFO:colcon.colcon_core.package_selection:Skipping not selected package 'pythonBaseMsgSub' in 'pythonBaseMsgSub'
[0.460s] Level 1:colcon.colcon_core.package_discovery:discover_packages(prefix_path) check parameters
[0.461s] Level 1:colcon.colcon_core.package_discovery:discover_packages(prefix_path) discover
[0.464s] DEBUG:colcon.colcon_installed_package_information.package_discovery:Found 270 installed packages in /opt/ros/humble
[0.466s] Level 1:colcon.colcon_core.package_discovery:discover_packages(prefix_path) using defaults
[0.512s] Level 5:colcon.colcon_core.verb:set package 'student_msg' build argument 'cmake_args' from command line to 'None'
[0.513s] Level 5:colcon.colcon_core.verb:set package 'student_msg' build argument 'cmake_target' from command line to 'None'
[0.513s] Level 5:colcon.colcon_core.verb:set package 'student_msg' build argument 'cmake_target_skip_unavailable' from command line to 'False'
[0.514s] Level 5:colcon.colcon_core.verb:set package 'student_msg' build argument 'cmake_clean_cache' from command line to 'False'
[0.515s] Level 5:colcon.colcon_core.verb:set package 'student_msg' build argument 'cmake_clean_first' from command line to 'False'
[0.515s] Level 5:colcon.colcon_core.verb:set package 'student_msg' build argument 'cmake_force_configure' from command line to 'False'
[0.515s] Level 5:colcon.colcon_core.verb:set package 'student_msg' build argument 'ament_cmake_args' from command line to 'None'
[0.516s] Level 5:colcon.colcon_core.verb:set package 'student_msg' build argument 'catkin_cmake_args' from command line to 'None'
[0.516s] Level 5:colcon.colcon_core.verb:set package 'student_msg' build argument 'catkin_skip_building_tests' from command line to 'False'
[0.517s] DEBUG:colcon.colcon_core.verb:Building package 'student_msg' with the following arguments: {'ament_cmake_args': None, 'build_base': '/mnt/hgfs/VMware/ROS2_DEMO/2_Chapter/code/build/student_msg', 'catkin_cmake_args': None, 'catkin_skip_building_tests': False, 'cmake_args': None, 'cmake_clean_cache': False, 'cmake_clean_first': False, 'cmake_force_configure': False, 'cmake_target': None, 'cmake_target_skip_unavailable': False, 'install_base': '/mnt/hgfs/VMware/ROS2_DEMO/2_Chapter/code/install/student_msg', 'merge_install': False, 'path': '/mnt/hgfs/VMware/ROS2_DEMO/2_Chapter/code/student_msg', 'symlink_install': False, 'test_result_base': None}
[0.518s] INFO:colcon.colcon_core.executor:Executing jobs using 'parallel' executor
[0.521s] DEBUG:colcon.colcon_parallel_executor.executor.parallel:run_until_complete
[0.522s] INFO:colcon.colcon_ros.task.ament_cmake.build:Building ROS package in '/mnt/hgfs/VMware/ROS2_DEMO/2_Chapter/code/student_msg' with build type 'ament_cmake'
[0.523s] INFO:colcon.colcon_cmake.task.cmake.build:Building CMake package in '/mnt/hgfs/VMware/ROS2_DEMO/2_Chapter/code/student_msg'
[0.530s] INFO:colcon.colcon_core.plugin_system:Skipping extension 'colcon_core.shell.bat': Not used on non-Windows systems
[0.531s] INFO:colcon.colcon_core.shell:Skip shell extension 'powershell' for command environment: Not usable outside of PowerShell
[0.532s] DEBUG:colcon.colcon_core.shell:Skip shell extension 'dsv' for command environment
[0.560s] DEBUG:colcon.colcon_core.event_handler.log_command:Invoking command in '/mnt/hgfs/VMware/ROS2_DEMO/2_Chapter/code/build/student_msg': CMAKE_PREFIX_PATH=/opt/ros/humble /usr/bin/cmake /mnt/hgfs/VMware/ROS2_DEMO/2_Chapter/code/student_msg -DCMAKE_INSTALL_PREFIX=/mnt/hgfs/VMware/ROS2_DEMO/2_Chapter/code/install/student_msg
[4.292s] DEBUG:colcon.colcon_core.event_handler.log_command:Invoked command in '/mnt/hgfs/VMware/ROS2_DEMO/2_Chapter/code/build/student_msg' returned '0': CMAKE_PREFIX_PATH=/opt/ros/humble /usr/bin/cmake /mnt/hgfs/VMware/ROS2_DEMO/2_Chapter/code/student_msg -DCMAKE_INSTALL_PREFIX=/mnt/hgfs/VMware/ROS2_DEMO/2_Chapter/code/install/student_msg
[4.297s] DEBUG:colcon.colcon_core.event_handler.log_command:Invoking command in '/mnt/hgfs/VMware/ROS2_DEMO/2_Chapter/code/build/student_msg': CMAKE_PREFIX_PATH=/opt/ros/humble /usr/bin/cmake --build /mnt/hgfs/VMware/ROS2_DEMO/2_Chapter/code/build/student_msg -- -j16 -l16
[7.676s] DEBUG:colcon.colcon_core.event_handler.log_command:Invoked command in '/mnt/hgfs/VMware/ROS2_DEMO/2_Chapter/code/build/student_msg' returned '0': CMAKE_PREFIX_PATH=/opt/ros/humble /usr/bin/cmake --build /mnt/hgfs/VMware/ROS2_DEMO/2_Chapter/code/build/student_msg -- -j16 -l16
[7.750s] DEBUG:colcon.colcon_core.event_handler.log_command:Invoking command in '/mnt/hgfs/VMware/ROS2_DEMO/2_Chapter/code/build/student_msg': CMAKE_PREFIX_PATH=/opt/ros/humble /usr/bin/cmake --install /mnt/hgfs/VMware/ROS2_DEMO/2_Chapter/code/build/student_msg
[9.158s] Level 1:colcon.colcon_core.environment:create_environment_scripts_only(student_msg)
[9.161s] DEBUG:colcon.colcon_core.event_handler.log_command:Invoked command in '/mnt/hgfs/VMware/ROS2_DEMO/2_Chapter/code/build/student_msg' returned '0': CMAKE_PREFIX_PATH=/opt/ros/humble /usr/bin/cmake --install /mnt/hgfs/VMware/ROS2_DEMO/2_Chapter/code/build/student_msg
[9.164s] Level 1:colcon.colcon_core.environment:checking '/mnt/hgfs/VMware/ROS2_DEMO/2_Chapter/code/install/student_msg' for CMake module files
[9.191s] Level 1:colcon.colcon_core.environment:checking '/mnt/hgfs/VMware/ROS2_DEMO/2_Chapter/code/install/student_msg' for CMake config files
[9.225s] Level 1:colcon.colcon_core.shell:create_environment_hook('student_msg', 'cmake_prefix_path')
[9.227s] INFO:colcon.colcon_core.shell:Creating environment hook '/mnt/hgfs/VMware/ROS2_DEMO/2_Chapter/code/install/student_msg/share/student_msg/hook/cmake_prefix_path.ps1'
[9.230s] INFO:colcon.colcon_core.shell:Creating environment descriptor '/mnt/hgfs/VMware/ROS2_DEMO/2_Chapter/code/install/student_msg/share/student_msg/hook/cmake_prefix_path.dsv'
[9.233s] INFO:colcon.colcon_core.shell:Creating environment hook '/mnt/hgfs/VMware/ROS2_DEMO/2_Chapter/code/install/student_msg/share/student_msg/hook/cmake_prefix_path.sh'
[9.239s] Level 1:colcon.colcon_core.environment:checking '/mnt/hgfs/VMware/ROS2_DEMO/2_Chapter/code/install/student_msg/lib'
[9.242s] Level 1:colcon.colcon_core.shell:create_environment_hook('student_msg', 'ld_library_path_lib')
[9.243s] INFO:colcon.colcon_core.shell:Creating environment hook '/mnt/hgfs/VMware/ROS2_DEMO/2_Chapter/code/install/student_msg/share/student_msg/hook/ld_library_path_lib.ps1'
[9.246s] INFO:colcon.colcon_core.shell:Creating environment descriptor '/mnt/hgfs/VMware/ROS2_DEMO/2_Chapter/code/install/student_msg/share/student_msg/hook/ld_library_path_lib.dsv'
[9.249s] INFO:colcon.colcon_core.shell:Creating environment hook '/mnt/hgfs/VMware/ROS2_DEMO/2_Chapter/code/install/student_msg/share/student_msg/hook/ld_library_path_lib.sh'
[9.252s] Level 1:colcon.colcon_core.environment:checking '/mnt/hgfs/VMware/ROS2_DEMO/2_Chapter/code/install/student_msg/bin'
[9.253s] Level 1:colcon.colcon_core.environment:checking '/mnt/hgfs/VMware/ROS2_DEMO/2_Chapter/code/install/student_msg/lib/pkgconfig/student_msg.pc'
[9.255s] Level 1:colcon.colcon_core.environment:checking '/mnt/hgfs/VMware/ROS2_DEMO/2_Chapter/code/install/student_msg/lib/python3.10/site-packages'
[9.256s] Level 1:colcon.colcon_core.environment:checking '/mnt/hgfs/VMware/ROS2_DEMO/2_Chapter/code/install/student_msg/bin'
[9.257s] INFO:colcon.colcon_core.shell:Creating package script '/mnt/hgfs/VMware/ROS2_DEMO/2_Chapter/code/install/student_msg/share/student_msg/package.ps1'
[9.261s] INFO:colcon.colcon_core.shell:Creating package descriptor '/mnt/hgfs/VMware/ROS2_DEMO/2_Chapter/code/install/student_msg/share/student_msg/package.dsv'
[9.263s] INFO:colcon.colcon_core.shell:Creating package script '/mnt/hgfs/VMware/ROS2_DEMO/2_Chapter/code/install/student_msg/share/student_msg/package.sh'
[9.267s] INFO:colcon.colcon_core.shell:Creating package script '/mnt/hgfs/VMware/ROS2_DEMO/2_Chapter/code/install/student_msg/share/student_msg/package.bash'
[9.271s] INFO:colcon.colcon_core.shell:Creating package script '/mnt/hgfs/VMware/ROS2_DEMO/2_Chapter/code/install/student_msg/share/student_msg/package.zsh'
[9.275s] Level 1:colcon.colcon_core.environment:create_file_with_runtime_dependencies(/mnt/hgfs/VMware/ROS2_DEMO/2_Chapter/code/install/student_msg/share/colcon-core/packages/student_msg)
[9.343s] Level 1:colcon.colcon_core.environment:create_environment_scripts_only(student_msg)
[9.345s] Level 1:colcon.colcon_core.environment:checking '/mnt/hgfs/VMware/ROS2_DEMO/2_Chapter/code/install/student_msg' for CMake module files
[9.361s] Level 1:colcon.colcon_core.environment:checking '/mnt/hgfs/VMware/ROS2_DEMO/2_Chapter/code/install/student_msg' for CMake config files
[9.400s] Level 1:colcon.colcon_core.shell:create_environment_hook('student_msg', 'cmake_prefix_path')
[9.402s] INFO:colcon.colcon_core.shell:Creating environment hook '/mnt/hgfs/VMware/ROS2_DEMO/2_Chapter/code/install/student_msg/share/student_msg/hook/cmake_prefix_path.ps1'
[9.405s] INFO:colcon.colcon_core.shell:Creating environment descriptor '/mnt/hgfs/VMware/ROS2_DEMO/2_Chapter/code/install/student_msg/share/student_msg/hook/cmake_prefix_path.dsv'
[9.408s] INFO:colcon.colcon_core.shell:Creating environment hook '/mnt/hgfs/VMware/ROS2_DEMO/2_Chapter/code/install/student_msg/share/student_msg/hook/cmake_prefix_path.sh'
[9.413s] Level 1:colcon.colcon_core.environment:checking '/mnt/hgfs/VMware/ROS2_DEMO/2_Chapter/code/install/student_msg/lib'
[9.416s] Level 1:colcon.colcon_core.shell:create_environment_hook('student_msg', 'ld_library_path_lib')
[9.417s] INFO:colcon.colcon_core.shell:Creating environment hook '/mnt/hgfs/VMware/ROS2_DEMO/2_Chapter/code/install/student_msg/share/student_msg/hook/ld_library_path_lib.ps1'
[9.420s] INFO:colcon.colcon_core.shell:Creating environment descriptor '/mnt/hgfs/VMware/ROS2_DEMO/2_Chapter/code/install/student_msg/share/student_msg/hook/ld_library_path_lib.dsv'
[9.423s] INFO:colcon.colcon_core.shell:Creating environment hook '/mnt/hgfs/VMware/ROS2_DEMO/2_Chapter/code/install/student_msg/share/student_msg/hook/ld_library_path_lib.sh'
[9.425s] Level 1:colcon.colcon_core.environment:checking '/mnt/hgfs/VMware/ROS2_DEMO/2_Chapter/code/install/student_msg/bin'
[9.426s] Level 1:colcon.colcon_core.environment:checking '/mnt/hgfs/VMware/ROS2_DEMO/2_Chapter/code/install/student_msg/lib/pkgconfig/student_msg.pc'
[9.427s] Level 1:colcon.colcon_core.environment:checking '/mnt/hgfs/VMware/ROS2_DEMO/2_Chapter/code/install/student_msg/lib/python3.10/site-packages'
[9.428s] Level 1:colcon.colcon_core.environment:checking '/mnt/hgfs/VMware/ROS2_DEMO/2_Chapter/code/install/student_msg/bin'
[9.430s] INFO:colcon.colcon_core.shell:Creating package script '/mnt/hgfs/VMware/ROS2_DEMO/2_Chapter/code/install/student_msg/share/student_msg/package.ps1'
[9.432s] INFO:colcon.colcon_core.shell:Creating package descriptor '/mnt/hgfs/VMware/ROS2_DEMO/2_Chapter/code/install/student_msg/share/student_msg/package.dsv'
[9.434s] INFO:colcon.colcon_core.shell:Creating package script '/mnt/hgfs/VMware/ROS2_DEMO/2_Chapter/code/install/student_msg/share/student_msg/package.sh'
[9.436s] INFO:colcon.colcon_core.shell:Creating package script '/mnt/hgfs/VMware/ROS2_DEMO/2_Chapter/code/install/student_msg/share/student_msg/package.bash'
[9.439s] INFO:colcon.colcon_core.shell:Creating package script '/mnt/hgfs/VMware/ROS2_DEMO/2_Chapter/code/install/student_msg/share/student_msg/package.zsh'
[9.442s] Level 1:colcon.colcon_core.environment:create_file_with_runtime_dependencies(/mnt/hgfs/VMware/ROS2_DEMO/2_Chapter/code/install/student_msg/share/colcon-core/packages/student_msg)
[9.445s] DEBUG:colcon.colcon_parallel_executor.executor.parallel:closing loop
[9.446s] DEBUG:colcon.colcon_parallel_executor.executor.parallel:loop closed
[9.448s] DEBUG:colcon.colcon_parallel_executor.executor.parallel:run_until_complete finished with '0'
[9.450s] DEBUG:colcon.colcon_core.event_reactor:joining thread
[9.463s] INFO:colcon.colcon_core.plugin_system:Skipping extension 'colcon_notification.desktop_notification.terminal_notifier': Not used on non-Darwin systems
[9.463s] INFO:colcon.colcon_core.plugin_system:Skipping extension 'colcon_notification.desktop_notification.win32': Not used on non-Windows systems
[9.464s] INFO:colcon.colcon_notification.desktop_notification:Sending desktop notification using 'notify2'
[9.477s] DEBUG:colcon.colcon_core.event_reactor:joined thread
[9.478s] INFO:colcon.colcon_core.shell:Creating prefix script '/mnt/hgfs/VMware/ROS2_DEMO/2_Chapter/code/install/local_setup.ps1'
[9.481s] INFO:colcon.colcon_core.shell:Creating prefix util module '/mnt/hgfs/VMware/ROS2_DEMO/2_Chapter/code/install/_local_setup_util_ps1.py'
[9.485s] INFO:colcon.colcon_core.shell:Creating prefix chain script '/mnt/hgfs/VMware/ROS2_DEMO/2_Chapter/code/install/setup.ps1'
[9.490s] INFO:colcon.colcon_core.shell:Creating prefix script '/mnt/hgfs/VMware/ROS2_DEMO/2_Chapter/code/install/local_setup.sh'
[9.494s] INFO:colcon.colcon_core.shell:Creating prefix util module '/mnt/hgfs/VMware/ROS2_DEMO/2_Chapter/code/install/_local_setup_util_sh.py'
[9.496s] INFO:colcon.colcon_core.shell:Creating prefix chain script '/mnt/hgfs/VMware/ROS2_DEMO/2_Chapter/code/install/setup.sh'
[9.500s] INFO:colcon.colcon_core.shell:Creating prefix script '/mnt/hgfs/VMware/ROS2_DEMO/2_Chapter/code/install/local_setup.bash'
[9.505s] INFO:colcon.colcon_core.shell:Creating prefix chain script '/mnt/hgfs/VMware/ROS2_DEMO/2_Chapter/code/install/setup.bash'
[9.509s] INFO:colcon.colcon_core.shell:Creating prefix script '/mnt/hgfs/VMware/ROS2_DEMO/2_Chapter/code/install/local_setup.zsh'
[9.512s] INFO:colcon.colcon_core.shell:Creating prefix chain script '/mnt/hgfs/VMware/ROS2_DEMO/2_Chapter/code/install/setup.zsh'
