[0.249s] DEBUG:colcon:Command line arguments: ['/usr/bin/colcon', 'build', '--packages-select', 'cpp_idl_pub']
[0.249s] DEBUG:colcon:Parsed command line arguments: Namespace(log_base=None, log_level=None, verb_name='build', build_base='build', install_base='install', merge_install=False, symlink_install=False, test_result_base=None, continue_on_error=False, executor='parallel', parallel_workers=16, event_handlers=None, ignore_user_meta=False, metas=['./colcon.meta'], base_paths=['.'], packages_ignore=None, packages_ignore_regex=None, paths=None, packages_up_to=None, packages_up_to_regex=None, packages_above=None, packages_above_and_dependencies=None, packages_above_depth=None, packages_select_by_dep=None, packages_skip_by_dep=None, packages_skip_up_to=None, packages_select_build_failed=False, packages_skip_build_finished=False, packages_select_test_failures=False, packages_skip_test_passed=False, packages_select=['cpp_idl_pub'], packages_skip=None, packages_select_regex=None, packages_skip_regex=None, packages_start=None, packages_end=None, allow_overriding=[], cmake_args=None, cmake_target=None, cmake_target_skip_unavailable=False, cmake_clean_cache=False, cmake_clean_first=False, cmake_force_configure=False, ament_cmake_args=None, catkin_cmake_args=None, catkin_skip_building_tests=False, verb_parser=<colcon_defaults.argument_parser.defaults.DefaultArgumentsDecorator object at 0x7fd9751bd7e0>, verb_extension=<colcon_core.verb.build.BuildVerb object at 0x7fd975a0ad70>, main=<bound method BuildVerb.main of <colcon_core.verb.build.BuildVerb object at 0x7fd975a0ad70>>)
[0.284s] Level 1:colcon.colcon_core.package_discovery:discover_packages(colcon_meta) check parameters
[0.285s] Level 1:colcon.colcon_core.package_discovery:discover_packages(recursive) check parameters
[0.286s] Level 1:colcon.colcon_core.package_discovery:discover_packages(ignore) check parameters
[0.287s] Level 1:colcon.colcon_core.package_discovery:discover_packages(path) check parameters
[0.288s] Level 1:colcon.colcon_core.package_discovery:discover_packages(colcon_meta) discover
[0.288s] Level 1:colcon.colcon_core.package_discovery:discover_packages(recursive) discover
[0.289s] INFO:colcon.colcon_core.package_discovery:Crawling recursively for packages in '/mnt/hgfs/VMware/ROS2_DEMO/2_Chapter/code'
[0.291s] Level 1:colcon.colcon_core.package_identification:_identify(.) by extensions ['ignore', 'ignore_ament_install']
[0.292s] Level 1:colcon.colcon_core.package_identification:_identify(.) by extension 'ignore'
[0.292s] Level 1:colcon.colcon_core.package_identification:_identify(.) by extension 'ignore_ament_install'
[0.294s] Level 1:colcon.colcon_core.package_identification:_identify(.) by extensions ['colcon_pkg']
[0.294s] Level 1:colcon.colcon_core.package_identification:_identify(.) by extension 'colcon_pkg'
[0.295s] Level 1:colcon.colcon_core.package_identification:_identify(.) by extensions ['colcon_meta']
[0.295s] Level 1:colcon.colcon_core.package_identification:_identify(.) by extension 'colcon_meta'
[0.295s] Level 1:colcon.colcon_core.package_identification:_identify(.) by extensions ['ros']
[0.296s] Level 1:colcon.colcon_core.package_identification:_identify(.) by extension 'ros'
[0.308s] Level 1:colcon.colcon_core.package_identification:_identify(.) by extensions ['cmake', 'python']
[0.309s] Level 1:colcon.colcon_core.package_identification:_identify(.) by extension 'cmake'
[0.310s] Level 1:colcon.colcon_core.package_identification:_identify(.) by extension 'python'
[0.311s] Level 1:colcon.colcon_core.package_identification:_identify(.) by extensions ['python_setup_py']
[0.311s] Level 1:colcon.colcon_core.package_identification:_identify(.) by extension 'python_setup_py'
[0.313s] Level 1:colcon.colcon_core.package_identification:_identify(build) by extensions ['ignore', 'ignore_ament_install']
[0.314s] Level 1:colcon.colcon_core.package_identification:_identify(build) by extension 'ignore'
[0.314s] Level 1:colcon.colcon_core.package_identification:_identify(build) ignored
[0.317s] Level 1:colcon.colcon_core.package_identification:_identify(cppBaseMsgPub) by extensions ['ignore', 'ignore_ament_install']
[0.318s] Level 1:colcon.colcon_core.package_identification:_identify(cppBaseMsgPub) by extension 'ignore'
[0.319s] Level 1:colcon.colcon_core.package_identification:_identify(cppBaseMsgPub) by extension 'ignore_ament_install'
[0.320s] Level 1:colcon.colcon_core.package_identification:_identify(cppBaseMsgPub) by extensions ['colcon_pkg']
[0.320s] Level 1:colcon.colcon_core.package_identification:_identify(cppBaseMsgPub) by extension 'colcon_pkg'
[0.321s] Level 1:colcon.colcon_core.package_identification:_identify(cppBaseMsgPub) by extensions ['colcon_meta']
[0.321s] Level 1:colcon.colcon_core.package_identification:_identify(cppBaseMsgPub) by extension 'colcon_meta'
[0.322s] Level 1:colcon.colcon_core.package_identification:_identify(cppBaseMsgPub) by extensions ['ros']
[0.322s] Level 1:colcon.colcon_core.package_identification:_identify(cppBaseMsgPub) by extension 'ros'
[0.327s] DEBUG:colcon.colcon_core.package_identification:Package 'cppBaseMsgPub' with type 'ros.ament_cmake' and name 'cppBaseMsgPub'
[0.329s] Level 1:colcon.colcon_core.package_identification:_identify(cppBaseMsgSub) by extensions ['ignore', 'ignore_ament_install']
[0.330s] Level 1:colcon.colcon_core.package_identification:_identify(cppBaseMsgSub) by extension 'ignore'
[0.331s] Level 1:colcon.colcon_core.package_identification:_identify(cppBaseMsgSub) by extension 'ignore_ament_install'
[0.333s] Level 1:colcon.colcon_core.package_identification:_identify(cppBaseMsgSub) by extensions ['colcon_pkg']
[0.334s] Level 1:colcon.colcon_core.package_identification:_identify(cppBaseMsgSub) by extension 'colcon_pkg'
[0.335s] Level 1:colcon.colcon_core.package_identification:_identify(cppBaseMsgSub) by extensions ['colcon_meta']
[0.335s] Level 1:colcon.colcon_core.package_identification:_identify(cppBaseMsgSub) by extension 'colcon_meta'
[0.335s] Level 1:colcon.colcon_core.package_identification:_identify(cppBaseMsgSub) by extensions ['ros']
[0.336s] Level 1:colcon.colcon_core.package_identification:_identify(cppBaseMsgSub) by extension 'ros'
[0.339s] DEBUG:colcon.colcon_core.package_identification:Package 'cppBaseMsgSub' with type 'ros.ament_cmake' and name 'cppBaseMsgSub'
[0.341s] Level 1:colcon.colcon_core.package_identification:_identify(cpp_idl_pub) by extensions ['ignore', 'ignore_ament_install']
[0.342s] Level 1:colcon.colcon_core.package_identification:_identify(cpp_idl_pub) by extension 'ignore'
[0.343s] Level 1:colcon.colcon_core.package_identification:_identify(cpp_idl_pub) by extension 'ignore_ament_install'
[0.345s] Level 1:colcon.colcon_core.package_identification:_identify(cpp_idl_pub) by extensions ['colcon_pkg']
[0.345s] Level 1:colcon.colcon_core.package_identification:_identify(cpp_idl_pub) by extension 'colcon_pkg'
[0.346s] Level 1:colcon.colcon_core.package_identification:_identify(cpp_idl_pub) by extensions ['colcon_meta']
[0.347s] Level 1:colcon.colcon_core.package_identification:_identify(cpp_idl_pub) by extension 'colcon_meta'
[0.347s] Level 1:colcon.colcon_core.package_identification:_identify(cpp_idl_pub) by extensions ['ros']
[0.347s] Level 1:colcon.colcon_core.package_identification:_identify(cpp_idl_pub) by extension 'ros'
[0.350s] DEBUG:colcon.colcon_core.package_identification:Package 'cpp_idl_pub' with type 'ros.ament_cmake' and name 'cpp_idl_pub'
[0.353s] Level 1:colcon.colcon_core.package_identification:_identify(install) by extensions ['ignore', 'ignore_ament_install']
[0.353s] Level 1:colcon.colcon_core.package_identification:_identify(install) by extension 'ignore'
[0.354s] Level 1:colcon.colcon_core.package_identification:_identify(install) ignored
[0.356s] Level 1:colcon.colcon_core.package_identification:_identify(log) by extensions ['ignore', 'ignore_ament_install']
[0.357s] Level 1:colcon.colcon_core.package_identification:_identify(log) by extension 'ignore'
[0.358s] Level 1:colcon.colcon_core.package_identification:_identify(log) ignored
[0.360s] Level 1:colcon.colcon_core.package_identification:_identify(msg_demo) by extensions ['ignore', 'ignore_ament_install']
[0.360s] Level 1:colcon.colcon_core.package_identification:_identify(msg_demo) by extension 'ignore'
[0.362s] Level 1:colcon.colcon_core.package_identification:_identify(msg_demo) by extension 'ignore_ament_install'
[0.363s] Level 1:colcon.colcon_core.package_identification:_identify(msg_demo) by extensions ['colcon_pkg']
[0.363s] Level 1:colcon.colcon_core.package_identification:_identify(msg_demo) by extension 'colcon_pkg'
[0.365s] Level 1:colcon.colcon_core.package_identification:_identify(msg_demo) by extensions ['colcon_meta']
[0.365s] Level 1:colcon.colcon_core.package_identification:_identify(msg_demo) by extension 'colcon_meta'
[0.365s] Level 1:colcon.colcon_core.package_identification:_identify(msg_demo) by extensions ['ros']
[0.366s] Level 1:colcon.colcon_core.package_identification:_identify(msg_demo) by extension 'ros'
[0.368s] DEBUG:colcon.colcon_core.package_identification:Package 'msg_demo' with type 'ros.ament_cmake' and name 'msg_demo'
[0.371s] Level 1:colcon.colcon_core.package_identification:_identify(pythonBaseMsgPub) by extensions ['ignore', 'ignore_ament_install']
[0.371s] Level 1:colcon.colcon_core.package_identification:_identify(pythonBaseMsgPub) by extension 'ignore'
[0.372s] Level 1:colcon.colcon_core.package_identification:_identify(pythonBaseMsgPub) by extension 'ignore_ament_install'
[0.374s] Level 1:colcon.colcon_core.package_identification:_identify(pythonBaseMsgPub) by extensions ['colcon_pkg']
[0.374s] Level 1:colcon.colcon_core.package_identification:_identify(pythonBaseMsgPub) by extension 'colcon_pkg'
[0.375s] Level 1:colcon.colcon_core.package_identification:_identify(pythonBaseMsgPub) by extensions ['colcon_meta']
[0.375s] Level 1:colcon.colcon_core.package_identification:_identify(pythonBaseMsgPub) by extension 'colcon_meta'
[0.375s] Level 1:colcon.colcon_core.package_identification:_identify(pythonBaseMsgPub) by extensions ['ros']
[0.376s] Level 1:colcon.colcon_core.package_identification:_identify(pythonBaseMsgPub) by extension 'ros'
[0.379s] DEBUG:colcon.colcon_core.package_identification:Package 'pythonBaseMsgPub' with type 'ros.ament_python' and name 'pythonBaseMsgPub'
[0.381s] Level 1:colcon.colcon_core.package_identification:_identify(pythonBaseMsgSub) by extensions ['ignore', 'ignore_ament_install']
[0.382s] Level 1:colcon.colcon_core.package_identification:_identify(pythonBaseMsgSub) by extension 'ignore'
[0.383s] Level 1:colcon.colcon_core.package_identification:_identify(pythonBaseMsgSub) by extension 'ignore_ament_install'
[0.384s] Level 1:colcon.colcon_core.package_identification:_identify(pythonBaseMsgSub) by extensions ['colcon_pkg']
[0.384s] Level 1:colcon.colcon_core.package_identification:_identify(pythonBaseMsgSub) by extension 'colcon_pkg'
[0.385s] Level 1:colcon.colcon_core.package_identification:_identify(pythonBaseMsgSub) by extensions ['colcon_meta']
[0.385s] Level 1:colcon.colcon_core.package_identification:_identify(pythonBaseMsgSub) by extension 'colcon_meta'
[0.385s] Level 1:colcon.colcon_core.package_identification:_identify(pythonBaseMsgSub) by extensions ['ros']
[0.386s] Level 1:colcon.colcon_core.package_identification:_identify(pythonBaseMsgSub) by extension 'ros'
[0.388s] DEBUG:colcon.colcon_core.package_identification:Package 'pythonBaseMsgSub' with type 'ros.ament_python' and name 'pythonBaseMsgSub'
[0.391s] Level 1:colcon.colcon_core.package_identification:_identify(student_msg) by extensions ['ignore', 'ignore_ament_install']
[0.392s] Level 1:colcon.colcon_core.package_identification:_identify(student_msg) by extension 'ignore'
[0.393s] Level 1:colcon.colcon_core.package_identification:_identify(student_msg) by extension 'ignore_ament_install'
[0.394s] Level 1:colcon.colcon_core.package_identification:_identify(student_msg) by extensions ['colcon_pkg']
[0.395s] Level 1:colcon.colcon_core.package_identification:_identify(student_msg) by extension 'colcon_pkg'
[0.395s] Level 1:colcon.colcon_core.package_identification:_identify(student_msg) by extensions ['colcon_meta']
[0.396s] Level 1:colcon.colcon_core.package_identification:_identify(student_msg) by extension 'colcon_meta'
[0.397s] Level 1:colcon.colcon_core.package_identification:_identify(student_msg) by extensions ['ros']
[0.397s] Level 1:colcon.colcon_core.package_identification:_identify(student_msg) by extension 'ros'
[0.400s] DEBUG:colcon.colcon_core.package_identification:Package 'student_msg' with type 'ros.ament_cmake' and name 'student_msg'
[0.400s] Level 1:colcon.colcon_core.package_discovery:discover_packages(recursive) using defaults
[0.401s] Level 1:colcon.colcon_core.package_discovery:discover_packages(ignore) discover
[0.402s] Level 1:colcon.colcon_core.package_discovery:discover_packages(ignore) using defaults
[0.402s] Level 1:colcon.colcon_core.package_discovery:discover_packages(path) discover
[0.403s] Level 1:colcon.colcon_core.package_discovery:discover_packages(path) using defaults
[0.429s] INFO:colcon.colcon_core.package_selection:Skipping not selected package 'cppBaseMsgPub' in 'cppBaseMsgPub'
[0.429s] INFO:colcon.colcon_core.package_selection:Skipping not selected package 'cppBaseMsgSub' in 'cppBaseMsgSub'
[0.430s] INFO:colcon.colcon_core.package_selection:Skipping not selected package 'msg_demo' in 'msg_demo'
[0.430s] INFO:colcon.colcon_core.package_selection:Skipping not selected package 'pythonBaseMsgPub' in 'pythonBaseMsgPub'
[0.430s] INFO:colcon.colcon_core.package_selection:Skipping not selected package 'pythonBaseMsgSub' in 'pythonBaseMsgSub'
[0.431s] INFO:colcon.colcon_core.package_selection:Skipping not selected package 'student_msg' in 'student_msg'
[0.432s] Level 1:colcon.colcon_core.package_discovery:discover_packages(prefix_path) check parameters
[0.432s] Level 1:colcon.colcon_core.package_discovery:discover_packages(prefix_path) discover
[0.436s] DEBUG:colcon.colcon_installed_package_information.package_discovery:Found 270 installed packages in /opt/ros/humble
[0.437s] Level 1:colcon.colcon_core.package_discovery:discover_packages(prefix_path) using defaults
[0.482s] Level 5:colcon.colcon_core.verb:set package 'cpp_idl_pub' build argument 'cmake_args' from command line to 'None'
[0.483s] Level 5:colcon.colcon_core.verb:set package 'cpp_idl_pub' build argument 'cmake_target' from command line to 'None'
[0.483s] Level 5:colcon.colcon_core.verb:set package 'cpp_idl_pub' build argument 'cmake_target_skip_unavailable' from command line to 'False'
[0.483s] Level 5:colcon.colcon_core.verb:set package 'cpp_idl_pub' build argument 'cmake_clean_cache' from command line to 'False'
[0.484s] Level 5:colcon.colcon_core.verb:set package 'cpp_idl_pub' build argument 'cmake_clean_first' from command line to 'False'
[0.484s] Level 5:colcon.colcon_core.verb:set package 'cpp_idl_pub' build argument 'cmake_force_configure' from command line to 'False'
[0.485s] Level 5:colcon.colcon_core.verb:set package 'cpp_idl_pub' build argument 'ament_cmake_args' from command line to 'None'
[0.486s] Level 5:colcon.colcon_core.verb:set package 'cpp_idl_pub' build argument 'catkin_cmake_args' from command line to 'None'
[0.486s] Level 5:colcon.colcon_core.verb:set package 'cpp_idl_pub' build argument 'catkin_skip_building_tests' from command line to 'False'
[0.487s] DEBUG:colcon.colcon_core.verb:Building package 'cpp_idl_pub' with the following arguments: {'ament_cmake_args': None, 'build_base': '/mnt/hgfs/VMware/ROS2_DEMO/2_Chapter/code/build/cpp_idl_pub', 'catkin_cmake_args': None, 'catkin_skip_building_tests': False, 'cmake_args': None, 'cmake_clean_cache': False, 'cmake_clean_first': False, 'cmake_force_configure': False, 'cmake_target': None, 'cmake_target_skip_unavailable': False, 'install_base': '/mnt/hgfs/VMware/ROS2_DEMO/2_Chapter/code/install/cpp_idl_pub', 'merge_install': False, 'path': '/mnt/hgfs/VMware/ROS2_DEMO/2_Chapter/code/cpp_idl_pub', 'symlink_install': False, 'test_result_base': None}
[0.488s] INFO:colcon.colcon_core.executor:Executing jobs using 'parallel' executor
[0.491s] DEBUG:colcon.colcon_parallel_executor.executor.parallel:run_until_complete
[0.493s] INFO:colcon.colcon_ros.task.ament_cmake.build:Building ROS package in '/mnt/hgfs/VMware/ROS2_DEMO/2_Chapter/code/cpp_idl_pub' with build type 'ament_cmake'
[0.495s] INFO:colcon.colcon_cmake.task.cmake.build:Building CMake package in '/mnt/hgfs/VMware/ROS2_DEMO/2_Chapter/code/cpp_idl_pub'
[0.501s] INFO:colcon.colcon_core.plugin_system:Skipping extension 'colcon_core.shell.bat': Not used on non-Windows systems
[0.501s] INFO:colcon.colcon_core.shell:Skip shell extension 'powershell' for command environment: Not usable outside of PowerShell
[0.502s] DEBUG:colcon.colcon_core.shell:Skip shell extension 'dsv' for command environment
[0.555s] DEBUG:colcon.colcon_core.event_handler.log_command:Invoking command in '/mnt/hgfs/VMware/ROS2_DEMO/2_Chapter/code/build/cpp_idl_pub': AMENT_PREFIX_PATH=/mnt/hgfs/VMware/ROS2_DEMO/2_Chapter/code/install/student_msg:${AMENT_PREFIX_PATH} CMAKE_PREFIX_PATH=/mnt/hgfs/VMware/ROS2_DEMO/2_Chapter/code/install/student_msg:/opt/ros/humble LD_LIBRARY_PATH=/mnt/hgfs/VMware/ROS2_DEMO/2_Chapter/code/install/student_msg/lib:${LD_LIBRARY_PATH} PYTHONPATH=/mnt/hgfs/VMware/ROS2_DEMO/2_Chapter/code/install/student_msg/local/lib/python3.10/dist-packages:${PYTHONPATH} /usr/bin/cmake /mnt/hgfs/VMware/ROS2_DEMO/2_Chapter/code/cpp_idl_pub -DCMAKE_INSTALL_PREFIX=/mnt/hgfs/VMware/ROS2_DEMO/2_Chapter/code/install/cpp_idl_pub
[2.009s] DEBUG:colcon.colcon_core.event_handler.log_command:Invoked command in '/mnt/hgfs/VMware/ROS2_DEMO/2_Chapter/code/build/cpp_idl_pub' returned '0': AMENT_PREFIX_PATH=/mnt/hgfs/VMware/ROS2_DEMO/2_Chapter/code/install/student_msg:${AMENT_PREFIX_PATH} CMAKE_PREFIX_PATH=/mnt/hgfs/VMware/ROS2_DEMO/2_Chapter/code/install/student_msg:/opt/ros/humble LD_LIBRARY_PATH=/mnt/hgfs/VMware/ROS2_DEMO/2_Chapter/code/install/student_msg/lib:${LD_LIBRARY_PATH} PYTHONPATH=/mnt/hgfs/VMware/ROS2_DEMO/2_Chapter/code/install/student_msg/local/lib/python3.10/dist-packages:${PYTHONPATH} /usr/bin/cmake /mnt/hgfs/VMware/ROS2_DEMO/2_Chapter/code/cpp_idl_pub -DCMAKE_INSTALL_PREFIX=/mnt/hgfs/VMware/ROS2_DEMO/2_Chapter/code/install/cpp_idl_pub
[2.014s] DEBUG:colcon.colcon_core.event_handler.log_command:Invoking command in '/mnt/hgfs/VMware/ROS2_DEMO/2_Chapter/code/build/cpp_idl_pub': AMENT_PREFIX_PATH=/mnt/hgfs/VMware/ROS2_DEMO/2_Chapter/code/install/student_msg:${AMENT_PREFIX_PATH} CMAKE_PREFIX_PATH=/mnt/hgfs/VMware/ROS2_DEMO/2_Chapter/code/install/student_msg:/opt/ros/humble LD_LIBRARY_PATH=/mnt/hgfs/VMware/ROS2_DEMO/2_Chapter/code/install/student_msg/lib:${LD_LIBRARY_PATH} PYTHONPATH=/mnt/hgfs/VMware/ROS2_DEMO/2_Chapter/code/install/student_msg/local/lib/python3.10/dist-packages:${PYTHONPATH} /usr/bin/cmake --build /mnt/hgfs/VMware/ROS2_DEMO/2_Chapter/code/build/cpp_idl_pub -- -j16 -l16
[5.751s] DEBUG:colcon.colcon_core.event_handler.log_command:Invoked command in '/mnt/hgfs/VMware/ROS2_DEMO/2_Chapter/code/build/cpp_idl_pub' returned '2': AMENT_PREFIX_PATH=/mnt/hgfs/VMware/ROS2_DEMO/2_Chapter/code/install/student_msg:${AMENT_PREFIX_PATH} CMAKE_PREFIX_PATH=/mnt/hgfs/VMware/ROS2_DEMO/2_Chapter/code/install/student_msg:/opt/ros/humble LD_LIBRARY_PATH=/mnt/hgfs/VMware/ROS2_DEMO/2_Chapter/code/install/student_msg/lib:${LD_LIBRARY_PATH} PYTHONPATH=/mnt/hgfs/VMware/ROS2_DEMO/2_Chapter/code/install/student_msg/local/lib/python3.10/dist-packages:${PYTHONPATH} /usr/bin/cmake --build /mnt/hgfs/VMware/ROS2_DEMO/2_Chapter/code/build/cpp_idl_pub -- -j16 -l16
[5.774s] Level 1:colcon.colcon_core.environment:create_environment_scripts_only(cpp_idl_pub)
[5.778s] Level 1:colcon.colcon_core.environment:checking '/mnt/hgfs/VMware/ROS2_DEMO/2_Chapter/code/install/cpp_idl_pub' for CMake module files
[5.789s] Level 1:colcon.colcon_core.environment:checking '/mnt/hgfs/VMware/ROS2_DEMO/2_Chapter/code/install/cpp_idl_pub' for CMake config files
[5.798s] Level 1:colcon.colcon_core.environment:checking '/mnt/hgfs/VMware/ROS2_DEMO/2_Chapter/code/install/cpp_idl_pub/bin'
[5.799s] Level 1:colcon.colcon_core.environment:checking '/mnt/hgfs/VMware/ROS2_DEMO/2_Chapter/code/install/cpp_idl_pub/lib/pkgconfig/cpp_idl_pub.pc'
[5.799s] Level 1:colcon.colcon_core.environment:checking '/mnt/hgfs/VMware/ROS2_DEMO/2_Chapter/code/install/cpp_idl_pub/lib/python3.10/site-packages'
[5.800s] Level 1:colcon.colcon_core.environment:checking '/mnt/hgfs/VMware/ROS2_DEMO/2_Chapter/code/install/cpp_idl_pub/bin'
[5.802s] INFO:colcon.colcon_core.shell:Creating package script '/mnt/hgfs/VMware/ROS2_DEMO/2_Chapter/code/install/cpp_idl_pub/share/cpp_idl_pub/package.ps1'
[5.805s] INFO:colcon.colcon_core.shell:Creating package descriptor '/mnt/hgfs/VMware/ROS2_DEMO/2_Chapter/code/install/cpp_idl_pub/share/cpp_idl_pub/package.dsv'
[5.808s] INFO:colcon.colcon_core.shell:Creating package script '/mnt/hgfs/VMware/ROS2_DEMO/2_Chapter/code/install/cpp_idl_pub/share/cpp_idl_pub/package.sh'
[5.811s] INFO:colcon.colcon_core.shell:Creating package script '/mnt/hgfs/VMware/ROS2_DEMO/2_Chapter/code/install/cpp_idl_pub/share/cpp_idl_pub/package.bash'
[5.814s] INFO:colcon.colcon_core.shell:Creating package script '/mnt/hgfs/VMware/ROS2_DEMO/2_Chapter/code/install/cpp_idl_pub/share/cpp_idl_pub/package.zsh'
[5.818s] Level 1:colcon.colcon_core.environment:create_file_with_runtime_dependencies(/mnt/hgfs/VMware/ROS2_DEMO/2_Chapter/code/install/cpp_idl_pub/share/colcon-core/packages/cpp_idl_pub)
[5.821s] DEBUG:colcon.colcon_parallel_executor.executor.parallel:closing loop
[5.822s] DEBUG:colcon.colcon_parallel_executor.executor.parallel:loop closed
[5.823s] DEBUG:colcon.colcon_parallel_executor.executor.parallel:run_until_complete finished with '2'
[5.825s] DEBUG:colcon.colcon_core.event_reactor:joining thread
[5.840s] INFO:colcon.colcon_core.plugin_system:Skipping extension 'colcon_notification.desktop_notification.terminal_notifier': Not used on non-Darwin systems
[5.841s] INFO:colcon.colcon_core.plugin_system:Skipping extension 'colcon_notification.desktop_notification.win32': Not used on non-Windows systems
[5.842s] INFO:colcon.colcon_notification.desktop_notification:Sending desktop notification using 'notify2'
[5.854s] DEBUG:colcon.colcon_core.event_reactor:joined thread
[5.855s] INFO:colcon.colcon_core.shell:Creating prefix script '/mnt/hgfs/VMware/ROS2_DEMO/2_Chapter/code/install/local_setup.ps1'
[5.858s] INFO:colcon.colcon_core.shell:Creating prefix util module '/mnt/hgfs/VMware/ROS2_DEMO/2_Chapter/code/install/_local_setup_util_ps1.py'
[5.862s] INFO:colcon.colcon_core.shell:Creating prefix chain script '/mnt/hgfs/VMware/ROS2_DEMO/2_Chapter/code/install/setup.ps1'
[5.866s] INFO:colcon.colcon_core.shell:Creating prefix script '/mnt/hgfs/VMware/ROS2_DEMO/2_Chapter/code/install/local_setup.sh'
[5.868s] INFO:colcon.colcon_core.shell:Creating prefix util module '/mnt/hgfs/VMware/ROS2_DEMO/2_Chapter/code/install/_local_setup_util_sh.py'
[5.871s] INFO:colcon.colcon_core.shell:Creating prefix chain script '/mnt/hgfs/VMware/ROS2_DEMO/2_Chapter/code/install/setup.sh'
[5.875s] INFO:colcon.colcon_core.shell:Creating prefix script '/mnt/hgfs/VMware/ROS2_DEMO/2_Chapter/code/install/local_setup.bash'
[5.878s] INFO:colcon.colcon_core.shell:Creating prefix chain script '/mnt/hgfs/VMware/ROS2_DEMO/2_Chapter/code/install/setup.bash'
[5.882s] INFO:colcon.colcon_core.shell:Creating prefix script '/mnt/hgfs/VMware/ROS2_DEMO/2_Chapter/code/install/local_setup.zsh'
[5.885s] INFO:colcon.colcon_core.shell:Creating prefix chain script '/mnt/hgfs/VMware/ROS2_DEMO/2_Chapter/code/install/setup.zsh'
