[0.130s] Invoking command in '/mnt/hgfs/VMware/ROS2_DEMO/3_Chapter/code/build/cpp_srv_server': AMENT_PREFIX_PATH=/mnt/hgfs/VMware/ROS2_DEMO/3_Chapter/code/install/srv_demo:${AMENT_PREFIX_PATH} CMAKE_PREFIX_PATH=/mnt/hgfs/VMware/ROS2_DEMO/3_Chapter/code/install/srv_demo:/home/pldz/share/ROS2_DEMO/3_Chapter/code/install/srv_demo:/opt/ros/humble LD_LIBRARY_PATH=/mnt/hgfs/VMware/ROS2_DEMO/3_Chapter/code/install/srv_demo/lib:${LD_LIBRARY_PATH} PYTHONPATH=/mnt/hgfs/VMware/ROS2_DEMO/3_Chapter/code/install/srv_demo/local/lib/python3.10/dist-packages:${PYTHONPATH} /usr/bin/cmake /mnt/hgfs/VMware/ROS2_DEMO/3_Chapter/code/cpp_srv_server -DCMAKE_INSTALL_PREFIX=/mnt/hgfs/VMware/ROS2_DEMO/3_Chapter/code/install/cpp_srv_server
[0.602s] -- The C compiler identification is GNU 11.3.0
[0.913s] -- The CXX compiler identification is GNU 11.3.0
[0.964s] -- Detecting C compiler ABI info
[1.697s] -- Detecting C compiler ABI info - done
[1.718s] -- Check for working C compiler: /usr/bin/cc - skipped
[1.730s] -- Detecting C compile features
[1.734s] -- Detecting C compile features - done
[1.754s] -- Detecting CXX compiler ABI info
[2.505s] -- Detecting CXX compiler ABI info - done
[2.527s] -- Check for working CXX compiler: /usr/bin/c++ - skipped
[2.533s] -- Detecting CXX compile features
[2.545s] -- Detecting CXX compile features - done
[2.612s] -- Found ament_cmake: 1.3.3 (/opt/ros/humble/share/ament_cmake/cmake)
[3.223s] -- Found Python3: /usr/bin/python3.10 (found version "3.10.6") found components: Interpreter 
[4.119s] -- Found rclcpp: 16.0.3 (/opt/ros/humble/share/rclcpp/cmake)
[4.865s] -- Found rosidl_generator_c: 3.1.4 (/opt/ros/humble/share/rosidl_generator_c/cmake)
[4.978s] -- Found rosidl_adapter: 3.1.4 (/opt/ros/humble/share/rosidl_adapter/cmake)
[5.087s] -- Found rosidl_generator_cpp: 3.1.4 (/opt/ros/humble/share/rosidl_generator_cpp/cmake)
[5.208s] -- Using all available rosidl_typesupport_c: rosidl_typesupport_fastrtps_c;rosidl_typesupport_introspection_c
[5.383s] -- Using all available rosidl_typesupport_cpp: rosidl_typesupport_fastrtps_cpp;rosidl_typesupport_introspection_cpp
[5.901s] -- Found rmw_implementation_cmake: 6.1.1 (/opt/ros/humble/share/rmw_implementation_cmake/cmake)
[5.962s] -- Found rmw_fastrtps_cpp: 6.2.2 (/opt/ros/humble/share/rmw_fastrtps_cpp/cmake)
[6.896s] -- Found OpenSSL: /usr/lib/x86_64-linux-gnu/libcrypto.so (found version "3.0.2")  
[7.028s] -- Found FastRTPS: /opt/ros/humble/include  
[7.236s] -- Using RMW implementation 'rmw_fastrtps_cpp' as default
[7.436s] -- Looking for pthread.h
[8.178s] -- Looking for pthread.h - found
[8.187s] -- Performing Test CMAKE_HAVE_LIBC_PTHREAD
[8.971s] -- Performing Test CMAKE_HAVE_LIBC_PTHREAD - Success
[8.978s] -- Found Threads: TRUE  
[9.513s] -- Found srv_demo: 0.0.0 (/mnt/hgfs/VMware/ROS2_DEMO/3_Chapter/code/install/srv_demo/share/srv_demo/cmake)
[9.740s] -- Found ament_lint_auto: 0.12.5 (/opt/ros/humble/share/ament_lint_auto/cmake)
[10.414s] -- Added test 'cppcheck' to perform static code analysis on C / C++ code
[10.419s] -- Configured cppcheck include dirs: $<BUILD_INTERFACE:/mnt/hgfs/VMware/ROS2_DEMO/3_Chapter/code/cpp_srv_server/include>
[10.422s] -- Configured cppcheck exclude dirs and/or files: 
[10.454s] -- Added test 'lint_cmake' to check CMake code style
[10.530s] -- Added test 'uncrustify' to check C / C++ code style
[10.535s] -- Configured uncrustify additional arguments: 
[10.552s] -- Added test 'xmllint' to check XML markup files
[10.639s] -- Configuring done
[10.938s] -- Generating done
[11.008s] -- Build files have been written to: /mnt/hgfs/VMware/ROS2_DEMO/3_Chapter/code/build/cpp_srv_server
[11.020s] Invoked command in '/mnt/hgfs/VMware/ROS2_DEMO/3_Chapter/code/build/cpp_srv_server' returned '0': AMENT_PREFIX_PATH=/mnt/hgfs/VMware/ROS2_DEMO/3_Chapter/code/install/srv_demo:${AMENT_PREFIX_PATH} CMAKE_PREFIX_PATH=/mnt/hgfs/VMware/ROS2_DEMO/3_Chapter/code/install/srv_demo:/home/pldz/share/ROS2_DEMO/3_Chapter/code/install/srv_demo:/opt/ros/humble LD_LIBRARY_PATH=/mnt/hgfs/VMware/ROS2_DEMO/3_Chapter/code/install/srv_demo/lib:${LD_LIBRARY_PATH} PYTHONPATH=/mnt/hgfs/VMware/ROS2_DEMO/3_Chapter/code/install/srv_demo/local/lib/python3.10/dist-packages:${PYTHONPATH} /usr/bin/cmake /mnt/hgfs/VMware/ROS2_DEMO/3_Chapter/code/cpp_srv_server -DCMAKE_INSTALL_PREFIX=/mnt/hgfs/VMware/ROS2_DEMO/3_Chapter/code/install/cpp_srv_server
[11.030s] Invoking command in '/mnt/hgfs/VMware/ROS2_DEMO/3_Chapter/code/build/cpp_srv_server': AMENT_PREFIX_PATH=/mnt/hgfs/VMware/ROS2_DEMO/3_Chapter/code/install/srv_demo:${AMENT_PREFIX_PATH} CMAKE_PREFIX_PATH=/mnt/hgfs/VMware/ROS2_DEMO/3_Chapter/code/install/srv_demo:/home/pldz/share/ROS2_DEMO/3_Chapter/code/install/srv_demo:/opt/ros/humble LD_LIBRARY_PATH=/mnt/hgfs/VMware/ROS2_DEMO/3_Chapter/code/install/srv_demo/lib:${LD_LIBRARY_PATH} PYTHONPATH=/mnt/hgfs/VMware/ROS2_DEMO/3_Chapter/code/install/srv_demo/local/lib/python3.10/dist-packages:${PYTHONPATH} /usr/bin/cmake --build /mnt/hgfs/VMware/ROS2_DEMO/3_Chapter/code/build/cpp_srv_server -- -j16 -l16
[11.567s] [ 50%] [32mBuilding CXX object CMakeFiles/cppSrvServerNode.dir/src/cppSrvServerNode.cpp.o[0m
[18.333s] [100%] [32m[1mLinking CXX executable cppSrvServerNode[0m
[19.762s] [100%] Built target cppSrvServerNode
[19.816s] Invoked command in '/mnt/hgfs/VMware/ROS2_DEMO/3_Chapter/code/build/cpp_srv_server' returned '0': AMENT_PREFIX_PATH=/mnt/hgfs/VMware/ROS2_DEMO/3_Chapter/code/install/srv_demo:${AMENT_PREFIX_PATH} CMAKE_PREFIX_PATH=/mnt/hgfs/VMware/ROS2_DEMO/3_Chapter/code/install/srv_demo:/home/pldz/share/ROS2_DEMO/3_Chapter/code/install/srv_demo:/opt/ros/humble LD_LIBRARY_PATH=/mnt/hgfs/VMware/ROS2_DEMO/3_Chapter/code/install/srv_demo/lib:${LD_LIBRARY_PATH} PYTHONPATH=/mnt/hgfs/VMware/ROS2_DEMO/3_Chapter/code/install/srv_demo/local/lib/python3.10/dist-packages:${PYTHONPATH} /usr/bin/cmake --build /mnt/hgfs/VMware/ROS2_DEMO/3_Chapter/code/build/cpp_srv_server -- -j16 -l16
[20.006s] Invoking command in '/mnt/hgfs/VMware/ROS2_DEMO/3_Chapter/code/build/cpp_srv_server': AMENT_PREFIX_PATH=/mnt/hgfs/VMware/ROS2_DEMO/3_Chapter/code/install/srv_demo:${AMENT_PREFIX_PATH} CMAKE_PREFIX_PATH=/mnt/hgfs/VMware/ROS2_DEMO/3_Chapter/code/install/srv_demo:/home/pldz/share/ROS2_DEMO/3_Chapter/code/install/srv_demo:/opt/ros/humble LD_LIBRARY_PATH=/mnt/hgfs/VMware/ROS2_DEMO/3_Chapter/code/install/srv_demo/lib:${LD_LIBRARY_PATH} PYTHONPATH=/mnt/hgfs/VMware/ROS2_DEMO/3_Chapter/code/install/srv_demo/local/lib/python3.10/dist-packages:${PYTHONPATH} /usr/bin/cmake --install /mnt/hgfs/VMware/ROS2_DEMO/3_Chapter/code/build/cpp_srv_server
[20.053s] -- Install configuration: ""
[20.062s] -- Installing: /mnt/hgfs/VMware/ROS2_DEMO/3_Chapter/code/install/cpp_srv_server/lib/cpp_srv_server/cppSrvServerNode
[20.130s] -- Set runtime path of "/mnt/hgfs/VMware/ROS2_DEMO/3_Chapter/code/install/cpp_srv_server/lib/cpp_srv_server/cppSrvServerNode" to ""
[20.141s] -- Installing: /mnt/hgfs/VMware/ROS2_DEMO/3_Chapter/code/install/cpp_srv_server/share/ament_index/resource_index/package_run_dependencies/cpp_srv_server
[20.157s] -- Installing: /mnt/hgfs/VMware/ROS2_DEMO/3_Chapter/code/install/cpp_srv_server/share/ament_index/resource_index/parent_prefix_path/cpp_srv_server
[20.170s] -- Installing: /mnt/hgfs/VMware/ROS2_DEMO/3_Chapter/code/install/cpp_srv_server/share/cpp_srv_server/environment/ament_prefix_path.sh
[20.180s] -- Installing: /mnt/hgfs/VMware/ROS2_DEMO/3_Chapter/code/install/cpp_srv_server/share/cpp_srv_server/environment/ament_prefix_path.dsv
[20.191s] -- Installing: /mnt/hgfs/VMware/ROS2_DEMO/3_Chapter/code/install/cpp_srv_server/share/cpp_srv_server/environment/path.sh
[20.201s] -- Installing: /mnt/hgfs/VMware/ROS2_DEMO/3_Chapter/code/install/cpp_srv_server/share/cpp_srv_server/environment/path.dsv
[20.213s] -- Installing: /mnt/hgfs/VMware/ROS2_DEMO/3_Chapter/code/install/cpp_srv_server/share/cpp_srv_server/local_setup.bash
[20.225s] -- Installing: /mnt/hgfs/VMware/ROS2_DEMO/3_Chapter/code/install/cpp_srv_server/share/cpp_srv_server/local_setup.sh
[20.239s] -- Installing: /mnt/hgfs/VMware/ROS2_DEMO/3_Chapter/code/install/cpp_srv_server/share/cpp_srv_server/local_setup.zsh
[20.252s] -- Installing: /mnt/hgfs/VMware/ROS2_DEMO/3_Chapter/code/install/cpp_srv_server/share/cpp_srv_server/local_setup.dsv
[20.266s] -- Installing: /mnt/hgfs/VMware/ROS2_DEMO/3_Chapter/code/install/cpp_srv_server/share/cpp_srv_server/package.dsv
[20.285s] -- Installing: /mnt/hgfs/VMware/ROS2_DEMO/3_Chapter/code/install/cpp_srv_server/share/ament_index/resource_index/packages/cpp_srv_server
[20.303s] -- Installing: /mnt/hgfs/VMware/ROS2_DEMO/3_Chapter/code/install/cpp_srv_server/share/cpp_srv_server/cmake/cpp_srv_serverConfig.cmake
[20.315s] -- Installing: /mnt/hgfs/VMware/ROS2_DEMO/3_Chapter/code/install/cpp_srv_server/share/cpp_srv_server/cmake/cpp_srv_serverConfig-version.cmake
[20.328s] -- Installing: /mnt/hgfs/VMware/ROS2_DEMO/3_Chapter/code/install/cpp_srv_server/share/cpp_srv_server/package.xml
[20.342s] Invoked command in '/mnt/hgfs/VMware/ROS2_DEMO/3_Chapter/code/build/cpp_srv_server' returned '0': AMENT_PREFIX_PATH=/mnt/hgfs/VMware/ROS2_DEMO/3_Chapter/code/install/srv_demo:${AMENT_PREFIX_PATH} CMAKE_PREFIX_PATH=/mnt/hgfs/VMware/ROS2_DEMO/3_Chapter/code/install/srv_demo:/home/pldz/share/ROS2_DEMO/3_Chapter/code/install/srv_demo:/opt/ros/humble LD_LIBRARY_PATH=/mnt/hgfs/VMware/ROS2_DEMO/3_Chapter/code/install/srv_demo/lib:${LD_LIBRARY_PATH} PYTHONPATH=/mnt/hgfs/VMware/ROS2_DEMO/3_Chapter/code/install/srv_demo/local/lib/python3.10/dist-packages:${PYTHONPATH} /usr/bin/cmake --install /mnt/hgfs/VMware/ROS2_DEMO/3_Chapter/code/build/cpp_srv_server
