-- The C compiler identification is GNU 11.3.0
-- The CXX compiler identification is GNU 11.3.0
-- Detecting C compiler ABI info
-- Detecting C compiler ABI info - done
-- Check for working C compiler: /usr/bin/cc - skipped
-- Detecting C compile features
-- Detecting C compile features - done
-- Detecting CXX compiler ABI info
-- Detecting CXX compiler ABI info - done
-- Check for working CXX compiler: /usr/bin/c++ - skipped
-- Detecting CXX compile features
-- Detecting CXX compile features - done
-- Found ament_cmake: 1.3.3 (/opt/ros/humble/share/ament_cmake/cmake)
-- Found Python3: /usr/bin/python3.10 (found version "3.10.6") found components: Interpreter 
-- Found rosidl_default_generators: 1.2.0 (/opt/ros/humble/share/rosidl_default_generators/cmake)
-- Using all available rosidl_typesupport_c: rosidl_typesupport_fastrtps_c;rosidl_typesupport_introspection_c
-- Found rosidl_adapter: 3.1.4 (/opt/ros/humble/share/rosidl_adapter/cmake)
-- Using all available rosidl_typesupport_cpp: rosidl_typesupport_fastrtps_cpp;rosidl_typesupport_introspection_cpp
-- Found ament_cmake_ros: 0.10.0 (/opt/ros/humble/share/ament_cmake_ros/cmake)
-- Using all available rosidl_typesupport_c: rosidl_typesupport_fastrtps_c;rosidl_typesupport_introspection_c
-- Using all available rosidl_typesupport_cpp: rosidl_typesupport_fastrtps_cpp;rosidl_typesupport_introspection_cpp
-- Found PythonInterp: /usr/bin/python3 (found suitable version "3.10.6", minimum required is "3.6") 
-- Found python_cmake_module: 0.10.0 (/opt/ros/humble/share/python_cmake_module/cmake)
-- Found PythonLibs: /usr/lib/x86_64-linux-gnu/libpython3.10.so (found suitable version "3.10.6", minimum required is "3.5") 
-- Using PYTHON_EXECUTABLE: /usr/bin/python3
-- Using PYTHON_INCLUDE_DIRS: /usr/include/python3.10
-- Using PYTHON_LIBRARIES: /usr/lib/x86_64-linux-gnu/libpython3.10.so
-- Found PythonExtra: .so  
-- Found ament_lint_auto: 0.12.5 (/opt/ros/humble/share/ament_lint_auto/cmake)
-- Added test 'lint_cmake' to check CMake code style
-- Added test 'xmllint' to check XML markup files
-- Configuring done
-- Generating done
-- Build files have been written to: /mnt/hgfs/VMware/ROS2_DEMO/2_Chapter/code/build/student_msg
[  3%] [34m[1mGenerating C code for ROS interfaces[0m
[  6%] [34m[1mGenerating C++ code for ROS interfaces[0m
[  6%] Built target ament_cmake_python_copy_student_msg
running egg_info
creating student_msg.egg-info
[  6%] Built target student_msg__cpp
writing student_msg.egg-info/PKG-INFO
writing dependency_links to student_msg.egg-info/dependency_links.txt
[  9%] [32mBuilding C object CMakeFiles/student_msg__rosidl_generator_c.dir/rosidl_generator_c/student_msg/msg/detail/student__functions.c.o[0m
writing top-level names to student_msg.egg-info/top_level.txt
writing manifest file 'student_msg.egg-info/SOURCES.txt'
[ 16%] [34m[1mGenerating C++ introspection for ROS interfaces[0m
[ 19%] [34m[1mGenerating C++ type support dispatch for ROS interfaces[0m
[ 19%] [34m[1mGenerating C++ type support for eProsima Fast-RTPS[0m
reading manifest file 'student_msg.egg-info/SOURCES.txt'
writing manifest file 'student_msg.egg-info/SOURCES.txt'
[ 19%] Built target ament_cmake_python_build_student_msg_egg
[ 22%] [32m[1mLinking C shared library libstudent_msg__rosidl_generator_c.so[0m
[ 22%] Built target student_msg__rosidl_generator_c
[ 25%] [34m[1mGenerating C type support dispatch for ROS interfaces[0m
[ 32%] [34m[1mGenerating C type support for eProsima Fast-RTPS[0m
[ 32%] [34m[1mGenerating C introspection for ROS interfaces[0m
[ 35%] [32mBuilding CXX object CMakeFiles/student_msg__rosidl_typesupport_cpp.dir/rosidl_typesupport_cpp/student_msg/msg/student__type_support.cpp.o[0m
[ 38%] [32mBuilding CXX object CMakeFiles/student_msg__rosidl_typesupport_fastrtps_cpp.dir/rosidl_typesupport_fastrtps_cpp/student_msg/msg/detail/dds_fastrtps/student__type_support.cpp.o[0m
[ 41%] [32mBuilding CXX object CMakeFiles/student_msg__rosidl_typesupport_introspection_cpp.dir/rosidl_typesupport_introspection_cpp/student_msg/msg/detail/student__type_support.cpp.o[0m
[ 45%] [32mBuilding CXX object CMakeFiles/student_msg__rosidl_typesupport_c.dir/rosidl_typesupport_c/student_msg/msg/student__type_support.cpp.o[0m
[ 48%] [32mBuilding C object CMakeFiles/student_msg__rosidl_typesupport_introspection_c.dir/rosidl_typesupport_introspection_c/student_msg/msg/detail/student__type_support.c.o[0m
[ 51%] [32mBuilding CXX object CMakeFiles/student_msg__rosidl_typesupport_fastrtps_c.dir/rosidl_typesupport_fastrtps_c/student_msg/msg/detail/student__type_support_c.cpp.o[0m
[ 54%] [32m[1mLinking CXX shared library libstudent_msg__rosidl_typesupport_c.so[0m
[ 54%] Built target student_msg__rosidl_typesupport_c
[ 61%] [32m[1mLinking CXX shared library libstudent_msg__rosidl_typesupport_cpp.so[0m
[ 61%] [32m[1mLinking C shared library libstudent_msg__rosidl_typesupport_introspection_c.so[0m
[ 61%] Built target student_msg__rosidl_typesupport_introspection_c
[ 61%] Built target student_msg__rosidl_typesupport_cpp
[ 64%] [32m[1mLinking CXX shared library libstudent_msg__rosidl_typesupport_introspection_cpp.so[0m
[ 67%] [32m[1mLinking CXX shared library libstudent_msg__rosidl_typesupport_fastrtps_cpp.so[0m
[ 67%] Built target student_msg__rosidl_typesupport_introspection_cpp
[ 70%] [32m[1mLinking CXX shared library libstudent_msg__rosidl_typesupport_fastrtps_c.so[0m
[ 70%] Built target student_msg__rosidl_typesupport_fastrtps_cpp
[ 70%] Built target student_msg__rosidl_typesupport_fastrtps_c
[ 70%] Built target student_msg
[ 74%] [34m[1mGenerating Python code for ROS interfaces[0m
[ 74%] Built target student_msg__py
[ 77%] [32mBuilding C object CMakeFiles/student_msg__rosidl_generator_py.dir/rosidl_generator_py/student_msg/msg/_student_s.c.o[0m
[ 80%] [32m[1mLinking C shared library rosidl_generator_py/student_msg/libstudent_msg__rosidl_generator_py.so[0m
[ 80%] Built target student_msg__rosidl_generator_py
[ 83%] [32mBuilding C object CMakeFiles/student_msg__rosidl_typesupport_fastrtps_c__pyext.dir/rosidl_generator_py/student_msg/_student_msg_s.ep.rosidl_typesupport_fastrtps_c.c.o[0m
[ 90%] [32mBuilding C object CMakeFiles/student_msg__rosidl_typesupport_c__pyext.dir/rosidl_generator_py/student_msg/_student_msg_s.ep.rosidl_typesupport_c.c.o[0m
[ 90%] [32mBuilding C object CMakeFiles/student_msg__rosidl_typesupport_introspection_c__pyext.dir/rosidl_generator_py/student_msg/_student_msg_s.ep.rosidl_typesupport_introspection_c.c.o[0m
[ 93%] [32m[1mLinking C shared library rosidl_generator_py/student_msg/student_msg_s__rosidl_typesupport_c.cpython-310-x86_64-linux-gnu.so[0m
[ 96%] [32m[1mLinking C shared library rosidl_generator_py/student_msg/student_msg_s__rosidl_typesupport_fastrtps_c.cpython-310-x86_64-linux-gnu.so[0m
[100%] [32m[1mLinking C shared library rosidl_generator_py/student_msg/student_msg_s__rosidl_typesupport_introspection_c.cpython-310-x86_64-linux-gnu.so[0m
[100%] Built target student_msg__rosidl_typesupport_c__pyext
[100%] Built target student_msg__rosidl_typesupport_fastrtps_c__pyext
[100%] Built target student_msg__rosidl_typesupport_introspection_c__pyext
-- Install configuration: ""
-- Installing: /mnt/hgfs/VMware/ROS2_DEMO/2_Chapter/code/install/student_msg/share/ament_index/resource_index/rosidl_interfaces/student_msg
-- Installing: /mnt/hgfs/VMware/ROS2_DEMO/2_Chapter/code/install/student_msg/include/student_msg/student_msg
-- Installing: /mnt/hgfs/VMware/ROS2_DEMO/2_Chapter/code/install/student_msg/include/student_msg/student_msg/msg
-- Installing: /mnt/hgfs/VMware/ROS2_DEMO/2_Chapter/code/install/student_msg/include/student_msg/student_msg/msg/detail
-- Installing: /mnt/hgfs/VMware/ROS2_DEMO/2_Chapter/code/install/student_msg/include/student_msg/student_msg/msg/detail/student__functions.c
-- Installing: /mnt/hgfs/VMware/ROS2_DEMO/2_Chapter/code/install/student_msg/include/student_msg/student_msg/msg/detail/student__functions.h
-- Installing: /mnt/hgfs/VMware/ROS2_DEMO/2_Chapter/code/install/student_msg/include/student_msg/student_msg/msg/detail/student__struct.h
-- Installing: /mnt/hgfs/VMware/ROS2_DEMO/2_Chapter/code/install/student_msg/include/student_msg/student_msg/msg/detail/student__type_support.h
-- Installing: /mnt/hgfs/VMware/ROS2_DEMO/2_Chapter/code/install/student_msg/include/student_msg/student_msg/msg/rosidl_generator_c__visibility_control.h
-- Installing: /mnt/hgfs/VMware/ROS2_DEMO/2_Chapter/code/install/student_msg/include/student_msg/student_msg/msg/student.h
-- Installing: /mnt/hgfs/VMware/ROS2_DEMO/2_Chapter/code/install/student_msg/share/student_msg/environment/library_path.sh
-- Installing: /mnt/hgfs/VMware/ROS2_DEMO/2_Chapter/code/install/student_msg/share/student_msg/environment/library_path.dsv
-- Installing: /mnt/hgfs/VMware/ROS2_DEMO/2_Chapter/code/install/student_msg/lib/libstudent_msg__rosidl_generator_c.so
-- Set runtime path of "/mnt/hgfs/VMware/ROS2_DEMO/2_Chapter/code/install/student_msg/lib/libstudent_msg__rosidl_generator_c.so" to ""
-- Up-to-date: /mnt/hgfs/VMware/ROS2_DEMO/2_Chapter/code/install/student_msg/include/student_msg/student_msg
-- Up-to-date: /mnt/hgfs/VMware/ROS2_DEMO/2_Chapter/code/install/student_msg/include/student_msg/student_msg/msg
-- Up-to-date: /mnt/hgfs/VMware/ROS2_DEMO/2_Chapter/code/install/student_msg/include/student_msg/student_msg/msg/detail
-- Installing: /mnt/hgfs/VMware/ROS2_DEMO/2_Chapter/code/install/student_msg/include/student_msg/student_msg/msg/detail/student__rosidl_typesupport_fastrtps_c.h
-- Installing: /mnt/hgfs/VMware/ROS2_DEMO/2_Chapter/code/install/student_msg/include/student_msg/student_msg/msg/rosidl_typesupport_fastrtps_c__visibility_control.h
-- Installing: /mnt/hgfs/VMware/ROS2_DEMO/2_Chapter/code/install/student_msg/lib/libstudent_msg__rosidl_typesupport_fastrtps_c.so
-- Set runtime path of "/mnt/hgfs/VMware/ROS2_DEMO/2_Chapter/code/install/student_msg/lib/libstudent_msg__rosidl_typesupport_fastrtps_c.so" to ""
-- Up-to-date: /mnt/hgfs/VMware/ROS2_DEMO/2_Chapter/code/install/student_msg/include/student_msg/student_msg
-- Up-to-date: /mnt/hgfs/VMware/ROS2_DEMO/2_Chapter/code/install/student_msg/include/student_msg/student_msg/msg
-- Up-to-date: /mnt/hgfs/VMware/ROS2_DEMO/2_Chapter/code/install/student_msg/include/student_msg/student_msg/msg/detail
-- Installing: /mnt/hgfs/VMware/ROS2_DEMO/2_Chapter/code/install/student_msg/include/student_msg/student_msg/msg/detail/student__rosidl_typesupport_introspection_c.h
-- Installing: /mnt/hgfs/VMware/ROS2_DEMO/2_Chapter/code/install/student_msg/include/student_msg/student_msg/msg/detail/student__type_support.c
-- Installing: /mnt/hgfs/VMware/ROS2_DEMO/2_Chapter/code/install/student_msg/include/student_msg/student_msg/msg/rosidl_typesupport_introspection_c__visibility_control.h
-- Installing: /mnt/hgfs/VMware/ROS2_DEMO/2_Chapter/code/install/student_msg/lib/libstudent_msg__rosidl_typesupport_introspection_c.so
-- Set runtime path of "/mnt/hgfs/VMware/ROS2_DEMO/2_Chapter/code/install/student_msg/lib/libstudent_msg__rosidl_typesupport_introspection_c.so" to ""
-- Installing: /mnt/hgfs/VMware/ROS2_DEMO/2_Chapter/code/install/student_msg/lib/libstudent_msg__rosidl_typesupport_c.so
-- Set runtime path of "/mnt/hgfs/VMware/ROS2_DEMO/2_Chapter/code/install/student_msg/lib/libstudent_msg__rosidl_typesupport_c.so" to ""
-- Up-to-date: /mnt/hgfs/VMware/ROS2_DEMO/2_Chapter/code/install/student_msg/include/student_msg/student_msg
-- Up-to-date: /mnt/hgfs/VMware/ROS2_DEMO/2_Chapter/code/install/student_msg/include/student_msg/student_msg/msg
-- Up-to-date: /mnt/hgfs/VMware/ROS2_DEMO/2_Chapter/code/install/student_msg/include/student_msg/student_msg/msg/detail
-- Installing: /mnt/hgfs/VMware/ROS2_DEMO/2_Chapter/code/install/student_msg/include/student_msg/student_msg/msg/detail/student__builder.hpp
-- Installing: /mnt/hgfs/VMware/ROS2_DEMO/2_Chapter/code/install/student_msg/include/student_msg/student_msg/msg/detail/student__struct.hpp
-- Installing: /mnt/hgfs/VMware/ROS2_DEMO/2_Chapter/code/install/student_msg/include/student_msg/student_msg/msg/detail/student__traits.hpp
-- Installing: /mnt/hgfs/VMware/ROS2_DEMO/2_Chapter/code/install/student_msg/include/student_msg/student_msg/msg/student.hpp
-- Up-to-date: /mnt/hgfs/VMware/ROS2_DEMO/2_Chapter/code/install/student_msg/include/student_msg/student_msg
-- Up-to-date: /mnt/hgfs/VMware/ROS2_DEMO/2_Chapter/code/install/student_msg/include/student_msg/student_msg/msg
-- Up-to-date: /mnt/hgfs/VMware/ROS2_DEMO/2_Chapter/code/install/student_msg/include/student_msg/student_msg/msg/detail
-- Installing: /mnt/hgfs/VMware/ROS2_DEMO/2_Chapter/code/install/student_msg/include/student_msg/student_msg/msg/detail/dds_fastrtps
-- Installing: /mnt/hgfs/VMware/ROS2_DEMO/2_Chapter/code/install/student_msg/include/student_msg/student_msg/msg/detail/student__rosidl_typesupport_fastrtps_cpp.hpp
-- Installing: /mnt/hgfs/VMware/ROS2_DEMO/2_Chapter/code/install/student_msg/include/student_msg/student_msg/msg/rosidl_typesupport_fastrtps_cpp__visibility_control.h
-- Installing: /mnt/hgfs/VMware/ROS2_DEMO/2_Chapter/code/install/student_msg/lib/libstudent_msg__rosidl_typesupport_fastrtps_cpp.so
-- Set runtime path of "/mnt/hgfs/VMware/ROS2_DEMO/2_Chapter/code/install/student_msg/lib/libstudent_msg__rosidl_typesupport_fastrtps_cpp.so" to ""
-- Up-to-date: /mnt/hgfs/VMware/ROS2_DEMO/2_Chapter/code/install/student_msg/include/student_msg/student_msg
-- Up-to-date: /mnt/hgfs/VMware/ROS2_DEMO/2_Chapter/code/install/student_msg/include/student_msg/student_msg/msg
-- Up-to-date: /mnt/hgfs/VMware/ROS2_DEMO/2_Chapter/code/install/student_msg/include/student_msg/student_msg/msg/detail
-- Installing: /mnt/hgfs/VMware/ROS2_DEMO/2_Chapter/code/install/student_msg/include/student_msg/student_msg/msg/detail/student__rosidl_typesupport_introspection_cpp.hpp
-- Installing: /mnt/hgfs/VMware/ROS2_DEMO/2_Chapter/code/install/student_msg/include/student_msg/student_msg/msg/detail/student__type_support.cpp
-- Installing: /mnt/hgfs/VMware/ROS2_DEMO/2_Chapter/code/install/student_msg/lib/libstudent_msg__rosidl_typesupport_introspection_cpp.so
-- Set runtime path of "/mnt/hgfs/VMware/ROS2_DEMO/2_Chapter/code/install/student_msg/lib/libstudent_msg__rosidl_typesupport_introspection_cpp.so" to ""
-- Installing: /mnt/hgfs/VMware/ROS2_DEMO/2_Chapter/code/install/student_msg/lib/libstudent_msg__rosidl_typesupport_cpp.so
-- Set runtime path of "/mnt/hgfs/VMware/ROS2_DEMO/2_Chapter/code/install/student_msg/lib/libstudent_msg__rosidl_typesupport_cpp.so" to ""
-- Installing: /mnt/hgfs/VMware/ROS2_DEMO/2_Chapter/code/install/student_msg/share/student_msg/environment/pythonpath.sh
-- Installing: /mnt/hgfs/VMware/ROS2_DEMO/2_Chapter/code/install/student_msg/share/student_msg/environment/pythonpath.dsv
-- Installing: /mnt/hgfs/VMware/ROS2_DEMO/2_Chapter/code/install/student_msg/local/lib/python3.10/dist-packages/student_msg-0.0.0-py3.10.egg-info
-- Installing: /mnt/hgfs/VMware/ROS2_DEMO/2_Chapter/code/install/student_msg/local/lib/python3.10/dist-packages/student_msg-0.0.0-py3.10.egg-info/dependency_links.txt
-- Installing: /mnt/hgfs/VMware/ROS2_DEMO/2_Chapter/code/install/student_msg/local/lib/python3.10/dist-packages/student_msg-0.0.0-py3.10.egg-info/PKG-INFO
-- Installing: /mnt/hgfs/VMware/ROS2_DEMO/2_Chapter/code/install/student_msg/local/lib/python3.10/dist-packages/student_msg-0.0.0-py3.10.egg-info/SOURCES.txt
-- Installing: /mnt/hgfs/VMware/ROS2_DEMO/2_Chapter/code/install/student_msg/local/lib/python3.10/dist-packages/student_msg-0.0.0-py3.10.egg-info/top_level.txt
-- Installing: /mnt/hgfs/VMware/ROS2_DEMO/2_Chapter/code/install/student_msg/local/lib/python3.10/dist-packages/student_msg
-- Installing: /mnt/hgfs/VMware/ROS2_DEMO/2_Chapter/code/install/student_msg/local/lib/python3.10/dist-packages/student_msg/libstudent_msg__rosidl_generator_py.so
-- Installing: /mnt/hgfs/VMware/ROS2_DEMO/2_Chapter/code/install/student_msg/local/lib/python3.10/dist-packages/student_msg/msg
-- Installing: /mnt/hgfs/VMware/ROS2_DEMO/2_Chapter/code/install/student_msg/local/lib/python3.10/dist-packages/student_msg/msg/_student.py
-- Installing: /mnt/hgfs/VMware/ROS2_DEMO/2_Chapter/code/install/student_msg/local/lib/python3.10/dist-packages/student_msg/msg/_student_s.c
-- Installing: /mnt/hgfs/VMware/ROS2_DEMO/2_Chapter/code/install/student_msg/local/lib/python3.10/dist-packages/student_msg/msg/__init__.py
-- Installing: /mnt/hgfs/VMware/ROS2_DEMO/2_Chapter/code/install/student_msg/local/lib/python3.10/dist-packages/student_msg/student_msg_s__rosidl_typesupport_c.cpython-310-x86_64-linux-gnu.so
-- Installing: /mnt/hgfs/VMware/ROS2_DEMO/2_Chapter/code/install/student_msg/local/lib/python3.10/dist-packages/student_msg/student_msg_s__rosidl_typesupport_fastrtps_c.cpython-310-x86_64-linux-gnu.so
-- Installing: /mnt/hgfs/VMware/ROS2_DEMO/2_Chapter/code/install/student_msg/local/lib/python3.10/dist-packages/student_msg/student_msg_s__rosidl_typesupport_introspection_c.cpython-310-x86_64-linux-gnu.so
-- Installing: /mnt/hgfs/VMware/ROS2_DEMO/2_Chapter/code/install/student_msg/local/lib/python3.10/dist-packages/student_msg/_student_msg_s.ep.rosidl_typesupport_c.c
-- Installing: /mnt/hgfs/VMware/ROS2_DEMO/2_Chapter/code/install/student_msg/local/lib/python3.10/dist-packages/student_msg/_student_msg_s.ep.rosidl_typesupport_fastrtps_c.c
-- Installing: /mnt/hgfs/VMware/ROS2_DEMO/2_Chapter/code/install/student_msg/local/lib/python3.10/dist-packages/student_msg/_student_msg_s.ep.rosidl_typesupport_introspection_c.c
-- Installing: /mnt/hgfs/VMware/ROS2_DEMO/2_Chapter/code/install/student_msg/local/lib/python3.10/dist-packages/student_msg/__init__.py
Listing '/mnt/hgfs/VMware/ROS2_DEMO/2_Chapter/code/install/student_msg/local/lib/python3.10/dist-packages/student_msg'...
Compiling '/mnt/hgfs/VMware/ROS2_DEMO/2_Chapter/code/install/student_msg/local/lib/python3.10/dist-packages/student_msg/__init__.py'...
Listing '/mnt/hgfs/VMware/ROS2_DEMO/2_Chapter/code/install/student_msg/local/lib/python3.10/dist-packages/student_msg/msg'...
Compiling '/mnt/hgfs/VMware/ROS2_DEMO/2_Chapter/code/install/student_msg/local/lib/python3.10/dist-packages/student_msg/msg/__init__.py'...
Compiling '/mnt/hgfs/VMware/ROS2_DEMO/2_Chapter/code/install/student_msg/local/lib/python3.10/dist-packages/student_msg/msg/_student.py'...
-- Installing: /mnt/hgfs/VMware/ROS2_DEMO/2_Chapter/code/install/student_msg/local/lib/python3.10/dist-packages/student_msg/student_msg_s__rosidl_typesupport_fastrtps_c.cpython-310-x86_64-linux-gnu.so
-- Set runtime path of "/mnt/hgfs/VMware/ROS2_DEMO/2_Chapter/code/install/student_msg/local/lib/python3.10/dist-packages/student_msg/student_msg_s__rosidl_typesupport_fastrtps_c.cpython-310-x86_64-linux-gnu.so" to ""
-- Installing: /mnt/hgfs/VMware/ROS2_DEMO/2_Chapter/code/install/student_msg/local/lib/python3.10/dist-packages/student_msg/student_msg_s__rosidl_typesupport_introspection_c.cpython-310-x86_64-linux-gnu.so
-- Set runtime path of "/mnt/hgfs/VMware/ROS2_DEMO/2_Chapter/code/install/student_msg/local/lib/python3.10/dist-packages/student_msg/student_msg_s__rosidl_typesupport_introspection_c.cpython-310-x86_64-linux-gnu.so" to ""
-- Installing: /mnt/hgfs/VMware/ROS2_DEMO/2_Chapter/code/install/student_msg/local/lib/python3.10/dist-packages/student_msg/student_msg_s__rosidl_typesupport_c.cpython-310-x86_64-linux-gnu.so
-- Set runtime path of "/mnt/hgfs/VMware/ROS2_DEMO/2_Chapter/code/install/student_msg/local/lib/python3.10/dist-packages/student_msg/student_msg_s__rosidl_typesupport_c.cpython-310-x86_64-linux-gnu.so" to ""
-- Installing: /mnt/hgfs/VMware/ROS2_DEMO/2_Chapter/code/install/student_msg/lib/libstudent_msg__rosidl_generator_py.so
-- Set runtime path of "/mnt/hgfs/VMware/ROS2_DEMO/2_Chapter/code/install/student_msg/lib/libstudent_msg__rosidl_generator_py.so" to ""
-- Installing: /mnt/hgfs/VMware/ROS2_DEMO/2_Chapter/code/install/student_msg/share/student_msg/msg/Student.idl
-- Installing: /mnt/hgfs/VMware/ROS2_DEMO/2_Chapter/code/install/student_msg/share/student_msg/msg/Student.msg
-- Installing: /mnt/hgfs/VMware/ROS2_DEMO/2_Chapter/code/install/student_msg/share/ament_index/resource_index/package_run_dependencies/student_msg
-- Installing: /mnt/hgfs/VMware/ROS2_DEMO/2_Chapter/code/install/student_msg/share/ament_index/resource_index/parent_prefix_path/student_msg
-- Installing: /mnt/hgfs/VMware/ROS2_DEMO/2_Chapter/code/install/student_msg/share/student_msg/environment/ament_prefix_path.sh
-- Installing: /mnt/hgfs/VMware/ROS2_DEMO/2_Chapter/code/install/student_msg/share/student_msg/environment/ament_prefix_path.dsv
-- Installing: /mnt/hgfs/VMware/ROS2_DEMO/2_Chapter/code/install/student_msg/share/student_msg/environment/path.sh
-- Installing: /mnt/hgfs/VMware/ROS2_DEMO/2_Chapter/code/install/student_msg/share/student_msg/environment/path.dsv
-- Installing: /mnt/hgfs/VMware/ROS2_DEMO/2_Chapter/code/install/student_msg/share/student_msg/local_setup.bash
-- Installing: /mnt/hgfs/VMware/ROS2_DEMO/2_Chapter/code/install/student_msg/share/student_msg/local_setup.sh
-- Installing: /mnt/hgfs/VMware/ROS2_DEMO/2_Chapter/code/install/student_msg/share/student_msg/local_setup.zsh
-- Installing: /mnt/hgfs/VMware/ROS2_DEMO/2_Chapter/code/install/student_msg/share/student_msg/local_setup.dsv
-- Installing: /mnt/hgfs/VMware/ROS2_DEMO/2_Chapter/code/install/student_msg/share/student_msg/package.dsv
-- Installing: /mnt/hgfs/VMware/ROS2_DEMO/2_Chapter/code/install/student_msg/share/ament_index/resource_index/packages/student_msg
-- Installing: /mnt/hgfs/VMware/ROS2_DEMO/2_Chapter/code/install/student_msg/share/student_msg/cmake/export_student_msg__rosidl_generator_cExport.cmake
-- Installing: /mnt/hgfs/VMware/ROS2_DEMO/2_Chapter/code/install/student_msg/share/student_msg/cmake/export_student_msg__rosidl_generator_cExport-noconfig.cmake
-- Installing: /mnt/hgfs/VMware/ROS2_DEMO/2_Chapter/code/install/student_msg/share/student_msg/cmake/export_student_msg__rosidl_typesupport_fastrtps_cExport.cmake
-- Installing: /mnt/hgfs/VMware/ROS2_DEMO/2_Chapter/code/install/student_msg/share/student_msg/cmake/export_student_msg__rosidl_typesupport_fastrtps_cExport-noconfig.cmake
-- Installing: /mnt/hgfs/VMware/ROS2_DEMO/2_Chapter/code/install/student_msg/share/student_msg/cmake/student_msg__rosidl_typesupport_introspection_cExport.cmake
-- Installing: /mnt/hgfs/VMware/ROS2_DEMO/2_Chapter/code/install/student_msg/share/student_msg/cmake/student_msg__rosidl_typesupport_introspection_cExport-noconfig.cmake
-- Installing: /mnt/hgfs/VMware/ROS2_DEMO/2_Chapter/code/install/student_msg/share/student_msg/cmake/student_msg__rosidl_typesupport_cExport.cmake
-- Installing: /mnt/hgfs/VMware/ROS2_DEMO/2_Chapter/code/install/student_msg/share/student_msg/cmake/student_msg__rosidl_typesupport_cExport-noconfig.cmake
-- Installing: /mnt/hgfs/VMware/ROS2_DEMO/2_Chapter/code/install/student_msg/share/student_msg/cmake/export_student_msg__rosidl_generator_cppExport.cmake
-- Installing: /mnt/hgfs/VMware/ROS2_DEMO/2_Chapter/code/install/student_msg/share/student_msg/cmake/export_student_msg__rosidl_typesupport_fastrtps_cppExport.cmake
-- Installing: /mnt/hgfs/VMware/ROS2_DEMO/2_Chapter/code/install/student_msg/share/student_msg/cmake/export_student_msg__rosidl_typesupport_fastrtps_cppExport-noconfig.cmake
-- Installing: /mnt/hgfs/VMware/ROS2_DEMO/2_Chapter/code/install/student_msg/share/student_msg/cmake/student_msg__rosidl_typesupport_introspection_cppExport.cmake
-- Installing: /mnt/hgfs/VMware/ROS2_DEMO/2_Chapter/code/install/student_msg/share/student_msg/cmake/student_msg__rosidl_typesupport_introspection_cppExport-noconfig.cmake
-- Installing: /mnt/hgfs/VMware/ROS2_DEMO/2_Chapter/code/install/student_msg/share/student_msg/cmake/student_msg__rosidl_typesupport_cppExport.cmake
-- Installing: /mnt/hgfs/VMware/ROS2_DEMO/2_Chapter/code/install/student_msg/share/student_msg/cmake/student_msg__rosidl_typesupport_cppExport-noconfig.cmake
-- Installing: /mnt/hgfs/VMware/ROS2_DEMO/2_Chapter/code/install/student_msg/share/student_msg/cmake/export_student_msg__rosidl_generator_pyExport.cmake
-- Installing: /mnt/hgfs/VMware/ROS2_DEMO/2_Chapter/code/install/student_msg/share/student_msg/cmake/export_student_msg__rosidl_generator_pyExport-noconfig.cmake
-- Installing: /mnt/hgfs/VMware/ROS2_DEMO/2_Chapter/code/install/student_msg/share/student_msg/cmake/rosidl_cmake-extras.cmake
-- Installing: /mnt/hgfs/VMware/ROS2_DEMO/2_Chapter/code/install/student_msg/share/student_msg/cmake/ament_cmake_export_include_directories-extras.cmake
-- Installing: /mnt/hgfs/VMware/ROS2_DEMO/2_Chapter/code/install/student_msg/share/student_msg/cmake/ament_cmake_export_libraries-extras.cmake
-- Installing: /mnt/hgfs/VMware/ROS2_DEMO/2_Chapter/code/install/student_msg/share/student_msg/cmake/ament_cmake_export_targets-extras.cmake
-- Installing: /mnt/hgfs/VMware/ROS2_DEMO/2_Chapter/code/install/student_msg/share/student_msg/cmake/rosidl_cmake_export_typesupport_targets-extras.cmake
-- Installing: /mnt/hgfs/VMware/ROS2_DEMO/2_Chapter/code/install/student_msg/share/student_msg/cmake/ament_cmake_export_dependencies-extras.cmake
-- Installing: /mnt/hgfs/VMware/ROS2_DEMO/2_Chapter/code/install/student_msg/share/student_msg/cmake/rosidl_cmake_export_typesupport_libraries-extras.cmake
-- Installing: /mnt/hgfs/VMware/ROS2_DEMO/2_Chapter/code/install/student_msg/share/student_msg/cmake/student_msgConfig.cmake
-- Installing: /mnt/hgfs/VMware/ROS2_DEMO/2_Chapter/code/install/student_msg/share/student_msg/cmake/student_msgConfig-version.cmake
-- Installing: /mnt/hgfs/VMware/ROS2_DEMO/2_Chapter/code/install/student_msg/share/student_msg/package.xml
