[0.030s] Invoking command in '/mnt/hgfs/VMware/ROS2_DEMO/2_Chapter/code/build/student_msg': CMAKE_PREFIX_PATH=/opt/ros/humble /usr/bin/cmake /mnt/hgfs/VMware/ROS2_DEMO/2_Chapter/code/student_msg -DCMAKE_INSTALL_PREFIX=/mnt/hgfs/VMware/ROS2_DEMO/2_Chapter/code/install/student_msg
[0.159s] -- The C compiler identification is GNU 11.3.0
[0.281s] -- The CXX compiler identification is GNU 11.3.0
[0.299s] -- Detecting C compiler ABI info
[0.537s] -- Detecting C compiler ABI info - done
[0.549s] -- Check for working C compiler: /usr/bin/cc - skipped
[0.558s] -- Detecting C compile features
[0.560s] -- Detecting C compile features - done
[0.575s] -- Detecting CXX compiler ABI info
[0.837s] -- Detecting CXX compiler ABI info - done
[0.851s] -- Check for working CXX compiler: /usr/bin/c++ - skipped
[0.854s] -- Detecting CXX compile features
[0.856s] -- Detecting CXX compile features - done
[0.868s] -- Found ament_cmake: 1.3.3 (/opt/ros/humble/share/ament_cmake/cmake)
[1.020s] -- Found Python3: /usr/bin/python3.10 (found version "3.10.6") found components: Interpreter 
[1.140s] -- Found rosidl_default_generators: 1.2.0 (/opt/ros/humble/share/rosidl_default_generators/cmake)
[1.145s] -- Using all available rosidl_typesupport_c: rosidl_typesupport_fastrtps_c;rosidl_typesupport_introspection_c
[1.150s] -- Found rosidl_adapter: 3.1.4 (/opt/ros/humble/share/rosidl_adapter/cmake)
[1.183s] -- Using all available rosidl_typesupport_cpp: rosidl_typesupport_fastrtps_cpp;rosidl_typesupport_introspection_cpp
[1.573s] -- Found ament_cmake_ros: 0.10.0 (/opt/ros/humble/share/ament_cmake_ros/cmake)
[1.876s] -- Using all available rosidl_typesupport_c: rosidl_typesupport_fastrtps_c;rosidl_typesupport_introspection_c
[2.267s] -- Using all available rosidl_typesupport_cpp: rosidl_typesupport_fastrtps_cpp;rosidl_typesupport_introspection_cpp
[2.290s] -- Found PythonInterp: /usr/bin/python3 (found suitable version "3.10.6", minimum required is "3.6") 
[2.292s] -- Found python_cmake_module: 0.10.0 (/opt/ros/humble/share/python_cmake_module/cmake)
[2.312s] -- Found PythonLibs: /usr/lib/x86_64-linux-gnu/libpython3.10.so (found suitable version "3.10.6", minimum required is "3.5") 
[2.315s] -- Using PYTHON_EXECUTABLE: /usr/bin/python3
[2.317s] -- Using PYTHON_INCLUDE_DIRS: /usr/include/python3.10
[2.319s] -- Using PYTHON_LIBRARIES: /usr/lib/x86_64-linux-gnu/libpython3.10.so
[2.335s] -- Found PythonExtra: .so  
[2.452s] -- Found ament_lint_auto: 0.12.5 (/opt/ros/humble/share/ament_lint_auto/cmake)
[2.689s] -- Added test 'lint_cmake' to check CMake code style
[2.740s] -- Added test 'xmllint' to check XML markup files
[2.835s] -- Configuring done
[3.653s] -- Generating done
[3.755s] -- Build files have been written to: /mnt/hgfs/VMware/ROS2_DEMO/2_Chapter/code/build/student_msg
[3.762s] Invoked command in '/mnt/hgfs/VMware/ROS2_DEMO/2_Chapter/code/build/student_msg' returned '0': CMAKE_PREFIX_PATH=/opt/ros/humble /usr/bin/cmake /mnt/hgfs/VMware/ROS2_DEMO/2_Chapter/code/student_msg -DCMAKE_INSTALL_PREFIX=/mnt/hgfs/VMware/ROS2_DEMO/2_Chapter/code/install/student_msg
[3.767s] Invoking command in '/mnt/hgfs/VMware/ROS2_DEMO/2_Chapter/code/build/student_msg': CMAKE_PREFIX_PATH=/opt/ros/humble /usr/bin/cmake --build /mnt/hgfs/VMware/ROS2_DEMO/2_Chapter/code/build/student_msg -- -j16 -l16
[3.839s] [  3%] [34m[1mGenerating C code for ROS interfaces[0m
[3.854s] [  6%] [34m[1mGenerating C++ code for ROS interfaces[0m
[3.866s] [  6%] Built target ament_cmake_python_copy_student_msg
[4.095s] running egg_info
[4.103s] creating student_msg.egg-info
[4.110s] [  6%] Built target student_msg__cpp
[4.114s] writing student_msg.egg-info/PKG-INFO
[4.117s] writing dependency_links to student_msg.egg-info/dependency_links.txt
[4.123s] [  9%] [32mBuilding C object CMakeFiles/student_msg__rosidl_generator_c.dir/rosidl_generator_c/student_msg/msg/detail/student__functions.c.o[0m
[4.129s] writing top-level names to student_msg.egg-info/top_level.txt
[4.136s] writing manifest file 'student_msg.egg-info/SOURCES.txt'
[4.144s] [ 16%] [34m[1mGenerating C++ introspection for ROS interfaces[0m
[4.154s] [ 19%] [34m[1mGenerating C++ type support dispatch for ROS interfaces[0m
[4.156s] [ 19%] [34m[1mGenerating C++ type support for eProsima Fast-RTPS[0m
[4.162s] reading manifest file 'student_msg.egg-info/SOURCES.txt'
[4.165s] writing manifest file 'student_msg.egg-info/SOURCES.txt'
[4.201s] [ 19%] Built target ament_cmake_python_build_student_msg_egg
[4.250s] [ 22%] [32m[1mLinking C shared library libstudent_msg__rosidl_generator_c.so[0m
[4.341s] [ 22%] Built target student_msg__rosidl_generator_c
[4.379s] [ 25%] [34m[1mGenerating C type support dispatch for ROS interfaces[0m
[4.389s] [ 32%] [34m[1mGenerating C type support for eProsima Fast-RTPS[0m
[4.393s] [ 32%] [34m[1mGenerating C introspection for ROS interfaces[0m
[4.430s] [ 35%] [32mBuilding CXX object CMakeFiles/student_msg__rosidl_typesupport_cpp.dir/rosidl_typesupport_cpp/student_msg/msg/student__type_support.cpp.o[0m
[4.454s] [ 38%] [32mBuilding CXX object CMakeFiles/student_msg__rosidl_typesupport_fastrtps_cpp.dir/rosidl_typesupport_fastrtps_cpp/student_msg/msg/detail/dds_fastrtps/student__type_support.cpp.o[0m
[4.468s] [ 41%] [32mBuilding CXX object CMakeFiles/student_msg__rosidl_typesupport_introspection_cpp.dir/rosidl_typesupport_introspection_cpp/student_msg/msg/detail/student__type_support.cpp.o[0m
[4.676s] [ 45%] [32mBuilding CXX object CMakeFiles/student_msg__rosidl_typesupport_c.dir/rosidl_typesupport_c/student_msg/msg/student__type_support.cpp.o[0m
[4.747s] [ 48%] [32mBuilding C object CMakeFiles/student_msg__rosidl_typesupport_introspection_c.dir/rosidl_typesupport_introspection_c/student_msg/msg/detail/student__type_support.c.o[0m
[4.753s] [ 51%] [32mBuilding CXX object CMakeFiles/student_msg__rosidl_typesupport_fastrtps_c.dir/rosidl_typesupport_fastrtps_c/student_msg/msg/detail/student__type_support_c.cpp.o[0m
[4.822s] [ 54%] [32m[1mLinking CXX shared library libstudent_msg__rosidl_typesupport_c.so[0m
[5.019s] [ 54%] Built target student_msg__rosidl_typesupport_c
[5.036s] [ 61%] [32m[1mLinking CXX shared library libstudent_msg__rosidl_typesupport_cpp.so[0m
[5.041s] [ 61%] [32m[1mLinking C shared library libstudent_msg__rosidl_typesupport_introspection_c.so[0m
[5.194s] [ 61%] Built target student_msg__rosidl_typesupport_introspection_c
[5.205s] [ 61%] Built target student_msg__rosidl_typesupport_cpp
[5.399s] [ 64%] [32m[1mLinking CXX shared library libstudent_msg__rosidl_typesupport_introspection_cpp.so[0m
[5.472s] [ 67%] [32m[1mLinking CXX shared library libstudent_msg__rosidl_typesupport_fastrtps_cpp.so[0m
[5.585s] [ 67%] Built target student_msg__rosidl_typesupport_introspection_cpp
[5.630s] [ 70%] [32m[1mLinking CXX shared library libstudent_msg__rosidl_typesupport_fastrtps_c.so[0m
[5.695s] [ 70%] Built target student_msg__rosidl_typesupport_fastrtps_cpp
[5.811s] [ 70%] Built target student_msg__rosidl_typesupport_fastrtps_c
[5.845s] [ 70%] Built target student_msg
[5.892s] [ 74%] [34m[1mGenerating Python code for ROS interfaces[0m
[6.192s] [ 74%] Built target student_msg__py
[6.240s] [ 77%] [32mBuilding C object CMakeFiles/student_msg__rosidl_generator_py.dir/rosidl_generator_py/student_msg/msg/_student_s.c.o[0m
[6.452s] [ 80%] [32m[1mLinking C shared library rosidl_generator_py/student_msg/libstudent_msg__rosidl_generator_py.so[0m
[6.543s] [ 80%] Built target student_msg__rosidl_generator_py
[6.596s] [ 83%] [32mBuilding C object CMakeFiles/student_msg__rosidl_typesupport_fastrtps_c__pyext.dir/rosidl_generator_py/student_msg/_student_msg_s.ep.rosidl_typesupport_fastrtps_c.c.o[0m
[6.611s] [ 90%] [32mBuilding C object CMakeFiles/student_msg__rosidl_typesupport_c__pyext.dir/rosidl_generator_py/student_msg/_student_msg_s.ep.rosidl_typesupport_c.c.o[0m
[6.615s] [ 90%] [32mBuilding C object CMakeFiles/student_msg__rosidl_typesupport_introspection_c__pyext.dir/rosidl_generator_py/student_msg/_student_msg_s.ep.rosidl_typesupport_introspection_c.c.o[0m
[6.891s] [ 93%] [32m[1mLinking C shared library rosidl_generator_py/student_msg/student_msg_s__rosidl_typesupport_c.cpython-310-x86_64-linux-gnu.so[0m
[6.959s] [ 96%] [32m[1mLinking C shared library rosidl_generator_py/student_msg/student_msg_s__rosidl_typesupport_fastrtps_c.cpython-310-x86_64-linux-gnu.so[0m
[6.967s] [100%] [32m[1mLinking C shared library rosidl_generator_py/student_msg/student_msg_s__rosidl_typesupport_introspection_c.cpython-310-x86_64-linux-gnu.so[0m
[7.031s] [100%] Built target student_msg__rosidl_typesupport_c__pyext
[7.107s] [100%] Built target student_msg__rosidl_typesupport_fastrtps_c__pyext
[7.110s] [100%] Built target student_msg__rosidl_typesupport_introspection_c__pyext
[7.146s] Invoked command in '/mnt/hgfs/VMware/ROS2_DEMO/2_Chapter/code/build/student_msg' returned '0': CMAKE_PREFIX_PATH=/opt/ros/humble /usr/bin/cmake --build /mnt/hgfs/VMware/ROS2_DEMO/2_Chapter/code/build/student_msg -- -j16 -l16
[7.220s] Invoking command in '/mnt/hgfs/VMware/ROS2_DEMO/2_Chapter/code/build/student_msg': CMAKE_PREFIX_PATH=/opt/ros/humble /usr/bin/cmake --install /mnt/hgfs/VMware/ROS2_DEMO/2_Chapter/code/build/student_msg
[7.228s] -- Install configuration: ""
[7.238s] -- Installing: /mnt/hgfs/VMware/ROS2_DEMO/2_Chapter/code/install/student_msg/share/ament_index/resource_index/rosidl_interfaces/student_msg
[7.250s] -- Installing: /mnt/hgfs/VMware/ROS2_DEMO/2_Chapter/code/install/student_msg/include/student_msg/student_msg
[7.259s] -- Installing: /mnt/hgfs/VMware/ROS2_DEMO/2_Chapter/code/install/student_msg/include/student_msg/student_msg/msg
[7.263s] -- Installing: /mnt/hgfs/VMware/ROS2_DEMO/2_Chapter/code/install/student_msg/include/student_msg/student_msg/msg/detail
[7.269s] -- Installing: /mnt/hgfs/VMware/ROS2_DEMO/2_Chapter/code/install/student_msg/include/student_msg/student_msg/msg/detail/student__functions.c
[7.282s] -- Installing: /mnt/hgfs/VMware/ROS2_DEMO/2_Chapter/code/install/student_msg/include/student_msg/student_msg/msg/detail/student__functions.h
[7.294s] -- Installing: /mnt/hgfs/VMware/ROS2_DEMO/2_Chapter/code/install/student_msg/include/student_msg/student_msg/msg/detail/student__struct.h
[7.305s] -- Installing: /mnt/hgfs/VMware/ROS2_DEMO/2_Chapter/code/install/student_msg/include/student_msg/student_msg/msg/detail/student__type_support.h
[7.316s] -- Installing: /mnt/hgfs/VMware/ROS2_DEMO/2_Chapter/code/install/student_msg/include/student_msg/student_msg/msg/rosidl_generator_c__visibility_control.h
[7.328s] -- Installing: /mnt/hgfs/VMware/ROS2_DEMO/2_Chapter/code/install/student_msg/include/student_msg/student_msg/msg/student.h
[7.342s] -- Installing: /mnt/hgfs/VMware/ROS2_DEMO/2_Chapter/code/install/student_msg/share/student_msg/environment/library_path.sh
[7.353s] -- Installing: /mnt/hgfs/VMware/ROS2_DEMO/2_Chapter/code/install/student_msg/share/student_msg/environment/library_path.dsv
[7.367s] -- Installing: /mnt/hgfs/VMware/ROS2_DEMO/2_Chapter/code/install/student_msg/lib/libstudent_msg__rosidl_generator_c.so
[7.385s] -- Set runtime path of "/mnt/hgfs/VMware/ROS2_DEMO/2_Chapter/code/install/student_msg/lib/libstudent_msg__rosidl_generator_c.so" to ""
[7.389s] -- Up-to-date: /mnt/hgfs/VMware/ROS2_DEMO/2_Chapter/code/install/student_msg/include/student_msg/student_msg
[7.393s] -- Up-to-date: /mnt/hgfs/VMware/ROS2_DEMO/2_Chapter/code/install/student_msg/include/student_msg/student_msg/msg
[7.395s] -- Up-to-date: /mnt/hgfs/VMware/ROS2_DEMO/2_Chapter/code/install/student_msg/include/student_msg/student_msg/msg/detail
[7.398s] -- Installing: /mnt/hgfs/VMware/ROS2_DEMO/2_Chapter/code/install/student_msg/include/student_msg/student_msg/msg/detail/student__rosidl_typesupport_fastrtps_c.h
[7.410s] -- Installing: /mnt/hgfs/VMware/ROS2_DEMO/2_Chapter/code/install/student_msg/include/student_msg/student_msg/msg/rosidl_typesupport_fastrtps_c__visibility_control.h
[7.421s] -- Installing: /mnt/hgfs/VMware/ROS2_DEMO/2_Chapter/code/install/student_msg/lib/libstudent_msg__rosidl_typesupport_fastrtps_c.so
[7.441s] -- Set runtime path of "/mnt/hgfs/VMware/ROS2_DEMO/2_Chapter/code/install/student_msg/lib/libstudent_msg__rosidl_typesupport_fastrtps_c.so" to ""
[7.447s] -- Up-to-date: /mnt/hgfs/VMware/ROS2_DEMO/2_Chapter/code/install/student_msg/include/student_msg/student_msg
[7.451s] -- Up-to-date: /mnt/hgfs/VMware/ROS2_DEMO/2_Chapter/code/install/student_msg/include/student_msg/student_msg/msg
[7.453s] -- Up-to-date: /mnt/hgfs/VMware/ROS2_DEMO/2_Chapter/code/install/student_msg/include/student_msg/student_msg/msg/detail
[7.458s] -- Installing: /mnt/hgfs/VMware/ROS2_DEMO/2_Chapter/code/install/student_msg/include/student_msg/student_msg/msg/detail/student__rosidl_typesupport_introspection_c.h
[7.468s] -- Installing: /mnt/hgfs/VMware/ROS2_DEMO/2_Chapter/code/install/student_msg/include/student_msg/student_msg/msg/detail/student__type_support.c
[7.479s] -- Installing: /mnt/hgfs/VMware/ROS2_DEMO/2_Chapter/code/install/student_msg/include/student_msg/student_msg/msg/rosidl_typesupport_introspection_c__visibility_control.h
[7.490s] -- Installing: /mnt/hgfs/VMware/ROS2_DEMO/2_Chapter/code/install/student_msg/lib/libstudent_msg__rosidl_typesupport_introspection_c.so
[7.506s] -- Set runtime path of "/mnt/hgfs/VMware/ROS2_DEMO/2_Chapter/code/install/student_msg/lib/libstudent_msg__rosidl_typesupport_introspection_c.so" to ""
[7.510s] -- Installing: /mnt/hgfs/VMware/ROS2_DEMO/2_Chapter/code/install/student_msg/lib/libstudent_msg__rosidl_typesupport_c.so
[7.527s] -- Set runtime path of "/mnt/hgfs/VMware/ROS2_DEMO/2_Chapter/code/install/student_msg/lib/libstudent_msg__rosidl_typesupport_c.so" to ""
[7.530s] -- Up-to-date: /mnt/hgfs/VMware/ROS2_DEMO/2_Chapter/code/install/student_msg/include/student_msg/student_msg
[7.534s] -- Up-to-date: /mnt/hgfs/VMware/ROS2_DEMO/2_Chapter/code/install/student_msg/include/student_msg/student_msg/msg
[7.539s] -- Up-to-date: /mnt/hgfs/VMware/ROS2_DEMO/2_Chapter/code/install/student_msg/include/student_msg/student_msg/msg/detail
[7.541s] -- Installing: /mnt/hgfs/VMware/ROS2_DEMO/2_Chapter/code/install/student_msg/include/student_msg/student_msg/msg/detail/student__builder.hpp
[7.553s] -- Installing: /mnt/hgfs/VMware/ROS2_DEMO/2_Chapter/code/install/student_msg/include/student_msg/student_msg/msg/detail/student__struct.hpp
[7.565s] -- Installing: /mnt/hgfs/VMware/ROS2_DEMO/2_Chapter/code/install/student_msg/include/student_msg/student_msg/msg/detail/student__traits.hpp
[7.576s] -- Installing: /mnt/hgfs/VMware/ROS2_DEMO/2_Chapter/code/install/student_msg/include/student_msg/student_msg/msg/student.hpp
[7.589s] -- Up-to-date: /mnt/hgfs/VMware/ROS2_DEMO/2_Chapter/code/install/student_msg/include/student_msg/student_msg
[7.593s] -- Up-to-date: /mnt/hgfs/VMware/ROS2_DEMO/2_Chapter/code/install/student_msg/include/student_msg/student_msg/msg
[7.597s] -- Up-to-date: /mnt/hgfs/VMware/ROS2_DEMO/2_Chapter/code/install/student_msg/include/student_msg/student_msg/msg/detail
[7.600s] -- Installing: /mnt/hgfs/VMware/ROS2_DEMO/2_Chapter/code/install/student_msg/include/student_msg/student_msg/msg/detail/dds_fastrtps
[7.608s] -- Installing: /mnt/hgfs/VMware/ROS2_DEMO/2_Chapter/code/install/student_msg/include/student_msg/student_msg/msg/detail/student__rosidl_typesupport_fastrtps_cpp.hpp
[7.618s] -- Installing: /mnt/hgfs/VMware/ROS2_DEMO/2_Chapter/code/install/student_msg/include/student_msg/student_msg/msg/rosidl_typesupport_fastrtps_cpp__visibility_control.h
[7.629s] -- Installing: /mnt/hgfs/VMware/ROS2_DEMO/2_Chapter/code/install/student_msg/lib/libstudent_msg__rosidl_typesupport_fastrtps_cpp.so
[7.649s] -- Set runtime path of "/mnt/hgfs/VMware/ROS2_DEMO/2_Chapter/code/install/student_msg/lib/libstudent_msg__rosidl_typesupport_fastrtps_cpp.so" to ""
[7.652s] -- Up-to-date: /mnt/hgfs/VMware/ROS2_DEMO/2_Chapter/code/install/student_msg/include/student_msg/student_msg
[7.655s] -- Up-to-date: /mnt/hgfs/VMware/ROS2_DEMO/2_Chapter/code/install/student_msg/include/student_msg/student_msg/msg
[7.659s] -- Up-to-date: /mnt/hgfs/VMware/ROS2_DEMO/2_Chapter/code/install/student_msg/include/student_msg/student_msg/msg/detail
[7.662s] -- Installing: /mnt/hgfs/VMware/ROS2_DEMO/2_Chapter/code/install/student_msg/include/student_msg/student_msg/msg/detail/student__rosidl_typesupport_introspection_cpp.hpp
[7.676s] -- Installing: /mnt/hgfs/VMware/ROS2_DEMO/2_Chapter/code/install/student_msg/include/student_msg/student_msg/msg/detail/student__type_support.cpp
[7.690s] -- Installing: /mnt/hgfs/VMware/ROS2_DEMO/2_Chapter/code/install/student_msg/lib/libstudent_msg__rosidl_typesupport_introspection_cpp.so
[7.712s] -- Set runtime path of "/mnt/hgfs/VMware/ROS2_DEMO/2_Chapter/code/install/student_msg/lib/libstudent_msg__rosidl_typesupport_introspection_cpp.so" to ""
[7.717s] -- Installing: /mnt/hgfs/VMware/ROS2_DEMO/2_Chapter/code/install/student_msg/lib/libstudent_msg__rosidl_typesupport_cpp.so
[7.735s] -- Set runtime path of "/mnt/hgfs/VMware/ROS2_DEMO/2_Chapter/code/install/student_msg/lib/libstudent_msg__rosidl_typesupport_cpp.so" to ""
[7.738s] -- Installing: /mnt/hgfs/VMware/ROS2_DEMO/2_Chapter/code/install/student_msg/share/student_msg/environment/pythonpath.sh
[7.755s] -- Installing: /mnt/hgfs/VMware/ROS2_DEMO/2_Chapter/code/install/student_msg/share/student_msg/environment/pythonpath.dsv
[7.769s] -- Installing: /mnt/hgfs/VMware/ROS2_DEMO/2_Chapter/code/install/student_msg/local/lib/python3.10/dist-packages/student_msg-0.0.0-py3.10.egg-info
[7.781s] -- Installing: /mnt/hgfs/VMware/ROS2_DEMO/2_Chapter/code/install/student_msg/local/lib/python3.10/dist-packages/student_msg-0.0.0-py3.10.egg-info/dependency_links.txt
[7.794s] -- Installing: /mnt/hgfs/VMware/ROS2_DEMO/2_Chapter/code/install/student_msg/local/lib/python3.10/dist-packages/student_msg-0.0.0-py3.10.egg-info/PKG-INFO
[7.806s] -- Installing: /mnt/hgfs/VMware/ROS2_DEMO/2_Chapter/code/install/student_msg/local/lib/python3.10/dist-packages/student_msg-0.0.0-py3.10.egg-info/SOURCES.txt
[7.818s] -- Installing: /mnt/hgfs/VMware/ROS2_DEMO/2_Chapter/code/install/student_msg/local/lib/python3.10/dist-packages/student_msg-0.0.0-py3.10.egg-info/top_level.txt
[7.832s] -- Installing: /mnt/hgfs/VMware/ROS2_DEMO/2_Chapter/code/install/student_msg/local/lib/python3.10/dist-packages/student_msg
[7.840s] -- Installing: /mnt/hgfs/VMware/ROS2_DEMO/2_Chapter/code/install/student_msg/local/lib/python3.10/dist-packages/student_msg/libstudent_msg__rosidl_generator_py.so
[7.854s] -- Installing: /mnt/hgfs/VMware/ROS2_DEMO/2_Chapter/code/install/student_msg/local/lib/python3.10/dist-packages/student_msg/msg
[7.862s] -- Installing: /mnt/hgfs/VMware/ROS2_DEMO/2_Chapter/code/install/student_msg/local/lib/python3.10/dist-packages/student_msg/msg/_student.py
[7.875s] -- Installing: /mnt/hgfs/VMware/ROS2_DEMO/2_Chapter/code/install/student_msg/local/lib/python3.10/dist-packages/student_msg/msg/_student_s.c
[7.889s] -- Installing: /mnt/hgfs/VMware/ROS2_DEMO/2_Chapter/code/install/student_msg/local/lib/python3.10/dist-packages/student_msg/msg/__init__.py
[7.898s] -- Installing: /mnt/hgfs/VMware/ROS2_DEMO/2_Chapter/code/install/student_msg/local/lib/python3.10/dist-packages/student_msg/student_msg_s__rosidl_typesupport_c.cpython-310-x86_64-linux-gnu.so
[7.911s] -- Installing: /mnt/hgfs/VMware/ROS2_DEMO/2_Chapter/code/install/student_msg/local/lib/python3.10/dist-packages/student_msg/student_msg_s__rosidl_typesupport_fastrtps_c.cpython-310-x86_64-linux-gnu.so
[7.923s] -- Installing: /mnt/hgfs/VMware/ROS2_DEMO/2_Chapter/code/install/student_msg/local/lib/python3.10/dist-packages/student_msg/student_msg_s__rosidl_typesupport_introspection_c.cpython-310-x86_64-linux-gnu.so
[7.936s] -- Installing: /mnt/hgfs/VMware/ROS2_DEMO/2_Chapter/code/install/student_msg/local/lib/python3.10/dist-packages/student_msg/_student_msg_s.ep.rosidl_typesupport_c.c
[7.948s] -- Installing: /mnt/hgfs/VMware/ROS2_DEMO/2_Chapter/code/install/student_msg/local/lib/python3.10/dist-packages/student_msg/_student_msg_s.ep.rosidl_typesupport_fastrtps_c.c
[7.961s] -- Installing: /mnt/hgfs/VMware/ROS2_DEMO/2_Chapter/code/install/student_msg/local/lib/python3.10/dist-packages/student_msg/_student_msg_s.ep.rosidl_typesupport_introspection_c.c
[7.974s] -- Installing: /mnt/hgfs/VMware/ROS2_DEMO/2_Chapter/code/install/student_msg/local/lib/python3.10/dist-packages/student_msg/__init__.py
[8.037s] Listing '/mnt/hgfs/VMware/ROS2_DEMO/2_Chapter/code/install/student_msg/local/lib/python3.10/dist-packages/student_msg'...
[8.040s] Compiling '/mnt/hgfs/VMware/ROS2_DEMO/2_Chapter/code/install/student_msg/local/lib/python3.10/dist-packages/student_msg/__init__.py'...
[8.043s] Listing '/mnt/hgfs/VMware/ROS2_DEMO/2_Chapter/code/install/student_msg/local/lib/python3.10/dist-packages/student_msg/msg'...
[8.046s] Compiling '/mnt/hgfs/VMware/ROS2_DEMO/2_Chapter/code/install/student_msg/local/lib/python3.10/dist-packages/student_msg/msg/__init__.py'...
[8.050s] Compiling '/mnt/hgfs/VMware/ROS2_DEMO/2_Chapter/code/install/student_msg/local/lib/python3.10/dist-packages/student_msg/msg/_student.py'...
[8.053s] -- Installing: /mnt/hgfs/VMware/ROS2_DEMO/2_Chapter/code/install/student_msg/local/lib/python3.10/dist-packages/student_msg/student_msg_s__rosidl_typesupport_fastrtps_c.cpython-310-x86_64-linux-gnu.so
[8.069s] -- Set runtime path of "/mnt/hgfs/VMware/ROS2_DEMO/2_Chapter/code/install/student_msg/local/lib/python3.10/dist-packages/student_msg/student_msg_s__rosidl_typesupport_fastrtps_c.cpython-310-x86_64-linux-gnu.so" to ""
[8.074s] -- Installing: /mnt/hgfs/VMware/ROS2_DEMO/2_Chapter/code/install/student_msg/local/lib/python3.10/dist-packages/student_msg/student_msg_s__rosidl_typesupport_introspection_c.cpython-310-x86_64-linux-gnu.so
[8.092s] -- Set runtime path of "/mnt/hgfs/VMware/ROS2_DEMO/2_Chapter/code/install/student_msg/local/lib/python3.10/dist-packages/student_msg/student_msg_s__rosidl_typesupport_introspection_c.cpython-310-x86_64-linux-gnu.so" to ""
[8.096s] -- Installing: /mnt/hgfs/VMware/ROS2_DEMO/2_Chapter/code/install/student_msg/local/lib/python3.10/dist-packages/student_msg/student_msg_s__rosidl_typesupport_c.cpython-310-x86_64-linux-gnu.so
[8.114s] -- Set runtime path of "/mnt/hgfs/VMware/ROS2_DEMO/2_Chapter/code/install/student_msg/local/lib/python3.10/dist-packages/student_msg/student_msg_s__rosidl_typesupport_c.cpython-310-x86_64-linux-gnu.so" to ""
[8.117s] -- Installing: /mnt/hgfs/VMware/ROS2_DEMO/2_Chapter/code/install/student_msg/lib/libstudent_msg__rosidl_generator_py.so
[8.133s] -- Set runtime path of "/mnt/hgfs/VMware/ROS2_DEMO/2_Chapter/code/install/student_msg/lib/libstudent_msg__rosidl_generator_py.so" to ""
[8.140s] -- Installing: /mnt/hgfs/VMware/ROS2_DEMO/2_Chapter/code/install/student_msg/share/student_msg/msg/Student.idl
[8.152s] -- Installing: /mnt/hgfs/VMware/ROS2_DEMO/2_Chapter/code/install/student_msg/share/student_msg/msg/Student.msg
[8.167s] -- Installing: /mnt/hgfs/VMware/ROS2_DEMO/2_Chapter/code/install/student_msg/share/ament_index/resource_index/package_run_dependencies/student_msg
[8.181s] -- Installing: /mnt/hgfs/VMware/ROS2_DEMO/2_Chapter/code/install/student_msg/share/ament_index/resource_index/parent_prefix_path/student_msg
[8.193s] -- Installing: /mnt/hgfs/VMware/ROS2_DEMO/2_Chapter/code/install/student_msg/share/student_msg/environment/ament_prefix_path.sh
[8.202s] -- Installing: /mnt/hgfs/VMware/ROS2_DEMO/2_Chapter/code/install/student_msg/share/student_msg/environment/ament_prefix_path.dsv
[8.214s] -- Installing: /mnt/hgfs/VMware/ROS2_DEMO/2_Chapter/code/install/student_msg/share/student_msg/environment/path.sh
[8.223s] -- Installing: /mnt/hgfs/VMware/ROS2_DEMO/2_Chapter/code/install/student_msg/share/student_msg/environment/path.dsv
[8.234s] -- Installing: /mnt/hgfs/VMware/ROS2_DEMO/2_Chapter/code/install/student_msg/share/student_msg/local_setup.bash
[8.245s] -- Installing: /mnt/hgfs/VMware/ROS2_DEMO/2_Chapter/code/install/student_msg/share/student_msg/local_setup.sh
[8.257s] -- Installing: /mnt/hgfs/VMware/ROS2_DEMO/2_Chapter/code/install/student_msg/share/student_msg/local_setup.zsh
[8.270s] -- Installing: /mnt/hgfs/VMware/ROS2_DEMO/2_Chapter/code/install/student_msg/share/student_msg/local_setup.dsv
[8.283s] -- Installing: /mnt/hgfs/VMware/ROS2_DEMO/2_Chapter/code/install/student_msg/share/student_msg/package.dsv
[8.302s] -- Installing: /mnt/hgfs/VMware/ROS2_DEMO/2_Chapter/code/install/student_msg/share/ament_index/resource_index/packages/student_msg
[8.316s] -- Installing: /mnt/hgfs/VMware/ROS2_DEMO/2_Chapter/code/install/student_msg/share/student_msg/cmake/export_student_msg__rosidl_generator_cExport.cmake
[8.327s] -- Installing: /mnt/hgfs/VMware/ROS2_DEMO/2_Chapter/code/install/student_msg/share/student_msg/cmake/export_student_msg__rosidl_generator_cExport-noconfig.cmake
[8.338s] -- Installing: /mnt/hgfs/VMware/ROS2_DEMO/2_Chapter/code/install/student_msg/share/student_msg/cmake/export_student_msg__rosidl_typesupport_fastrtps_cExport.cmake
[8.351s] -- Installing: /mnt/hgfs/VMware/ROS2_DEMO/2_Chapter/code/install/student_msg/share/student_msg/cmake/export_student_msg__rosidl_typesupport_fastrtps_cExport-noconfig.cmake
[8.363s] -- Installing: /mnt/hgfs/VMware/ROS2_DEMO/2_Chapter/code/install/student_msg/share/student_msg/cmake/student_msg__rosidl_typesupport_introspection_cExport.cmake
[8.375s] -- Installing: /mnt/hgfs/VMware/ROS2_DEMO/2_Chapter/code/install/student_msg/share/student_msg/cmake/student_msg__rosidl_typesupport_introspection_cExport-noconfig.cmake
[8.386s] -- Installing: /mnt/hgfs/VMware/ROS2_DEMO/2_Chapter/code/install/student_msg/share/student_msg/cmake/student_msg__rosidl_typesupport_cExport.cmake
[8.399s] -- Installing: /mnt/hgfs/VMware/ROS2_DEMO/2_Chapter/code/install/student_msg/share/student_msg/cmake/student_msg__rosidl_typesupport_cExport-noconfig.cmake
[8.410s] -- Installing: /mnt/hgfs/VMware/ROS2_DEMO/2_Chapter/code/install/student_msg/share/student_msg/cmake/export_student_msg__rosidl_generator_cppExport.cmake
[8.423s] -- Installing: /mnt/hgfs/VMware/ROS2_DEMO/2_Chapter/code/install/student_msg/share/student_msg/cmake/export_student_msg__rosidl_typesupport_fastrtps_cppExport.cmake
[8.434s] -- Installing: /mnt/hgfs/VMware/ROS2_DEMO/2_Chapter/code/install/student_msg/share/student_msg/cmake/export_student_msg__rosidl_typesupport_fastrtps_cppExport-noconfig.cmake
[8.446s] -- Installing: /mnt/hgfs/VMware/ROS2_DEMO/2_Chapter/code/install/student_msg/share/student_msg/cmake/student_msg__rosidl_typesupport_introspection_cppExport.cmake
[8.459s] -- Installing: /mnt/hgfs/VMware/ROS2_DEMO/2_Chapter/code/install/student_msg/share/student_msg/cmake/student_msg__rosidl_typesupport_introspection_cppExport-noconfig.cmake
[8.469s] -- Installing: /mnt/hgfs/VMware/ROS2_DEMO/2_Chapter/code/install/student_msg/share/student_msg/cmake/student_msg__rosidl_typesupport_cppExport.cmake
[8.481s] -- Installing: /mnt/hgfs/VMware/ROS2_DEMO/2_Chapter/code/install/student_msg/share/student_msg/cmake/student_msg__rosidl_typesupport_cppExport-noconfig.cmake
[8.492s] -- Installing: /mnt/hgfs/VMware/ROS2_DEMO/2_Chapter/code/install/student_msg/share/student_msg/cmake/export_student_msg__rosidl_generator_pyExport.cmake
[8.503s] -- Installing: /mnt/hgfs/VMware/ROS2_DEMO/2_Chapter/code/install/student_msg/share/student_msg/cmake/export_student_msg__rosidl_generator_pyExport-noconfig.cmake
[8.515s] -- Installing: /mnt/hgfs/VMware/ROS2_DEMO/2_Chapter/code/install/student_msg/share/student_msg/cmake/rosidl_cmake-extras.cmake
[8.526s] -- Installing: /mnt/hgfs/VMware/ROS2_DEMO/2_Chapter/code/install/student_msg/share/student_msg/cmake/ament_cmake_export_include_directories-extras.cmake
[8.539s] -- Installing: /mnt/hgfs/VMware/ROS2_DEMO/2_Chapter/code/install/student_msg/share/student_msg/cmake/ament_cmake_export_libraries-extras.cmake
[8.550s] -- Installing: /mnt/hgfs/VMware/ROS2_DEMO/2_Chapter/code/install/student_msg/share/student_msg/cmake/ament_cmake_export_targets-extras.cmake
[8.561s] -- Installing: /mnt/hgfs/VMware/ROS2_DEMO/2_Chapter/code/install/student_msg/share/student_msg/cmake/rosidl_cmake_export_typesupport_targets-extras.cmake
[8.572s] -- Installing: /mnt/hgfs/VMware/ROS2_DEMO/2_Chapter/code/install/student_msg/share/student_msg/cmake/ament_cmake_export_dependencies-extras.cmake
[8.583s] -- Installing: /mnt/hgfs/VMware/ROS2_DEMO/2_Chapter/code/install/student_msg/share/student_msg/cmake/rosidl_cmake_export_typesupport_libraries-extras.cmake
[8.594s] -- Installing: /mnt/hgfs/VMware/ROS2_DEMO/2_Chapter/code/install/student_msg/share/student_msg/cmake/student_msgConfig.cmake
[8.604s] -- Installing: /mnt/hgfs/VMware/ROS2_DEMO/2_Chapter/code/install/student_msg/share/student_msg/cmake/student_msgConfig-version.cmake
[8.615s] -- Installing: /mnt/hgfs/VMware/ROS2_DEMO/2_Chapter/code/install/student_msg/share/student_msg/package.xml
[8.630s] Invoked command in '/mnt/hgfs/VMware/ROS2_DEMO/2_Chapter/code/build/student_msg' returned '0': CMAKE_PREFIX_PATH=/opt/ros/humble /usr/bin/cmake --install /mnt/hgfs/VMware/ROS2_DEMO/2_Chapter/code/build/student_msg
