running egg_info
writing ../build/python_para_cli/python_para_cli.egg-info/PKG-INFO
writing dependency_links to ../build/python_para_cli/python_para_cli.egg-info/dependency_links.txt
writing entry points to ../build/python_para_cli/python_para_cli.egg-info/entry_points.txt
writing requirements to ../build/python_para_cli/python_para_cli.egg-info/requires.txt
writing top-level names to ../build/python_para_cli/python_para_cli.egg-info/top_level.txt
reading manifest file '../build/python_para_cli/python_para_cli.egg-info/SOURCES.txt'
writing manifest file '../build/python_para_cli/python_para_cli.egg-info/SOURCES.txt'
running build
running build_py
copying python_para_cli/pythonParaCliNode.py -> /mnt/hgfs/VMware/ROS2_DEMO/4_Chapter/code/build/python_para_cli/build/lib/python_para_cli
running install
/usr/lib/python3/dist-packages/setuptools/command/install.py:34: SetuptoolsDeprecationWarning: setup.py install is deprecated. Use build and pip and other standards-based tools.
  warnings.warn(
running install_lib
copying /mnt/hgfs/VMware/ROS2_DEMO/4_Chapter/code/build/python_para_cli/build/lib/python_para_cli/pythonParaCliNode.py -> /mnt/hgfs/VMware/ROS2_DEMO/4_Chapter/code/install/python_para_cli/lib/python3.10/site-packages/python_para_cli
byte-compiling /mnt/hgfs/VMware/ROS2_DEMO/4_Chapter/code/install/python_para_cli/lib/python3.10/site-packages/python_para_cli/pythonParaCliNode.py to pythonParaCliNode.cpython-310.pyc
running install_data
running install_egg_info
removing '/mnt/hgfs/VMware/ROS2_DEMO/4_Chapter/code/install/python_para_cli/lib/python3.10/site-packages/python_para_cli-0.0.0-py3.10.egg-info' (and everything under it)
Copying ../build/python_para_cli/python_para_cli.egg-info to /mnt/hgfs/VMware/ROS2_DEMO/4_Chapter/code/install/python_para_cli/lib/python3.10/site-packages/python_para_cli-0.0.0-py3.10.egg-info
running install_scripts
Installing pythonParaCliNode script to /mnt/hgfs/VMware/ROS2_DEMO/4_Chapter/code/install/python_para_cli/lib/python_para_cli
writing list of installed files to '/mnt/hgfs/VMware/ROS2_DEMO/4_Chapter/code/build/python_para_cli/install.log'
