[0.254s] DEBUG:colcon:Command line arguments: ['/usr/bin/colcon', 'build']
[0.254s] DEBUG:colcon:Parsed command line arguments: Namespace(log_base=None, log_level=None, verb_name='build', build_base='build', install_base='install', merge_install=False, symlink_install=False, test_result_base=None, continue_on_error=False, executor='parallel', parallel_workers=16, event_handlers=None, ignore_user_meta=False, metas=['./colcon.meta'], base_paths=['.'], packages_ignore=None, packages_ignore_regex=None, paths=None, packages_up_to=None, packages_up_to_regex=None, packages_above=None, packages_above_and_dependencies=None, packages_above_depth=None, packages_select_by_dep=None, packages_skip_by_dep=None, packages_skip_up_to=None, packages_select_build_failed=False, packages_skip_build_finished=False, packages_select_test_failures=False, packages_skip_test_passed=False, packages_select=None, packages_skip=None, packages_select_regex=None, packages_skip_regex=None, packages_start=None, packages_end=None, allow_overriding=[], cmake_args=None, cmake_target=None, cmake_target_skip_unavailable=False, cmake_clean_cache=False, cmake_clean_first=False, cmake_force_configure=False, ament_cmake_args=None, catkin_cmake_args=None, catkin_skip_building_tests=False, verb_parser=<colcon_defaults.argument_parser.defaults.DefaultArgumentsDecorator object at 0x7fcaffa492d0>, verb_extension=<colcon_core.verb.build.BuildVerb object at 0x7fcaffb77c70>, main=<bound method BuildVerb.main of <colcon_core.verb.build.BuildVerb object at 0x7fcaffb77c70>>)
[0.294s] Level 1:colcon.colcon_core.package_discovery:discover_packages(colcon_meta) check parameters
[0.295s] Level 1:colcon.colcon_core.package_discovery:discover_packages(recursive) check parameters
[0.295s] Level 1:colcon.colcon_core.package_discovery:discover_packages(ignore) check parameters
[0.295s] Level 1:colcon.colcon_core.package_discovery:discover_packages(path) check parameters
[0.296s] Level 1:colcon.colcon_core.package_discovery:discover_packages(colcon_meta) discover
[0.297s] Level 1:colcon.colcon_core.package_discovery:discover_packages(recursive) discover
[0.297s] INFO:colcon.colcon_core.package_discovery:Crawling recursively for packages in '/mnt/hgfs/VMware/ROS2_DEMO/4_Chapter/code'
[0.299s] Level 1:colcon.colcon_core.package_identification:_identify(.) by extensions ['ignore', 'ignore_ament_install']
[0.299s] Level 1:colcon.colcon_core.package_identification:_identify(.) by extension 'ignore'
[0.300s] Level 1:colcon.colcon_core.package_identification:_identify(.) by extension 'ignore_ament_install'
[0.303s] Level 1:colcon.colcon_core.package_identification:_identify(.) by extensions ['colcon_pkg']
[0.303s] Level 1:colcon.colcon_core.package_identification:_identify(.) by extension 'colcon_pkg'
[0.304s] Level 1:colcon.colcon_core.package_identification:_identify(.) by extensions ['colcon_meta']
[0.304s] Level 1:colcon.colcon_core.package_identification:_identify(.) by extension 'colcon_meta'
[0.304s] Level 1:colcon.colcon_core.package_identification:_identify(.) by extensions ['ros']
[0.305s] Level 1:colcon.colcon_core.package_identification:_identify(.) by extension 'ros'
[0.317s] Level 1:colcon.colcon_core.package_identification:_identify(.) by extensions ['cmake', 'python']
[0.317s] Level 1:colcon.colcon_core.package_identification:_identify(.) by extension 'cmake'
[0.319s] Level 1:colcon.colcon_core.package_identification:_identify(.) by extension 'python'
[0.319s] Level 1:colcon.colcon_core.package_identification:_identify(.) by extensions ['python_setup_py']
[0.320s] Level 1:colcon.colcon_core.package_identification:_identify(.) by extension 'python_setup_py'
[0.322s] Level 1:colcon.colcon_core.package_identification:_identify(build) by extensions ['ignore', 'ignore_ament_install']
[0.322s] Level 1:colcon.colcon_core.package_identification:_identify(build) by extension 'ignore'
[0.323s] Level 1:colcon.colcon_core.package_identification:_identify(build) ignored
[0.325s] Level 1:colcon.colcon_core.package_identification:_identify(cpp_para_server) by extensions ['ignore', 'ignore_ament_install']
[0.325s] Level 1:colcon.colcon_core.package_identification:_identify(cpp_para_server) by extension 'ignore'
[0.326s] Level 1:colcon.colcon_core.package_identification:_identify(cpp_para_server) by extension 'ignore_ament_install'
[0.327s] Level 1:colcon.colcon_core.package_identification:_identify(cpp_para_server) by extensions ['colcon_pkg']
[0.328s] Level 1:colcon.colcon_core.package_identification:_identify(cpp_para_server) by extension 'colcon_pkg'
[0.329s] Level 1:colcon.colcon_core.package_identification:_identify(cpp_para_server) by extensions ['colcon_meta']
[0.329s] Level 1:colcon.colcon_core.package_identification:_identify(cpp_para_server) by extension 'colcon_meta'
[0.330s] Level 1:colcon.colcon_core.package_identification:_identify(cpp_para_server) by extensions ['ros']
[0.330s] Level 1:colcon.colcon_core.package_identification:_identify(cpp_para_server) by extension 'ros'
[0.335s] DEBUG:colcon.colcon_core.package_identification:Package 'cpp_para_server' with type 'ros.ament_cmake' and name 'cpp_para_server'
[0.337s] Level 1:colcon.colcon_core.package_identification:_identify(install) by extensions ['ignore', 'ignore_ament_install']
[0.337s] Level 1:colcon.colcon_core.package_identification:_identify(install) by extension 'ignore'
[0.338s] Level 1:colcon.colcon_core.package_identification:_identify(install) ignored
[0.340s] Level 1:colcon.colcon_core.package_identification:_identify(log) by extensions ['ignore', 'ignore_ament_install']
[0.340s] Level 1:colcon.colcon_core.package_identification:_identify(log) by extension 'ignore'
[0.341s] Level 1:colcon.colcon_core.package_identification:_identify(log) ignored
[0.341s] Level 1:colcon.colcon_core.package_discovery:discover_packages(recursive) using defaults
[0.342s] Level 1:colcon.colcon_core.package_discovery:discover_packages(ignore) discover
[0.343s] Level 1:colcon.colcon_core.package_discovery:discover_packages(ignore) using defaults
[0.343s] Level 1:colcon.colcon_core.package_discovery:discover_packages(path) discover
[0.344s] Level 1:colcon.colcon_core.package_discovery:discover_packages(path) using defaults
[0.363s] Level 1:colcon.colcon_core.package_discovery:discover_packages(prefix_path) check parameters
[0.364s] Level 1:colcon.colcon_core.package_discovery:discover_packages(prefix_path) discover
[0.365s] WARNING:colcon.colcon_ros.prefix_path.ament:The path '/mnt/hgfs/VMware/ROS2_DEMO/4_Chapter/code/install/cpp_para_server' in the environment variable AMENT_PREFIX_PATH doesn't exist
[0.366s] WARNING:colcon.colcon_ros.prefix_path.catkin:The path '/mnt/hgfs/VMware/ROS2_DEMO/4_Chapter/code/install/cpp_para_server' in the environment variable CMAKE_PREFIX_PATH doesn't exist
[0.371s] DEBUG:colcon.colcon_installed_package_information.package_discovery:Found 0 installed packages in /mnt/hgfs/VMware/ROS2_DEMO/4_Chapter/code/install
[0.373s] DEBUG:colcon.colcon_installed_package_information.package_discovery:Found 270 installed packages in /opt/ros/humble
[0.375s] Level 1:colcon.colcon_core.package_discovery:discover_packages(prefix_path) using defaults
[0.426s] Level 5:colcon.colcon_core.verb:set package 'cpp_para_server' build argument 'cmake_args' from command line to 'None'
[0.426s] Level 5:colcon.colcon_core.verb:set package 'cpp_para_server' build argument 'cmake_target' from command line to 'None'
[0.427s] Level 5:colcon.colcon_core.verb:set package 'cpp_para_server' build argument 'cmake_target_skip_unavailable' from command line to 'False'
[0.427s] Level 5:colcon.colcon_core.verb:set package 'cpp_para_server' build argument 'cmake_clean_cache' from command line to 'False'
[0.428s] Level 5:colcon.colcon_core.verb:set package 'cpp_para_server' build argument 'cmake_clean_first' from command line to 'False'
[0.429s] Level 5:colcon.colcon_core.verb:set package 'cpp_para_server' build argument 'cmake_force_configure' from command line to 'False'
[0.429s] Level 5:colcon.colcon_core.verb:set package 'cpp_para_server' build argument 'ament_cmake_args' from command line to 'None'
[0.430s] Level 5:colcon.colcon_core.verb:set package 'cpp_para_server' build argument 'catkin_cmake_args' from command line to 'None'
[0.431s] Level 5:colcon.colcon_core.verb:set package 'cpp_para_server' build argument 'catkin_skip_building_tests' from command line to 'False'
[0.432s] DEBUG:colcon.colcon_core.verb:Building package 'cpp_para_server' with the following arguments: {'ament_cmake_args': None, 'build_base': '/mnt/hgfs/VMware/ROS2_DEMO/4_Chapter/code/build/cpp_para_server', 'catkin_cmake_args': None, 'catkin_skip_building_tests': False, 'cmake_args': None, 'cmake_clean_cache': False, 'cmake_clean_first': False, 'cmake_force_configure': False, 'cmake_target': None, 'cmake_target_skip_unavailable': False, 'install_base': '/mnt/hgfs/VMware/ROS2_DEMO/4_Chapter/code/install/cpp_para_server', 'merge_install': False, 'path': '/mnt/hgfs/VMware/ROS2_DEMO/4_Chapter/code/cpp_para_server', 'symlink_install': False, 'test_result_base': None}
[0.433s] INFO:colcon.colcon_core.executor:Executing jobs using 'parallel' executor
[0.436s] DEBUG:colcon.colcon_parallel_executor.executor.parallel:run_until_complete
[0.438s] INFO:colcon.colcon_ros.task.ament_cmake.build:Building ROS package in '/mnt/hgfs/VMware/ROS2_DEMO/4_Chapter/code/cpp_para_server' with build type 'ament_cmake'
[0.438s] INFO:colcon.colcon_cmake.task.cmake.build:Building CMake package in '/mnt/hgfs/VMware/ROS2_DEMO/4_Chapter/code/cpp_para_server'
[0.444s] INFO:colcon.colcon_core.plugin_system:Skipping extension 'colcon_core.shell.bat': Not used on non-Windows systems
[0.444s] INFO:colcon.colcon_core.shell:Skip shell extension 'powershell' for command environment: Not usable outside of PowerShell
[0.445s] DEBUG:colcon.colcon_core.shell:Skip shell extension 'dsv' for command environment
[0.474s] DEBUG:colcon.colcon_core.event_handler.log_command:Invoking command in '/mnt/hgfs/VMware/ROS2_DEMO/4_Chapter/code/build/cpp_para_server': CMAKE_PREFIX_PATH=${CMAKE_PREFIX_PATH}:/opt/ros/humble /usr/bin/cmake /mnt/hgfs/VMware/ROS2_DEMO/4_Chapter/code/cpp_para_server -DCMAKE_INSTALL_PREFIX=/mnt/hgfs/VMware/ROS2_DEMO/4_Chapter/code/install/cpp_para_server
[2.995s] DEBUG:colcon.colcon_core.event_handler.log_command:Invoked command in '/mnt/hgfs/VMware/ROS2_DEMO/4_Chapter/code/build/cpp_para_server' returned '0': CMAKE_PREFIX_PATH=${CMAKE_PREFIX_PATH}:/opt/ros/humble /usr/bin/cmake /mnt/hgfs/VMware/ROS2_DEMO/4_Chapter/code/cpp_para_server -DCMAKE_INSTALL_PREFIX=/mnt/hgfs/VMware/ROS2_DEMO/4_Chapter/code/install/cpp_para_server
[2.999s] DEBUG:colcon.colcon_core.event_handler.log_command:Invoking command in '/mnt/hgfs/VMware/ROS2_DEMO/4_Chapter/code/build/cpp_para_server': CMAKE_PREFIX_PATH=${CMAKE_PREFIX_PATH}:/opt/ros/humble /usr/bin/cmake --build /mnt/hgfs/VMware/ROS2_DEMO/4_Chapter/code/build/cpp_para_server -- -j16 -l16
[6.531s] DEBUG:colcon.colcon_core.event_handler.log_command:Invoked command in '/mnt/hgfs/VMware/ROS2_DEMO/4_Chapter/code/build/cpp_para_server' returned '0': CMAKE_PREFIX_PATH=${CMAKE_PREFIX_PATH}:/opt/ros/humble /usr/bin/cmake --build /mnt/hgfs/VMware/ROS2_DEMO/4_Chapter/code/build/cpp_para_server -- -j16 -l16
[6.563s] DEBUG:colcon.colcon_core.event_handler.log_command:Invoking command in '/mnt/hgfs/VMware/ROS2_DEMO/4_Chapter/code/build/cpp_para_server': CMAKE_PREFIX_PATH=${CMAKE_PREFIX_PATH}:/opt/ros/humble /usr/bin/cmake --install /mnt/hgfs/VMware/ROS2_DEMO/4_Chapter/code/build/cpp_para_server
[6.775s] Level 1:colcon.colcon_core.environment:create_environment_scripts_only(cpp_para_server)
[6.778s] DEBUG:colcon.colcon_core.event_handler.log_command:Invoked command in '/mnt/hgfs/VMware/ROS2_DEMO/4_Chapter/code/build/cpp_para_server' returned '0': CMAKE_PREFIX_PATH=${CMAKE_PREFIX_PATH}:/opt/ros/humble /usr/bin/cmake --install /mnt/hgfs/VMware/ROS2_DEMO/4_Chapter/code/build/cpp_para_server
[6.780s] Level 1:colcon.colcon_core.environment:checking '/mnt/hgfs/VMware/ROS2_DEMO/4_Chapter/code/install/cpp_para_server' for CMake module files
[6.791s] Level 1:colcon.colcon_core.environment:checking '/mnt/hgfs/VMware/ROS2_DEMO/4_Chapter/code/install/cpp_para_server' for CMake config files
[6.802s] Level 1:colcon.colcon_core.shell:create_environment_hook('cpp_para_server', 'cmake_prefix_path')
[6.804s] INFO:colcon.colcon_core.shell:Creating environment hook '/mnt/hgfs/VMware/ROS2_DEMO/4_Chapter/code/install/cpp_para_server/share/cpp_para_server/hook/cmake_prefix_path.ps1'
[6.807s] INFO:colcon.colcon_core.shell:Creating environment descriptor '/mnt/hgfs/VMware/ROS2_DEMO/4_Chapter/code/install/cpp_para_server/share/cpp_para_server/hook/cmake_prefix_path.dsv'
[6.810s] INFO:colcon.colcon_core.shell:Creating environment hook '/mnt/hgfs/VMware/ROS2_DEMO/4_Chapter/code/install/cpp_para_server/share/cpp_para_server/hook/cmake_prefix_path.sh'
[6.814s] Level 1:colcon.colcon_core.environment:checking '/mnt/hgfs/VMware/ROS2_DEMO/4_Chapter/code/install/cpp_para_server/lib'
[6.816s] Level 1:colcon.colcon_core.environment:checking '/mnt/hgfs/VMware/ROS2_DEMO/4_Chapter/code/install/cpp_para_server/bin'
[6.817s] Level 1:colcon.colcon_core.environment:checking '/mnt/hgfs/VMware/ROS2_DEMO/4_Chapter/code/install/cpp_para_server/lib/pkgconfig/cpp_para_server.pc'
[6.818s] Level 1:colcon.colcon_core.environment:checking '/mnt/hgfs/VMware/ROS2_DEMO/4_Chapter/code/install/cpp_para_server/lib/python3.10/site-packages'
[6.819s] Level 1:colcon.colcon_core.environment:checking '/mnt/hgfs/VMware/ROS2_DEMO/4_Chapter/code/install/cpp_para_server/bin'
[6.821s] INFO:colcon.colcon_core.shell:Creating package script '/mnt/hgfs/VMware/ROS2_DEMO/4_Chapter/code/install/cpp_para_server/share/cpp_para_server/package.ps1'
[6.823s] INFO:colcon.colcon_core.shell:Creating package descriptor '/mnt/hgfs/VMware/ROS2_DEMO/4_Chapter/code/install/cpp_para_server/share/cpp_para_server/package.dsv'
[6.826s] INFO:colcon.colcon_core.shell:Creating package script '/mnt/hgfs/VMware/ROS2_DEMO/4_Chapter/code/install/cpp_para_server/share/cpp_para_server/package.sh'
[6.828s] INFO:colcon.colcon_core.shell:Creating package script '/mnt/hgfs/VMware/ROS2_DEMO/4_Chapter/code/install/cpp_para_server/share/cpp_para_server/package.bash'
[6.832s] INFO:colcon.colcon_core.shell:Creating package script '/mnt/hgfs/VMware/ROS2_DEMO/4_Chapter/code/install/cpp_para_server/share/cpp_para_server/package.zsh'
[6.835s] Level 1:colcon.colcon_core.environment:create_file_with_runtime_dependencies(/mnt/hgfs/VMware/ROS2_DEMO/4_Chapter/code/install/cpp_para_server/share/colcon-core/packages/cpp_para_server)
[6.864s] Level 1:colcon.colcon_core.environment:create_environment_scripts_only(cpp_para_server)
[6.866s] Level 1:colcon.colcon_core.environment:checking '/mnt/hgfs/VMware/ROS2_DEMO/4_Chapter/code/install/cpp_para_server' for CMake module files
[6.875s] Level 1:colcon.colcon_core.environment:checking '/mnt/hgfs/VMware/ROS2_DEMO/4_Chapter/code/install/cpp_para_server' for CMake config files
[6.886s] Level 1:colcon.colcon_core.shell:create_environment_hook('cpp_para_server', 'cmake_prefix_path')
[6.887s] INFO:colcon.colcon_core.shell:Creating environment hook '/mnt/hgfs/VMware/ROS2_DEMO/4_Chapter/code/install/cpp_para_server/share/cpp_para_server/hook/cmake_prefix_path.ps1'
[6.889s] INFO:colcon.colcon_core.shell:Creating environment descriptor '/mnt/hgfs/VMware/ROS2_DEMO/4_Chapter/code/install/cpp_para_server/share/cpp_para_server/hook/cmake_prefix_path.dsv'
[6.891s] INFO:colcon.colcon_core.shell:Creating environment hook '/mnt/hgfs/VMware/ROS2_DEMO/4_Chapter/code/install/cpp_para_server/share/cpp_para_server/hook/cmake_prefix_path.sh'
[6.894s] Level 1:colcon.colcon_core.environment:checking '/mnt/hgfs/VMware/ROS2_DEMO/4_Chapter/code/install/cpp_para_server/lib'
[6.895s] Level 1:colcon.colcon_core.environment:checking '/mnt/hgfs/VMware/ROS2_DEMO/4_Chapter/code/install/cpp_para_server/bin'
[6.896s] Level 1:colcon.colcon_core.environment:checking '/mnt/hgfs/VMware/ROS2_DEMO/4_Chapter/code/install/cpp_para_server/lib/pkgconfig/cpp_para_server.pc'
[6.897s] Level 1:colcon.colcon_core.environment:checking '/mnt/hgfs/VMware/ROS2_DEMO/4_Chapter/code/install/cpp_para_server/lib/python3.10/site-packages'
[6.898s] Level 1:colcon.colcon_core.environment:checking '/mnt/hgfs/VMware/ROS2_DEMO/4_Chapter/code/install/cpp_para_server/bin'
[6.899s] INFO:colcon.colcon_core.shell:Creating package script '/mnt/hgfs/VMware/ROS2_DEMO/4_Chapter/code/install/cpp_para_server/share/cpp_para_server/package.ps1'
[6.902s] INFO:colcon.colcon_core.shell:Creating package descriptor '/mnt/hgfs/VMware/ROS2_DEMO/4_Chapter/code/install/cpp_para_server/share/cpp_para_server/package.dsv'
[6.904s] INFO:colcon.colcon_core.shell:Creating package script '/mnt/hgfs/VMware/ROS2_DEMO/4_Chapter/code/install/cpp_para_server/share/cpp_para_server/package.sh'
[6.906s] INFO:colcon.colcon_core.shell:Creating package script '/mnt/hgfs/VMware/ROS2_DEMO/4_Chapter/code/install/cpp_para_server/share/cpp_para_server/package.bash'
[6.907s] INFO:colcon.colcon_core.shell:Creating package script '/mnt/hgfs/VMware/ROS2_DEMO/4_Chapter/code/install/cpp_para_server/share/cpp_para_server/package.zsh'
[6.909s] Level 1:colcon.colcon_core.environment:create_file_with_runtime_dependencies(/mnt/hgfs/VMware/ROS2_DEMO/4_Chapter/code/install/cpp_para_server/share/colcon-core/packages/cpp_para_server)
[6.911s] DEBUG:colcon.colcon_parallel_executor.executor.parallel:closing loop
[6.911s] DEBUG:colcon.colcon_parallel_executor.executor.parallel:loop closed
[6.913s] DEBUG:colcon.colcon_parallel_executor.executor.parallel:run_until_complete finished with '0'
[6.914s] DEBUG:colcon.colcon_core.event_reactor:joining thread
[6.923s] INFO:colcon.colcon_core.plugin_system:Skipping extension 'colcon_notification.desktop_notification.terminal_notifier': Not used on non-Darwin systems
[6.923s] INFO:colcon.colcon_core.plugin_system:Skipping extension 'colcon_notification.desktop_notification.win32': Not used on non-Windows systems
[6.924s] INFO:colcon.colcon_notification.desktop_notification:Sending desktop notification using 'notify2'
[6.926s] DEBUG:colcon.colcon_notification.desktop_notification.notify2:Failed to initialize notify2: org.freedesktop.DBus.Error.ServiceUnknown: The name org.freedesktop.Notifications was not provided by any .service files
[6.926s] DEBUG:colcon.colcon_core.event_reactor:joined thread
[6.928s] INFO:colcon.colcon_core.shell:Creating prefix script '/mnt/hgfs/VMware/ROS2_DEMO/4_Chapter/code/install/local_setup.ps1'
[6.930s] INFO:colcon.colcon_core.shell:Creating prefix util module '/mnt/hgfs/VMware/ROS2_DEMO/4_Chapter/code/install/_local_setup_util_ps1.py'
[6.934s] INFO:colcon.colcon_core.shell:Creating prefix chain script '/mnt/hgfs/VMware/ROS2_DEMO/4_Chapter/code/install/setup.ps1'
[6.941s] INFO:colcon.colcon_core.shell:Creating prefix script '/mnt/hgfs/VMware/ROS2_DEMO/4_Chapter/code/install/local_setup.sh'
[6.944s] INFO:colcon.colcon_core.shell:Creating prefix util module '/mnt/hgfs/VMware/ROS2_DEMO/4_Chapter/code/install/_local_setup_util_sh.py'
[6.946s] INFO:colcon.colcon_core.shell:Creating prefix chain script '/mnt/hgfs/VMware/ROS2_DEMO/4_Chapter/code/install/setup.sh'
[6.952s] INFO:colcon.colcon_core.shell:Creating prefix script '/mnt/hgfs/VMware/ROS2_DEMO/4_Chapter/code/install/local_setup.bash'
[6.955s] INFO:colcon.colcon_core.shell:Creating prefix chain script '/mnt/hgfs/VMware/ROS2_DEMO/4_Chapter/code/install/setup.bash'
[6.960s] INFO:colcon.colcon_core.shell:Creating prefix script '/mnt/hgfs/VMware/ROS2_DEMO/4_Chapter/code/install/local_setup.zsh'
[6.963s] INFO:colcon.colcon_core.shell:Creating prefix chain script '/mnt/hgfs/VMware/ROS2_DEMO/4_Chapter/code/install/setup.zsh'
