[0.098s] Invoking command in '/mnt/hgfs/VMware/ROS2_DEMO/3_Chapter/code/build/srv_demo': CMAKE_PREFIX_PATH=${CMAKE_PREFIX_PATH}:/home/pldz/share/ROS2_DEMO/3_Chapter/code/install/python_srv_server:/home/pldz/share/ROS2_DEMO/3_Chapter/code/install/python_srv_client:/opt/ros/humble /usr/bin/cmake --build /mnt/hgfs/VMware/ROS2_DEMO/3_Chapter/code/build/srv_demo -- -j16 -l16
[1.082s] [  0%] Built target ament_cmake_python_copy_srv_demo
[1.093s] [  3%] Built target srv_demo__cpp
[1.343s] [ 12%] Built target srv_demo__rosidl_generator_c
[1.859s] [ 22%] Built target srv_demo__rosidl_typesupport_cpp
[2.041s] running egg_info
[2.046s] writing srv_demo.egg-info/PKG-INFO
[2.055s] writing dependency_links to srv_demo.egg-info/dependency_links.txt
[2.064s] writing top-level names to srv_demo.egg-info/top_level.txt
[2.093s] reading manifest file 'srv_demo.egg-info/SOURCES.txt'
[2.098s] writing manifest file 'srv_demo.egg-info/SOURCES.txt'
[2.159s] [ 32%] Built target srv_demo__rosidl_typesupport_c
[2.200s] [ 41%] Built target srv_demo__rosidl_typesupport_fastrtps_cpp
[2.241s] [ 51%] Built target srv_demo__rosidl_typesupport_introspection_cpp
[2.301s] [ 51%] Built target ament_cmake_python_build_srv_demo_egg
[2.369s] [ 67%] Built target srv_demo__rosidl_typesupport_fastrtps_c
[2.379s] [ 70%] Built target srv_demo__rosidl_typesupport_introspection_c
[2.532s] [ 70%] Built target srv_demo
[2.846s] [ 74%] Built target srv_demo__py
[3.018s] [ 80%] Built target srv_demo__rosidl_generator_py
[3.388s] [ 87%] Built target srv_demo__rosidl_typesupport_introspection_c__pyext
[3.407s] [100%] Built target srv_demo__rosidl_typesupport_fastrtps_c__pyext
[3.410s] [100%] Built target srv_demo__rosidl_typesupport_c__pyext
[3.495s] Invoked command in '/mnt/hgfs/VMware/ROS2_DEMO/3_Chapter/code/build/srv_demo' returned '0': CMAKE_PREFIX_PATH=${CMAKE_PREFIX_PATH}:/home/pldz/share/ROS2_DEMO/3_Chapter/code/install/python_srv_server:/home/pldz/share/ROS2_DEMO/3_Chapter/code/install/python_srv_client:/opt/ros/humble /usr/bin/cmake --build /mnt/hgfs/VMware/ROS2_DEMO/3_Chapter/code/build/srv_demo -- -j16 -l16
[4.239s] Invoking command in '/mnt/hgfs/VMware/ROS2_DEMO/3_Chapter/code/build/srv_demo': CMAKE_PREFIX_PATH=${CMAKE_PREFIX_PATH}:/home/pldz/share/ROS2_DEMO/3_Chapter/code/install/python_srv_server:/home/pldz/share/ROS2_DEMO/3_Chapter/code/install/python_srv_client:/opt/ros/humble /usr/bin/cmake --install /mnt/hgfs/VMware/ROS2_DEMO/3_Chapter/code/build/srv_demo
[4.288s] -- Install configuration: ""
[4.298s] -- Up-to-date: /mnt/hgfs/VMware/ROS2_DEMO/3_Chapter/code/install/srv_demo/share/ament_index/resource_index/rosidl_interfaces/srv_demo
[4.305s] -- Up-to-date: /mnt/hgfs/VMware/ROS2_DEMO/3_Chapter/code/install/srv_demo/include/srv_demo/srv_demo
[4.312s] -- Up-to-date: /mnt/hgfs/VMware/ROS2_DEMO/3_Chapter/code/install/srv_demo/include/srv_demo/srv_demo/msg
[4.317s] -- Up-to-date: /mnt/hgfs/VMware/ROS2_DEMO/3_Chapter/code/install/srv_demo/include/srv_demo/srv_demo/msg/rosidl_generator_c__visibility_control.h
[4.325s] -- Up-to-date: /mnt/hgfs/VMware/ROS2_DEMO/3_Chapter/code/install/srv_demo/include/srv_demo/srv_demo/srv
[4.333s] -- Up-to-date: /mnt/hgfs/VMware/ROS2_DEMO/3_Chapter/code/install/srv_demo/include/srv_demo/srv_demo/srv/add_int.h
[4.339s] -- Up-to-date: /mnt/hgfs/VMware/ROS2_DEMO/3_Chapter/code/install/srv_demo/include/srv_demo/srv_demo/srv/detail
[4.345s] -- Up-to-date: /mnt/hgfs/VMware/ROS2_DEMO/3_Chapter/code/install/srv_demo/include/srv_demo/srv_demo/srv/detail/add_int__functions.c
[4.352s] -- Up-to-date: /mnt/hgfs/VMware/ROS2_DEMO/3_Chapter/code/install/srv_demo/include/srv_demo/srv_demo/srv/detail/add_int__functions.h
[4.356s] -- Up-to-date: /mnt/hgfs/VMware/ROS2_DEMO/3_Chapter/code/install/srv_demo/include/srv_demo/srv_demo/srv/detail/add_int__struct.h
[4.360s] -- Up-to-date: /mnt/hgfs/VMware/ROS2_DEMO/3_Chapter/code/install/srv_demo/include/srv_demo/srv_demo/srv/detail/add_int__type_support.h
[4.365s] -- Up-to-date: /mnt/hgfs/VMware/ROS2_DEMO/3_Chapter/code/install/srv_demo/share/srv_demo/environment/library_path.sh
[4.370s] -- Up-to-date: /mnt/hgfs/VMware/ROS2_DEMO/3_Chapter/code/install/srv_demo/share/srv_demo/environment/library_path.dsv
[4.376s] -- Up-to-date: /mnt/hgfs/VMware/ROS2_DEMO/3_Chapter/code/install/srv_demo/lib/libsrv_demo__rosidl_generator_c.so
[4.380s] -- Up-to-date: /mnt/hgfs/VMware/ROS2_DEMO/3_Chapter/code/install/srv_demo/include/srv_demo/srv_demo
[4.385s] -- Up-to-date: /mnt/hgfs/VMware/ROS2_DEMO/3_Chapter/code/install/srv_demo/include/srv_demo/srv_demo/msg
[4.390s] -- Up-to-date: /mnt/hgfs/VMware/ROS2_DEMO/3_Chapter/code/install/srv_demo/include/srv_demo/srv_demo/msg/rosidl_typesupport_fastrtps_c__visibility_control.h
[4.393s] -- Up-to-date: /mnt/hgfs/VMware/ROS2_DEMO/3_Chapter/code/install/srv_demo/include/srv_demo/srv_demo/srv
[4.399s] -- Up-to-date: /mnt/hgfs/VMware/ROS2_DEMO/3_Chapter/code/install/srv_demo/include/srv_demo/srv_demo/srv/detail
[4.406s] -- Up-to-date: /mnt/hgfs/VMware/ROS2_DEMO/3_Chapter/code/install/srv_demo/include/srv_demo/srv_demo/srv/detail/add_int__rosidl_typesupport_fastrtps_c.h
[4.411s] -- Up-to-date: /mnt/hgfs/VMware/ROS2_DEMO/3_Chapter/code/install/srv_demo/lib/libsrv_demo__rosidl_typesupport_fastrtps_c.so
[4.419s] -- Up-to-date: /mnt/hgfs/VMware/ROS2_DEMO/3_Chapter/code/install/srv_demo/include/srv_demo/srv_demo
[4.425s] -- Up-to-date: /mnt/hgfs/VMware/ROS2_DEMO/3_Chapter/code/install/srv_demo/include/srv_demo/srv_demo/msg
[4.434s] -- Up-to-date: /mnt/hgfs/VMware/ROS2_DEMO/3_Chapter/code/install/srv_demo/include/srv_demo/srv_demo/msg/rosidl_typesupport_introspection_c__visibility_control.h
[4.439s] -- Up-to-date: /mnt/hgfs/VMware/ROS2_DEMO/3_Chapter/code/install/srv_demo/include/srv_demo/srv_demo/srv
[4.442s] -- Up-to-date: /mnt/hgfs/VMware/ROS2_DEMO/3_Chapter/code/install/srv_demo/include/srv_demo/srv_demo/srv/detail
[4.447s] -- Up-to-date: /mnt/hgfs/VMware/ROS2_DEMO/3_Chapter/code/install/srv_demo/include/srv_demo/srv_demo/srv/detail/add_int__rosidl_typesupport_introspection_c.h
[4.454s] -- Up-to-date: /mnt/hgfs/VMware/ROS2_DEMO/3_Chapter/code/install/srv_demo/include/srv_demo/srv_demo/srv/detail/add_int__type_support.c
[4.458s] -- Up-to-date: /mnt/hgfs/VMware/ROS2_DEMO/3_Chapter/code/install/srv_demo/lib/libsrv_demo__rosidl_typesupport_introspection_c.so
[4.464s] -- Up-to-date: /mnt/hgfs/VMware/ROS2_DEMO/3_Chapter/code/install/srv_demo/lib/libsrv_demo__rosidl_typesupport_c.so
[4.470s] -- Up-to-date: /mnt/hgfs/VMware/ROS2_DEMO/3_Chapter/code/install/srv_demo/include/srv_demo/srv_demo
[4.474s] -- Up-to-date: /mnt/hgfs/VMware/ROS2_DEMO/3_Chapter/code/install/srv_demo/include/srv_demo/srv_demo/srv
[4.482s] -- Up-to-date: /mnt/hgfs/VMware/ROS2_DEMO/3_Chapter/code/install/srv_demo/include/srv_demo/srv_demo/srv/add_int.hpp
[4.486s] -- Up-to-date: /mnt/hgfs/VMware/ROS2_DEMO/3_Chapter/code/install/srv_demo/include/srv_demo/srv_demo/srv/detail
[4.493s] -- Up-to-date: /mnt/hgfs/VMware/ROS2_DEMO/3_Chapter/code/install/srv_demo/include/srv_demo/srv_demo/srv/detail/add_int__builder.hpp
[4.499s] -- Up-to-date: /mnt/hgfs/VMware/ROS2_DEMO/3_Chapter/code/install/srv_demo/include/srv_demo/srv_demo/srv/detail/add_int__struct.hpp
[4.503s] -- Up-to-date: /mnt/hgfs/VMware/ROS2_DEMO/3_Chapter/code/install/srv_demo/include/srv_demo/srv_demo/srv/detail/add_int__traits.hpp
[4.508s] -- Up-to-date: /mnt/hgfs/VMware/ROS2_DEMO/3_Chapter/code/install/srv_demo/include/srv_demo/srv_demo
[4.514s] -- Up-to-date: /mnt/hgfs/VMware/ROS2_DEMO/3_Chapter/code/install/srv_demo/include/srv_demo/srv_demo/msg
[4.520s] -- Up-to-date: /mnt/hgfs/VMware/ROS2_DEMO/3_Chapter/code/install/srv_demo/include/srv_demo/srv_demo/msg/rosidl_typesupport_fastrtps_cpp__visibility_control.h
[4.526s] -- Up-to-date: /mnt/hgfs/VMware/ROS2_DEMO/3_Chapter/code/install/srv_demo/include/srv_demo/srv_demo/srv
[4.530s] -- Up-to-date: /mnt/hgfs/VMware/ROS2_DEMO/3_Chapter/code/install/srv_demo/include/srv_demo/srv_demo/srv/detail
[4.534s] -- Up-to-date: /mnt/hgfs/VMware/ROS2_DEMO/3_Chapter/code/install/srv_demo/include/srv_demo/srv_demo/srv/detail/add_int__rosidl_typesupport_fastrtps_cpp.hpp
[4.538s] -- Up-to-date: /mnt/hgfs/VMware/ROS2_DEMO/3_Chapter/code/install/srv_demo/include/srv_demo/srv_demo/srv/detail/dds_fastrtps
[4.543s] -- Up-to-date: /mnt/hgfs/VMware/ROS2_DEMO/3_Chapter/code/install/srv_demo/lib/libsrv_demo__rosidl_typesupport_fastrtps_cpp.so
[4.550s] -- Up-to-date: /mnt/hgfs/VMware/ROS2_DEMO/3_Chapter/code/install/srv_demo/include/srv_demo/srv_demo
[4.557s] -- Up-to-date: /mnt/hgfs/VMware/ROS2_DEMO/3_Chapter/code/install/srv_demo/include/srv_demo/srv_demo/srv
[4.562s] -- Up-to-date: /mnt/hgfs/VMware/ROS2_DEMO/3_Chapter/code/install/srv_demo/include/srv_demo/srv_demo/srv/detail
[4.569s] -- Up-to-date: /mnt/hgfs/VMware/ROS2_DEMO/3_Chapter/code/install/srv_demo/include/srv_demo/srv_demo/srv/detail/add_int__rosidl_typesupport_introspection_cpp.hpp
[4.572s] -- Up-to-date: /mnt/hgfs/VMware/ROS2_DEMO/3_Chapter/code/install/srv_demo/include/srv_demo/srv_demo/srv/detail/add_int__type_support.cpp
[4.577s] -- Up-to-date: /mnt/hgfs/VMware/ROS2_DEMO/3_Chapter/code/install/srv_demo/lib/libsrv_demo__rosidl_typesupport_introspection_cpp.so
[4.582s] -- Up-to-date: /mnt/hgfs/VMware/ROS2_DEMO/3_Chapter/code/install/srv_demo/lib/libsrv_demo__rosidl_typesupport_cpp.so
[4.592s] -- Up-to-date: /mnt/hgfs/VMware/ROS2_DEMO/3_Chapter/code/install/srv_demo/share/srv_demo/environment/pythonpath.sh
[4.596s] -- Up-to-date: /mnt/hgfs/VMware/ROS2_DEMO/3_Chapter/code/install/srv_demo/share/srv_demo/environment/pythonpath.dsv
[4.604s] -- Up-to-date: /mnt/hgfs/VMware/ROS2_DEMO/3_Chapter/code/install/srv_demo/local/lib/python3.10/dist-packages/srv_demo-0.0.0-py3.10.egg-info
[4.609s] -- Installing: /mnt/hgfs/VMware/ROS2_DEMO/3_Chapter/code/install/srv_demo/local/lib/python3.10/dist-packages/srv_demo-0.0.0-py3.10.egg-info/dependency_links.txt
[4.626s] -- Installing: /mnt/hgfs/VMware/ROS2_DEMO/3_Chapter/code/install/srv_demo/local/lib/python3.10/dist-packages/srv_demo-0.0.0-py3.10.egg-info/PKG-INFO
[4.649s] -- Installing: /mnt/hgfs/VMware/ROS2_DEMO/3_Chapter/code/install/srv_demo/local/lib/python3.10/dist-packages/srv_demo-0.0.0-py3.10.egg-info/SOURCES.txt
[4.668s] -- Installing: /mnt/hgfs/VMware/ROS2_DEMO/3_Chapter/code/install/srv_demo/local/lib/python3.10/dist-packages/srv_demo-0.0.0-py3.10.egg-info/top_level.txt
[4.688s] -- Up-to-date: /mnt/hgfs/VMware/ROS2_DEMO/3_Chapter/code/install/srv_demo/local/lib/python3.10/dist-packages/srv_demo
[4.694s] -- Up-to-date: /mnt/hgfs/VMware/ROS2_DEMO/3_Chapter/code/install/srv_demo/local/lib/python3.10/dist-packages/srv_demo/libsrv_demo__rosidl_generator_py.so
[4.702s] -- Up-to-date: /mnt/hgfs/VMware/ROS2_DEMO/3_Chapter/code/install/srv_demo/local/lib/python3.10/dist-packages/srv_demo/srv
[4.716s] -- Up-to-date: /mnt/hgfs/VMware/ROS2_DEMO/3_Chapter/code/install/srv_demo/local/lib/python3.10/dist-packages/srv_demo/srv/_add_int.py
[4.722s] -- Up-to-date: /mnt/hgfs/VMware/ROS2_DEMO/3_Chapter/code/install/srv_demo/local/lib/python3.10/dist-packages/srv_demo/srv/_add_int_s.c
[4.728s] -- Up-to-date: /mnt/hgfs/VMware/ROS2_DEMO/3_Chapter/code/install/srv_demo/local/lib/python3.10/dist-packages/srv_demo/srv/__init__.py
[4.732s] -- Up-to-date: /mnt/hgfs/VMware/ROS2_DEMO/3_Chapter/code/install/srv_demo/local/lib/python3.10/dist-packages/srv_demo/srv_demo_s__rosidl_typesupport_c.cpython-310-x86_64-linux-gnu.so
[4.738s] -- Up-to-date: /mnt/hgfs/VMware/ROS2_DEMO/3_Chapter/code/install/srv_demo/local/lib/python3.10/dist-packages/srv_demo/srv_demo_s__rosidl_typesupport_fastrtps_c.cpython-310-x86_64-linux-gnu.so
[4.743s] -- Up-to-date: /mnt/hgfs/VMware/ROS2_DEMO/3_Chapter/code/install/srv_demo/local/lib/python3.10/dist-packages/srv_demo/srv_demo_s__rosidl_typesupport_introspection_c.cpython-310-x86_64-linux-gnu.so
[4.747s] -- Up-to-date: /mnt/hgfs/VMware/ROS2_DEMO/3_Chapter/code/install/srv_demo/local/lib/python3.10/dist-packages/srv_demo/_srv_demo_s.ep.rosidl_typesupport_c.c
[4.751s] -- Up-to-date: /mnt/hgfs/VMware/ROS2_DEMO/3_Chapter/code/install/srv_demo/local/lib/python3.10/dist-packages/srv_demo/_srv_demo_s.ep.rosidl_typesupport_fastrtps_c.c
[4.757s] -- Up-to-date: /mnt/hgfs/VMware/ROS2_DEMO/3_Chapter/code/install/srv_demo/local/lib/python3.10/dist-packages/srv_demo/_srv_demo_s.ep.rosidl_typesupport_introspection_c.c
[4.761s] -- Up-to-date: /mnt/hgfs/VMware/ROS2_DEMO/3_Chapter/code/install/srv_demo/local/lib/python3.10/dist-packages/srv_demo/__init__.py
[4.840s] Listing '/mnt/hgfs/VMware/ROS2_DEMO/3_Chapter/code/install/srv_demo/local/lib/python3.10/dist-packages/srv_demo'...
[4.843s] Listing '/mnt/hgfs/VMware/ROS2_DEMO/3_Chapter/code/install/srv_demo/local/lib/python3.10/dist-packages/srv_demo/srv'...
[4.850s] -- Up-to-date: /mnt/hgfs/VMware/ROS2_DEMO/3_Chapter/code/install/srv_demo/local/lib/python3.10/dist-packages/srv_demo/srv_demo_s__rosidl_typesupport_fastrtps_c.cpython-310-x86_64-linux-gnu.so
[4.859s] -- Up-to-date: /mnt/hgfs/VMware/ROS2_DEMO/3_Chapter/code/install/srv_demo/local/lib/python3.10/dist-packages/srv_demo/srv_demo_s__rosidl_typesupport_introspection_c.cpython-310-x86_64-linux-gnu.so
[4.868s] -- Up-to-date: /mnt/hgfs/VMware/ROS2_DEMO/3_Chapter/code/install/srv_demo/local/lib/python3.10/dist-packages/srv_demo/srv_demo_s__rosidl_typesupport_c.cpython-310-x86_64-linux-gnu.so
[4.878s] -- Up-to-date: /mnt/hgfs/VMware/ROS2_DEMO/3_Chapter/code/install/srv_demo/lib/libsrv_demo__rosidl_generator_py.so
[4.888s] -- Up-to-date: /mnt/hgfs/VMware/ROS2_DEMO/3_Chapter/code/install/srv_demo/share/srv_demo/srv/AddInt.idl
[4.894s] -- Up-to-date: /mnt/hgfs/VMware/ROS2_DEMO/3_Chapter/code/install/srv_demo/share/srv_demo/srv/AddInt.srv
[4.900s] -- Up-to-date: /mnt/hgfs/VMware/ROS2_DEMO/3_Chapter/code/install/srv_demo/share/srv_demo/srv/AddInt_Request.msg
[4.906s] -- Up-to-date: /mnt/hgfs/VMware/ROS2_DEMO/3_Chapter/code/install/srv_demo/share/srv_demo/srv/AddInt_Response.msg
[4.912s] -- Up-to-date: /mnt/hgfs/VMware/ROS2_DEMO/3_Chapter/code/install/srv_demo/share/ament_index/resource_index/package_run_dependencies/srv_demo
[4.918s] -- Up-to-date: /mnt/hgfs/VMware/ROS2_DEMO/3_Chapter/code/install/srv_demo/share/ament_index/resource_index/parent_prefix_path/srv_demo
[4.924s] -- Up-to-date: /mnt/hgfs/VMware/ROS2_DEMO/3_Chapter/code/install/srv_demo/share/srv_demo/environment/ament_prefix_path.sh
[4.932s] -- Up-to-date: /mnt/hgfs/VMware/ROS2_DEMO/3_Chapter/code/install/srv_demo/share/srv_demo/environment/ament_prefix_path.dsv
[4.937s] -- Up-to-date: /mnt/hgfs/VMware/ROS2_DEMO/3_Chapter/code/install/srv_demo/share/srv_demo/environment/path.sh
[4.942s] -- Up-to-date: /mnt/hgfs/VMware/ROS2_DEMO/3_Chapter/code/install/srv_demo/share/srv_demo/environment/path.dsv
[4.946s] -- Up-to-date: /mnt/hgfs/VMware/ROS2_DEMO/3_Chapter/code/install/srv_demo/share/srv_demo/local_setup.bash
[4.954s] -- Up-to-date: /mnt/hgfs/VMware/ROS2_DEMO/3_Chapter/code/install/srv_demo/share/srv_demo/local_setup.sh
[4.961s] -- Up-to-date: /mnt/hgfs/VMware/ROS2_DEMO/3_Chapter/code/install/srv_demo/share/srv_demo/local_setup.zsh
[4.966s] -- Up-to-date: /mnt/hgfs/VMware/ROS2_DEMO/3_Chapter/code/install/srv_demo/share/srv_demo/local_setup.dsv
[4.972s] -- Installing: /mnt/hgfs/VMware/ROS2_DEMO/3_Chapter/code/install/srv_demo/share/srv_demo/package.dsv
[4.980s] -- Up-to-date: /mnt/hgfs/VMware/ROS2_DEMO/3_Chapter/code/install/srv_demo/share/ament_index/resource_index/packages/srv_demo
[4.991s] -- Up-to-date: /mnt/hgfs/VMware/ROS2_DEMO/3_Chapter/code/install/srv_demo/share/srv_demo/cmake/export_srv_demo__rosidl_generator_cExport.cmake
[4.997s] -- Up-to-date: /mnt/hgfs/VMware/ROS2_DEMO/3_Chapter/code/install/srv_demo/share/srv_demo/cmake/export_srv_demo__rosidl_generator_cExport-noconfig.cmake
[5.003s] -- Up-to-date: /mnt/hgfs/VMware/ROS2_DEMO/3_Chapter/code/install/srv_demo/share/srv_demo/cmake/export_srv_demo__rosidl_typesupport_fastrtps_cExport.cmake
[5.007s] -- Up-to-date: /mnt/hgfs/VMware/ROS2_DEMO/3_Chapter/code/install/srv_demo/share/srv_demo/cmake/export_srv_demo__rosidl_typesupport_fastrtps_cExport-noconfig.cmake
[5.016s] -- Up-to-date: /mnt/hgfs/VMware/ROS2_DEMO/3_Chapter/code/install/srv_demo/share/srv_demo/cmake/srv_demo__rosidl_typesupport_introspection_cExport.cmake
[5.021s] -- Up-to-date: /mnt/hgfs/VMware/ROS2_DEMO/3_Chapter/code/install/srv_demo/share/srv_demo/cmake/srv_demo__rosidl_typesupport_introspection_cExport-noconfig.cmake
[5.026s] -- Up-to-date: /mnt/hgfs/VMware/ROS2_DEMO/3_Chapter/code/install/srv_demo/share/srv_demo/cmake/srv_demo__rosidl_typesupport_cExport.cmake
[5.032s] -- Up-to-date: /mnt/hgfs/VMware/ROS2_DEMO/3_Chapter/code/install/srv_demo/share/srv_demo/cmake/srv_demo__rosidl_typesupport_cExport-noconfig.cmake
[5.040s] -- Up-to-date: /mnt/hgfs/VMware/ROS2_DEMO/3_Chapter/code/install/srv_demo/share/srv_demo/cmake/export_srv_demo__rosidl_generator_cppExport.cmake
[5.046s] -- Up-to-date: /mnt/hgfs/VMware/ROS2_DEMO/3_Chapter/code/install/srv_demo/share/srv_demo/cmake/export_srv_demo__rosidl_typesupport_fastrtps_cppExport.cmake
[5.052s] -- Up-to-date: /mnt/hgfs/VMware/ROS2_DEMO/3_Chapter/code/install/srv_demo/share/srv_demo/cmake/export_srv_demo__rosidl_typesupport_fastrtps_cppExport-noconfig.cmake
[5.059s] -- Up-to-date: /mnt/hgfs/VMware/ROS2_DEMO/3_Chapter/code/install/srv_demo/share/srv_demo/cmake/srv_demo__rosidl_typesupport_introspection_cppExport.cmake
[5.064s] -- Up-to-date: /mnt/hgfs/VMware/ROS2_DEMO/3_Chapter/code/install/srv_demo/share/srv_demo/cmake/srv_demo__rosidl_typesupport_introspection_cppExport-noconfig.cmake
[5.072s] -- Up-to-date: /mnt/hgfs/VMware/ROS2_DEMO/3_Chapter/code/install/srv_demo/share/srv_demo/cmake/srv_demo__rosidl_typesupport_cppExport.cmake
[5.077s] -- Up-to-date: /mnt/hgfs/VMware/ROS2_DEMO/3_Chapter/code/install/srv_demo/share/srv_demo/cmake/srv_demo__rosidl_typesupport_cppExport-noconfig.cmake
[5.083s] -- Up-to-date: /mnt/hgfs/VMware/ROS2_DEMO/3_Chapter/code/install/srv_demo/share/srv_demo/cmake/export_srv_demo__rosidl_generator_pyExport.cmake
[5.090s] -- Up-to-date: /mnt/hgfs/VMware/ROS2_DEMO/3_Chapter/code/install/srv_demo/share/srv_demo/cmake/export_srv_demo__rosidl_generator_pyExport-noconfig.cmake
[5.095s] -- Up-to-date: /mnt/hgfs/VMware/ROS2_DEMO/3_Chapter/code/install/srv_demo/share/srv_demo/cmake/rosidl_cmake-extras.cmake
[5.099s] -- Up-to-date: /mnt/hgfs/VMware/ROS2_DEMO/3_Chapter/code/install/srv_demo/share/srv_demo/cmake/ament_cmake_export_include_directories-extras.cmake
[5.105s] -- Up-to-date: /mnt/hgfs/VMware/ROS2_DEMO/3_Chapter/code/install/srv_demo/share/srv_demo/cmake/ament_cmake_export_libraries-extras.cmake
[5.111s] -- Up-to-date: /mnt/hgfs/VMware/ROS2_DEMO/3_Chapter/code/install/srv_demo/share/srv_demo/cmake/ament_cmake_export_targets-extras.cmake
[5.119s] -- Up-to-date: /mnt/hgfs/VMware/ROS2_DEMO/3_Chapter/code/install/srv_demo/share/srv_demo/cmake/rosidl_cmake_export_typesupport_targets-extras.cmake
[5.125s] -- Up-to-date: /mnt/hgfs/VMware/ROS2_DEMO/3_Chapter/code/install/srv_demo/share/srv_demo/cmake/ament_cmake_export_dependencies-extras.cmake
[5.130s] -- Up-to-date: /mnt/hgfs/VMware/ROS2_DEMO/3_Chapter/code/install/srv_demo/share/srv_demo/cmake/rosidl_cmake_export_typesupport_libraries-extras.cmake
[5.136s] -- Up-to-date: /mnt/hgfs/VMware/ROS2_DEMO/3_Chapter/code/install/srv_demo/share/srv_demo/cmake/srv_demoConfig.cmake
[5.140s] -- Up-to-date: /mnt/hgfs/VMware/ROS2_DEMO/3_Chapter/code/install/srv_demo/share/srv_demo/cmake/srv_demoConfig-version.cmake
[5.142s] -- Up-to-date: /mnt/hgfs/VMware/ROS2_DEMO/3_Chapter/code/install/srv_demo/share/srv_demo/package.xml
[5.146s] Invoked command in '/mnt/hgfs/VMware/ROS2_DEMO/3_Chapter/code/build/srv_demo' returned '0': CMAKE_PREFIX_PATH=${CMAKE_PREFIX_PATH}:/home/pldz/share/ROS2_DEMO/3_Chapter/code/install/python_srv_server:/home/pldz/share/ROS2_DEMO/3_Chapter/code/install/python_srv_client:/opt/ros/humble /usr/bin/cmake --install /mnt/hgfs/VMware/ROS2_DEMO/3_Chapter/code/build/srv_demo
