[0.062s] Invoking command in '/mnt/hgfs/VMware/ROS2_DEMO/4_Chapter/code/build/cpp_para_server': CMAKE_PREFIX_PATH=${CMAKE_PREFIX_PATH}:/opt/ros/humble /usr/bin/cmake --build /mnt/hgfs/VMware/ROS2_DEMO/4_Chapter/code/build/cpp_para_server -- -j16 -l16
[0.145s] [35m[1mConsolidate compiler generated dependencies of target cppParaSerNode[0m
[0.914s] [100%] Built target cppParaSerNode
[0.930s] Invoked command in '/mnt/hgfs/VMware/ROS2_DEMO/4_Chapter/code/build/cpp_para_server' returned '0': CMAKE_PREFIX_PATH=${CMAKE_PREFIX_PATH}:/opt/ros/humble /usr/bin/cmake --build /mnt/hgfs/VMware/ROS2_DEMO/4_Chapter/code/build/cpp_para_server -- -j16 -l16
[0.970s] Invoking command in '/mnt/hgfs/VMware/ROS2_DEMO/4_Chapter/code/build/cpp_para_server': CMAKE_PREFIX_PATH=${CMAKE_PREFIX_PATH}:/opt/ros/humble /usr/bin/cmake --install /mnt/hgfs/VMware/ROS2_DEMO/4_Chapter/code/build/cpp_para_server
[0.979s] -- Install configuration: ""
[0.983s] -- Up-to-date: /mnt/hgfs/VMware/ROS2_DEMO/4_Chapter/code/install/cpp_para_server/lib/cpp_para_server/cppParaSerNode
[0.989s] -- Up-to-date: /mnt/hgfs/VMware/ROS2_DEMO/4_Chapter/code/install/cpp_para_server/share/ament_index/resource_index/package_run_dependencies/cpp_para_server
[0.995s] -- Up-to-date: /mnt/hgfs/VMware/ROS2_DEMO/4_Chapter/code/install/cpp_para_server/share/ament_index/resource_index/parent_prefix_path/cpp_para_server
[1.000s] -- Up-to-date: /mnt/hgfs/VMware/ROS2_DEMO/4_Chapter/code/install/cpp_para_server/share/cpp_para_server/environment/ament_prefix_path.sh
[1.005s] -- Up-to-date: /mnt/hgfs/VMware/ROS2_DEMO/4_Chapter/code/install/cpp_para_server/share/cpp_para_server/environment/ament_prefix_path.dsv
[1.007s] -- Up-to-date: /mnt/hgfs/VMware/ROS2_DEMO/4_Chapter/code/install/cpp_para_server/share/cpp_para_server/environment/path.sh
[1.012s] -- Up-to-date: /mnt/hgfs/VMware/ROS2_DEMO/4_Chapter/code/install/cpp_para_server/share/cpp_para_server/environment/path.dsv
[1.014s] -- Up-to-date: /mnt/hgfs/VMware/ROS2_DEMO/4_Chapter/code/install/cpp_para_server/share/cpp_para_server/local_setup.bash
[1.016s] -- Up-to-date: /mnt/hgfs/VMware/ROS2_DEMO/4_Chapter/code/install/cpp_para_server/share/cpp_para_server/local_setup.sh
[1.018s] -- Up-to-date: /mnt/hgfs/VMware/ROS2_DEMO/4_Chapter/code/install/cpp_para_server/share/cpp_para_server/local_setup.zsh
[1.022s] -- Up-to-date: /mnt/hgfs/VMware/ROS2_DEMO/4_Chapter/code/install/cpp_para_server/share/cpp_para_server/local_setup.dsv
[1.025s] -- Installing: /mnt/hgfs/VMware/ROS2_DEMO/4_Chapter/code/install/cpp_para_server/share/cpp_para_server/package.dsv
[1.028s] -- Up-to-date: /mnt/hgfs/VMware/ROS2_DEMO/4_Chapter/code/install/cpp_para_server/share/ament_index/resource_index/packages/cpp_para_server
[1.031s] -- Up-to-date: /mnt/hgfs/VMware/ROS2_DEMO/4_Chapter/code/install/cpp_para_server/share/cpp_para_server/cmake/cpp_para_serverConfig.cmake
[1.035s] -- Up-to-date: /mnt/hgfs/VMware/ROS2_DEMO/4_Chapter/code/install/cpp_para_server/share/cpp_para_server/cmake/cpp_para_serverConfig-version.cmake
[1.037s] -- Up-to-date: /mnt/hgfs/VMware/ROS2_DEMO/4_Chapter/code/install/cpp_para_server/share/cpp_para_server/package.xml
[1.040s] Invoked command in '/mnt/hgfs/VMware/ROS2_DEMO/4_Chapter/code/build/cpp_para_server' returned '0': CMAKE_PREFIX_PATH=${CMAKE_PREFIX_PATH}:/opt/ros/humble /usr/bin/cmake --install /mnt/hgfs/VMware/ROS2_DEMO/4_Chapter/code/build/cpp_para_server
