running egg_info
creating ../build/python_para_ser/python_para_ser.egg-info
writing ../build/python_para_ser/python_para_ser.egg-info/PKG-INFO
writing dependency_links to ../build/python_para_ser/python_para_ser.egg-info/dependency_links.txt
writing entry points to ../build/python_para_ser/python_para_ser.egg-info/entry_points.txt
writing requirements to ../build/python_para_ser/python_para_ser.egg-info/requires.txt
writing top-level names to ../build/python_para_ser/python_para_ser.egg-info/top_level.txt
writing manifest file '../build/python_para_ser/python_para_ser.egg-info/SOURCES.txt'
reading manifest file '../build/python_para_ser/python_para_ser.egg-info/SOURCES.txt'
writing manifest file '../build/python_para_ser/python_para_ser.egg-info/SOURCES.txt'
running build
running build_py
creating /mnt/hgfs/VMware/ROS2_DEMO/4_Chapter/code/build/python_para_ser/build
creating /mnt/hgfs/VMware/ROS2_DEMO/4_Chapter/code/build/python_para_ser/build/lib
creating /mnt/hgfs/VMware/ROS2_DEMO/4_Chapter/code/build/python_para_ser/build/lib/python_para_ser
copying python_para_ser/pythonParaSerNode.py -> /mnt/hgfs/VMware/ROS2_DEMO/4_Chapter/code/build/python_para_ser/build/lib/python_para_ser
copying python_para_ser/__init__.py -> /mnt/hgfs/VMware/ROS2_DEMO/4_Chapter/code/build/python_para_ser/build/lib/python_para_ser
running install
/usr/lib/python3/dist-packages/setuptools/command/install.py:34: SetuptoolsDeprecationWarning: setup.py install is deprecated. Use build and pip and other standards-based tools.
  warnings.warn(
running install_lib
creating /mnt/hgfs/VMware/ROS2_DEMO/4_Chapter/code/install/python_para_ser/lib/python3.10/site-packages/python_para_ser
copying /mnt/hgfs/VMware/ROS2_DEMO/4_Chapter/code/build/python_para_ser/build/lib/python_para_ser/pythonParaSerNode.py -> /mnt/hgfs/VMware/ROS2_DEMO/4_Chapter/code/install/python_para_ser/lib/python3.10/site-packages/python_para_ser
copying /mnt/hgfs/VMware/ROS2_DEMO/4_Chapter/code/build/python_para_ser/build/lib/python_para_ser/__init__.py -> /mnt/hgfs/VMware/ROS2_DEMO/4_Chapter/code/install/python_para_ser/lib/python3.10/site-packages/python_para_ser
byte-compiling /mnt/hgfs/VMware/ROS2_DEMO/4_Chapter/code/install/python_para_ser/lib/python3.10/site-packages/python_para_ser/pythonParaSerNode.py to pythonParaSerNode.cpython-310.pyc
byte-compiling /mnt/hgfs/VMware/ROS2_DEMO/4_Chapter/code/install/python_para_ser/lib/python3.10/site-packages/python_para_ser/__init__.py to __init__.cpython-310.pyc
running install_data
creating /mnt/hgfs/VMware/ROS2_DEMO/4_Chapter/code/install/python_para_ser/share/ament_index
creating /mnt/hgfs/VMware/ROS2_DEMO/4_Chapter/code/install/python_para_ser/share/ament_index/resource_index
creating /mnt/hgfs/VMware/ROS2_DEMO/4_Chapter/code/install/python_para_ser/share/ament_index/resource_index/packages
copying resource/python_para_ser -> /mnt/hgfs/VMware/ROS2_DEMO/4_Chapter/code/install/python_para_ser/share/ament_index/resource_index/packages
copying package.xml -> /mnt/hgfs/VMware/ROS2_DEMO/4_Chapter/code/install/python_para_ser/share/python_para_ser
running install_egg_info
Copying ../build/python_para_ser/python_para_ser.egg-info to /mnt/hgfs/VMware/ROS2_DEMO/4_Chapter/code/install/python_para_ser/lib/python3.10/site-packages/python_para_ser-0.0.0-py3.10.egg-info
running install_scripts
Installing pythonParaSerNode script to /mnt/hgfs/VMware/ROS2_DEMO/4_Chapter/code/install/python_para_ser/lib/python_para_ser
writing list of installed files to '/mnt/hgfs/VMware/ROS2_DEMO/4_Chapter/code/build/python_para_ser/install.log'
