[0.025s] Invoking command in '/mnt/hgfs/VMware/ROS2_DEMO/2_Chapter/code/build/cpp_idl_pub': CMAKE_PREFIX_PATH=/opt/ros/humble /usr/bin/cmake /mnt/hgfs/VMware/ROS2_DEMO/2_Chapter/code/cpp_idl_pub -DCMAKE_INSTALL_PREFIX=/mnt/hgfs/VMware/ROS2_DEMO/2_Chapter/code/install/cpp_idl_pub
[0.041s] -- Found ament_cmake: 1.3.3 (/opt/ros/humble/share/ament_cmake/cmake)
[0.177s] -- Found rclcpp: 16.0.3 (/opt/ros/humble/share/rclcpp/cmake)
[0.205s] -- Found rosidl_generator_c: 3.1.4 (/opt/ros/humble/share/rosidl_generator_c/cmake)
[0.207s] -- Found rosidl_adapter: 3.1.4 (/opt/ros/humble/share/rosidl_adapter/cmake)
[0.212s] -- Found rosidl_generator_cpp: 3.1.4 (/opt/ros/humble/share/rosidl_generator_cpp/cmake)
[0.223s] -- Using all available rosidl_typesupport_c: rosidl_typesupport_fastrtps_c;rosidl_typesupport_introspection_c
[0.240s] -- Using all available rosidl_typesupport_cpp: rosidl_typesupport_fastrtps_cpp;rosidl_typesupport_introspection_cpp
[0.293s] -- Found rmw_implementation_cmake: 6.1.1 (/opt/ros/humble/share/rmw_implementation_cmake/cmake)
[0.296s] -- Found rmw_fastrtps_cpp: 6.2.2 (/opt/ros/humble/share/rmw_fastrtps_cpp/cmake)
[0.443s] -- Using RMW implementation 'rmw_fastrtps_cpp' as default
[0.601s] [31mCMake Error at CMakeLists.txt:11 (find_package):
[0.605s]   By not providing "Findstudent_msg.cmake" in CMAKE_MODULE_PATH this project
[0.607s]   has asked CMake to find a package configuration file provided by
[0.610s]   "student_msg", but CMake did not find one.
[0.620s] 
[0.623s]   Could not find a package configuration file provided by "student_msg" with
[0.625s]   any of the following names:
[0.627s] 
[0.629s]     student_msgConfig.cmake
[0.631s]     student_msg-config.cmake
[0.633s] 
[0.636s]   Add the installation prefix of "student_msg" to CMAKE_PREFIX_PATH or set
[0.638s]   "student_msg_DIR" to a directory containing one of the above files.  If
[0.639s]   "student_msg" provides a separate development package or SDK, be sure it
[0.641s]   has been installed.
[0.643s] 
[0.646s] [0m
[0.650s] -- Configuring incomplete, errors occurred!
[0.652s] See also "/mnt/hgfs/VMware/ROS2_DEMO/2_Chapter/code/build/cpp_idl_pub/CMakeFiles/CMakeOutput.log".
[0.654s] Invoked command in '/mnt/hgfs/VMware/ROS2_DEMO/2_Chapter/code/build/cpp_idl_pub' returned '1': CMAKE_PREFIX_PATH=/opt/ros/humble /usr/bin/cmake /mnt/hgfs/VMware/ROS2_DEMO/2_Chapter/code/cpp_idl_pub -DCMAKE_INSTALL_PREFIX=/mnt/hgfs/VMware/ROS2_DEMO/2_Chapter/code/install/cpp_idl_pub
