[1.080s] Invoking command in '/mnt/hgfs/VMware/ROS2_DEMO/4_Chapter/code/python_para_ser': PYTHONPATH=/mnt/hgfs/VMware/ROS2_DEMO/4_Chapter/code/build/python_para_ser/prefix_override:/mnt/hgfs/VMware/ROS2_DEMO/4_Chapter/code/install/python_para_ser/lib/python3.10/site-packages:${PYTHONPATH} /usr/bin/python3 setup.py egg_info --egg-base ../build/python_para_ser build --build-base /mnt/hgfs/VMware/ROS2_DEMO/4_Chapter/code/build/python_para_ser/build install --record /mnt/hgfs/VMware/ROS2_DEMO/4_Chapter/code/build/python_para_ser/install.log --single-version-externally-managed
[1.322s] running egg_info
[1.328s] writing ../build/python_para_ser/python_para_ser.egg-info/PKG-INFO
[1.331s] writing dependency_links to ../build/python_para_ser/python_para_ser.egg-info/dependency_links.txt
[1.354s] writing entry points to ../build/python_para_ser/python_para_ser.egg-info/entry_points.txt
[1.362s] writing requirements to ../build/python_para_ser/python_para_ser.egg-info/requires.txt
[1.370s] writing top-level names to ../build/python_para_ser/python_para_ser.egg-info/top_level.txt
[1.385s] reading manifest file '../build/python_para_ser/python_para_ser.egg-info/SOURCES.txt'
[1.392s] writing manifest file '../build/python_para_ser/python_para_ser.egg-info/SOURCES.txt'
[1.397s] running build
[1.402s] running build_py
[1.413s] running install
[1.418s] /usr/lib/python3/dist-packages/setuptools/command/install.py:34: SetuptoolsDeprecationWarning: setup.py install is deprecated. Use build and pip and other standards-based tools.
[1.423s]   warnings.warn(
[1.426s] running install_lib
[1.445s] running install_data
[1.456s] running install_egg_info
[1.461s] removing '/mnt/hgfs/VMware/ROS2_DEMO/4_Chapter/code/install/python_para_ser/lib/python3.10/site-packages/python_para_ser-0.0.0-py3.10.egg-info' (and everything under it)
[1.479s] Copying ../build/python_para_ser/python_para_ser.egg-info to /mnt/hgfs/VMware/ROS2_DEMO/4_Chapter/code/install/python_para_ser/lib/python3.10/site-packages/python_para_ser-0.0.0-py3.10.egg-info
[1.486s] running install_scripts
[1.509s] Installing pythonParaSerNode script to /mnt/hgfs/VMware/ROS2_DEMO/4_Chapter/code/install/python_para_ser/lib/python_para_ser
[1.516s] writing list of installed files to '/mnt/hgfs/VMware/ROS2_DEMO/4_Chapter/code/build/python_para_ser/install.log'
[1.643s] Invoked command in '/mnt/hgfs/VMware/ROS2_DEMO/4_Chapter/code/python_para_ser' returned '0': PYTHONPATH=/mnt/hgfs/VMware/ROS2_DEMO/4_Chapter/code/build/python_para_ser/prefix_override:/mnt/hgfs/VMware/ROS2_DEMO/4_Chapter/code/install/python_para_ser/lib/python3.10/site-packages:${PYTHONPATH} /usr/bin/python3 setup.py egg_info --egg-base ../build/python_para_ser build --build-base /mnt/hgfs/VMware/ROS2_DEMO/4_Chapter/code/build/python_para_ser/build install --record /mnt/hgfs/VMware/ROS2_DEMO/4_Chapter/code/build/python_para_ser/install.log --single-version-externally-managed
