[0.688s] Invoking command in '/mnt/hgfs/VMware/ROS2_DEMO/1_Chapter/code/vscodePythonDemo': PYTHONPATH=/mnt/hgfs/VMware/ROS2_DEMO/1_Chapter/code/build/vscodePythonDemo/prefix_override:/mnt/hgfs/VMware/ROS2_DEMO/1_Chapter/code/install/vscodePythonDemo/lib/python3.10/site-packages:${PYTHONPATH} /usr/bin/python3 setup.py egg_info --egg-base ../build/vscodePythonDemo build --build-base /mnt/hgfs/VMware/ROS2_DEMO/1_Chapter/code/build/vscodePythonDemo/build install --record /mnt/hgfs/VMware/ROS2_DEMO/1_Chapter/code/build/vscodePythonDemo/install.log --single-version-externally-managed
[0.926s] running egg_info
[0.930s] writing ../build/vscodePythonDemo/vscodePythonDemo.egg-info/PKG-INFO
[0.934s] writing dependency_links to ../build/vscodePythonDemo/vscodePythonDemo.egg-info/dependency_links.txt
[0.938s] writing entry points to ../build/vscodePythonDemo/vscodePythonDemo.egg-info/entry_points.txt
[0.940s] writing requirements to ../build/vscodePythonDemo/vscodePythonDemo.egg-info/requires.txt
[0.945s] writing top-level names to ../build/vscodePythonDemo/vscodePythonDemo.egg-info/top_level.txt
[0.961s] reading manifest file '../build/vscodePythonDemo/vscodePythonDemo.egg-info/SOURCES.txt'
[0.965s] writing manifest file '../build/vscodePythonDemo/vscodePythonDemo.egg-info/SOURCES.txt'
[0.968s] running build
[0.972s] running build_py
[0.976s] running install
[0.980s] /usr/lib/python3/dist-packages/setuptools/command/install.py:34: SetuptoolsDeprecationWarning: setup.py install is deprecated. Use build and pip and other standards-based tools.
[0.984s]   warnings.warn(
[0.987s] running install_lib
[0.990s] running install_data
[0.997s] running install_egg_info
[1.001s] removing '/mnt/hgfs/VMware/ROS2_DEMO/1_Chapter/code/install/vscodePythonDemo/lib/python3.10/site-packages/vscodePythonDemo-0.0.0-py3.10.egg-info' (and everything under it)
[1.008s] Copying ../build/vscodePythonDemo/vscodePythonDemo.egg-info to /mnt/hgfs/VMware/ROS2_DEMO/1_Chapter/code/install/vscodePythonDemo/lib/python3.10/site-packages/vscodePythonDemo-0.0.0-py3.10.egg-info
[1.056s] running install_scripts
[1.078s] Installing vscodePythonDemoNode script to /mnt/hgfs/VMware/ROS2_DEMO/1_Chapter/code/install/vscodePythonDemo/lib/vscodePythonDemo
[1.082s] writing list of installed files to '/mnt/hgfs/VMware/ROS2_DEMO/1_Chapter/code/build/vscodePythonDemo/install.log'
[1.120s] Invoked command in '/mnt/hgfs/VMware/ROS2_DEMO/1_Chapter/code/vscodePythonDemo' returned '0': PYTHONPATH=/mnt/hgfs/VMware/ROS2_DEMO/1_Chapter/code/build/vscodePythonDemo/prefix_override:/mnt/hgfs/VMware/ROS2_DEMO/1_Chapter/code/install/vscodePythonDemo/lib/python3.10/site-packages:${PYTHONPATH} /usr/bin/python3 setup.py egg_info --egg-base ../build/vscodePythonDemo build --build-base /mnt/hgfs/VMware/ROS2_DEMO/1_Chapter/code/build/vscodePythonDemo/build install --record /mnt/hgfs/VMware/ROS2_DEMO/1_Chapter/code/build/vscodePythonDemo/install.log --single-version-externally-managed
