[0.272s] DEBUG:colcon:Command line arguments: ['/usr/bin/colcon', 'build', '--packages-select', 'python_idl_pub']
[0.272s] DEBUG:colcon:Parsed command line arguments: Namespace(log_base=None, log_level=None, verb_name='build', build_base='build', install_base='install', merge_install=False, symlink_install=False, test_result_base=None, continue_on_error=False, executor='parallel', parallel_workers=16, event_handlers=None, ignore_user_meta=False, metas=['./colcon.meta'], base_paths=['.'], packages_ignore=None, packages_ignore_regex=None, paths=None, packages_up_to=None, packages_up_to_regex=None, packages_above=None, packages_above_and_dependencies=None, packages_above_depth=None, packages_select_by_dep=None, packages_skip_by_dep=None, packages_skip_up_to=None, packages_select_build_failed=False, packages_skip_build_finished=False, packages_select_test_failures=False, packages_skip_test_passed=False, packages_select=['python_idl_pub'], packages_skip=None, packages_select_regex=None, packages_skip_regex=None, packages_start=None, packages_end=None, allow_overriding=[], cmake_args=None, cmake_target=None, cmake_target_skip_unavailable=False, cmake_clean_cache=False, cmake_clean_first=False, cmake_force_configure=False, ament_cmake_args=None, catkin_cmake_args=None, catkin_skip_building_tests=False, verb_parser=<colcon_defaults.argument_parser.defaults.DefaultArgumentsDecorator object at 0x7f4755b91c00>, verb_extension=<colcon_core.verb.build.BuildVerb object at 0x7f47563a0d30>, main=<bound method BuildVerb.main of <colcon_core.verb.build.BuildVerb object at 0x7f47563a0d30>>)
[0.307s] Level 1:colcon.colcon_core.package_discovery:discover_packages(colcon_meta) check parameters
[0.308s] Level 1:colcon.colcon_core.package_discovery:discover_packages(recursive) check parameters
[0.309s] Level 1:colcon.colcon_core.package_discovery:discover_packages(ignore) check parameters
[0.310s] Level 1:colcon.colcon_core.package_discovery:discover_packages(path) check parameters
[0.311s] Level 1:colcon.colcon_core.package_discovery:discover_packages(colcon_meta) discover
[0.311s] Level 1:colcon.colcon_core.package_discovery:discover_packages(recursive) discover
[0.312s] INFO:colcon.colcon_core.package_discovery:Crawling recursively for packages in '/mnt/hgfs/VMware/ROS2_DEMO/2_Chapter/code'
[0.315s] Level 1:colcon.colcon_core.package_identification:_identify(.) by extensions ['ignore', 'ignore_ament_install']
[0.315s] Level 1:colcon.colcon_core.package_identification:_identify(.) by extension 'ignore'
[0.316s] Level 1:colcon.colcon_core.package_identification:_identify(.) by extension 'ignore_ament_install'
[0.317s] Level 1:colcon.colcon_core.package_identification:_identify(.) by extensions ['colcon_pkg']
[0.318s] Level 1:colcon.colcon_core.package_identification:_identify(.) by extension 'colcon_pkg'
[0.318s] Level 1:colcon.colcon_core.package_identification:_identify(.) by extensions ['colcon_meta']
[0.319s] Level 1:colcon.colcon_core.package_identification:_identify(.) by extension 'colcon_meta'
[0.319s] Level 1:colcon.colcon_core.package_identification:_identify(.) by extensions ['ros']
[0.319s] Level 1:colcon.colcon_core.package_identification:_identify(.) by extension 'ros'
[0.331s] Level 1:colcon.colcon_core.package_identification:_identify(.) by extensions ['cmake', 'python']
[0.332s] Level 1:colcon.colcon_core.package_identification:_identify(.) by extension 'cmake'
[0.333s] Level 1:colcon.colcon_core.package_identification:_identify(.) by extension 'python'
[0.333s] Level 1:colcon.colcon_core.package_identification:_identify(.) by extensions ['python_setup_py']
[0.334s] Level 1:colcon.colcon_core.package_identification:_identify(.) by extension 'python_setup_py'
[0.337s] Level 1:colcon.colcon_core.package_identification:_identify(build) by extensions ['ignore', 'ignore_ament_install']
[0.337s] Level 1:colcon.colcon_core.package_identification:_identify(build) by extension 'ignore'
[0.337s] Level 1:colcon.colcon_core.package_identification:_identify(build) ignored
[0.340s] Level 1:colcon.colcon_core.package_identification:_identify(cppBaseMsgPub) by extensions ['ignore', 'ignore_ament_install']
[0.341s] Level 1:colcon.colcon_core.package_identification:_identify(cppBaseMsgPub) by extension 'ignore'
[0.342s] Level 1:colcon.colcon_core.package_identification:_identify(cppBaseMsgPub) by extension 'ignore_ament_install'
[0.344s] Level 1:colcon.colcon_core.package_identification:_identify(cppBaseMsgPub) by extensions ['colcon_pkg']
[0.344s] Level 1:colcon.colcon_core.package_identification:_identify(cppBaseMsgPub) by extension 'colcon_pkg'
[0.345s] Level 1:colcon.colcon_core.package_identification:_identify(cppBaseMsgPub) by extensions ['colcon_meta']
[0.345s] Level 1:colcon.colcon_core.package_identification:_identify(cppBaseMsgPub) by extension 'colcon_meta'
[0.346s] Level 1:colcon.colcon_core.package_identification:_identify(cppBaseMsgPub) by extensions ['ros']
[0.347s] Level 1:colcon.colcon_core.package_identification:_identify(cppBaseMsgPub) by extension 'ros'
[0.352s] DEBUG:colcon.colcon_core.package_identification:Package 'cppBaseMsgPub' with type 'ros.ament_cmake' and name 'cppBaseMsgPub'
[0.355s] Level 1:colcon.colcon_core.package_identification:_identify(cppBaseMsgSub) by extensions ['ignore', 'ignore_ament_install']
[0.355s] Level 1:colcon.colcon_core.package_identification:_identify(cppBaseMsgSub) by extension 'ignore'
[0.356s] Level 1:colcon.colcon_core.package_identification:_identify(cppBaseMsgSub) by extension 'ignore_ament_install'
[0.357s] Level 1:colcon.colcon_core.package_identification:_identify(cppBaseMsgSub) by extensions ['colcon_pkg']
[0.357s] Level 1:colcon.colcon_core.package_identification:_identify(cppBaseMsgSub) by extension 'colcon_pkg'
[0.358s] Level 1:colcon.colcon_core.package_identification:_identify(cppBaseMsgSub) by extensions ['colcon_meta']
[0.358s] Level 1:colcon.colcon_core.package_identification:_identify(cppBaseMsgSub) by extension 'colcon_meta'
[0.359s] Level 1:colcon.colcon_core.package_identification:_identify(cppBaseMsgSub) by extensions ['ros']
[0.359s] Level 1:colcon.colcon_core.package_identification:_identify(cppBaseMsgSub) by extension 'ros'
[0.363s] DEBUG:colcon.colcon_core.package_identification:Package 'cppBaseMsgSub' with type 'ros.ament_cmake' and name 'cppBaseMsgSub'
[0.365s] Level 1:colcon.colcon_core.package_identification:_identify(cpp_idl_pub) by extensions ['ignore', 'ignore_ament_install']
[0.365s] Level 1:colcon.colcon_core.package_identification:_identify(cpp_idl_pub) by extension 'ignore'
[0.367s] Level 1:colcon.colcon_core.package_identification:_identify(cpp_idl_pub) by extension 'ignore_ament_install'
[0.368s] Level 1:colcon.colcon_core.package_identification:_identify(cpp_idl_pub) by extensions ['colcon_pkg']
[0.369s] Level 1:colcon.colcon_core.package_identification:_identify(cpp_idl_pub) by extension 'colcon_pkg'
[0.369s] Level 1:colcon.colcon_core.package_identification:_identify(cpp_idl_pub) by extensions ['colcon_meta']
[0.370s] Level 1:colcon.colcon_core.package_identification:_identify(cpp_idl_pub) by extension 'colcon_meta'
[0.370s] Level 1:colcon.colcon_core.package_identification:_identify(cpp_idl_pub) by extensions ['ros']
[0.370s] Level 1:colcon.colcon_core.package_identification:_identify(cpp_idl_pub) by extension 'ros'
[0.373s] DEBUG:colcon.colcon_core.package_identification:Package 'cpp_idl_pub' with type 'ros.ament_cmake' and name 'cpp_idl_pub'
[0.376s] Level 1:colcon.colcon_core.package_identification:_identify(cpp_idl_sub) by extensions ['ignore', 'ignore_ament_install']
[0.376s] Level 1:colcon.colcon_core.package_identification:_identify(cpp_idl_sub) by extension 'ignore'
[0.377s] Level 1:colcon.colcon_core.package_identification:_identify(cpp_idl_sub) by extension 'ignore_ament_install'
[0.378s] Level 1:colcon.colcon_core.package_identification:_identify(cpp_idl_sub) by extensions ['colcon_pkg']
[0.379s] Level 1:colcon.colcon_core.package_identification:_identify(cpp_idl_sub) by extension 'colcon_pkg'
[0.380s] Level 1:colcon.colcon_core.package_identification:_identify(cpp_idl_sub) by extensions ['colcon_meta']
[0.380s] Level 1:colcon.colcon_core.package_identification:_identify(cpp_idl_sub) by extension 'colcon_meta'
[0.381s] Level 1:colcon.colcon_core.package_identification:_identify(cpp_idl_sub) by extensions ['ros']
[0.381s] Level 1:colcon.colcon_core.package_identification:_identify(cpp_idl_sub) by extension 'ros'
[0.385s] DEBUG:colcon.colcon_core.package_identification:Package 'cpp_idl_sub' with type 'ros.ament_cmake' and name 'cpp_idl_sub'
[0.388s] Level 1:colcon.colcon_core.package_identification:_identify(install) by extensions ['ignore', 'ignore_ament_install']
[0.388s] Level 1:colcon.colcon_core.package_identification:_identify(install) by extension 'ignore'
[0.389s] Level 1:colcon.colcon_core.package_identification:_identify(install) ignored
[0.392s] Level 1:colcon.colcon_core.package_identification:_identify(log) by extensions ['ignore', 'ignore_ament_install']
[0.393s] Level 1:colcon.colcon_core.package_identification:_identify(log) by extension 'ignore'
[0.393s] Level 1:colcon.colcon_core.package_identification:_identify(log) ignored
[0.396s] Level 1:colcon.colcon_core.package_identification:_identify(msg_demo) by extensions ['ignore', 'ignore_ament_install']
[0.396s] Level 1:colcon.colcon_core.package_identification:_identify(msg_demo) by extension 'ignore'
[0.397s] Level 1:colcon.colcon_core.package_identification:_identify(msg_demo) by extension 'ignore_ament_install'
[0.399s] Level 1:colcon.colcon_core.package_identification:_identify(msg_demo) by extensions ['colcon_pkg']
[0.399s] Level 1:colcon.colcon_core.package_identification:_identify(msg_demo) by extension 'colcon_pkg'
[0.400s] Level 1:colcon.colcon_core.package_identification:_identify(msg_demo) by extensions ['colcon_meta']
[0.401s] Level 1:colcon.colcon_core.package_identification:_identify(msg_demo) by extension 'colcon_meta'
[0.402s] Level 1:colcon.colcon_core.package_identification:_identify(msg_demo) by extensions ['ros']
[0.402s] Level 1:colcon.colcon_core.package_identification:_identify(msg_demo) by extension 'ros'
[0.405s] DEBUG:colcon.colcon_core.package_identification:Package 'msg_demo' with type 'ros.ament_cmake' and name 'msg_demo'
[0.408s] Level 1:colcon.colcon_core.package_identification:_identify(pythonBaseMsgPub) by extensions ['ignore', 'ignore_ament_install']
[0.408s] Level 1:colcon.colcon_core.package_identification:_identify(pythonBaseMsgPub) by extension 'ignore'
[0.409s] Level 1:colcon.colcon_core.package_identification:_identify(pythonBaseMsgPub) by extension 'ignore_ament_install'
[0.410s] Level 1:colcon.colcon_core.package_identification:_identify(pythonBaseMsgPub) by extensions ['colcon_pkg']
[0.410s] Level 1:colcon.colcon_core.package_identification:_identify(pythonBaseMsgPub) by extension 'colcon_pkg'
[0.411s] Level 1:colcon.colcon_core.package_identification:_identify(pythonBaseMsgPub) by extensions ['colcon_meta']
[0.411s] Level 1:colcon.colcon_core.package_identification:_identify(pythonBaseMsgPub) by extension 'colcon_meta'
[0.412s] Level 1:colcon.colcon_core.package_identification:_identify(pythonBaseMsgPub) by extensions ['ros']
[0.412s] Level 1:colcon.colcon_core.package_identification:_identify(pythonBaseMsgPub) by extension 'ros'
[0.415s] DEBUG:colcon.colcon_core.package_identification:Package 'pythonBaseMsgPub' with type 'ros.ament_python' and name 'pythonBaseMsgPub'
[0.418s] Level 1:colcon.colcon_core.package_identification:_identify(pythonBaseMsgSub) by extensions ['ignore', 'ignore_ament_install']
[0.418s] Level 1:colcon.colcon_core.package_identification:_identify(pythonBaseMsgSub) by extension 'ignore'
[0.419s] Level 1:colcon.colcon_core.package_identification:_identify(pythonBaseMsgSub) by extension 'ignore_ament_install'
[0.420s] Level 1:colcon.colcon_core.package_identification:_identify(pythonBaseMsgSub) by extensions ['colcon_pkg']
[0.421s] Level 1:colcon.colcon_core.package_identification:_identify(pythonBaseMsgSub) by extension 'colcon_pkg'
[0.421s] Level 1:colcon.colcon_core.package_identification:_identify(pythonBaseMsgSub) by extensions ['colcon_meta']
[0.422s] Level 1:colcon.colcon_core.package_identification:_identify(pythonBaseMsgSub) by extension 'colcon_meta'
[0.423s] Level 1:colcon.colcon_core.package_identification:_identify(pythonBaseMsgSub) by extensions ['ros']
[0.423s] Level 1:colcon.colcon_core.package_identification:_identify(pythonBaseMsgSub) by extension 'ros'
[0.426s] DEBUG:colcon.colcon_core.package_identification:Package 'pythonBaseMsgSub' with type 'ros.ament_python' and name 'pythonBaseMsgSub'
[0.428s] Level 1:colcon.colcon_core.package_identification:_identify(python_idl_pub) by extensions ['ignore', 'ignore_ament_install']
[0.429s] Level 1:colcon.colcon_core.package_identification:_identify(python_idl_pub) by extension 'ignore'
[0.430s] Level 1:colcon.colcon_core.package_identification:_identify(python_idl_pub) by extension 'ignore_ament_install'
[0.431s] Level 1:colcon.colcon_core.package_identification:_identify(python_idl_pub) by extensions ['colcon_pkg']
[0.432s] Level 1:colcon.colcon_core.package_identification:_identify(python_idl_pub) by extension 'colcon_pkg'
[0.433s] Level 1:colcon.colcon_core.package_identification:_identify(python_idl_pub) by extensions ['colcon_meta']
[0.433s] Level 1:colcon.colcon_core.package_identification:_identify(python_idl_pub) by extension 'colcon_meta'
[0.434s] Level 1:colcon.colcon_core.package_identification:_identify(python_idl_pub) by extensions ['ros']
[0.434s] Level 1:colcon.colcon_core.package_identification:_identify(python_idl_pub) by extension 'ros'
[0.437s] DEBUG:colcon.colcon_core.package_identification:Package 'python_idl_pub' with type 'ros.ament_python' and name 'python_idl_pub'
[0.440s] Level 1:colcon.colcon_core.package_identification:_identify(student_msg) by extensions ['ignore', 'ignore_ament_install']
[0.440s] Level 1:colcon.colcon_core.package_identification:_identify(student_msg) by extension 'ignore'
[0.441s] Level 1:colcon.colcon_core.package_identification:_identify(student_msg) by extension 'ignore_ament_install'
[0.442s] Level 1:colcon.colcon_core.package_identification:_identify(student_msg) by extensions ['colcon_pkg']
[0.442s] Level 1:colcon.colcon_core.package_identification:_identify(student_msg) by extension 'colcon_pkg'
[0.443s] Level 1:colcon.colcon_core.package_identification:_identify(student_msg) by extensions ['colcon_meta']
[0.443s] Level 1:colcon.colcon_core.package_identification:_identify(student_msg) by extension 'colcon_meta'
[0.444s] Level 1:colcon.colcon_core.package_identification:_identify(student_msg) by extensions ['ros']
[0.444s] Level 1:colcon.colcon_core.package_identification:_identify(student_msg) by extension 'ros'
[0.447s] DEBUG:colcon.colcon_core.package_identification:Package 'student_msg' with type 'ros.ament_cmake' and name 'student_msg'
[0.448s] Level 1:colcon.colcon_core.package_discovery:discover_packages(recursive) using defaults
[0.448s] Level 1:colcon.colcon_core.package_discovery:discover_packages(ignore) discover
[0.449s] Level 1:colcon.colcon_core.package_discovery:discover_packages(ignore) using defaults
[0.449s] Level 1:colcon.colcon_core.package_discovery:discover_packages(path) discover
[0.450s] Level 1:colcon.colcon_core.package_discovery:discover_packages(path) using defaults
[0.479s] INFO:colcon.colcon_core.package_selection:Skipping not selected package 'cppBaseMsgPub' in 'cppBaseMsgPub'
[0.479s] INFO:colcon.colcon_core.package_selection:Skipping not selected package 'cppBaseMsgSub' in 'cppBaseMsgSub'
[0.479s] INFO:colcon.colcon_core.package_selection:Skipping not selected package 'msg_demo' in 'msg_demo'
[0.480s] INFO:colcon.colcon_core.package_selection:Skipping not selected package 'pythonBaseMsgPub' in 'pythonBaseMsgPub'
[0.480s] INFO:colcon.colcon_core.package_selection:Skipping not selected package 'pythonBaseMsgSub' in 'pythonBaseMsgSub'
[0.481s] INFO:colcon.colcon_core.package_selection:Skipping not selected package 'student_msg' in 'student_msg'
[0.482s] INFO:colcon.colcon_core.package_selection:Skipping not selected package 'cpp_idl_pub' in 'cpp_idl_pub'
[0.483s] INFO:colcon.colcon_core.package_selection:Skipping not selected package 'cpp_idl_sub' in 'cpp_idl_sub'
[0.484s] Level 1:colcon.colcon_core.package_discovery:discover_packages(prefix_path) check parameters
[0.484s] Level 1:colcon.colcon_core.package_discovery:discover_packages(prefix_path) discover
[0.516s] DEBUG:colcon.colcon_installed_package_information.package_discovery:Found 4 installed packages in /home/pldz/share/ROS2_DEMO/2_Chapter/code/install
[0.517s] DEBUG:colcon.colcon_installed_package_information.package_discovery:Found 270 installed packages in /opt/ros/humble
[0.519s] Level 1:colcon.colcon_core.package_discovery:discover_packages(prefix_path) using defaults
[0.576s] Level 5:colcon.colcon_core.verb:set package 'python_idl_pub' build argument 'cmake_args' from command line to 'None'
[0.576s] Level 5:colcon.colcon_core.verb:set package 'python_idl_pub' build argument 'cmake_target' from command line to 'None'
[0.577s] Level 5:colcon.colcon_core.verb:set package 'python_idl_pub' build argument 'cmake_target_skip_unavailable' from command line to 'False'
[0.577s] Level 5:colcon.colcon_core.verb:set package 'python_idl_pub' build argument 'cmake_clean_cache' from command line to 'False'
[0.578s] Level 5:colcon.colcon_core.verb:set package 'python_idl_pub' build argument 'cmake_clean_first' from command line to 'False'
[0.579s] Level 5:colcon.colcon_core.verb:set package 'python_idl_pub' build argument 'cmake_force_configure' from command line to 'False'
[0.579s] Level 5:colcon.colcon_core.verb:set package 'python_idl_pub' build argument 'ament_cmake_args' from command line to 'None'
[0.580s] Level 5:colcon.colcon_core.verb:set package 'python_idl_pub' build argument 'catkin_cmake_args' from command line to 'None'
[0.581s] Level 5:colcon.colcon_core.verb:set package 'python_idl_pub' build argument 'catkin_skip_building_tests' from command line to 'False'
[0.581s] DEBUG:colcon.colcon_core.verb:Building package 'python_idl_pub' with the following arguments: {'ament_cmake_args': None, 'build_base': '/mnt/hgfs/VMware/ROS2_DEMO/2_Chapter/code/build/python_idl_pub', 'catkin_cmake_args': None, 'catkin_skip_building_tests': False, 'cmake_args': None, 'cmake_clean_cache': False, 'cmake_clean_first': False, 'cmake_force_configure': False, 'cmake_target': None, 'cmake_target_skip_unavailable': False, 'install_base': '/mnt/hgfs/VMware/ROS2_DEMO/2_Chapter/code/install/python_idl_pub', 'merge_install': False, 'path': '/mnt/hgfs/VMware/ROS2_DEMO/2_Chapter/code/python_idl_pub', 'symlink_install': False, 'test_result_base': None}
[0.582s] INFO:colcon.colcon_core.executor:Executing jobs using 'parallel' executor
[0.585s] DEBUG:colcon.colcon_parallel_executor.executor.parallel:run_until_complete
[0.587s] INFO:colcon.colcon_ros.task.ament_python.build:Building ROS package in '/mnt/hgfs/VMware/ROS2_DEMO/2_Chapter/code/python_idl_pub' with build type 'ament_python'
[0.588s] Level 1:colcon.colcon_core.shell:create_environment_hook('python_idl_pub', 'ament_prefix_path')
[0.594s] INFO:colcon.colcon_core.plugin_system:Skipping extension 'colcon_core.shell.bat': Not used on non-Windows systems
[0.594s] INFO:colcon.colcon_core.shell:Creating environment hook '/mnt/hgfs/VMware/ROS2_DEMO/2_Chapter/code/install/python_idl_pub/share/python_idl_pub/hook/ament_prefix_path.ps1'
[0.599s] INFO:colcon.colcon_core.shell:Creating environment descriptor '/mnt/hgfs/VMware/ROS2_DEMO/2_Chapter/code/install/python_idl_pub/share/python_idl_pub/hook/ament_prefix_path.dsv'
[0.601s] INFO:colcon.colcon_core.shell:Creating environment hook '/mnt/hgfs/VMware/ROS2_DEMO/2_Chapter/code/install/python_idl_pub/share/python_idl_pub/hook/ament_prefix_path.sh'
[0.605s] INFO:colcon.colcon_core.shell:Skip shell extension 'powershell' for command environment: Not usable outside of PowerShell
[0.605s] DEBUG:colcon.colcon_core.shell:Skip shell extension 'dsv' for command environment
[0.946s] INFO:colcon.colcon_core.task.python.build:Building Python package in '/mnt/hgfs/VMware/ROS2_DEMO/2_Chapter/code/python_idl_pub'
[0.948s] INFO:colcon.colcon_core.shell:Skip shell extension 'powershell' for command environment: Not usable outside of PowerShell
[0.948s] DEBUG:colcon.colcon_core.shell:Skip shell extension 'dsv' for command environment
[1.387s] DEBUG:colcon.colcon_core.event_handler.log_command:Invoking command in '/mnt/hgfs/VMware/ROS2_DEMO/2_Chapter/code/python_idl_pub': AMENT_PREFIX_PATH=/mnt/hgfs/VMware/ROS2_DEMO/2_Chapter/code/install/student_msg:${AMENT_PREFIX_PATH} CMAKE_PREFIX_PATH=/mnt/hgfs/VMware/ROS2_DEMO/2_Chapter/code/install/student_msg:${CMAKE_PREFIX_PATH} LD_LIBRARY_PATH=/mnt/hgfs/VMware/ROS2_DEMO/2_Chapter/code/install/student_msg/lib:${LD_LIBRARY_PATH} PYTHONPATH=/mnt/hgfs/VMware/ROS2_DEMO/2_Chapter/code/build/python_idl_pub/prefix_override:/mnt/hgfs/VMware/ROS2_DEMO/2_Chapter/code/install/python_idl_pub/lib/python3.10/site-packages:/mnt/hgfs/VMware/ROS2_DEMO/2_Chapter/code/install/student_msg/local/lib/python3.10/dist-packages:${PYTHONPATH} /usr/bin/python3 setup.py egg_info --egg-base ../build/python_idl_pub build --build-base /mnt/hgfs/VMware/ROS2_DEMO/2_Chapter/code/build/python_idl_pub/build install --record /mnt/hgfs/VMware/ROS2_DEMO/2_Chapter/code/build/python_idl_pub/install.log --single-version-externally-managed
[1.836s] DEBUG:colcon.colcon_core.event_handler.log_command:Invoked command in '/mnt/hgfs/VMware/ROS2_DEMO/2_Chapter/code/python_idl_pub' returned '0': AMENT_PREFIX_PATH=/mnt/hgfs/VMware/ROS2_DEMO/2_Chapter/code/install/student_msg:${AMENT_PREFIX_PATH} CMAKE_PREFIX_PATH=/mnt/hgfs/VMware/ROS2_DEMO/2_Chapter/code/install/student_msg:${CMAKE_PREFIX_PATH} LD_LIBRARY_PATH=/mnt/hgfs/VMware/ROS2_DEMO/2_Chapter/code/install/student_msg/lib:${LD_LIBRARY_PATH} PYTHONPATH=/mnt/hgfs/VMware/ROS2_DEMO/2_Chapter/code/build/python_idl_pub/prefix_override:/mnt/hgfs/VMware/ROS2_DEMO/2_Chapter/code/install/python_idl_pub/lib/python3.10/site-packages:/mnt/hgfs/VMware/ROS2_DEMO/2_Chapter/code/install/student_msg/local/lib/python3.10/dist-packages:${PYTHONPATH} /usr/bin/python3 setup.py egg_info --egg-base ../build/python_idl_pub build --build-base /mnt/hgfs/VMware/ROS2_DEMO/2_Chapter/code/build/python_idl_pub/build install --record /mnt/hgfs/VMware/ROS2_DEMO/2_Chapter/code/build/python_idl_pub/install.log --single-version-externally-managed
[1.838s] Level 1:colcon.colcon_core.environment:checking '/mnt/hgfs/VMware/ROS2_DEMO/2_Chapter/code/install/python_idl_pub' for CMake module files
[1.848s] Level 1:colcon.colcon_core.environment:checking '/mnt/hgfs/VMware/ROS2_DEMO/2_Chapter/code/install/python_idl_pub' for CMake config files
[1.868s] Level 1:colcon.colcon_core.environment:checking '/mnt/hgfs/VMware/ROS2_DEMO/2_Chapter/code/install/python_idl_pub/lib'
[1.870s] Level 1:colcon.colcon_core.environment:checking '/mnt/hgfs/VMware/ROS2_DEMO/2_Chapter/code/install/python_idl_pub/bin'
[1.871s] Level 1:colcon.colcon_core.environment:checking '/mnt/hgfs/VMware/ROS2_DEMO/2_Chapter/code/install/python_idl_pub/lib/pkgconfig/python_idl_pub.pc'
[1.872s] Level 1:colcon.colcon_core.environment:checking '/mnt/hgfs/VMware/ROS2_DEMO/2_Chapter/code/install/python_idl_pub/lib/python3.10/site-packages'
[1.872s] Level 1:colcon.colcon_core.shell:create_environment_hook('python_idl_pub', 'pythonpath')
[1.874s] INFO:colcon.colcon_core.shell:Creating environment hook '/mnt/hgfs/VMware/ROS2_DEMO/2_Chapter/code/install/python_idl_pub/share/python_idl_pub/hook/pythonpath.ps1'
[1.876s] INFO:colcon.colcon_core.shell:Creating environment descriptor '/mnt/hgfs/VMware/ROS2_DEMO/2_Chapter/code/install/python_idl_pub/share/python_idl_pub/hook/pythonpath.dsv'
[1.879s] INFO:colcon.colcon_core.shell:Creating environment hook '/mnt/hgfs/VMware/ROS2_DEMO/2_Chapter/code/install/python_idl_pub/share/python_idl_pub/hook/pythonpath.sh'
[1.881s] Level 1:colcon.colcon_core.environment:checking '/mnt/hgfs/VMware/ROS2_DEMO/2_Chapter/code/install/python_idl_pub/bin'
[1.882s] Level 1:colcon.colcon_core.environment:create_environment_scripts_only(python_idl_pub)
[1.883s] INFO:colcon.colcon_core.shell:Creating package script '/mnt/hgfs/VMware/ROS2_DEMO/2_Chapter/code/install/python_idl_pub/share/python_idl_pub/package.ps1'
[1.885s] INFO:colcon.colcon_core.shell:Creating package descriptor '/mnt/hgfs/VMware/ROS2_DEMO/2_Chapter/code/install/python_idl_pub/share/python_idl_pub/package.dsv'
[1.888s] INFO:colcon.colcon_core.shell:Creating package script '/mnt/hgfs/VMware/ROS2_DEMO/2_Chapter/code/install/python_idl_pub/share/python_idl_pub/package.sh'
[1.890s] INFO:colcon.colcon_core.shell:Creating package script '/mnt/hgfs/VMware/ROS2_DEMO/2_Chapter/code/install/python_idl_pub/share/python_idl_pub/package.bash'
[1.893s] INFO:colcon.colcon_core.shell:Creating package script '/mnt/hgfs/VMware/ROS2_DEMO/2_Chapter/code/install/python_idl_pub/share/python_idl_pub/package.zsh'
[1.895s] Level 1:colcon.colcon_core.environment:create_file_with_runtime_dependencies(/mnt/hgfs/VMware/ROS2_DEMO/2_Chapter/code/install/python_idl_pub/share/colcon-core/packages/python_idl_pub)
[1.897s] DEBUG:colcon.colcon_parallel_executor.executor.parallel:closing loop
[1.897s] DEBUG:colcon.colcon_parallel_executor.executor.parallel:loop closed
[1.898s] DEBUG:colcon.colcon_parallel_executor.executor.parallel:run_until_complete finished with '0'
[1.898s] DEBUG:colcon.colcon_core.event_reactor:joining thread
[1.912s] INFO:colcon.colcon_core.plugin_system:Skipping extension 'colcon_notification.desktop_notification.terminal_notifier': Not used on non-Darwin systems
[1.912s] INFO:colcon.colcon_core.plugin_system:Skipping extension 'colcon_notification.desktop_notification.win32': Not used on non-Windows systems
[1.912s] INFO:colcon.colcon_notification.desktop_notification:Sending desktop notification using 'notify2'
[1.924s] DEBUG:colcon.colcon_core.event_reactor:joined thread
[1.925s] INFO:colcon.colcon_core.shell:Creating prefix script '/mnt/hgfs/VMware/ROS2_DEMO/2_Chapter/code/install/local_setup.ps1'
[1.928s] INFO:colcon.colcon_core.shell:Creating prefix util module '/mnt/hgfs/VMware/ROS2_DEMO/2_Chapter/code/install/_local_setup_util_ps1.py'
[1.930s] INFO:colcon.colcon_core.shell:Creating prefix chain script '/mnt/hgfs/VMware/ROS2_DEMO/2_Chapter/code/install/setup.ps1'
[1.943s] INFO:colcon.colcon_core.shell:Creating prefix script '/mnt/hgfs/VMware/ROS2_DEMO/2_Chapter/code/install/local_setup.sh'
[1.946s] INFO:colcon.colcon_core.shell:Creating prefix util module '/mnt/hgfs/VMware/ROS2_DEMO/2_Chapter/code/install/_local_setup_util_sh.py'
[1.950s] INFO:colcon.colcon_core.shell:Creating prefix chain script '/mnt/hgfs/VMware/ROS2_DEMO/2_Chapter/code/install/setup.sh'
[1.963s] INFO:colcon.colcon_core.shell:Creating prefix script '/mnt/hgfs/VMware/ROS2_DEMO/2_Chapter/code/install/local_setup.bash'
[1.965s] INFO:colcon.colcon_core.shell:Creating prefix chain script '/mnt/hgfs/VMware/ROS2_DEMO/2_Chapter/code/install/setup.bash'
[1.977s] INFO:colcon.colcon_core.shell:Creating prefix script '/mnt/hgfs/VMware/ROS2_DEMO/2_Chapter/code/install/local_setup.zsh'
[1.979s] INFO:colcon.colcon_core.shell:Creating prefix chain script '/mnt/hgfs/VMware/ROS2_DEMO/2_Chapter/code/install/setup.zsh'
