[0.078s] Invoking command in '/mnt/hgfs/VMware/ROS2_DEMO/2_Chapter/code/build/cpp_idl_pub': AMENT_PREFIX_PATH=/mnt/hgfs/VMware/ROS2_DEMO/2_Chapter/code/install/student_msg:${AMENT_PREFIX_PATH} CMAKE_PREFIX_PATH=/mnt/hgfs/VMware/ROS2_DEMO/2_Chapter/code/install/student_msg:/home/pldz/share/ROS2_DEMO/2_Chapter/code/install/cpp_idl_pub:/home/pldz/share/ROS2_DEMO/2_Chapter/code/install/student_msg:/opt/ros/humble LD_LIBRARY_PATH=/mnt/hgfs/VMware/ROS2_DEMO/2_Chapter/code/install/student_msg/lib:${LD_LIBRARY_PATH} PYTHONPATH=/mnt/hgfs/VMware/ROS2_DEMO/2_Chapter/code/install/student_msg/local/lib/python3.10/dist-packages:${PYTHONPATH} /usr/bin/cmake --build /mnt/hgfs/VMware/ROS2_DEMO/2_Chapter/code/build/cpp_idl_pub -- -j16 -l16
[0.321s] [35m[1mConsolidate compiler generated dependencies of target cppIdlPubNode[0m
[1.367s] [ 50%] [32mBuilding CXX object CMakeFiles/cppIdlPubNode.dir/src/cppIdlPubNode.cpp.o[0m
[6.981s] [100%] [32m[1mLinking CXX executable cppIdlPubNode[0m
[9.085s] [100%] Built target cppIdlPubNode
[9.132s] Invoked command in '/mnt/hgfs/VMware/ROS2_DEMO/2_Chapter/code/build/cpp_idl_pub' returned '0': AMENT_PREFIX_PATH=/mnt/hgfs/VMware/ROS2_DEMO/2_Chapter/code/install/student_msg:${AMENT_PREFIX_PATH} CMAKE_PREFIX_PATH=/mnt/hgfs/VMware/ROS2_DEMO/2_Chapter/code/install/student_msg:/home/pldz/share/ROS2_DEMO/2_Chapter/code/install/cpp_idl_pub:/home/pldz/share/ROS2_DEMO/2_Chapter/code/install/student_msg:/opt/ros/humble LD_LIBRARY_PATH=/mnt/hgfs/VMware/ROS2_DEMO/2_Chapter/code/install/student_msg/lib:${LD_LIBRARY_PATH} PYTHONPATH=/mnt/hgfs/VMware/ROS2_DEMO/2_Chapter/code/install/student_msg/local/lib/python3.10/dist-packages:${PYTHONPATH} /usr/bin/cmake --build /mnt/hgfs/VMware/ROS2_DEMO/2_Chapter/code/build/cpp_idl_pub -- -j16 -l16
[9.280s] Invoking command in '/mnt/hgfs/VMware/ROS2_DEMO/2_Chapter/code/build/cpp_idl_pub': AMENT_PREFIX_PATH=/mnt/hgfs/VMware/ROS2_DEMO/2_Chapter/code/install/student_msg:${AMENT_PREFIX_PATH} CMAKE_PREFIX_PATH=/mnt/hgfs/VMware/ROS2_DEMO/2_Chapter/code/install/student_msg:/home/pldz/share/ROS2_DEMO/2_Chapter/code/install/cpp_idl_pub:/home/pldz/share/ROS2_DEMO/2_Chapter/code/install/student_msg:/opt/ros/humble LD_LIBRARY_PATH=/mnt/hgfs/VMware/ROS2_DEMO/2_Chapter/code/install/student_msg/lib:${LD_LIBRARY_PATH} PYTHONPATH=/mnt/hgfs/VMware/ROS2_DEMO/2_Chapter/code/install/student_msg/local/lib/python3.10/dist-packages:${PYTHONPATH} /usr/bin/cmake --install /mnt/hgfs/VMware/ROS2_DEMO/2_Chapter/code/build/cpp_idl_pub
[9.320s] -- Install configuration: ""
[9.325s] -- Installing: /mnt/hgfs/VMware/ROS2_DEMO/2_Chapter/code/install/cpp_idl_pub/lib/cpp_idl_pub/cppIdlPubNode
[9.426s] -- Set runtime path of "/mnt/hgfs/VMware/ROS2_DEMO/2_Chapter/code/install/cpp_idl_pub/lib/cpp_idl_pub/cppIdlPubNode" to ""
[9.432s] -- Up-to-date: /mnt/hgfs/VMware/ROS2_DEMO/2_Chapter/code/install/cpp_idl_pub/share/ament_index/resource_index/package_run_dependencies/cpp_idl_pub
[9.436s] -- Up-to-date: /mnt/hgfs/VMware/ROS2_DEMO/2_Chapter/code/install/cpp_idl_pub/share/ament_index/resource_index/parent_prefix_path/cpp_idl_pub
[9.439s] -- Up-to-date: /mnt/hgfs/VMware/ROS2_DEMO/2_Chapter/code/install/cpp_idl_pub/share/cpp_idl_pub/environment/ament_prefix_path.sh
[9.442s] -- Up-to-date: /mnt/hgfs/VMware/ROS2_DEMO/2_Chapter/code/install/cpp_idl_pub/share/cpp_idl_pub/environment/ament_prefix_path.dsv
[9.445s] -- Up-to-date: /mnt/hgfs/VMware/ROS2_DEMO/2_Chapter/code/install/cpp_idl_pub/share/cpp_idl_pub/environment/path.sh
[9.448s] -- Up-to-date: /mnt/hgfs/VMware/ROS2_DEMO/2_Chapter/code/install/cpp_idl_pub/share/cpp_idl_pub/environment/path.dsv
[9.451s] -- Up-to-date: /mnt/hgfs/VMware/ROS2_DEMO/2_Chapter/code/install/cpp_idl_pub/share/cpp_idl_pub/local_setup.bash
[9.454s] -- Up-to-date: /mnt/hgfs/VMware/ROS2_DEMO/2_Chapter/code/install/cpp_idl_pub/share/cpp_idl_pub/local_setup.sh
[9.458s] -- Up-to-date: /mnt/hgfs/VMware/ROS2_DEMO/2_Chapter/code/install/cpp_idl_pub/share/cpp_idl_pub/local_setup.zsh
[9.461s] -- Up-to-date: /mnt/hgfs/VMware/ROS2_DEMO/2_Chapter/code/install/cpp_idl_pub/share/cpp_idl_pub/local_setup.dsv
[9.464s] -- Installing: /mnt/hgfs/VMware/ROS2_DEMO/2_Chapter/code/install/cpp_idl_pub/share/cpp_idl_pub/package.dsv
[9.470s] -- Up-to-date: /mnt/hgfs/VMware/ROS2_DEMO/2_Chapter/code/install/cpp_idl_pub/share/ament_index/resource_index/packages/cpp_idl_pub
[9.474s] -- Up-to-date: /mnt/hgfs/VMware/ROS2_DEMO/2_Chapter/code/install/cpp_idl_pub/share/cpp_idl_pub/cmake/cpp_idl_pubConfig.cmake
[9.476s] -- Up-to-date: /mnt/hgfs/VMware/ROS2_DEMO/2_Chapter/code/install/cpp_idl_pub/share/cpp_idl_pub/cmake/cpp_idl_pubConfig-version.cmake
[9.479s] -- Up-to-date: /mnt/hgfs/VMware/ROS2_DEMO/2_Chapter/code/install/cpp_idl_pub/share/cpp_idl_pub/package.xml
[9.483s] Invoked command in '/mnt/hgfs/VMware/ROS2_DEMO/2_Chapter/code/build/cpp_idl_pub' returned '0': AMENT_PREFIX_PATH=/mnt/hgfs/VMware/ROS2_DEMO/2_Chapter/code/install/student_msg:${AMENT_PREFIX_PATH} CMAKE_PREFIX_PATH=/mnt/hgfs/VMware/ROS2_DEMO/2_Chapter/code/install/student_msg:/home/pldz/share/ROS2_DEMO/2_Chapter/code/install/cpp_idl_pub:/home/pldz/share/ROS2_DEMO/2_Chapter/code/install/student_msg:/opt/ros/humble LD_LIBRARY_PATH=/mnt/hgfs/VMware/ROS2_DEMO/2_Chapter/code/install/student_msg/lib:${LD_LIBRARY_PATH} PYTHONPATH=/mnt/hgfs/VMware/ROS2_DEMO/2_Chapter/code/install/student_msg/local/lib/python3.10/dist-packages:${PYTHONPATH} /usr/bin/cmake --install /mnt/hgfs/VMware/ROS2_DEMO/2_Chapter/code/build/cpp_idl_pub
