[0.030s] Invoking command in '/mnt/hgfs/VMware/ROS2_DEMO/2_Chapter/code/build/cpp_idl_pub': CMAKE_PREFIX_PATH=/opt/ros/humble /usr/bin/cmake /mnt/hgfs/VMware/ROS2_DEMO/2_Chapter/code/cpp_idl_pub -DCMAKE_INSTALL_PREFIX=/mnt/hgfs/VMware/ROS2_DEMO/2_Chapter/code/install/cpp_idl_pub
[0.046s] -- Found ament_cmake: 1.3.3 (/opt/ros/humble/share/ament_cmake/cmake)
[0.185s] -- Found rclcpp: 16.0.3 (/opt/ros/humble/share/rclcpp/cmake)
[0.235s] -- Found rosidl_generator_c: 3.1.4 (/opt/ros/humble/share/rosidl_generator_c/cmake)
[0.238s] -- Found rosidl_adapter: 3.1.4 (/opt/ros/humble/share/rosidl_adapter/cmake)
[0.245s] -- Found rosidl_generator_cpp: 3.1.4 (/opt/ros/humble/share/rosidl_generator_cpp/cmake)
[0.258s] -- Using all available rosidl_typesupport_c: rosidl_typesupport_fastrtps_c;rosidl_typesupport_introspection_c
[0.275s] -- Using all available rosidl_typesupport_cpp: rosidl_typesupport_fastrtps_cpp;rosidl_typesupport_introspection_cpp
[0.360s] -- Found rmw_implementation_cmake: 6.1.1 (/opt/ros/humble/share/rmw_implementation_cmake/cmake)
[0.368s] -- Found rmw_fastrtps_cpp: 6.2.2 (/opt/ros/humble/share/rmw_fastrtps_cpp/cmake)
[0.493s] -- Found OpenSSL: /usr/lib/x86_64-linux-gnu/libcrypto.so (found version "3.0.2")  
[0.534s] -- Found FastRTPS: /opt/ros/humble/include  
[0.597s] -- Using RMW implementation 'rmw_fastrtps_cpp' as default
[0.626s] -- Looking for pthread.h
[0.909s] -- Looking for pthread.h - found
[0.913s] -- Performing Test CMAKE_HAVE_LIBC_PTHREAD
[1.152s] -- Performing Test CMAKE_HAVE_LIBC_PTHREAD - Success
[1.156s] -- Found Threads: TRUE  
[1.325s] [31mCMake Error at /opt/ros/humble/share/ament_cmake_target_dependencies/cmake/ament_target_dependencies.cmake:77 (message):
[1.328s]   ament_target_dependencies() the passed package name 'student_msg' was not
[1.331s]   found before
[1.334s] Call Stack (most recent call first):
[1.337s]   CMakeLists.txt:20 (ament_target_dependencies)
[1.340s] 
[1.343s] [0m
[1.348s] -- Configuring incomplete, errors occurred!
[1.352s] See also "/mnt/hgfs/VMware/ROS2_DEMO/2_Chapter/code/build/cpp_idl_pub/CMakeFiles/CMakeOutput.log".
[1.355s] Invoked command in '/mnt/hgfs/VMware/ROS2_DEMO/2_Chapter/code/build/cpp_idl_pub' returned '1': CMAKE_PREFIX_PATH=/opt/ros/humble /usr/bin/cmake /mnt/hgfs/VMware/ROS2_DEMO/2_Chapter/code/cpp_idl_pub -DCMAKE_INSTALL_PREFIX=/mnt/hgfs/VMware/ROS2_DEMO/2_Chapter/code/install/cpp_idl_pub
