running egg_info
creating ../build/python_idl_pub/python_idl_pub.egg-info
writing ../build/python_idl_pub/python_idl_pub.egg-info/PKG-INFO
writing dependency_links to ../build/python_idl_pub/python_idl_pub.egg-info/dependency_links.txt
writing entry points to ../build/python_idl_pub/python_idl_pub.egg-info/entry_points.txt
writing requirements to ../build/python_idl_pub/python_idl_pub.egg-info/requires.txt
writing top-level names to ../build/python_idl_pub/python_idl_pub.egg-info/top_level.txt
writing manifest file '../build/python_idl_pub/python_idl_pub.egg-info/SOURCES.txt'
reading manifest file '../build/python_idl_pub/python_idl_pub.egg-info/SOURCES.txt'
writing manifest file '../build/python_idl_pub/python_idl_pub.egg-info/SOURCES.txt'
running build
running build_py
creating /mnt/hgfs/VMware/ROS2_DEMO/2_Chapter/code/build/python_idl_pub/build
creating /mnt/hgfs/VMware/ROS2_DEMO/2_Chapter/code/build/python_idl_pub/build/lib
creating /mnt/hgfs/VMware/ROS2_DEMO/2_Chapter/code/build/python_idl_pub/build/lib/python_idl_pub
copying python_idl_pub/pythonIdlPubNode.py -> /mnt/hgfs/VMware/ROS2_DEMO/2_Chapter/code/build/python_idl_pub/build/lib/python_idl_pub
copying python_idl_pub/__init__.py -> /mnt/hgfs/VMware/ROS2_DEMO/2_Chapter/code/build/python_idl_pub/build/lib/python_idl_pub
running install
/usr/lib/python3/dist-packages/setuptools/command/install.py:34: SetuptoolsDeprecationWarning: setup.py install is deprecated. Use build and pip and other standards-based tools.
  warnings.warn(
running install_lib
creating /mnt/hgfs/VMware/ROS2_DEMO/2_Chapter/code/install/python_idl_pub/lib/python3.10/site-packages/python_idl_pub
copying /mnt/hgfs/VMware/ROS2_DEMO/2_Chapter/code/build/python_idl_pub/build/lib/python_idl_pub/pythonIdlPubNode.py -> /mnt/hgfs/VMware/ROS2_DEMO/2_Chapter/code/install/python_idl_pub/lib/python3.10/site-packages/python_idl_pub
copying /mnt/hgfs/VMware/ROS2_DEMO/2_Chapter/code/build/python_idl_pub/build/lib/python_idl_pub/__init__.py -> /mnt/hgfs/VMware/ROS2_DEMO/2_Chapter/code/install/python_idl_pub/lib/python3.10/site-packages/python_idl_pub
byte-compiling /mnt/hgfs/VMware/ROS2_DEMO/2_Chapter/code/install/python_idl_pub/lib/python3.10/site-packages/python_idl_pub/pythonIdlPubNode.py to pythonIdlPubNode.cpython-310.pyc
byte-compiling /mnt/hgfs/VMware/ROS2_DEMO/2_Chapter/code/install/python_idl_pub/lib/python3.10/site-packages/python_idl_pub/__init__.py to __init__.cpython-310.pyc
running install_data
creating /mnt/hgfs/VMware/ROS2_DEMO/2_Chapter/code/install/python_idl_pub/share/ament_index
creating /mnt/hgfs/VMware/ROS2_DEMO/2_Chapter/code/install/python_idl_pub/share/ament_index/resource_index
creating /mnt/hgfs/VMware/ROS2_DEMO/2_Chapter/code/install/python_idl_pub/share/ament_index/resource_index/packages
copying resource/python_idl_pub -> /mnt/hgfs/VMware/ROS2_DEMO/2_Chapter/code/install/python_idl_pub/share/ament_index/resource_index/packages
copying package.xml -> /mnt/hgfs/VMware/ROS2_DEMO/2_Chapter/code/install/python_idl_pub/share/python_idl_pub
running install_egg_info
Copying ../build/python_idl_pub/python_idl_pub.egg-info to /mnt/hgfs/VMware/ROS2_DEMO/2_Chapter/code/install/python_idl_pub/lib/python3.10/site-packages/python_idl_pub-0.0.0-py3.10.egg-info
running install_scripts
Installing pythonIdlPubNode script to /mnt/hgfs/VMware/ROS2_DEMO/2_Chapter/code/install/python_idl_pub/lib/python_idl_pub
writing list of installed files to '/mnt/hgfs/VMware/ROS2_DEMO/2_Chapter/code/build/python_idl_pub/install.log'
