[1.050s] Invoking command in '/mnt/hgfs/VMware/ROS2_DEMO/4_Chapter/code/python_para_cli': PYTHONPATH=/mnt/hgfs/VMware/ROS2_DEMO/4_Chapter/code/build/python_para_cli/prefix_override:/mnt/hgfs/VMware/ROS2_DEMO/4_Chapter/code/install/python_para_cli/lib/python3.10/site-packages:${PYTHONPATH} /usr/bin/python3 setup.py egg_info --egg-base ../build/python_para_cli build --build-base /mnt/hgfs/VMware/ROS2_DEMO/4_Chapter/code/build/python_para_cli/build install --record /mnt/hgfs/VMware/ROS2_DEMO/4_Chapter/code/build/python_para_cli/install.log --single-version-externally-managed
[1.273s] running egg_info
[1.276s] creating ../build/python_para_cli/python_para_cli.egg-info
[1.279s] writing ../build/python_para_cli/python_para_cli.egg-info/PKG-INFO
[1.286s] writing dependency_links to ../build/python_para_cli/python_para_cli.egg-info/dependency_links.txt
[1.290s] writing entry points to ../build/python_para_cli/python_para_cli.egg-info/entry_points.txt
[1.296s] writing requirements to ../build/python_para_cli/python_para_cli.egg-info/requires.txt
[1.301s] writing top-level names to ../build/python_para_cli/python_para_cli.egg-info/top_level.txt
[1.306s] writing manifest file '../build/python_para_cli/python_para_cli.egg-info/SOURCES.txt'
[1.322s] reading manifest file '../build/python_para_cli/python_para_cli.egg-info/SOURCES.txt'
[1.329s] writing manifest file '../build/python_para_cli/python_para_cli.egg-info/SOURCES.txt'
[1.333s] running build
[1.336s] running build_py
[1.341s] creating /mnt/hgfs/VMware/ROS2_DEMO/4_Chapter/code/build/python_para_cli/build
[1.346s] creating /mnt/hgfs/VMware/ROS2_DEMO/4_Chapter/code/build/python_para_cli/build/lib
[1.351s] creating /mnt/hgfs/VMware/ROS2_DEMO/4_Chapter/code/build/python_para_cli/build/lib/python_para_cli
[1.360s] copying python_para_cli/pythonParaCliNode.py -> /mnt/hgfs/VMware/ROS2_DEMO/4_Chapter/code/build/python_para_cli/build/lib/python_para_cli
[1.371s] copying python_para_cli/__init__.py -> /mnt/hgfs/VMware/ROS2_DEMO/4_Chapter/code/build/python_para_cli/build/lib/python_para_cli
[1.374s] running install
[1.381s] /usr/lib/python3/dist-packages/setuptools/command/install.py:34: SetuptoolsDeprecationWarning: setup.py install is deprecated. Use build and pip and other standards-based tools.
[1.384s]   warnings.warn(
[1.392s] running install_lib
[1.401s] creating /mnt/hgfs/VMware/ROS2_DEMO/4_Chapter/code/install/python_para_cli/lib/python3.10/site-packages/python_para_cli
[1.408s] copying /mnt/hgfs/VMware/ROS2_DEMO/4_Chapter/code/build/python_para_cli/build/lib/python_para_cli/pythonParaCliNode.py -> /mnt/hgfs/VMware/ROS2_DEMO/4_Chapter/code/install/python_para_cli/lib/python3.10/site-packages/python_para_cli
[1.412s] copying /mnt/hgfs/VMware/ROS2_DEMO/4_Chapter/code/build/python_para_cli/build/lib/python_para_cli/__init__.py -> /mnt/hgfs/VMware/ROS2_DEMO/4_Chapter/code/install/python_para_cli/lib/python3.10/site-packages/python_para_cli
[1.416s] byte-compiling /mnt/hgfs/VMware/ROS2_DEMO/4_Chapter/code/install/python_para_cli/lib/python3.10/site-packages/python_para_cli/pythonParaCliNode.py to pythonParaCliNode.cpython-310.pyc
[1.442s] byte-compiling /mnt/hgfs/VMware/ROS2_DEMO/4_Chapter/code/install/python_para_cli/lib/python3.10/site-packages/python_para_cli/__init__.py to __init__.cpython-310.pyc
[1.444s] running install_data
[1.465s] creating /mnt/hgfs/VMware/ROS2_DEMO/4_Chapter/code/install/python_para_cli/share/ament_index
[1.468s] creating /mnt/hgfs/VMware/ROS2_DEMO/4_Chapter/code/install/python_para_cli/share/ament_index/resource_index
[1.475s] creating /mnt/hgfs/VMware/ROS2_DEMO/4_Chapter/code/install/python_para_cli/share/ament_index/resource_index/packages
[1.477s] copying resource/python_para_cli -> /mnt/hgfs/VMware/ROS2_DEMO/4_Chapter/code/install/python_para_cli/share/ament_index/resource_index/packages
[1.486s] copying package.xml -> /mnt/hgfs/VMware/ROS2_DEMO/4_Chapter/code/install/python_para_cli/share/python_para_cli
[1.501s] running install_egg_info
[1.508s] Copying ../build/python_para_cli/python_para_cli.egg-info to /mnt/hgfs/VMware/ROS2_DEMO/4_Chapter/code/install/python_para_cli/lib/python3.10/site-packages/python_para_cli-0.0.0-py3.10.egg-info
[1.518s] running install_scripts
[1.537s] Installing pythonParaCliNode script to /mnt/hgfs/VMware/ROS2_DEMO/4_Chapter/code/install/python_para_cli/lib/python_para_cli
[1.548s] writing list of installed files to '/mnt/hgfs/VMware/ROS2_DEMO/4_Chapter/code/build/python_para_cli/install.log'
[1.602s] Invoked command in '/mnt/hgfs/VMware/ROS2_DEMO/4_Chapter/code/python_para_cli' returned '0': PYTHONPATH=/mnt/hgfs/VMware/ROS2_DEMO/4_Chapter/code/build/python_para_cli/prefix_override:/mnt/hgfs/VMware/ROS2_DEMO/4_Chapter/code/install/python_para_cli/lib/python3.10/site-packages:${PYTHONPATH} /usr/bin/python3 setup.py egg_info --egg-base ../build/python_para_cli build --build-base /mnt/hgfs/VMware/ROS2_DEMO/4_Chapter/code/build/python_para_cli/build install --record /mnt/hgfs/VMware/ROS2_DEMO/4_Chapter/code/build/python_para_cli/install.log --single-version-externally-managed
