[0.073s] Invoking command in '/mnt/hgfs/VMware/ROS2_DEMO/1_Chapter/code/build/vscodeCppDemo': CMAKE_PREFIX_PATH=${CMAKE_PREFIX_PATH}:/home/pldz/share/ROS2_DEMO/1_Chapter/code/install/vscodePythonDemo:/opt/ros/humble /usr/bin/cmake --build /mnt/hgfs/VMware/ROS2_DEMO/1_Chapter/code/build/vscodeCppDemo -- -j16 -l16
[0.147s] [35m[1mConsolidate compiler generated dependencies of target vscodeCppDemoNode[0m
[1.266s] [ 50%] [32mBuilding CXX object CMakeFiles/vscodeCppDemoNode.dir/src/vscodeCppDemoNode.cpp.o[0m
[3.576s] [01m[K/mnt/hgfs/VMware/ROS2_DEMO/1_Chapter/code/vscodeCppDemo/src/vscodeCppDemoNode.cpp:[m[K In constructor ‘[01m[KMyNode::MyNode(char*)[m[K’:
[3.578s] [01m[K/mnt/hgfs/VMware/ROS2_DEMO/1_Chapter/code/vscodeCppDemo/src/vscodeCppDemoNode.cpp:7:33:[m[K [01;31m[Kerror: [m[Kno matching function for call to ‘[01m[Krclcpp::Node::Node()[m[K’
[3.580s]     7 |     MyNode(char* nodeName):Node([01;31m[K)[m[K{
[3.583s]       |                                 [01;31m[K^[m[K
[3.585s] In file included from [01m[K/opt/ros/humble/include/rclcpp/rclcpp/executors/single_threaded_executor.hpp:28[m[K,
[3.587s]                  from [01m[K/opt/ros/humble/include/rclcpp/rclcpp/executors.hpp:22[m[K,
[3.589s]                  from [01m[K/opt/ros/humble/include/rclcpp/rclcpp/rclcpp.hpp:155[m[K,
[3.591s]                  from [01m[K/mnt/hgfs/VMware/ROS2_DEMO/1_Chapter/code/vscodeCppDemo/src/vscodeCppDemoNode.cpp:1[m[K:
[3.593s] [01m[K/opt/ros/humble/include/rclcpp/rclcpp/node.hpp:1294:3:[m[K [01;36m[Knote: [m[Kcandidate: ‘[01m[Krclcpp::Node::Node(const rclcpp::Node&, const string&)[m[K’
[3.595s]  1294 |   [01;36m[KNode[m[K(
[3.597s]       |   [01;36m[K^~~~[m[K
[3.599s] [01m[K/opt/ros/humble/include/rclcpp/rclcpp/node.hpp:1294:3:[m[K [01;36m[Knote: [m[K  candidate expects 2 arguments, 0 provided
[3.601s] [01m[K/opt/ros/humble/include/rclcpp/rclcpp/node.hpp:101:12:[m[K [01;36m[Knote: [m[Kcandidate: ‘[01m[Krclcpp::Node::Node(const string&, const string&, const rclcpp::NodeOptions&)[m[K’
[3.603s]   101 |   explicit [01;36m[KNode[m[K(
[3.605s]       |            [01;36m[K^~~~[m[K
[3.607s] [01m[K/opt/ros/humble/include/rclcpp/rclcpp/node.hpp:101:12:[m[K [01;36m[Knote: [m[K  candidate expects 3 arguments, 0 provided
[3.609s] [01m[K/opt/ros/humble/include/rclcpp/rclcpp/node.hpp:89:12:[m[K [01;36m[Knote: [m[Kcandidate: ‘[01m[Krclcpp::Node::Node(const string&, const rclcpp::NodeOptions&)[m[K’
[3.611s]    89 |   explicit [01;36m[KNode[m[K(
[3.613s]       |            [01;36m[K^~~~[m[K
[3.615s] [01m[K/opt/ros/humble/include/rclcpp/rclcpp/node.hpp:89:12:[m[K [01;36m[Knote: [m[K  candidate expects 2 arguments, 0 provided
[3.617s] [01m[K/mnt/hgfs/VMware/ROS2_DEMO/1_Chapter/code/vscodeCppDemo/src/vscodeCppDemoNode.cpp:7:18:[m[K [01;35m[Kwarning: [m[Kunused parameter ‘[01m[KnodeName[m[K’ [[01;35m[K]8;;https://gcc.gnu.org/onlinedocs/gcc/Warning-Options.html#index-Wunused-parameter-Wunused-parameter]8;;[m[K]
[3.619s]     7 |     MyNode([01;35m[Kchar* nodeName[m[K):Node(){
[3.621s]       |            [01;35m[K~~~~~~^~~~~~~~[m[K
[4.048s] In file included from [01m[K/usr/include/x86_64-linux-gnu/c++/11/bits/c++allocator.h:33[m[K,
[4.050s]                  from [01m[K/usr/include/c++/11/bits/allocator.h:46[m[K,
[4.052s]                  from [01m[K/usr/include/c++/11/memory:64[m[K,
[4.054s]                  from [01m[K/opt/ros/humble/include/rclcpp/rclcpp/rclcpp.hpp:153[m[K,
[4.056s]                  from [01m[K/mnt/hgfs/VMware/ROS2_DEMO/1_Chapter/code/vscodeCppDemo/src/vscodeCppDemoNode.cpp:1[m[K:
[4.059s] /usr/include/c++/11/ext/new_allocator.h: In instantiation of ‘[01m[Kvoid __gnu_cxx::new_allocator<_Tp>::construct(_Up*, _Args&& ...) [with _Up = MyNode; _Args = {const char (&)[6]}; _Tp = MyNode][m[K’:
[4.061s] [01m[K/usr/include/c++/11/bits/alloc_traits.h:516:17:[m[K   required from ‘[01m[Kstatic void std::allocator_traits<std::allocator<_Tp1> >::construct(std::allocator_traits<std::allocator<_Tp1> >::allocator_type&, _Up*, _Args&& ...) [with _Up = MyNode; _Args = {const char (&)[6]}; _Tp = MyNode; std::allocator_traits<std::allocator<_Tp1> >::allocator_type = std::allocator<MyNode>][m[K’
[4.064s] [01m[K/usr/include/c++/11/bits/shared_ptr_base.h:519:39:[m[K   required from ‘[01m[Kstd::_Sp_counted_ptr_inplace<_Tp, _Alloc, _Lp>::_Sp_counted_ptr_inplace(_Alloc, _Args&& ...) [with _Args = {const char (&)[6]}; _Tp = MyNode; _Alloc = std::allocator<MyNode>; __gnu_cxx::_Lock_policy _Lp = __gnu_cxx::_S_atomic][m[K’
[4.067s] [01m[K/usr/include/c++/11/bits/shared_ptr_base.h:650:16:[m[K   required from ‘[01m[Kstd::__shared_count<_Lp>::__shared_count(_Tp*&, std::_Sp_alloc_shared_tag<_Alloc>, _Args&& ...) [with _Tp = MyNode; _Alloc = std::allocator<MyNode>; _Args = {const char (&)[6]}; __gnu_cxx::_Lock_policy _Lp = __gnu_cxx::_S_atomic][m[K’
[4.069s] [01m[K/usr/include/c++/11/bits/shared_ptr_base.h:1342:14:[m[K   required from ‘[01m[Kstd::__shared_ptr<_Tp, _Lp>::__shared_ptr(std::_Sp_alloc_shared_tag<_Tp>, _Args&& ...) [with _Alloc = std::allocator<MyNode>; _Args = {const char (&)[6]}; _Tp = MyNode; __gnu_cxx::_Lock_policy _Lp = __gnu_cxx::_S_atomic][m[K’
[4.071s] [01m[K/usr/include/c++/11/bits/shared_ptr.h:409:59:[m[K   required from ‘[01m[Kstd::shared_ptr<_Tp>::shared_ptr(std::_Sp_alloc_shared_tag<_Tp>, _Args&& ...) [with _Alloc = std::allocator<MyNode>; _Args = {const char (&)[6]}; _Tp = MyNode][m[K’
[4.073s] [01m[K/usr/include/c++/11/bits/shared_ptr.h:862:14:[m[K   required from ‘[01m[Kstd::shared_ptr<_Tp> std::allocate_shared(const _Alloc&, _Args&& ...) [with _Tp = MyNode; _Alloc = std::allocator<MyNode>; _Args = {const char (&)[6]}][m[K’
[4.075s] [01m[K/usr/include/c++/11/bits/shared_ptr.h:878:39:[m[K   required from ‘[01m[Kstd::shared_ptr<_Tp> std::make_shared(_Args&& ...) [with _Tp = MyNode; _Args = {const char (&)[6]}][m[K’
[4.077s] [01m[K/mnt/hgfs/VMware/ROS2_DEMO/1_Chapter/code/vscodeCppDemo/src/vscodeCppDemoNode.cpp:17:41:[m[K   required from here
[4.079s] [01m[K/usr/include/c++/11/ext/new_allocator.h:162:11:[m[K [01;31m[Kerror: [m[Kinvalid conversion from ‘[01m[Kconst char*[m[K’ to ‘[01m[Kchar*[m[K’ [[01;31m[K]8;;https://gcc.gnu.org/onlinedocs/gcc/Warning-Options.html#index-fpermissive-fpermissive]8;;[m[K]
[4.081s]   162 |         { [01;31m[K::new((void *)__p) _Up(std::forward<_Args>(__args)...)[m[K; }
[4.083s]       |           [01;31m[K^~~~~~~~~~~~~~~~~~~~~~~~~~~~~~~~~~~~~~~~~~~~~~~~~~~~~~[m[K
[4.084s]       |           [01;31m[K|[m[K
[4.086s]       |           [01;31m[Kconst char*[m[K
[4.088s] [01m[K/mnt/hgfs/VMware/ROS2_DEMO/1_Chapter/code/vscodeCppDemo/src/vscodeCppDemoNode.cpp:7:18:[m[K [01;36m[Knote: [m[K  initializing argument 1 of ‘[01m[KMyNode::MyNode(char*)[m[K’
[4.091s]     7 |     MyNode([01;36m[Kchar* nodeName[m[K):Node(){
[4.093s]       |            [01;36m[K~~~~~~^~~~~~~~[m[K
[4.157s] gmake[2]: *** [CMakeFiles/vscodeCppDemoNode.dir/build.make:76: CMakeFiles/vscodeCppDemoNode.dir/src/vscodeCppDemoNode.cpp.o] Error 1
[4.161s] gmake[1]: *** [CMakeFiles/Makefile2:137: CMakeFiles/vscodeCppDemoNode.dir/all] Error 2
[4.164s] gmake: *** [Makefile:146: all] Error 2
[4.165s] Invoked command in '/mnt/hgfs/VMware/ROS2_DEMO/1_Chapter/code/build/vscodeCppDemo' returned '2': CMAKE_PREFIX_PATH=${CMAKE_PREFIX_PATH}:/home/pldz/share/ROS2_DEMO/1_Chapter/code/install/vscodePythonDemo:/opt/ros/humble /usr/bin/cmake --build /mnt/hgfs/VMware/ROS2_DEMO/1_Chapter/code/build/vscodeCppDemo -- -j16 -l16
