[0.062s] Invoking command in '/mnt/hgfs/VMware/ROS2_DEMO/4_Chapter/code/build/cpp_para_client': CMAKE_PREFIX_PATH=${CMAKE_PREFIX_PATH}:/opt/ros/humble /usr/bin/cmake --build /mnt/hgfs/VMware/ROS2_DEMO/4_Chapter/code/build/cpp_para_client -- -j16 -l16
[0.144s] [35m[1mConsolidate compiler generated dependencies of target cppParaCliNode[0m
[0.916s] [ 50%] [32mBuilding CXX object CMakeFiles/cppParaCliNode.dir/src/cppParaCliNode.cpp.o[0m
[4.728s] [100%] [32m[1mLinking CXX executable cppParaCliNode[0m
[5.495s] [100%] Built target cppParaCliNode
[5.508s] Invoked command in '/mnt/hgfs/VMware/ROS2_DEMO/4_Chapter/code/build/cpp_para_client' returned '0': CMAKE_PREFIX_PATH=${CMAKE_PREFIX_PATH}:/opt/ros/humble /usr/bin/cmake --build /mnt/hgfs/VMware/ROS2_DEMO/4_Chapter/code/build/cpp_para_client -- -j16 -l16
[5.538s] Invoking command in '/mnt/hgfs/VMware/ROS2_DEMO/4_Chapter/code/build/cpp_para_client': CMAKE_PREFIX_PATH=${CMAKE_PREFIX_PATH}:/opt/ros/humble /usr/bin/cmake --install /mnt/hgfs/VMware/ROS2_DEMO/4_Chapter/code/build/cpp_para_client
[5.546s] -- Install configuration: ""
[5.551s] -- Installing: /mnt/hgfs/VMware/ROS2_DEMO/4_Chapter/code/install/cpp_para_client/lib/cpp_para_client/cppParaCliNode
[5.578s] -- Set runtime path of "/mnt/hgfs/VMware/ROS2_DEMO/4_Chapter/code/install/cpp_para_client/lib/cpp_para_client/cppParaCliNode" to ""
[5.585s] -- Up-to-date: /mnt/hgfs/VMware/ROS2_DEMO/4_Chapter/code/install/cpp_para_client/share/ament_index/resource_index/package_run_dependencies/cpp_para_client
[5.589s] -- Up-to-date: /mnt/hgfs/VMware/ROS2_DEMO/4_Chapter/code/install/cpp_para_client/share/ament_index/resource_index/parent_prefix_path/cpp_para_client
[5.591s] -- Up-to-date: /mnt/hgfs/VMware/ROS2_DEMO/4_Chapter/code/install/cpp_para_client/share/cpp_para_client/environment/ament_prefix_path.sh
[5.596s] -- Up-to-date: /mnt/hgfs/VMware/ROS2_DEMO/4_Chapter/code/install/cpp_para_client/share/cpp_para_client/environment/ament_prefix_path.dsv
[5.599s] -- Up-to-date: /mnt/hgfs/VMware/ROS2_DEMO/4_Chapter/code/install/cpp_para_client/share/cpp_para_client/environment/path.sh
[5.602s] -- Up-to-date: /mnt/hgfs/VMware/ROS2_DEMO/4_Chapter/code/install/cpp_para_client/share/cpp_para_client/environment/path.dsv
[5.604s] -- Up-to-date: /mnt/hgfs/VMware/ROS2_DEMO/4_Chapter/code/install/cpp_para_client/share/cpp_para_client/local_setup.bash
[5.608s] -- Up-to-date: /mnt/hgfs/VMware/ROS2_DEMO/4_Chapter/code/install/cpp_para_client/share/cpp_para_client/local_setup.sh
[5.611s] -- Up-to-date: /mnt/hgfs/VMware/ROS2_DEMO/4_Chapter/code/install/cpp_para_client/share/cpp_para_client/local_setup.zsh
[5.613s] -- Up-to-date: /mnt/hgfs/VMware/ROS2_DEMO/4_Chapter/code/install/cpp_para_client/share/cpp_para_client/local_setup.dsv
[5.617s] -- Installing: /mnt/hgfs/VMware/ROS2_DEMO/4_Chapter/code/install/cpp_para_client/share/cpp_para_client/package.dsv
[5.625s] -- Up-to-date: /mnt/hgfs/VMware/ROS2_DEMO/4_Chapter/code/install/cpp_para_client/share/ament_index/resource_index/packages/cpp_para_client
[5.629s] -- Up-to-date: /mnt/hgfs/VMware/ROS2_DEMO/4_Chapter/code/install/cpp_para_client/share/cpp_para_client/cmake/cpp_para_clientConfig.cmake
[5.632s] -- Up-to-date: /mnt/hgfs/VMware/ROS2_DEMO/4_Chapter/code/install/cpp_para_client/share/cpp_para_client/cmake/cpp_para_clientConfig-version.cmake
[5.634s] -- Up-to-date: /mnt/hgfs/VMware/ROS2_DEMO/4_Chapter/code/install/cpp_para_client/share/cpp_para_client/package.xml
[5.639s] Invoked command in '/mnt/hgfs/VMware/ROS2_DEMO/4_Chapter/code/build/cpp_para_client' returned '0': CMAKE_PREFIX_PATH=${CMAKE_PREFIX_PATH}:/opt/ros/humble /usr/bin/cmake --install /mnt/hgfs/VMware/ROS2_DEMO/4_Chapter/code/build/cpp_para_client
