running egg_info
writing ../build/python_srv_client/python_srv_client.egg-info/PKG-INFO
writing dependency_links to ../build/python_srv_client/python_srv_client.egg-info/dependency_links.txt
writing entry points to ../build/python_srv_client/python_srv_client.egg-info/entry_points.txt
writing requirements to ../build/python_srv_client/python_srv_client.egg-info/requires.txt
writing top-level names to ../build/python_srv_client/python_srv_client.egg-info/top_level.txt
reading manifest file '../build/python_srv_client/python_srv_client.egg-info/SOURCES.txt'
writing manifest file '../build/python_srv_client/python_srv_client.egg-info/SOURCES.txt'
running build
running build_py
copying python_srv_client/pythonSrvClientNode.py -> /mnt/hgfs/VMware/ROS2_DEMO/3_Chapter/code/build/python_srv_client/build/lib/python_srv_client
running install
/usr/lib/python3/dist-packages/setuptools/command/install.py:34: SetuptoolsDeprecationWarning: setup.py install is deprecated. Use build and pip and other standards-based tools.
  warnings.warn(
running install_lib
copying /mnt/hgfs/VMware/ROS2_DEMO/3_Chapter/code/build/python_srv_client/build/lib/python_srv_client/pythonSrvClientNode.py -> /mnt/hgfs/VMware/ROS2_DEMO/3_Chapter/code/install/python_srv_client/lib/python3.10/site-packages/python_srv_client
byte-compiling /mnt/hgfs/VMware/ROS2_DEMO/3_Chapter/code/install/python_srv_client/lib/python3.10/site-packages/python_srv_client/pythonSrvClientNode.py to pythonSrvClientNode.cpython-310.pyc
running install_data
running install_egg_info
removing '/mnt/hgfs/VMware/ROS2_DEMO/3_Chapter/code/install/python_srv_client/lib/python3.10/site-packages/python_srv_client-0.0.0-py3.10.egg-info' (and everything under it)
Copying ../build/python_srv_client/python_srv_client.egg-info to /mnt/hgfs/VMware/ROS2_DEMO/3_Chapter/code/install/python_srv_client/lib/python3.10/site-packages/python_srv_client-0.0.0-py3.10.egg-info
running install_scripts
Installing pythonSrvClientNode script to /mnt/hgfs/VMware/ROS2_DEMO/3_Chapter/code/install/python_srv_client/lib/python_srv_client
writing list of installed files to '/mnt/hgfs/VMware/ROS2_DEMO/3_Chapter/code/build/python_srv_client/install.log'
