[2.347s] Invoking command in '/mnt/hgfs/VMware/ROS2_DEMO/3_Chapter/code/python_srv_client': AMENT_PREFIX_PATH=/mnt/hgfs/VMware/ROS2_DEMO/3_Chapter/code/install/srv_demo:${AMENT_PREFIX_PATH} CMAKE_PREFIX_PATH=/mnt/hgfs/VMware/ROS2_DEMO/3_Chapter/code/install/srv_demo:${CMAKE_PREFIX_PATH} LD_LIBRARY_PATH=/mnt/hgfs/VMware/ROS2_DEMO/3_Chapter/code/install/srv_demo/lib:${LD_LIBRARY_PATH} PYTHONPATH=/mnt/hgfs/VMware/ROS2_DEMO/3_Chapter/code/build/python_srv_client/prefix_override:/mnt/hgfs/VMware/ROS2_DEMO/3_Chapter/code/install/python_srv_client/lib/python3.10/site-packages:/mnt/hgfs/VMware/ROS2_DEMO/3_Chapter/code/install/srv_demo/local/lib/python3.10/dist-packages:${PYTHONPATH} /usr/bin/python3 setup.py egg_info --egg-base ../build/python_srv_client build --build-base /mnt/hgfs/VMware/ROS2_DEMO/3_Chapter/code/build/python_srv_client/build install --record /mnt/hgfs/VMware/ROS2_DEMO/3_Chapter/code/build/python_srv_client/install.log --single-version-externally-managed
[2.964s] running egg_info
[2.972s] writing ../build/python_srv_client/python_srv_client.egg-info/PKG-INFO
[2.985s] writing dependency_links to ../build/python_srv_client/python_srv_client.egg-info/dependency_links.txt
[2.995s] writing entry points to ../build/python_srv_client/python_srv_client.egg-info/entry_points.txt
[3.004s] writing requirements to ../build/python_srv_client/python_srv_client.egg-info/requires.txt
[3.013s] writing top-level names to ../build/python_srv_client/python_srv_client.egg-info/top_level.txt
[3.039s] reading manifest file '../build/python_srv_client/python_srv_client.egg-info/SOURCES.txt'
[3.049s] writing manifest file '../build/python_srv_client/python_srv_client.egg-info/SOURCES.txt'
[3.055s] running build
[3.063s] running build_py
[3.068s] copying python_srv_client/pythonSrvClientNode.py -> /mnt/hgfs/VMware/ROS2_DEMO/3_Chapter/code/build/python_srv_client/build/lib/python_srv_client
[3.078s] running install
[3.084s] /usr/lib/python3/dist-packages/setuptools/command/install.py:34: SetuptoolsDeprecationWarning: setup.py install is deprecated. Use build and pip and other standards-based tools.
[3.091s]   warnings.warn(
[3.100s] running install_lib
[3.112s] copying /mnt/hgfs/VMware/ROS2_DEMO/3_Chapter/code/build/python_srv_client/build/lib/python_srv_client/pythonSrvClientNode.py -> /mnt/hgfs/VMware/ROS2_DEMO/3_Chapter/code/install/python_srv_client/lib/python3.10/site-packages/python_srv_client
[3.120s] byte-compiling /mnt/hgfs/VMware/ROS2_DEMO/3_Chapter/code/install/python_srv_client/lib/python3.10/site-packages/python_srv_client/pythonSrvClientNode.py to pythonSrvClientNode.cpython-310.pyc
[3.134s] running install_data
[3.146s] running install_egg_info
[3.152s] removing '/mnt/hgfs/VMware/ROS2_DEMO/3_Chapter/code/install/python_srv_client/lib/python3.10/site-packages/python_srv_client-0.0.0-py3.10.egg-info' (and everything under it)
[3.169s] Copying ../build/python_srv_client/python_srv_client.egg-info to /mnt/hgfs/VMware/ROS2_DEMO/3_Chapter/code/install/python_srv_client/lib/python3.10/site-packages/python_srv_client-0.0.0-py3.10.egg-info
[3.236s] running install_scripts
[3.279s] Installing pythonSrvClientNode script to /mnt/hgfs/VMware/ROS2_DEMO/3_Chapter/code/install/python_srv_client/lib/python_srv_client
[3.293s] writing list of installed files to '/mnt/hgfs/VMware/ROS2_DEMO/3_Chapter/code/build/python_srv_client/install.log'
[3.351s] Invoked command in '/mnt/hgfs/VMware/ROS2_DEMO/3_Chapter/code/python_srv_client' returned '0': AMENT_PREFIX_PATH=/mnt/hgfs/VMware/ROS2_DEMO/3_Chapter/code/install/srv_demo:${AMENT_PREFIX_PATH} CMAKE_PREFIX_PATH=/mnt/hgfs/VMware/ROS2_DEMO/3_Chapter/code/install/srv_demo:${CMAKE_PREFIX_PATH} LD_LIBRARY_PATH=/mnt/hgfs/VMware/ROS2_DEMO/3_Chapter/code/install/srv_demo/lib:${LD_LIBRARY_PATH} PYTHONPATH=/mnt/hgfs/VMware/ROS2_DEMO/3_Chapter/code/build/python_srv_client/prefix_override:/mnt/hgfs/VMware/ROS2_DEMO/3_Chapter/code/install/python_srv_client/lib/python3.10/site-packages:/mnt/hgfs/VMware/ROS2_DEMO/3_Chapter/code/install/srv_demo/local/lib/python3.10/dist-packages:${PYTHONPATH} /usr/bin/python3 setup.py egg_info --egg-base ../build/python_srv_client build --build-base /mnt/hgfs/VMware/ROS2_DEMO/3_Chapter/code/build/python_srv_client/build install --record /mnt/hgfs/VMware/ROS2_DEMO/3_Chapter/code/build/python_srv_client/install.log --single-version-externally-managed
