[0.370s] DEBUG:colcon:Command line arguments: ['/usr/bin/colcon', 'build']
[0.370s] DEBUG:colcon:Parsed command line arguments: Namespace(log_base=None, log_level=None, verb_name='build', build_base='build', install_base='install', merge_install=False, symlink_install=False, test_result_base=None, continue_on_error=False, executor='parallel', parallel_workers=16, event_handlers=None, ignore_user_meta=False, metas=['./colcon.meta'], base_paths=['.'], packages_ignore=None, packages_ignore_regex=None, paths=None, packages_up_to=None, packages_up_to_regex=None, packages_above=None, packages_above_and_dependencies=None, packages_above_depth=None, packages_select_by_dep=None, packages_skip_by_dep=None, packages_skip_up_to=None, packages_select_build_failed=False, packages_skip_build_finished=False, packages_select_test_failures=False, packages_skip_test_passed=False, packages_select=None, packages_skip=None, packages_select_regex=None, packages_skip_regex=None, packages_start=None, packages_end=None, allow_overriding=[], cmake_args=None, cmake_target=None, cmake_target_skip_unavailable=False, cmake_clean_cache=False, cmake_clean_first=False, cmake_force_configure=False, ament_cmake_args=None, catkin_cmake_args=None, catkin_skip_building_tests=False, verb_parser=<colcon_defaults.argument_parser.defaults.DefaultArgumentsDecorator object at 0x7f39694ad750>, verb_extension=<colcon_core.verb.build.BuildVerb object at 0x7f3969d36d70>, main=<bound method BuildVerb.main of <colcon_core.verb.build.BuildVerb object at 0x7f3969d36d70>>)
[0.433s] Level 1:colcon.colcon_core.package_discovery:discover_packages(colcon_meta) check parameters
[0.433s] Level 1:colcon.colcon_core.package_discovery:discover_packages(recursive) check parameters
[0.434s] Level 1:colcon.colcon_core.package_discovery:discover_packages(ignore) check parameters
[0.434s] Level 1:colcon.colcon_core.package_discovery:discover_packages(path) check parameters
[0.434s] Level 1:colcon.colcon_core.package_discovery:discover_packages(colcon_meta) discover
[0.435s] Level 1:colcon.colcon_core.package_discovery:discover_packages(recursive) discover
[0.435s] INFO:colcon.colcon_core.package_discovery:Crawling recursively for packages in '/mnt/hgfs/VMware/ROS2_DEMO/1_Chapter/code'
[0.437s] Level 1:colcon.colcon_core.package_identification:_identify(.) by extensions ['ignore', 'ignore_ament_install']
[0.437s] Level 1:colcon.colcon_core.package_identification:_identify(.) by extension 'ignore'
[0.439s] Level 1:colcon.colcon_core.package_identification:_identify(.) by extension 'ignore_ament_install'
[0.440s] Level 1:colcon.colcon_core.package_identification:_identify(.) by extensions ['colcon_pkg']
[0.440s] Level 1:colcon.colcon_core.package_identification:_identify(.) by extension 'colcon_pkg'
[0.441s] Level 1:colcon.colcon_core.package_identification:_identify(.) by extensions ['colcon_meta']
[0.441s] Level 1:colcon.colcon_core.package_identification:_identify(.) by extension 'colcon_meta'
[0.441s] Level 1:colcon.colcon_core.package_identification:_identify(.) by extensions ['ros']
[0.442s] Level 1:colcon.colcon_core.package_identification:_identify(.) by extension 'ros'
[0.456s] Level 1:colcon.colcon_core.package_identification:_identify(.) by extensions ['cmake', 'python']
[0.456s] Level 1:colcon.colcon_core.package_identification:_identify(.) by extension 'cmake'
[0.458s] Level 1:colcon.colcon_core.package_identification:_identify(.) by extension 'python'
[0.458s] Level 1:colcon.colcon_core.package_identification:_identify(.) by extensions ['python_setup_py']
[0.459s] Level 1:colcon.colcon_core.package_identification:_identify(.) by extension 'python_setup_py'
[0.461s] Level 1:colcon.colcon_core.package_identification:_identify(build) by extensions ['ignore', 'ignore_ament_install']
[0.462s] Level 1:colcon.colcon_core.package_identification:_identify(build) by extension 'ignore'
[0.462s] Level 1:colcon.colcon_core.package_identification:_identify(build) ignored
[0.466s] Level 1:colcon.colcon_core.package_identification:_identify(install) by extensions ['ignore', 'ignore_ament_install']
[0.466s] Level 1:colcon.colcon_core.package_identification:_identify(install) by extension 'ignore'
[0.467s] Level 1:colcon.colcon_core.package_identification:_identify(install) ignored
[0.469s] Level 1:colcon.colcon_core.package_identification:_identify(log) by extensions ['ignore', 'ignore_ament_install']
[0.469s] Level 1:colcon.colcon_core.package_identification:_identify(log) by extension 'ignore'
[0.470s] Level 1:colcon.colcon_core.package_identification:_identify(log) ignored
[0.472s] Level 1:colcon.colcon_core.package_identification:_identify(vscodeCppDemo) by extensions ['ignore', 'ignore_ament_install']
[0.472s] Level 1:colcon.colcon_core.package_identification:_identify(vscodeCppDemo) by extension 'ignore'
[0.473s] Level 1:colcon.colcon_core.package_identification:_identify(vscodeCppDemo) by extension 'ignore_ament_install'
[0.475s] Level 1:colcon.colcon_core.package_identification:_identify(vscodeCppDemo) by extensions ['colcon_pkg']
[0.475s] Level 1:colcon.colcon_core.package_identification:_identify(vscodeCppDemo) by extension 'colcon_pkg'
[0.476s] Level 1:colcon.colcon_core.package_identification:_identify(vscodeCppDemo) by extensions ['colcon_meta']
[0.476s] Level 1:colcon.colcon_core.package_identification:_identify(vscodeCppDemo) by extension 'colcon_meta'
[0.477s] Level 1:colcon.colcon_core.package_identification:_identify(vscodeCppDemo) by extensions ['ros']
[0.478s] Level 1:colcon.colcon_core.package_identification:_identify(vscodeCppDemo) by extension 'ros'
[0.485s] DEBUG:colcon.colcon_core.package_identification:Package 'vscodeCppDemo' with type 'ros.ament_cmake' and name 'vscodeCppDemo'
[0.487s] Level 1:colcon.colcon_core.package_identification:_identify(vscodePythonDemo) by extensions ['ignore', 'ignore_ament_install']
[0.487s] Level 1:colcon.colcon_core.package_identification:_identify(vscodePythonDemo) by extension 'ignore'
[0.489s] Level 1:colcon.colcon_core.package_identification:_identify(vscodePythonDemo) by extension 'ignore_ament_install'
[0.490s] Level 1:colcon.colcon_core.package_identification:_identify(vscodePythonDemo) by extensions ['colcon_pkg']
[0.491s] Level 1:colcon.colcon_core.package_identification:_identify(vscodePythonDemo) by extension 'colcon_pkg'
[0.492s] Level 1:colcon.colcon_core.package_identification:_identify(vscodePythonDemo) by extensions ['colcon_meta']
[0.492s] Level 1:colcon.colcon_core.package_identification:_identify(vscodePythonDemo) by extension 'colcon_meta'
[0.493s] Level 1:colcon.colcon_core.package_identification:_identify(vscodePythonDemo) by extensions ['ros']
[0.493s] Level 1:colcon.colcon_core.package_identification:_identify(vscodePythonDemo) by extension 'ros'
[0.497s] DEBUG:colcon.colcon_core.package_identification:Package 'vscodePythonDemo' with type 'ros.ament_python' and name 'vscodePythonDemo'
[0.497s] Level 1:colcon.colcon_core.package_discovery:discover_packages(recursive) using defaults
[0.498s] Level 1:colcon.colcon_core.package_discovery:discover_packages(ignore) discover
[0.499s] Level 1:colcon.colcon_core.package_discovery:discover_packages(ignore) using defaults
[0.500s] Level 1:colcon.colcon_core.package_discovery:discover_packages(path) discover
[0.501s] Level 1:colcon.colcon_core.package_discovery:discover_packages(path) using defaults
[0.531s] Level 1:colcon.colcon_core.package_discovery:discover_packages(prefix_path) check parameters
[0.531s] Level 1:colcon.colcon_core.package_discovery:discover_packages(prefix_path) discover
[0.538s] DEBUG:colcon.colcon_installed_package_information.package_discovery:Found 270 installed packages in /opt/ros/humble
[0.540s] Level 1:colcon.colcon_core.package_discovery:discover_packages(prefix_path) using defaults
[0.591s] Level 5:colcon.colcon_core.verb:set package 'vscodeCppDemo' build argument 'cmake_args' from command line to 'None'
[0.591s] Level 5:colcon.colcon_core.verb:set package 'vscodeCppDemo' build argument 'cmake_target' from command line to 'None'
[0.592s] Level 5:colcon.colcon_core.verb:set package 'vscodeCppDemo' build argument 'cmake_target_skip_unavailable' from command line to 'False'
[0.593s] Level 5:colcon.colcon_core.verb:set package 'vscodeCppDemo' build argument 'cmake_clean_cache' from command line to 'False'
[0.593s] Level 5:colcon.colcon_core.verb:set package 'vscodeCppDemo' build argument 'cmake_clean_first' from command line to 'False'
[0.594s] Level 5:colcon.colcon_core.verb:set package 'vscodeCppDemo' build argument 'cmake_force_configure' from command line to 'False'
[0.594s] Level 5:colcon.colcon_core.verb:set package 'vscodeCppDemo' build argument 'ament_cmake_args' from command line to 'None'
[0.595s] Level 5:colcon.colcon_core.verb:set package 'vscodeCppDemo' build argument 'catkin_cmake_args' from command line to 'None'
[0.595s] Level 5:colcon.colcon_core.verb:set package 'vscodeCppDemo' build argument 'catkin_skip_building_tests' from command line to 'False'
[0.595s] DEBUG:colcon.colcon_core.verb:Building package 'vscodeCppDemo' with the following arguments: {'ament_cmake_args': None, 'build_base': '/mnt/hgfs/VMware/ROS2_DEMO/1_Chapter/code/build/vscodeCppDemo', 'catkin_cmake_args': None, 'catkin_skip_building_tests': False, 'cmake_args': None, 'cmake_clean_cache': False, 'cmake_clean_first': False, 'cmake_force_configure': False, 'cmake_target': None, 'cmake_target_skip_unavailable': False, 'install_base': '/mnt/hgfs/VMware/ROS2_DEMO/1_Chapter/code/install/vscodeCppDemo', 'merge_install': False, 'path': '/mnt/hgfs/VMware/ROS2_DEMO/1_Chapter/code/vscodeCppDemo', 'symlink_install': False, 'test_result_base': None}
[0.597s] Level 5:colcon.colcon_core.verb:set package 'vscodePythonDemo' build argument 'cmake_args' from command line to 'None'
[0.597s] Level 5:colcon.colcon_core.verb:set package 'vscodePythonDemo' build argument 'cmake_target' from command line to 'None'
[0.597s] Level 5:colcon.colcon_core.verb:set package 'vscodePythonDemo' build argument 'cmake_target_skip_unavailable' from command line to 'False'
[0.598s] Level 5:colcon.colcon_core.verb:set package 'vscodePythonDemo' build argument 'cmake_clean_cache' from command line to 'False'
[0.599s] Level 5:colcon.colcon_core.verb:set package 'vscodePythonDemo' build argument 'cmake_clean_first' from command line to 'False'
[0.599s] Level 5:colcon.colcon_core.verb:set package 'vscodePythonDemo' build argument 'cmake_force_configure' from command line to 'False'
[0.600s] Level 5:colcon.colcon_core.verb:set package 'vscodePythonDemo' build argument 'ament_cmake_args' from command line to 'None'
[0.600s] Level 5:colcon.colcon_core.verb:set package 'vscodePythonDemo' build argument 'catkin_cmake_args' from command line to 'None'
[0.601s] Level 5:colcon.colcon_core.verb:set package 'vscodePythonDemo' build argument 'catkin_skip_building_tests' from command line to 'False'
[0.601s] DEBUG:colcon.colcon_core.verb:Building package 'vscodePythonDemo' with the following arguments: {'ament_cmake_args': None, 'build_base': '/mnt/hgfs/VMware/ROS2_DEMO/1_Chapter/code/build/vscodePythonDemo', 'catkin_cmake_args': None, 'catkin_skip_building_tests': False, 'cmake_args': None, 'cmake_clean_cache': False, 'cmake_clean_first': False, 'cmake_force_configure': False, 'cmake_target': None, 'cmake_target_skip_unavailable': False, 'install_base': '/mnt/hgfs/VMware/ROS2_DEMO/1_Chapter/code/install/vscodePythonDemo', 'merge_install': False, 'path': '/mnt/hgfs/VMware/ROS2_DEMO/1_Chapter/code/vscodePythonDemo', 'symlink_install': False, 'test_result_base': None}
[0.602s] INFO:colcon.colcon_core.executor:Executing jobs using 'parallel' executor
[0.606s] DEBUG:colcon.colcon_parallel_executor.executor.parallel:run_until_complete
[0.608s] INFO:colcon.colcon_ros.task.ament_cmake.build:Building ROS package in '/mnt/hgfs/VMware/ROS2_DEMO/1_Chapter/code/vscodeCppDemo' with build type 'ament_cmake'
[0.608s] INFO:colcon.colcon_cmake.task.cmake.build:Building CMake package in '/mnt/hgfs/VMware/ROS2_DEMO/1_Chapter/code/vscodeCppDemo'
[0.622s] INFO:colcon.colcon_core.plugin_system:Skipping extension 'colcon_core.shell.bat': Not used on non-Windows systems
[0.623s] INFO:colcon.colcon_core.shell:Skip shell extension 'powershell' for command environment: Not usable outside of PowerShell
[0.623s] DEBUG:colcon.colcon_core.shell:Skip shell extension 'dsv' for command environment
[0.631s] INFO:colcon.colcon_ros.task.ament_python.build:Building ROS package in '/mnt/hgfs/VMware/ROS2_DEMO/1_Chapter/code/vscodePythonDemo' with build type 'ament_python'
[0.636s] Level 1:colcon.colcon_core.shell:create_environment_hook('vscodePythonDemo', 'ament_prefix_path')
[0.638s] INFO:colcon.colcon_core.shell:Creating environment hook '/mnt/hgfs/VMware/ROS2_DEMO/1_Chapter/code/install/vscodePythonDemo/share/vscodePythonDemo/hook/ament_prefix_path.ps1'
[0.649s] INFO:colcon.colcon_core.shell:Creating environment descriptor '/mnt/hgfs/VMware/ROS2_DEMO/1_Chapter/code/install/vscodePythonDemo/share/vscodePythonDemo/hook/ament_prefix_path.dsv'
[0.654s] INFO:colcon.colcon_core.shell:Creating environment hook '/mnt/hgfs/VMware/ROS2_DEMO/1_Chapter/code/install/vscodePythonDemo/share/vscodePythonDemo/hook/ament_prefix_path.sh'
[0.660s] INFO:colcon.colcon_core.shell:Skip shell extension 'powershell' for command environment: Not usable outside of PowerShell
[0.660s] DEBUG:colcon.colcon_core.shell:Skip shell extension 'dsv' for command environment
[0.703s] DEBUG:colcon.colcon_core.event_handler.log_command:Invoking command in '/mnt/hgfs/VMware/ROS2_DEMO/1_Chapter/code/build/vscodeCppDemo': CMAKE_PREFIX_PATH=/opt/ros/humble /usr/bin/cmake --build /mnt/hgfs/VMware/ROS2_DEMO/1_Chapter/code/build/vscodeCppDemo -- -j16 -l16
[0.957s] INFO:colcon.colcon_core.task.python.build:Building Python package in '/mnt/hgfs/VMware/ROS2_DEMO/1_Chapter/code/vscodePythonDemo'
[0.959s] INFO:colcon.colcon_core.shell:Skip shell extension 'powershell' for command environment: Not usable outside of PowerShell
[0.959s] DEBUG:colcon.colcon_core.shell:Skip shell extension 'dsv' for command environment
[1.435s] DEBUG:colcon.colcon_core.event_handler.log_command:Invoking command in '/mnt/hgfs/VMware/ROS2_DEMO/1_Chapter/code/vscodePythonDemo': PYTHONPATH=/mnt/hgfs/VMware/ROS2_DEMO/1_Chapter/code/build/vscodePythonDemo/prefix_override:/mnt/hgfs/VMware/ROS2_DEMO/1_Chapter/code/install/vscodePythonDemo/lib/python3.10/site-packages:${PYTHONPATH} /usr/bin/python3 setup.py egg_info --egg-base ../build/vscodePythonDemo build --build-base /mnt/hgfs/VMware/ROS2_DEMO/1_Chapter/code/build/vscodePythonDemo/build install --record /mnt/hgfs/VMware/ROS2_DEMO/1_Chapter/code/build/vscodePythonDemo/install.log --single-version-externally-managed
[1.948s] DEBUG:colcon.colcon_core.event_handler.log_command:Invoked command in '/mnt/hgfs/VMware/ROS2_DEMO/1_Chapter/code/vscodePythonDemo' returned '0': PYTHONPATH=/mnt/hgfs/VMware/ROS2_DEMO/1_Chapter/code/build/vscodePythonDemo/prefix_override:/mnt/hgfs/VMware/ROS2_DEMO/1_Chapter/code/install/vscodePythonDemo/lib/python3.10/site-packages:${PYTHONPATH} /usr/bin/python3 setup.py egg_info --egg-base ../build/vscodePythonDemo build --build-base /mnt/hgfs/VMware/ROS2_DEMO/1_Chapter/code/build/vscodePythonDemo/build install --record /mnt/hgfs/VMware/ROS2_DEMO/1_Chapter/code/build/vscodePythonDemo/install.log --single-version-externally-managed
[1.957s] Level 1:colcon.colcon_core.environment:checking '/mnt/hgfs/VMware/ROS2_DEMO/1_Chapter/code/install/vscodePythonDemo' for CMake module files
[1.971s] Level 1:colcon.colcon_core.environment:checking '/mnt/hgfs/VMware/ROS2_DEMO/1_Chapter/code/install/vscodePythonDemo' for CMake config files
[1.989s] Level 1:colcon.colcon_core.environment:checking '/mnt/hgfs/VMware/ROS2_DEMO/1_Chapter/code/install/vscodePythonDemo/lib'
[1.990s] Level 1:colcon.colcon_core.environment:checking '/mnt/hgfs/VMware/ROS2_DEMO/1_Chapter/code/install/vscodePythonDemo/bin'
[1.991s] Level 1:colcon.colcon_core.environment:checking '/mnt/hgfs/VMware/ROS2_DEMO/1_Chapter/code/install/vscodePythonDemo/lib/pkgconfig/vscodePythonDemo.pc'
[1.992s] Level 1:colcon.colcon_core.environment:checking '/mnt/hgfs/VMware/ROS2_DEMO/1_Chapter/code/install/vscodePythonDemo/lib/python3.10/site-packages'
[1.993s] Level 1:colcon.colcon_core.shell:create_environment_hook('vscodePythonDemo', 'pythonpath')
[1.994s] INFO:colcon.colcon_core.shell:Creating environment hook '/mnt/hgfs/VMware/ROS2_DEMO/1_Chapter/code/install/vscodePythonDemo/share/vscodePythonDemo/hook/pythonpath.ps1'
[1.999s] INFO:colcon.colcon_core.shell:Creating environment descriptor '/mnt/hgfs/VMware/ROS2_DEMO/1_Chapter/code/install/vscodePythonDemo/share/vscodePythonDemo/hook/pythonpath.dsv'
[2.005s] INFO:colcon.colcon_core.shell:Creating environment hook '/mnt/hgfs/VMware/ROS2_DEMO/1_Chapter/code/install/vscodePythonDemo/share/vscodePythonDemo/hook/pythonpath.sh'
[2.010s] Level 1:colcon.colcon_core.environment:checking '/mnt/hgfs/VMware/ROS2_DEMO/1_Chapter/code/install/vscodePythonDemo/bin'
[2.012s] Level 1:colcon.colcon_core.environment:create_environment_scripts_only(vscodePythonDemo)
[2.014s] INFO:colcon.colcon_core.shell:Creating package script '/mnt/hgfs/VMware/ROS2_DEMO/1_Chapter/code/install/vscodePythonDemo/share/vscodePythonDemo/package.ps1'
[2.019s] INFO:colcon.colcon_core.shell:Creating package descriptor '/mnt/hgfs/VMware/ROS2_DEMO/1_Chapter/code/install/vscodePythonDemo/share/vscodePythonDemo/package.dsv'
[2.024s] INFO:colcon.colcon_core.shell:Creating package script '/mnt/hgfs/VMware/ROS2_DEMO/1_Chapter/code/install/vscodePythonDemo/share/vscodePythonDemo/package.sh'
[2.030s] INFO:colcon.colcon_core.shell:Creating package script '/mnt/hgfs/VMware/ROS2_DEMO/1_Chapter/code/install/vscodePythonDemo/share/vscodePythonDemo/package.bash'
[2.036s] INFO:colcon.colcon_core.shell:Creating package script '/mnt/hgfs/VMware/ROS2_DEMO/1_Chapter/code/install/vscodePythonDemo/share/vscodePythonDemo/package.zsh'
[2.041s] Level 1:colcon.colcon_core.environment:create_file_with_runtime_dependencies(/mnt/hgfs/VMware/ROS2_DEMO/1_Chapter/code/install/vscodePythonDemo/share/colcon-core/packages/vscodePythonDemo)
[2.115s] DEBUG:colcon.colcon_core.event_handler.log_command:Invoked command in '/mnt/hgfs/VMware/ROS2_DEMO/1_Chapter/code/build/vscodeCppDemo' returned '0': CMAKE_PREFIX_PATH=/opt/ros/humble /usr/bin/cmake --build /mnt/hgfs/VMware/ROS2_DEMO/1_Chapter/code/build/vscodeCppDemo -- -j16 -l16
[2.156s] DEBUG:colcon.colcon_core.event_handler.log_command:Invoking command in '/mnt/hgfs/VMware/ROS2_DEMO/1_Chapter/code/build/vscodeCppDemo': CMAKE_PREFIX_PATH=/opt/ros/humble /usr/bin/cmake --install /mnt/hgfs/VMware/ROS2_DEMO/1_Chapter/code/build/vscodeCppDemo
[2.256s] Level 1:colcon.colcon_core.environment:create_environment_scripts_only(vscodeCppDemo)
[2.258s] Level 1:colcon.colcon_core.environment:checking '/mnt/hgfs/VMware/ROS2_DEMO/1_Chapter/code/install/vscodeCppDemo' for CMake module files
[2.260s] DEBUG:colcon.colcon_core.event_handler.log_command:Invoked command in '/mnt/hgfs/VMware/ROS2_DEMO/1_Chapter/code/build/vscodeCppDemo' returned '0': CMAKE_PREFIX_PATH=/opt/ros/humble /usr/bin/cmake --install /mnt/hgfs/VMware/ROS2_DEMO/1_Chapter/code/build/vscodeCppDemo
[2.273s] Level 1:colcon.colcon_core.environment:checking '/mnt/hgfs/VMware/ROS2_DEMO/1_Chapter/code/install/vscodeCppDemo' for CMake config files
[2.285s] Level 1:colcon.colcon_core.shell:create_environment_hook('vscodeCppDemo', 'cmake_prefix_path')
[2.287s] INFO:colcon.colcon_core.shell:Creating environment hook '/mnt/hgfs/VMware/ROS2_DEMO/1_Chapter/code/install/vscodeCppDemo/share/vscodeCppDemo/hook/cmake_prefix_path.ps1'
[2.289s] INFO:colcon.colcon_core.shell:Creating environment descriptor '/mnt/hgfs/VMware/ROS2_DEMO/1_Chapter/code/install/vscodeCppDemo/share/vscodeCppDemo/hook/cmake_prefix_path.dsv'
[2.292s] INFO:colcon.colcon_core.shell:Creating environment hook '/mnt/hgfs/VMware/ROS2_DEMO/1_Chapter/code/install/vscodeCppDemo/share/vscodeCppDemo/hook/cmake_prefix_path.sh'
[2.296s] Level 1:colcon.colcon_core.environment:checking '/mnt/hgfs/VMware/ROS2_DEMO/1_Chapter/code/install/vscodeCppDemo/lib'
[2.297s] Level 1:colcon.colcon_core.environment:checking '/mnt/hgfs/VMware/ROS2_DEMO/1_Chapter/code/install/vscodeCppDemo/bin'
[2.298s] Level 1:colcon.colcon_core.environment:checking '/mnt/hgfs/VMware/ROS2_DEMO/1_Chapter/code/install/vscodeCppDemo/lib/pkgconfig/vscodeCppDemo.pc'
[2.299s] Level 1:colcon.colcon_core.environment:checking '/mnt/hgfs/VMware/ROS2_DEMO/1_Chapter/code/install/vscodeCppDemo/lib/python3.10/site-packages'
[2.300s] Level 1:colcon.colcon_core.environment:checking '/mnt/hgfs/VMware/ROS2_DEMO/1_Chapter/code/install/vscodeCppDemo/bin'
[2.302s] INFO:colcon.colcon_core.shell:Creating package script '/mnt/hgfs/VMware/ROS2_DEMO/1_Chapter/code/install/vscodeCppDemo/share/vscodeCppDemo/package.ps1'
[2.304s] INFO:colcon.colcon_core.shell:Creating package descriptor '/mnt/hgfs/VMware/ROS2_DEMO/1_Chapter/code/install/vscodeCppDemo/share/vscodeCppDemo/package.dsv'
[2.307s] INFO:colcon.colcon_core.shell:Creating package script '/mnt/hgfs/VMware/ROS2_DEMO/1_Chapter/code/install/vscodeCppDemo/share/vscodeCppDemo/package.sh'
[2.309s] INFO:colcon.colcon_core.shell:Creating package script '/mnt/hgfs/VMware/ROS2_DEMO/1_Chapter/code/install/vscodeCppDemo/share/vscodeCppDemo/package.bash'
[2.311s] INFO:colcon.colcon_core.shell:Creating package script '/mnt/hgfs/VMware/ROS2_DEMO/1_Chapter/code/install/vscodeCppDemo/share/vscodeCppDemo/package.zsh'
[2.314s] Level 1:colcon.colcon_core.environment:create_file_with_runtime_dependencies(/mnt/hgfs/VMware/ROS2_DEMO/1_Chapter/code/install/vscodeCppDemo/share/colcon-core/packages/vscodeCppDemo)
[2.345s] Level 1:colcon.colcon_core.environment:create_environment_scripts_only(vscodeCppDemo)
[2.347s] Level 1:colcon.colcon_core.environment:checking '/mnt/hgfs/VMware/ROS2_DEMO/1_Chapter/code/install/vscodeCppDemo' for CMake module files
[2.358s] Level 1:colcon.colcon_core.environment:checking '/mnt/hgfs/VMware/ROS2_DEMO/1_Chapter/code/install/vscodeCppDemo' for CMake config files
[2.372s] Level 1:colcon.colcon_core.shell:create_environment_hook('vscodeCppDemo', 'cmake_prefix_path')
[2.373s] INFO:colcon.colcon_core.shell:Creating environment hook '/mnt/hgfs/VMware/ROS2_DEMO/1_Chapter/code/install/vscodeCppDemo/share/vscodeCppDemo/hook/cmake_prefix_path.ps1'
[2.375s] INFO:colcon.colcon_core.shell:Creating environment descriptor '/mnt/hgfs/VMware/ROS2_DEMO/1_Chapter/code/install/vscodeCppDemo/share/vscodeCppDemo/hook/cmake_prefix_path.dsv'
[2.377s] INFO:colcon.colcon_core.shell:Creating environment hook '/mnt/hgfs/VMware/ROS2_DEMO/1_Chapter/code/install/vscodeCppDemo/share/vscodeCppDemo/hook/cmake_prefix_path.sh'
[2.380s] Level 1:colcon.colcon_core.environment:checking '/mnt/hgfs/VMware/ROS2_DEMO/1_Chapter/code/install/vscodeCppDemo/lib'
[2.381s] Level 1:colcon.colcon_core.environment:checking '/mnt/hgfs/VMware/ROS2_DEMO/1_Chapter/code/install/vscodeCppDemo/bin'
[2.382s] Level 1:colcon.colcon_core.environment:checking '/mnt/hgfs/VMware/ROS2_DEMO/1_Chapter/code/install/vscodeCppDemo/lib/pkgconfig/vscodeCppDemo.pc'
[2.383s] Level 1:colcon.colcon_core.environment:checking '/mnt/hgfs/VMware/ROS2_DEMO/1_Chapter/code/install/vscodeCppDemo/lib/python3.10/site-packages'
[2.384s] Level 1:colcon.colcon_core.environment:checking '/mnt/hgfs/VMware/ROS2_DEMO/1_Chapter/code/install/vscodeCppDemo/bin'
[2.386s] INFO:colcon.colcon_core.shell:Creating package script '/mnt/hgfs/VMware/ROS2_DEMO/1_Chapter/code/install/vscodeCppDemo/share/vscodeCppDemo/package.ps1'
[2.388s] INFO:colcon.colcon_core.shell:Creating package descriptor '/mnt/hgfs/VMware/ROS2_DEMO/1_Chapter/code/install/vscodeCppDemo/share/vscodeCppDemo/package.dsv'
[2.390s] INFO:colcon.colcon_core.shell:Creating package script '/mnt/hgfs/VMware/ROS2_DEMO/1_Chapter/code/install/vscodeCppDemo/share/vscodeCppDemo/package.sh'
[2.392s] INFO:colcon.colcon_core.shell:Creating package script '/mnt/hgfs/VMware/ROS2_DEMO/1_Chapter/code/install/vscodeCppDemo/share/vscodeCppDemo/package.bash'
[2.394s] INFO:colcon.colcon_core.shell:Creating package script '/mnt/hgfs/VMware/ROS2_DEMO/1_Chapter/code/install/vscodeCppDemo/share/vscodeCppDemo/package.zsh'
[2.396s] Level 1:colcon.colcon_core.environment:create_file_with_runtime_dependencies(/mnt/hgfs/VMware/ROS2_DEMO/1_Chapter/code/install/vscodeCppDemo/share/colcon-core/packages/vscodeCppDemo)
[2.398s] DEBUG:colcon.colcon_parallel_executor.executor.parallel:closing loop
[2.399s] DEBUG:colcon.colcon_parallel_executor.executor.parallel:loop closed
[2.402s] DEBUG:colcon.colcon_parallel_executor.executor.parallel:run_until_complete finished with '0'
[2.403s] DEBUG:colcon.colcon_core.event_reactor:joining thread
[2.414s] INFO:colcon.colcon_core.plugin_system:Skipping extension 'colcon_notification.desktop_notification.terminal_notifier': Not used on non-Darwin systems
[2.414s] INFO:colcon.colcon_core.plugin_system:Skipping extension 'colcon_notification.desktop_notification.win32': Not used on non-Windows systems
[2.414s] INFO:colcon.colcon_notification.desktop_notification:Sending desktop notification using 'notify2'
[2.448s] DEBUG:colcon.colcon_core.event_reactor:joined thread
[2.449s] INFO:colcon.colcon_core.shell:Creating prefix script '/mnt/hgfs/VMware/ROS2_DEMO/1_Chapter/code/install/local_setup.ps1'
[2.453s] INFO:colcon.colcon_core.shell:Creating prefix util module '/mnt/hgfs/VMware/ROS2_DEMO/1_Chapter/code/install/_local_setup_util_ps1.py'
[2.457s] INFO:colcon.colcon_core.shell:Creating prefix chain script '/mnt/hgfs/VMware/ROS2_DEMO/1_Chapter/code/install/setup.ps1'
[2.460s] INFO:colcon.colcon_core.shell:Creating prefix script '/mnt/hgfs/VMware/ROS2_DEMO/1_Chapter/code/install/local_setup.sh'
[2.463s] INFO:colcon.colcon_core.shell:Creating prefix util module '/mnt/hgfs/VMware/ROS2_DEMO/1_Chapter/code/install/_local_setup_util_sh.py'
[2.467s] INFO:colcon.colcon_core.shell:Creating prefix chain script '/mnt/hgfs/VMware/ROS2_DEMO/1_Chapter/code/install/setup.sh'
[2.471s] INFO:colcon.colcon_core.shell:Creating prefix script '/mnt/hgfs/VMware/ROS2_DEMO/1_Chapter/code/install/local_setup.bash'
[2.474s] INFO:colcon.colcon_core.shell:Creating prefix chain script '/mnt/hgfs/VMware/ROS2_DEMO/1_Chapter/code/install/setup.bash'
[2.478s] INFO:colcon.colcon_core.shell:Creating prefix script '/mnt/hgfs/VMware/ROS2_DEMO/1_Chapter/code/install/local_setup.zsh'
[2.481s] INFO:colcon.colcon_core.shell:Creating prefix chain script '/mnt/hgfs/VMware/ROS2_DEMO/1_Chapter/code/install/setup.zsh'
