running egg_info
creating ../build/python_srv_server/python_srv_server.egg-info
writing ../build/python_srv_server/python_srv_server.egg-info/PKG-INFO
writing dependency_links to ../build/python_srv_server/python_srv_server.egg-info/dependency_links.txt
writing entry points to ../build/python_srv_server/python_srv_server.egg-info/entry_points.txt
writing requirements to ../build/python_srv_server/python_srv_server.egg-info/requires.txt
writing top-level names to ../build/python_srv_server/python_srv_server.egg-info/top_level.txt
writing manifest file '../build/python_srv_server/python_srv_server.egg-info/SOURCES.txt'
reading manifest file '../build/python_srv_server/python_srv_server.egg-info/SOURCES.txt'
writing manifest file '../build/python_srv_server/python_srv_server.egg-info/SOURCES.txt'
running build
running build_py
creating /mnt/hgfs/VMware/ROS2_DEMO/3_Chapter/code/build/python_srv_server/build
creating /mnt/hgfs/VMware/ROS2_DEMO/3_Chapter/code/build/python_srv_server/build/lib
creating /mnt/hgfs/VMware/ROS2_DEMO/3_Chapter/code/build/python_srv_server/build/lib/python_srv_server
copying python_srv_server/pythonSrvServerNode.py -> /mnt/hgfs/VMware/ROS2_DEMO/3_Chapter/code/build/python_srv_server/build/lib/python_srv_server
copying python_srv_server/__init__.py -> /mnt/hgfs/VMware/ROS2_DEMO/3_Chapter/code/build/python_srv_server/build/lib/python_srv_server
running install
/usr/lib/python3/dist-packages/setuptools/command/install.py:34: SetuptoolsDeprecationWarning: setup.py install is deprecated. Use build and pip and other standards-based tools.
  warnings.warn(
running install_lib
creating /mnt/hgfs/VMware/ROS2_DEMO/3_Chapter/code/install/python_srv_server/lib/python3.10/site-packages/python_srv_server
copying /mnt/hgfs/VMware/ROS2_DEMO/3_Chapter/code/build/python_srv_server/build/lib/python_srv_server/pythonSrvServerNode.py -> /mnt/hgfs/VMware/ROS2_DEMO/3_Chapter/code/install/python_srv_server/lib/python3.10/site-packages/python_srv_server
copying /mnt/hgfs/VMware/ROS2_DEMO/3_Chapter/code/build/python_srv_server/build/lib/python_srv_server/__init__.py -> /mnt/hgfs/VMware/ROS2_DEMO/3_Chapter/code/install/python_srv_server/lib/python3.10/site-packages/python_srv_server
byte-compiling /mnt/hgfs/VMware/ROS2_DEMO/3_Chapter/code/install/python_srv_server/lib/python3.10/site-packages/python_srv_server/pythonSrvServerNode.py to pythonSrvServerNode.cpython-310.pyc
byte-compiling /mnt/hgfs/VMware/ROS2_DEMO/3_Chapter/code/install/python_srv_server/lib/python3.10/site-packages/python_srv_server/__init__.py to __init__.cpython-310.pyc
running install_data
creating /mnt/hgfs/VMware/ROS2_DEMO/3_Chapter/code/install/python_srv_server/share/ament_index
creating /mnt/hgfs/VMware/ROS2_DEMO/3_Chapter/code/install/python_srv_server/share/ament_index/resource_index
creating /mnt/hgfs/VMware/ROS2_DEMO/3_Chapter/code/install/python_srv_server/share/ament_index/resource_index/packages
copying resource/python_srv_server -> /mnt/hgfs/VMware/ROS2_DEMO/3_Chapter/code/install/python_srv_server/share/ament_index/resource_index/packages
copying package.xml -> /mnt/hgfs/VMware/ROS2_DEMO/3_Chapter/code/install/python_srv_server/share/python_srv_server
running install_egg_info
Copying ../build/python_srv_server/python_srv_server.egg-info to /mnt/hgfs/VMware/ROS2_DEMO/3_Chapter/code/install/python_srv_server/lib/python3.10/site-packages/python_srv_server-0.0.0-py3.10.egg-info
running install_scripts
Installing pythonSrvServerNode script to /mnt/hgfs/VMware/ROS2_DEMO/3_Chapter/code/install/python_srv_server/lib/python_srv_server
writing list of installed files to '/mnt/hgfs/VMware/ROS2_DEMO/3_Chapter/code/build/python_srv_server/install.log'
