[0.147s] Invoking command in '/mnt/hgfs/VMware/ROS2_DEMO/4_Chapter/code/build/cpp_para_client': CMAKE_PREFIX_PATH=${CMAKE_PREFIX_PATH}:/mnt/hgfs/VMware/ROS2_DEMO/4_Chapter/code/install/python_para_ser:/mnt/hgfs/VMware/ROS2_DEMO/4_Chapter/code/install/python_para_cli:/opt/ros/humble /usr/bin/cmake --build /mnt/hgfs/VMware/ROS2_DEMO/4_Chapter/code/build/cpp_para_client -- -j16 -l16
[0.422s] [100%] Built target cppParaCliNode
[0.694s] Invoked command in '/mnt/hgfs/VMware/ROS2_DEMO/4_Chapter/code/build/cpp_para_client' returned '0': CMAKE_PREFIX_PATH=${CMAKE_PREFIX_PATH}:/mnt/hgfs/VMware/ROS2_DEMO/4_Chapter/code/install/python_para_ser:/mnt/hgfs/VMware/ROS2_DEMO/4_Chapter/code/install/python_para_cli:/opt/ros/humble /usr/bin/cmake --build /mnt/hgfs/VMware/ROS2_DEMO/4_Chapter/code/build/cpp_para_client -- -j16 -l16
[0.738s] Invoking command in '/mnt/hgfs/VMware/ROS2_DEMO/4_Chapter/code/build/cpp_para_client': CMAKE_PREFIX_PATH=${CMAKE_PREFIX_PATH}:/mnt/hgfs/VMware/ROS2_DEMO/4_Chapter/code/install/python_para_ser:/mnt/hgfs/VMware/ROS2_DEMO/4_Chapter/code/install/python_para_cli:/opt/ros/humble /usr/bin/cmake --install /mnt/hgfs/VMware/ROS2_DEMO/4_Chapter/code/build/cpp_para_client
[0.749s] -- Install configuration: ""
[0.757s] -- Up-to-date: /mnt/hgfs/VMware/ROS2_DEMO/4_Chapter/code/install/cpp_para_client/lib/cpp_para_client/cppParaCliNode
[0.766s] -- Up-to-date: /mnt/hgfs/VMware/ROS2_DEMO/4_Chapter/code/install/cpp_para_client/share/ament_index/resource_index/package_run_dependencies/cpp_para_client
[0.779s] -- Up-to-date: /mnt/hgfs/VMware/ROS2_DEMO/4_Chapter/code/install/cpp_para_client/share/ament_index/resource_index/parent_prefix_path/cpp_para_client
[0.789s] -- Up-to-date: /mnt/hgfs/VMware/ROS2_DEMO/4_Chapter/code/install/cpp_para_client/share/cpp_para_client/environment/ament_prefix_path.sh
[0.796s] -- Up-to-date: /mnt/hgfs/VMware/ROS2_DEMO/4_Chapter/code/install/cpp_para_client/share/cpp_para_client/environment/ament_prefix_path.dsv
[0.821s] -- Up-to-date: /mnt/hgfs/VMware/ROS2_DEMO/4_Chapter/code/install/cpp_para_client/share/cpp_para_client/environment/path.sh
[0.834s] -- Up-to-date: /mnt/hgfs/VMware/ROS2_DEMO/4_Chapter/code/install/cpp_para_client/share/cpp_para_client/environment/path.dsv
[0.839s] -- Up-to-date: /mnt/hgfs/VMware/ROS2_DEMO/4_Chapter/code/install/cpp_para_client/share/cpp_para_client/local_setup.bash
[0.845s] -- Up-to-date: /mnt/hgfs/VMware/ROS2_DEMO/4_Chapter/code/install/cpp_para_client/share/cpp_para_client/local_setup.sh
[0.852s] -- Up-to-date: /mnt/hgfs/VMware/ROS2_DEMO/4_Chapter/code/install/cpp_para_client/share/cpp_para_client/local_setup.zsh
[0.860s] -- Up-to-date: /mnt/hgfs/VMware/ROS2_DEMO/4_Chapter/code/install/cpp_para_client/share/cpp_para_client/local_setup.dsv
[0.867s] -- Installing: /mnt/hgfs/VMware/ROS2_DEMO/4_Chapter/code/install/cpp_para_client/share/cpp_para_client/package.dsv
[0.893s] -- Up-to-date: /mnt/hgfs/VMware/ROS2_DEMO/4_Chapter/code/install/cpp_para_client/share/ament_index/resource_index/packages/cpp_para_client
[0.904s] -- Up-to-date: /mnt/hgfs/VMware/ROS2_DEMO/4_Chapter/code/install/cpp_para_client/share/cpp_para_client/cmake/cpp_para_clientConfig.cmake
[0.908s] -- Up-to-date: /mnt/hgfs/VMware/ROS2_DEMO/4_Chapter/code/install/cpp_para_client/share/cpp_para_client/cmake/cpp_para_clientConfig-version.cmake
[0.912s] -- Up-to-date: /mnt/hgfs/VMware/ROS2_DEMO/4_Chapter/code/install/cpp_para_client/share/cpp_para_client/package.xml
[0.938s] Invoked command in '/mnt/hgfs/VMware/ROS2_DEMO/4_Chapter/code/build/cpp_para_client' returned '0': CMAKE_PREFIX_PATH=${CMAKE_PREFIX_PATH}:/mnt/hgfs/VMware/ROS2_DEMO/4_Chapter/code/install/python_para_ser:/mnt/hgfs/VMware/ROS2_DEMO/4_Chapter/code/install/python_para_cli:/opt/ros/humble /usr/bin/cmake --install /mnt/hgfs/VMware/ROS2_DEMO/4_Chapter/code/build/cpp_para_client
