[0.072s] Invoking command in '/mnt/hgfs/VMware/ROS2_DEMO/1_Chapter/code/build/vscodeCppDemo': CMAKE_PREFIX_PATH=${CMAKE_PREFIX_PATH}:/home/pldz/share/ROS2_DEMO/1_Chapter/code/install/vscodePythonDemo:/opt/ros/humble /usr/bin/cmake --build /mnt/hgfs/VMware/ROS2_DEMO/1_Chapter/code/build/vscodeCppDemo -- -j16 -l16
[0.143s] [35m[1mConsolidate compiler generated dependencies of target vscodeCppDemoNode[0m
[1.244s] [100%] Built target vscodeCppDemoNode
[1.256s] Invoked command in '/mnt/hgfs/VMware/ROS2_DEMO/1_Chapter/code/build/vscodeCppDemo' returned '0': CMAKE_PREFIX_PATH=${CMAKE_PREFIX_PATH}:/home/pldz/share/ROS2_DEMO/1_Chapter/code/install/vscodePythonDemo:/opt/ros/humble /usr/bin/cmake --build /mnt/hgfs/VMware/ROS2_DEMO/1_Chapter/code/build/vscodeCppDemo -- -j16 -l16
[1.294s] Invoking command in '/mnt/hgfs/VMware/ROS2_DEMO/1_Chapter/code/build/vscodeCppDemo': CMAKE_PREFIX_PATH=${CMAKE_PREFIX_PATH}:/home/pldz/share/ROS2_DEMO/1_Chapter/code/install/vscodePythonDemo:/opt/ros/humble /usr/bin/cmake --install /mnt/hgfs/VMware/ROS2_DEMO/1_Chapter/code/build/vscodeCppDemo
[1.301s] -- Install configuration: ""
[1.305s] -- Up-to-date: /mnt/hgfs/VMware/ROS2_DEMO/1_Chapter/code/install/vscodeCppDemo/lib/vscodeCppDemo/vscodeCppDemoNode
[1.314s] -- Up-to-date: /mnt/hgfs/VMware/ROS2_DEMO/1_Chapter/code/install/vscodeCppDemo/share/ament_index/resource_index/package_run_dependencies/vscodeCppDemo
[1.319s] -- Up-to-date: /mnt/hgfs/VMware/ROS2_DEMO/1_Chapter/code/install/vscodeCppDemo/share/ament_index/resource_index/parent_prefix_path/vscodeCppDemo
[1.324s] -- Up-to-date: /mnt/hgfs/VMware/ROS2_DEMO/1_Chapter/code/install/vscodeCppDemo/share/vscodeCppDemo/environment/ament_prefix_path.sh
[1.327s] -- Up-to-date: /mnt/hgfs/VMware/ROS2_DEMO/1_Chapter/code/install/vscodeCppDemo/share/vscodeCppDemo/environment/ament_prefix_path.dsv
[1.330s] -- Up-to-date: /mnt/hgfs/VMware/ROS2_DEMO/1_Chapter/code/install/vscodeCppDemo/share/vscodeCppDemo/environment/path.sh
[1.334s] -- Up-to-date: /mnt/hgfs/VMware/ROS2_DEMO/1_Chapter/code/install/vscodeCppDemo/share/vscodeCppDemo/environment/path.dsv
[1.336s] -- Up-to-date: /mnt/hgfs/VMware/ROS2_DEMO/1_Chapter/code/install/vscodeCppDemo/share/vscodeCppDemo/local_setup.bash
[1.339s] -- Up-to-date: /mnt/hgfs/VMware/ROS2_DEMO/1_Chapter/code/install/vscodeCppDemo/share/vscodeCppDemo/local_setup.sh
[1.342s] -- Up-to-date: /mnt/hgfs/VMware/ROS2_DEMO/1_Chapter/code/install/vscodeCppDemo/share/vscodeCppDemo/local_setup.zsh
[1.345s] -- Up-to-date: /mnt/hgfs/VMware/ROS2_DEMO/1_Chapter/code/install/vscodeCppDemo/share/vscodeCppDemo/local_setup.dsv
[1.349s] -- Installing: /mnt/hgfs/VMware/ROS2_DEMO/1_Chapter/code/install/vscodeCppDemo/share/vscodeCppDemo/package.dsv
[1.354s] -- Up-to-date: /mnt/hgfs/VMware/ROS2_DEMO/1_Chapter/code/install/vscodeCppDemo/share/ament_index/resource_index/packages/vscodeCppDemo
[1.357s] -- Up-to-date: /mnt/hgfs/VMware/ROS2_DEMO/1_Chapter/code/install/vscodeCppDemo/share/vscodeCppDemo/cmake/vscodeCppDemoConfig.cmake
[1.360s] -- Up-to-date: /mnt/hgfs/VMware/ROS2_DEMO/1_Chapter/code/install/vscodeCppDemo/share/vscodeCppDemo/cmake/vscodeCppDemoConfig-version.cmake
[1.363s] -- Up-to-date: /mnt/hgfs/VMware/ROS2_DEMO/1_Chapter/code/install/vscodeCppDemo/share/vscodeCppDemo/package.xml
[1.366s] Invoked command in '/mnt/hgfs/VMware/ROS2_DEMO/1_Chapter/code/build/vscodeCppDemo' returned '0': CMAKE_PREFIX_PATH=${CMAKE_PREFIX_PATH}:/home/pldz/share/ROS2_DEMO/1_Chapter/code/install/vscodePythonDemo:/opt/ros/humble /usr/bin/cmake --install /mnt/hgfs/VMware/ROS2_DEMO/1_Chapter/code/build/vscodeCppDemo
