-- Found ament_cmake: 1.3.3 (/opt/ros/humble/share/ament_cmake/cmake)
-- Found rclcpp: 16.0.3 (/opt/ros/humble/share/rclcpp/cmake)
-- Found rosidl_generator_c: 3.1.4 (/opt/ros/humble/share/rosidl_generator_c/cmake)
-- Found rosidl_adapter: 3.1.4 (/opt/ros/humble/share/rosidl_adapter/cmake)
-- Found rosidl_generator_cpp: 3.1.4 (/opt/ros/humble/share/rosidl_generator_cpp/cmake)
-- Using all available rosidl_typesupport_c: rosidl_typesupport_fastrtps_c;rosidl_typesupport_introspection_c
-- Using all available rosidl_typesupport_cpp: rosidl_typesupport_fastrtps_cpp;rosidl_typesupport_introspection_cpp
-- Found rmw_implementation_cmake: 6.1.1 (/opt/ros/humble/share/rmw_implementation_cmake/cmake)
-- Found rmw_fastrtps_cpp: 6.2.2 (/opt/ros/humble/share/rmw_fastrtps_cpp/cmake)
-- Using RMW implementation 'rmw_fastrtps_cpp' as default
-- Found srv_demo: 0.0.0 (/mnt/hgfs/VMware/ROS2_DEMO/3_Chapter/code/install/srv_demo/share/srv_demo/cmake)
-- Found ament_lint_auto: 0.12.5 (/opt/ros/humble/share/ament_lint_auto/cmake)
-- Added test 'cppcheck' to perform static code analysis on C / C++ code
-- Configured cppcheck include dirs: $<BUILD_INTERFACE:/mnt/hgfs/VMware/ROS2_DEMO/3_Chapter/code/cpp_srv_server/include>
-- Configured cppcheck exclude dirs and/or files: 
-- Added test 'lint_cmake' to check CMake code style
-- Added test 'uncrustify' to check C / C++ code style
-- Configured uncrustify additional arguments: 
-- Added test 'xmllint' to check XML markup files
-- Configuring done
-- Generating done
-- Build files have been written to: /mnt/hgfs/VMware/ROS2_DEMO/3_Chapter/code/build/cpp_srv_server
[35m[1mConsolidate compiler generated dependencies of target cppSrvServerNode[0m
[100%] Built target cppSrvServerNode
-- Install configuration: ""
-- Up-to-date: /mnt/hgfs/VMware/ROS2_DEMO/3_Chapter/code/install/cpp_srv_server/lib/cpp_srv_server/cppSrvServerNode
-- Up-to-date: /mnt/hgfs/VMware/ROS2_DEMO/3_Chapter/code/install/cpp_srv_server/share/ament_index/resource_index/package_run_dependencies/cpp_srv_server
-- Installing: /mnt/hgfs/VMware/ROS2_DEMO/3_Chapter/code/install/cpp_srv_server/share/ament_index/resource_index/parent_prefix_path/cpp_srv_server
-- Up-to-date: /mnt/hgfs/VMware/ROS2_DEMO/3_Chapter/code/install/cpp_srv_server/share/cpp_srv_server/environment/ament_prefix_path.sh
-- Installing: /mnt/hgfs/VMware/ROS2_DEMO/3_Chapter/code/install/cpp_srv_server/share/cpp_srv_server/environment/ament_prefix_path.dsv
-- Up-to-date: /mnt/hgfs/VMware/ROS2_DEMO/3_Chapter/code/install/cpp_srv_server/share/cpp_srv_server/environment/path.sh
-- Installing: /mnt/hgfs/VMware/ROS2_DEMO/3_Chapter/code/install/cpp_srv_server/share/cpp_srv_server/environment/path.dsv
-- Up-to-date: /mnt/hgfs/VMware/ROS2_DEMO/3_Chapter/code/install/cpp_srv_server/share/cpp_srv_server/local_setup.bash
-- Up-to-date: /mnt/hgfs/VMware/ROS2_DEMO/3_Chapter/code/install/cpp_srv_server/share/cpp_srv_server/local_setup.sh
-- Up-to-date: /mnt/hgfs/VMware/ROS2_DEMO/3_Chapter/code/install/cpp_srv_server/share/cpp_srv_server/local_setup.zsh
-- Installing: /mnt/hgfs/VMware/ROS2_DEMO/3_Chapter/code/install/cpp_srv_server/share/cpp_srv_server/local_setup.dsv
-- Installing: /mnt/hgfs/VMware/ROS2_DEMO/3_Chapter/code/install/cpp_srv_server/share/cpp_srv_server/package.dsv
-- Up-to-date: /mnt/hgfs/VMware/ROS2_DEMO/3_Chapter/code/install/cpp_srv_server/share/ament_index/resource_index/packages/cpp_srv_server
-- Up-to-date: /mnt/hgfs/VMware/ROS2_DEMO/3_Chapter/code/install/cpp_srv_server/share/cpp_srv_server/cmake/cpp_srv_serverConfig.cmake
-- Up-to-date: /mnt/hgfs/VMware/ROS2_DEMO/3_Chapter/code/install/cpp_srv_server/share/cpp_srv_server/cmake/cpp_srv_serverConfig-version.cmake
-- Up-to-date: /mnt/hgfs/VMware/ROS2_DEMO/3_Chapter/code/install/cpp_srv_server/share/cpp_srv_server/package.xml
