[0.231s] Invoking command in '/mnt/hgfs/VMware/ROS2_DEMO/3_Chapter/code/build/cpp_srv_server': AMENT_PREFIX_PATH=/mnt/hgfs/VMware/ROS2_DEMO/3_Chapter/code/install/srv_demo:${AMENT_PREFIX_PATH} CMAKE_PREFIX_PATH=/mnt/hgfs/VMware/ROS2_DEMO/3_Chapter/code/install/srv_demo:/opt/ros/humble LD_LIBRARY_PATH=/mnt/hgfs/VMware/ROS2_DEMO/3_Chapter/code/install/srv_demo/lib:${LD_LIBRARY_PATH} PYTHONPATH=/mnt/hgfs/VMware/ROS2_DEMO/3_Chapter/code/install/srv_demo/local/lib/python3.10/dist-packages:${PYTHONPATH} /usr/bin/cmake --build /mnt/hgfs/VMware/ROS2_DEMO/3_Chapter/code/build/cpp_srv_server -- -j16 -l16
[0.618s] -- Found ament_cmake: 1.3.3 (/opt/ros/humble/share/ament_cmake/cmake)
[1.110s] -- Found rclcpp: 16.0.3 (/opt/ros/humble/share/rclcpp/cmake)
[1.209s] -- Found rosidl_generator_c: 3.1.4 (/opt/ros/humble/share/rosidl_generator_c/cmake)
[1.214s] -- Found rosidl_adapter: 3.1.4 (/opt/ros/humble/share/rosidl_adapter/cmake)
[1.224s] -- Found rosidl_generator_cpp: 3.1.4 (/opt/ros/humble/share/rosidl_generator_cpp/cmake)
[1.249s] -- Using all available rosidl_typesupport_c: rosidl_typesupport_fastrtps_c;rosidl_typesupport_introspection_c
[1.276s] -- Using all available rosidl_typesupport_cpp: rosidl_typesupport_fastrtps_cpp;rosidl_typesupport_introspection_cpp
[1.425s] -- Found rmw_implementation_cmake: 6.1.1 (/opt/ros/humble/share/rmw_implementation_cmake/cmake)
[1.435s] -- Found rmw_fastrtps_cpp: 6.2.2 (/opt/ros/humble/share/rmw_fastrtps_cpp/cmake)
[2.123s] -- Using RMW implementation 'rmw_fastrtps_cpp' as default
[2.518s] -- Found srv_demo: 0.0.0 (/mnt/hgfs/VMware/ROS2_DEMO/3_Chapter/code/install/srv_demo/share/srv_demo/cmake)
[2.882s] -- Found ament_lint_auto: 0.12.5 (/opt/ros/humble/share/ament_lint_auto/cmake)
[3.204s] -- Added test 'cppcheck' to perform static code analysis on C / C++ code
[3.207s] -- Configured cppcheck include dirs: $<BUILD_INTERFACE:/mnt/hgfs/VMware/ROS2_DEMO/3_Chapter/code/cpp_srv_server/include>
[3.216s] -- Configured cppcheck exclude dirs and/or files: 
[3.231s] -- Added test 'lint_cmake' to check CMake code style
[3.330s] -- Added test 'uncrustify' to check C / C++ code style
[3.341s] -- Configured uncrustify additional arguments: 
[3.346s] -- Added test 'xmllint' to check XML markup files
[3.361s] -- Configuring done
[3.772s] -- Generating done
[3.840s] -- Build files have been written to: /mnt/hgfs/VMware/ROS2_DEMO/3_Chapter/code/build/cpp_srv_server
[3.958s] [35m[1mConsolidate compiler generated dependencies of target cppSrvServerNode[0m
[5.007s] [100%] Built target cppSrvServerNode
[5.042s] Invoked command in '/mnt/hgfs/VMware/ROS2_DEMO/3_Chapter/code/build/cpp_srv_server' returned '0': AMENT_PREFIX_PATH=/mnt/hgfs/VMware/ROS2_DEMO/3_Chapter/code/install/srv_demo:${AMENT_PREFIX_PATH} CMAKE_PREFIX_PATH=/mnt/hgfs/VMware/ROS2_DEMO/3_Chapter/code/install/srv_demo:/opt/ros/humble LD_LIBRARY_PATH=/mnt/hgfs/VMware/ROS2_DEMO/3_Chapter/code/install/srv_demo/lib:${LD_LIBRARY_PATH} PYTHONPATH=/mnt/hgfs/VMware/ROS2_DEMO/3_Chapter/code/install/srv_demo/local/lib/python3.10/dist-packages:${PYTHONPATH} /usr/bin/cmake --build /mnt/hgfs/VMware/ROS2_DEMO/3_Chapter/code/build/cpp_srv_server -- -j16 -l16
[5.077s] Invoking command in '/mnt/hgfs/VMware/ROS2_DEMO/3_Chapter/code/build/cpp_srv_server': AMENT_PREFIX_PATH=/mnt/hgfs/VMware/ROS2_DEMO/3_Chapter/code/install/srv_demo:${AMENT_PREFIX_PATH} CMAKE_PREFIX_PATH=/mnt/hgfs/VMware/ROS2_DEMO/3_Chapter/code/install/srv_demo:/opt/ros/humble LD_LIBRARY_PATH=/mnt/hgfs/VMware/ROS2_DEMO/3_Chapter/code/install/srv_demo/lib:${LD_LIBRARY_PATH} PYTHONPATH=/mnt/hgfs/VMware/ROS2_DEMO/3_Chapter/code/install/srv_demo/local/lib/python3.10/dist-packages:${PYTHONPATH} /usr/bin/cmake --install /mnt/hgfs/VMware/ROS2_DEMO/3_Chapter/code/build/cpp_srv_server
[5.107s] -- Install configuration: ""
[5.122s] -- Up-to-date: /mnt/hgfs/VMware/ROS2_DEMO/3_Chapter/code/install/cpp_srv_server/lib/cpp_srv_server/cppSrvServerNode
[5.134s] -- Up-to-date: /mnt/hgfs/VMware/ROS2_DEMO/3_Chapter/code/install/cpp_srv_server/share/ament_index/resource_index/package_run_dependencies/cpp_srv_server
[5.136s] -- Installing: /mnt/hgfs/VMware/ROS2_DEMO/3_Chapter/code/install/cpp_srv_server/share/ament_index/resource_index/parent_prefix_path/cpp_srv_server
[5.149s] -- Up-to-date: /mnt/hgfs/VMware/ROS2_DEMO/3_Chapter/code/install/cpp_srv_server/share/cpp_srv_server/environment/ament_prefix_path.sh
[5.152s] -- Installing: /mnt/hgfs/VMware/ROS2_DEMO/3_Chapter/code/install/cpp_srv_server/share/cpp_srv_server/environment/ament_prefix_path.dsv
[5.164s] -- Up-to-date: /mnt/hgfs/VMware/ROS2_DEMO/3_Chapter/code/install/cpp_srv_server/share/cpp_srv_server/environment/path.sh
[5.166s] -- Installing: /mnt/hgfs/VMware/ROS2_DEMO/3_Chapter/code/install/cpp_srv_server/share/cpp_srv_server/environment/path.dsv
[5.179s] -- Up-to-date: /mnt/hgfs/VMware/ROS2_DEMO/3_Chapter/code/install/cpp_srv_server/share/cpp_srv_server/local_setup.bash
[5.181s] -- Up-to-date: /mnt/hgfs/VMware/ROS2_DEMO/3_Chapter/code/install/cpp_srv_server/share/cpp_srv_server/local_setup.sh
[5.185s] -- Up-to-date: /mnt/hgfs/VMware/ROS2_DEMO/3_Chapter/code/install/cpp_srv_server/share/cpp_srv_server/local_setup.zsh
[5.188s] -- Installing: /mnt/hgfs/VMware/ROS2_DEMO/3_Chapter/code/install/cpp_srv_server/share/cpp_srv_server/local_setup.dsv
[5.199s] -- Installing: /mnt/hgfs/VMware/ROS2_DEMO/3_Chapter/code/install/cpp_srv_server/share/cpp_srv_server/package.dsv
[5.211s] -- Up-to-date: /mnt/hgfs/VMware/ROS2_DEMO/3_Chapter/code/install/cpp_srv_server/share/ament_index/resource_index/packages/cpp_srv_server
[5.215s] -- Up-to-date: /mnt/hgfs/VMware/ROS2_DEMO/3_Chapter/code/install/cpp_srv_server/share/cpp_srv_server/cmake/cpp_srv_serverConfig.cmake
[5.218s] -- Up-to-date: /mnt/hgfs/VMware/ROS2_DEMO/3_Chapter/code/install/cpp_srv_server/share/cpp_srv_server/cmake/cpp_srv_serverConfig-version.cmake
[5.222s] -- Up-to-date: /mnt/hgfs/VMware/ROS2_DEMO/3_Chapter/code/install/cpp_srv_server/share/cpp_srv_server/package.xml
[5.226s] Invoked command in '/mnt/hgfs/VMware/ROS2_DEMO/3_Chapter/code/build/cpp_srv_server' returned '0': AMENT_PREFIX_PATH=/mnt/hgfs/VMware/ROS2_DEMO/3_Chapter/code/install/srv_demo:${AMENT_PREFIX_PATH} CMAKE_PREFIX_PATH=/mnt/hgfs/VMware/ROS2_DEMO/3_Chapter/code/install/srv_demo:/opt/ros/humble LD_LIBRARY_PATH=/mnt/hgfs/VMware/ROS2_DEMO/3_Chapter/code/install/srv_demo/lib:${LD_LIBRARY_PATH} PYTHONPATH=/mnt/hgfs/VMware/ROS2_DEMO/3_Chapter/code/install/srv_demo/local/lib/python3.10/dist-packages:${PYTHONPATH} /usr/bin/cmake --install /mnt/hgfs/VMware/ROS2_DEMO/3_Chapter/code/build/cpp_srv_server
