[0.259s] DEBUG:colcon:Command line arguments: ['/usr/bin/colcon', 'build']
[0.259s] DEBUG:colcon:Parsed command line arguments: Namespace(log_base=None, log_level=None, verb_name='build', build_base='build', install_base='install', merge_install=False, symlink_install=False, test_result_base=None, continue_on_error=False, executor='parallel', parallel_workers=16, event_handlers=None, ignore_user_meta=False, metas=['./colcon.meta'], base_paths=['.'], packages_ignore=None, packages_ignore_regex=None, paths=None, packages_up_to=None, packages_up_to_regex=None, packages_above=None, packages_above_and_dependencies=None, packages_above_depth=None, packages_select_by_dep=None, packages_skip_by_dep=None, packages_skip_up_to=None, packages_select_build_failed=False, packages_skip_build_finished=False, packages_select_test_failures=False, packages_skip_test_passed=False, packages_select=None, packages_skip=None, packages_select_regex=None, packages_skip_regex=None, packages_start=None, packages_end=None, allow_overriding=[], cmake_args=None, cmake_target=None, cmake_target_skip_unavailable=False, cmake_clean_cache=False, cmake_clean_first=False, cmake_force_configure=False, ament_cmake_args=None, catkin_cmake_args=None, catkin_skip_building_tests=False, verb_parser=<colcon_defaults.argument_parser.defaults.DefaultArgumentsDecorator object at 0x7f58bc3b5b10>, verb_extension=<colcon_core.verb.build.BuildVerb object at 0x7f58bcbe57b0>, main=<bound method BuildVerb.main of <colcon_core.verb.build.BuildVerb object at 0x7f58bcbe57b0>>)
[0.293s] Level 1:colcon.colcon_core.package_discovery:discover_packages(colcon_meta) check parameters
[0.294s] Level 1:colcon.colcon_core.package_discovery:discover_packages(recursive) check parameters
[0.295s] Level 1:colcon.colcon_core.package_discovery:discover_packages(ignore) check parameters
[0.295s] Level 1:colcon.colcon_core.package_discovery:discover_packages(path) check parameters
[0.296s] Level 1:colcon.colcon_core.package_discovery:discover_packages(colcon_meta) discover
[0.296s] Level 1:colcon.colcon_core.package_discovery:discover_packages(recursive) discover
[0.297s] INFO:colcon.colcon_core.package_discovery:Crawling recursively for packages in '/mnt/hgfs/VMware/ROS2_DEMO/4_Chapter/code'
[0.299s] Level 1:colcon.colcon_core.package_identification:_identify(.) by extensions ['ignore', 'ignore_ament_install']
[0.299s] Level 1:colcon.colcon_core.package_identification:_identify(.) by extension 'ignore'
[0.300s] Level 1:colcon.colcon_core.package_identification:_identify(.) by extension 'ignore_ament_install'
[0.301s] Level 1:colcon.colcon_core.package_identification:_identify(.) by extensions ['colcon_pkg']
[0.301s] Level 1:colcon.colcon_core.package_identification:_identify(.) by extension 'colcon_pkg'
[0.302s] Level 1:colcon.colcon_core.package_identification:_identify(.) by extensions ['colcon_meta']
[0.302s] Level 1:colcon.colcon_core.package_identification:_identify(.) by extension 'colcon_meta'
[0.303s] Level 1:colcon.colcon_core.package_identification:_identify(.) by extensions ['ros']
[0.303s] Level 1:colcon.colcon_core.package_identification:_identify(.) by extension 'ros'
[0.315s] Level 1:colcon.colcon_core.package_identification:_identify(.) by extensions ['cmake', 'python']
[0.315s] Level 1:colcon.colcon_core.package_identification:_identify(.) by extension 'cmake'
[0.316s] Level 1:colcon.colcon_core.package_identification:_identify(.) by extension 'python'
[0.317s] Level 1:colcon.colcon_core.package_identification:_identify(.) by extensions ['python_setup_py']
[0.318s] Level 1:colcon.colcon_core.package_identification:_identify(.) by extension 'python_setup_py'
[0.320s] Level 1:colcon.colcon_core.package_identification:_identify(build) by extensions ['ignore', 'ignore_ament_install']
[0.320s] Level 1:colcon.colcon_core.package_identification:_identify(build) by extension 'ignore'
[0.321s] Level 1:colcon.colcon_core.package_identification:_identify(build) ignored
[0.323s] Level 1:colcon.colcon_core.package_identification:_identify(cpp_para_client) by extensions ['ignore', 'ignore_ament_install']
[0.323s] Level 1:colcon.colcon_core.package_identification:_identify(cpp_para_client) by extension 'ignore'
[0.324s] Level 1:colcon.colcon_core.package_identification:_identify(cpp_para_client) by extension 'ignore_ament_install'
[0.326s] Level 1:colcon.colcon_core.package_identification:_identify(cpp_para_client) by extensions ['colcon_pkg']
[0.326s] Level 1:colcon.colcon_core.package_identification:_identify(cpp_para_client) by extension 'colcon_pkg'
[0.327s] Level 1:colcon.colcon_core.package_identification:_identify(cpp_para_client) by extensions ['colcon_meta']
[0.327s] Level 1:colcon.colcon_core.package_identification:_identify(cpp_para_client) by extension 'colcon_meta'
[0.327s] Level 1:colcon.colcon_core.package_identification:_identify(cpp_para_client) by extensions ['ros']
[0.328s] Level 1:colcon.colcon_core.package_identification:_identify(cpp_para_client) by extension 'ros'
[0.332s] DEBUG:colcon.colcon_core.package_identification:Package 'cpp_para_client' with type 'ros.ament_cmake' and name 'cpp_para_client'
[0.335s] Level 1:colcon.colcon_core.package_identification:_identify(cpp_para_server) by extensions ['ignore', 'ignore_ament_install']
[0.335s] Level 1:colcon.colcon_core.package_identification:_identify(cpp_para_server) by extension 'ignore'
[0.337s] Level 1:colcon.colcon_core.package_identification:_identify(cpp_para_server) by extension 'ignore_ament_install'
[0.338s] Level 1:colcon.colcon_core.package_identification:_identify(cpp_para_server) by extensions ['colcon_pkg']
[0.338s] Level 1:colcon.colcon_core.package_identification:_identify(cpp_para_server) by extension 'colcon_pkg'
[0.340s] Level 1:colcon.colcon_core.package_identification:_identify(cpp_para_server) by extensions ['colcon_meta']
[0.340s] Level 1:colcon.colcon_core.package_identification:_identify(cpp_para_server) by extension 'colcon_meta'
[0.340s] Level 1:colcon.colcon_core.package_identification:_identify(cpp_para_server) by extensions ['ros']
[0.341s] Level 1:colcon.colcon_core.package_identification:_identify(cpp_para_server) by extension 'ros'
[0.343s] DEBUG:colcon.colcon_core.package_identification:Package 'cpp_para_server' with type 'ros.ament_cmake' and name 'cpp_para_server'
[0.345s] Level 1:colcon.colcon_core.package_identification:_identify(install) by extensions ['ignore', 'ignore_ament_install']
[0.346s] Level 1:colcon.colcon_core.package_identification:_identify(install) by extension 'ignore'
[0.346s] Level 1:colcon.colcon_core.package_identification:_identify(install) ignored
[0.349s] Level 1:colcon.colcon_core.package_identification:_identify(log) by extensions ['ignore', 'ignore_ament_install']
[0.349s] Level 1:colcon.colcon_core.package_identification:_identify(log) by extension 'ignore'
[0.350s] Level 1:colcon.colcon_core.package_identification:_identify(log) ignored
[0.352s] Level 1:colcon.colcon_core.package_identification:_identify(python_para_cli) by extensions ['ignore', 'ignore_ament_install']
[0.352s] Level 1:colcon.colcon_core.package_identification:_identify(python_para_cli) by extension 'ignore'
[0.353s] Level 1:colcon.colcon_core.package_identification:_identify(python_para_cli) by extension 'ignore_ament_install'
[0.354s] Level 1:colcon.colcon_core.package_identification:_identify(python_para_cli) by extensions ['colcon_pkg']
[0.355s] Level 1:colcon.colcon_core.package_identification:_identify(python_para_cli) by extension 'colcon_pkg'
[0.356s] Level 1:colcon.colcon_core.package_identification:_identify(python_para_cli) by extensions ['colcon_meta']
[0.356s] Level 1:colcon.colcon_core.package_identification:_identify(python_para_cli) by extension 'colcon_meta'
[0.356s] Level 1:colcon.colcon_core.package_identification:_identify(python_para_cli) by extensions ['ros']
[0.357s] Level 1:colcon.colcon_core.package_identification:_identify(python_para_cli) by extension 'ros'
[0.360s] DEBUG:colcon.colcon_core.package_identification:Package 'python_para_cli' with type 'ros.ament_python' and name 'python_para_cli'
[0.362s] Level 1:colcon.colcon_core.package_identification:_identify(python_para_ser) by extensions ['ignore', 'ignore_ament_install']
[0.362s] Level 1:colcon.colcon_core.package_identification:_identify(python_para_ser) by extension 'ignore'
[0.363s] Level 1:colcon.colcon_core.package_identification:_identify(python_para_ser) by extension 'ignore_ament_install'
[0.364s] Level 1:colcon.colcon_core.package_identification:_identify(python_para_ser) by extensions ['colcon_pkg']
[0.364s] Level 1:colcon.colcon_core.package_identification:_identify(python_para_ser) by extension 'colcon_pkg'
[0.365s] Level 1:colcon.colcon_core.package_identification:_identify(python_para_ser) by extensions ['colcon_meta']
[0.365s] Level 1:colcon.colcon_core.package_identification:_identify(python_para_ser) by extension 'colcon_meta'
[0.365s] Level 1:colcon.colcon_core.package_identification:_identify(python_para_ser) by extensions ['ros']
[0.366s] Level 1:colcon.colcon_core.package_identification:_identify(python_para_ser) by extension 'ros'
[0.369s] DEBUG:colcon.colcon_core.package_identification:Package 'python_para_ser' with type 'ros.ament_python' and name 'python_para_ser'
[0.369s] Level 1:colcon.colcon_core.package_discovery:discover_packages(recursive) using defaults
[0.369s] Level 1:colcon.colcon_core.package_discovery:discover_packages(ignore) discover
[0.370s] Level 1:colcon.colcon_core.package_discovery:discover_packages(ignore) using defaults
[0.371s] Level 1:colcon.colcon_core.package_discovery:discover_packages(path) discover
[0.371s] Level 1:colcon.colcon_core.package_discovery:discover_packages(path) using defaults
[0.397s] Level 1:colcon.colcon_core.package_discovery:discover_packages(prefix_path) check parameters
[0.397s] Level 1:colcon.colcon_core.package_discovery:discover_packages(prefix_path) discover
[0.422s] DEBUG:colcon.colcon_installed_package_information.package_discovery:Found 3 installed packages in /mnt/hgfs/VMware/ROS2_DEMO/4_Chapter/code/install
[0.424s] DEBUG:colcon.colcon_installed_package_information.package_discovery:Found 270 installed packages in /opt/ros/humble
[0.426s] Level 1:colcon.colcon_core.package_discovery:discover_packages(prefix_path) using defaults
[0.486s] Level 5:colcon.colcon_core.verb:set package 'cpp_para_client' build argument 'cmake_args' from command line to 'None'
[0.487s] Level 5:colcon.colcon_core.verb:set package 'cpp_para_client' build argument 'cmake_target' from command line to 'None'
[0.487s] Level 5:colcon.colcon_core.verb:set package 'cpp_para_client' build argument 'cmake_target_skip_unavailable' from command line to 'False'
[0.488s] Level 5:colcon.colcon_core.verb:set package 'cpp_para_client' build argument 'cmake_clean_cache' from command line to 'False'
[0.488s] Level 5:colcon.colcon_core.verb:set package 'cpp_para_client' build argument 'cmake_clean_first' from command line to 'False'
[0.489s] Level 5:colcon.colcon_core.verb:set package 'cpp_para_client' build argument 'cmake_force_configure' from command line to 'False'
[0.489s] Level 5:colcon.colcon_core.verb:set package 'cpp_para_client' build argument 'ament_cmake_args' from command line to 'None'
[0.490s] Level 5:colcon.colcon_core.verb:set package 'cpp_para_client' build argument 'catkin_cmake_args' from command line to 'None'
[0.490s] Level 5:colcon.colcon_core.verb:set package 'cpp_para_client' build argument 'catkin_skip_building_tests' from command line to 'False'
[0.491s] DEBUG:colcon.colcon_core.verb:Building package 'cpp_para_client' with the following arguments: {'ament_cmake_args': None, 'build_base': '/mnt/hgfs/VMware/ROS2_DEMO/4_Chapter/code/build/cpp_para_client', 'catkin_cmake_args': None, 'catkin_skip_building_tests': False, 'cmake_args': None, 'cmake_clean_cache': False, 'cmake_clean_first': False, 'cmake_force_configure': False, 'cmake_target': None, 'cmake_target_skip_unavailable': False, 'install_base': '/mnt/hgfs/VMware/ROS2_DEMO/4_Chapter/code/install/cpp_para_client', 'merge_install': False, 'path': '/mnt/hgfs/VMware/ROS2_DEMO/4_Chapter/code/cpp_para_client', 'symlink_install': False, 'test_result_base': None}
[0.492s] Level 5:colcon.colcon_core.verb:set package 'cpp_para_server' build argument 'cmake_args' from command line to 'None'
[0.492s] Level 5:colcon.colcon_core.verb:set package 'cpp_para_server' build argument 'cmake_target' from command line to 'None'
[0.492s] Level 5:colcon.colcon_core.verb:set package 'cpp_para_server' build argument 'cmake_target_skip_unavailable' from command line to 'False'
[0.493s] Level 5:colcon.colcon_core.verb:set package 'cpp_para_server' build argument 'cmake_clean_cache' from command line to 'False'
[0.494s] Level 5:colcon.colcon_core.verb:set package 'cpp_para_server' build argument 'cmake_clean_first' from command line to 'False'
[0.494s] Level 5:colcon.colcon_core.verb:set package 'cpp_para_server' build argument 'cmake_force_configure' from command line to 'False'
[0.495s] Level 5:colcon.colcon_core.verb:set package 'cpp_para_server' build argument 'ament_cmake_args' from command line to 'None'
[0.496s] Level 5:colcon.colcon_core.verb:set package 'cpp_para_server' build argument 'catkin_cmake_args' from command line to 'None'
[0.496s] Level 5:colcon.colcon_core.verb:set package 'cpp_para_server' build argument 'catkin_skip_building_tests' from command line to 'False'
[0.497s] DEBUG:colcon.colcon_core.verb:Building package 'cpp_para_server' with the following arguments: {'ament_cmake_args': None, 'build_base': '/mnt/hgfs/VMware/ROS2_DEMO/4_Chapter/code/build/cpp_para_server', 'catkin_cmake_args': None, 'catkin_skip_building_tests': False, 'cmake_args': None, 'cmake_clean_cache': False, 'cmake_clean_first': False, 'cmake_force_configure': False, 'cmake_target': None, 'cmake_target_skip_unavailable': False, 'install_base': '/mnt/hgfs/VMware/ROS2_DEMO/4_Chapter/code/install/cpp_para_server', 'merge_install': False, 'path': '/mnt/hgfs/VMware/ROS2_DEMO/4_Chapter/code/cpp_para_server', 'symlink_install': False, 'test_result_base': None}
[0.498s] Level 5:colcon.colcon_core.verb:set package 'python_para_cli' build argument 'cmake_args' from command line to 'None'
[0.499s] Level 5:colcon.colcon_core.verb:set package 'python_para_cli' build argument 'cmake_target' from command line to 'None'
[0.499s] Level 5:colcon.colcon_core.verb:set package 'python_para_cli' build argument 'cmake_target_skip_unavailable' from command line to 'False'
[0.499s] Level 5:colcon.colcon_core.verb:set package 'python_para_cli' build argument 'cmake_clean_cache' from command line to 'False'
[0.500s] Level 5:colcon.colcon_core.verb:set package 'python_para_cli' build argument 'cmake_clean_first' from command line to 'False'
[0.500s] Level 5:colcon.colcon_core.verb:set package 'python_para_cli' build argument 'cmake_force_configure' from command line to 'False'
[0.501s] Level 5:colcon.colcon_core.verb:set package 'python_para_cli' build argument 'ament_cmake_args' from command line to 'None'
[0.501s] Level 5:colcon.colcon_core.verb:set package 'python_para_cli' build argument 'catkin_cmake_args' from command line to 'None'
[0.501s] Level 5:colcon.colcon_core.verb:set package 'python_para_cli' build argument 'catkin_skip_building_tests' from command line to 'False'
[0.502s] DEBUG:colcon.colcon_core.verb:Building package 'python_para_cli' with the following arguments: {'ament_cmake_args': None, 'build_base': '/mnt/hgfs/VMware/ROS2_DEMO/4_Chapter/code/build/python_para_cli', 'catkin_cmake_args': None, 'catkin_skip_building_tests': False, 'cmake_args': None, 'cmake_clean_cache': False, 'cmake_clean_first': False, 'cmake_force_configure': False, 'cmake_target': None, 'cmake_target_skip_unavailable': False, 'install_base': '/mnt/hgfs/VMware/ROS2_DEMO/4_Chapter/code/install/python_para_cli', 'merge_install': False, 'path': '/mnt/hgfs/VMware/ROS2_DEMO/4_Chapter/code/python_para_cli', 'symlink_install': False, 'test_result_base': None}
[0.503s] Level 5:colcon.colcon_core.verb:set package 'python_para_ser' build argument 'cmake_args' from command line to 'None'
[0.503s] Level 5:colcon.colcon_core.verb:set package 'python_para_ser' build argument 'cmake_target' from command line to 'None'
[0.504s] Level 5:colcon.colcon_core.verb:set package 'python_para_ser' build argument 'cmake_target_skip_unavailable' from command line to 'False'
[0.505s] Level 5:colcon.colcon_core.verb:set package 'python_para_ser' build argument 'cmake_clean_cache' from command line to 'False'
[0.505s] Level 5:colcon.colcon_core.verb:set package 'python_para_ser' build argument 'cmake_clean_first' from command line to 'False'
[0.506s] Level 5:colcon.colcon_core.verb:set package 'python_para_ser' build argument 'cmake_force_configure' from command line to 'False'
[0.506s] Level 5:colcon.colcon_core.verb:set package 'python_para_ser' build argument 'ament_cmake_args' from command line to 'None'
[0.507s] Level 5:colcon.colcon_core.verb:set package 'python_para_ser' build argument 'catkin_cmake_args' from command line to 'None'
[0.507s] Level 5:colcon.colcon_core.verb:set package 'python_para_ser' build argument 'catkin_skip_building_tests' from command line to 'False'
[0.508s] DEBUG:colcon.colcon_core.verb:Building package 'python_para_ser' with the following arguments: {'ament_cmake_args': None, 'build_base': '/mnt/hgfs/VMware/ROS2_DEMO/4_Chapter/code/build/python_para_ser', 'catkin_cmake_args': None, 'catkin_skip_building_tests': False, 'cmake_args': None, 'cmake_clean_cache': False, 'cmake_clean_first': False, 'cmake_force_configure': False, 'cmake_target': None, 'cmake_target_skip_unavailable': False, 'install_base': '/mnt/hgfs/VMware/ROS2_DEMO/4_Chapter/code/install/python_para_ser', 'merge_install': False, 'path': '/mnt/hgfs/VMware/ROS2_DEMO/4_Chapter/code/python_para_ser', 'symlink_install': False, 'test_result_base': None}
[0.509s] INFO:colcon.colcon_core.executor:Executing jobs using 'parallel' executor
[0.511s] DEBUG:colcon.colcon_parallel_executor.executor.parallel:run_until_complete
[0.513s] INFO:colcon.colcon_ros.task.ament_cmake.build:Building ROS package in '/mnt/hgfs/VMware/ROS2_DEMO/4_Chapter/code/cpp_para_client' with build type 'ament_cmake'
[0.513s] INFO:colcon.colcon_cmake.task.cmake.build:Building CMake package in '/mnt/hgfs/VMware/ROS2_DEMO/4_Chapter/code/cpp_para_client'
[0.519s] INFO:colcon.colcon_core.plugin_system:Skipping extension 'colcon_core.shell.bat': Not used on non-Windows systems
[0.519s] INFO:colcon.colcon_core.shell:Skip shell extension 'powershell' for command environment: Not usable outside of PowerShell
[0.520s] DEBUG:colcon.colcon_core.shell:Skip shell extension 'dsv' for command environment
[0.537s] INFO:colcon.colcon_ros.task.ament_cmake.build:Building ROS package in '/mnt/hgfs/VMware/ROS2_DEMO/4_Chapter/code/cpp_para_server' with build type 'ament_cmake'
[0.538s] INFO:colcon.colcon_cmake.task.cmake.build:Building CMake package in '/mnt/hgfs/VMware/ROS2_DEMO/4_Chapter/code/cpp_para_server'
[0.540s] INFO:colcon.colcon_core.shell:Skip shell extension 'powershell' for command environment: Not usable outside of PowerShell
[0.540s] DEBUG:colcon.colcon_core.shell:Skip shell extension 'dsv' for command environment
[0.556s] INFO:colcon.colcon_ros.task.ament_python.build:Building ROS package in '/mnt/hgfs/VMware/ROS2_DEMO/4_Chapter/code/python_para_cli' with build type 'ament_python'
[0.557s] Level 1:colcon.colcon_core.shell:create_environment_hook('python_para_cli', 'ament_prefix_path')
[0.559s] INFO:colcon.colcon_core.shell:Creating environment hook '/mnt/hgfs/VMware/ROS2_DEMO/4_Chapter/code/install/python_para_cli/share/python_para_cli/hook/ament_prefix_path.ps1'
[0.568s] INFO:colcon.colcon_core.shell:Creating environment descriptor '/mnt/hgfs/VMware/ROS2_DEMO/4_Chapter/code/install/python_para_cli/share/python_para_cli/hook/ament_prefix_path.dsv'
[0.570s] INFO:colcon.colcon_core.shell:Creating environment hook '/mnt/hgfs/VMware/ROS2_DEMO/4_Chapter/code/install/python_para_cli/share/python_para_cli/hook/ament_prefix_path.sh'
[0.575s] INFO:colcon.colcon_core.shell:Skip shell extension 'powershell' for command environment: Not usable outside of PowerShell
[0.575s] DEBUG:colcon.colcon_core.shell:Skip shell extension 'dsv' for command environment
[0.591s] INFO:colcon.colcon_ros.task.ament_python.build:Building ROS package in '/mnt/hgfs/VMware/ROS2_DEMO/4_Chapter/code/python_para_ser' with build type 'ament_python'
[0.592s] Level 1:colcon.colcon_core.shell:create_environment_hook('python_para_ser', 'ament_prefix_path')
[0.594s] INFO:colcon.colcon_core.shell:Creating environment hook '/mnt/hgfs/VMware/ROS2_DEMO/4_Chapter/code/install/python_para_ser/share/python_para_ser/hook/ament_prefix_path.ps1'
[0.597s] INFO:colcon.colcon_core.shell:Creating environment descriptor '/mnt/hgfs/VMware/ROS2_DEMO/4_Chapter/code/install/python_para_ser/share/python_para_ser/hook/ament_prefix_path.dsv'
[0.599s] INFO:colcon.colcon_core.shell:Creating environment hook '/mnt/hgfs/VMware/ROS2_DEMO/4_Chapter/code/install/python_para_ser/share/python_para_ser/hook/ament_prefix_path.sh'
[0.603s] INFO:colcon.colcon_core.shell:Skip shell extension 'powershell' for command environment: Not usable outside of PowerShell
[0.603s] DEBUG:colcon.colcon_core.shell:Skip shell extension 'dsv' for command environment
[0.645s] DEBUG:colcon.colcon_core.event_handler.log_command:Invoking command in '/mnt/hgfs/VMware/ROS2_DEMO/4_Chapter/code/build/cpp_para_client': CMAKE_PREFIX_PATH=${CMAKE_PREFIX_PATH}:/mnt/hgfs/VMware/ROS2_DEMO/4_Chapter/code/install/python_para_ser:/opt/ros/humble /usr/bin/cmake --build /mnt/hgfs/VMware/ROS2_DEMO/4_Chapter/code/build/cpp_para_client -- -j16 -l16
[0.663s] DEBUG:colcon.colcon_core.event_handler.log_command:Invoking command in '/mnt/hgfs/VMware/ROS2_DEMO/4_Chapter/code/build/cpp_para_server': CMAKE_PREFIX_PATH=${CMAKE_PREFIX_PATH}:/mnt/hgfs/VMware/ROS2_DEMO/4_Chapter/code/install/python_para_ser:/opt/ros/humble /usr/bin/cmake --build /mnt/hgfs/VMware/ROS2_DEMO/4_Chapter/code/build/cpp_para_server -- -j16 -l16
[0.902s] INFO:colcon.colcon_core.task.python.build:Building Python package in '/mnt/hgfs/VMware/ROS2_DEMO/4_Chapter/code/python_para_cli'
[0.904s] INFO:colcon.colcon_core.shell:Skip shell extension 'powershell' for command environment: Not usable outside of PowerShell
[0.904s] DEBUG:colcon.colcon_core.shell:Skip shell extension 'dsv' for command environment
[1.169s] INFO:colcon.colcon_core.task.python.build:Building Python package in '/mnt/hgfs/VMware/ROS2_DEMO/4_Chapter/code/python_para_ser'
[1.171s] INFO:colcon.colcon_core.shell:Skip shell extension 'powershell' for command environment: Not usable outside of PowerShell
[1.171s] DEBUG:colcon.colcon_core.shell:Skip shell extension 'dsv' for command environment
[1.200s] DEBUG:colcon.colcon_core.event_handler.log_command:Invoked command in '/mnt/hgfs/VMware/ROS2_DEMO/4_Chapter/code/build/cpp_para_server' returned '0': CMAKE_PREFIX_PATH=${CMAKE_PREFIX_PATH}:/mnt/hgfs/VMware/ROS2_DEMO/4_Chapter/code/install/python_para_ser:/opt/ros/humble /usr/bin/cmake --build /mnt/hgfs/VMware/ROS2_DEMO/4_Chapter/code/build/cpp_para_server -- -j16 -l16
[1.203s] DEBUG:colcon.colcon_core.event_handler.log_command:Invoked command in '/mnt/hgfs/VMware/ROS2_DEMO/4_Chapter/code/build/cpp_para_client' returned '0': CMAKE_PREFIX_PATH=${CMAKE_PREFIX_PATH}:/mnt/hgfs/VMware/ROS2_DEMO/4_Chapter/code/install/python_para_ser:/opt/ros/humble /usr/bin/cmake --build /mnt/hgfs/VMware/ROS2_DEMO/4_Chapter/code/build/cpp_para_client -- -j16 -l16
[1.240s] DEBUG:colcon.colcon_core.event_handler.log_command:Invoking command in '/mnt/hgfs/VMware/ROS2_DEMO/4_Chapter/code/build/cpp_para_server': CMAKE_PREFIX_PATH=${CMAKE_PREFIX_PATH}:/mnt/hgfs/VMware/ROS2_DEMO/4_Chapter/code/install/python_para_ser:/opt/ros/humble /usr/bin/cmake --install /mnt/hgfs/VMware/ROS2_DEMO/4_Chapter/code/build/cpp_para_server
[1.245s] DEBUG:colcon.colcon_core.event_handler.log_command:Invoking command in '/mnt/hgfs/VMware/ROS2_DEMO/4_Chapter/code/build/cpp_para_client': CMAKE_PREFIX_PATH=${CMAKE_PREFIX_PATH}:/mnt/hgfs/VMware/ROS2_DEMO/4_Chapter/code/install/python_para_ser:/opt/ros/humble /usr/bin/cmake --install /mnt/hgfs/VMware/ROS2_DEMO/4_Chapter/code/build/cpp_para_client
[1.349s] Level 1:colcon.colcon_core.environment:create_environment_scripts_only(cpp_para_server)
[1.357s] Level 1:colcon.colcon_core.environment:checking '/mnt/hgfs/VMware/ROS2_DEMO/4_Chapter/code/install/cpp_para_server' for CMake module files
[1.389s] Level 1:colcon.colcon_core.environment:checking '/mnt/hgfs/VMware/ROS2_DEMO/4_Chapter/code/install/cpp_para_server' for CMake config files
[1.407s] Level 1:colcon.colcon_core.shell:create_environment_hook('cpp_para_server', 'cmake_prefix_path')
[1.408s] INFO:colcon.colcon_core.shell:Creating environment hook '/mnt/hgfs/VMware/ROS2_DEMO/4_Chapter/code/install/cpp_para_server/share/cpp_para_server/hook/cmake_prefix_path.ps1'
[1.411s] INFO:colcon.colcon_core.shell:Creating environment descriptor '/mnt/hgfs/VMware/ROS2_DEMO/4_Chapter/code/install/cpp_para_server/share/cpp_para_server/hook/cmake_prefix_path.dsv'
[1.414s] INFO:colcon.colcon_core.shell:Creating environment hook '/mnt/hgfs/VMware/ROS2_DEMO/4_Chapter/code/install/cpp_para_server/share/cpp_para_server/hook/cmake_prefix_path.sh'
[1.415s] DEBUG:colcon.colcon_core.event_handler.log_command:Invoked command in '/mnt/hgfs/VMware/ROS2_DEMO/4_Chapter/code/build/cpp_para_server' returned '0': CMAKE_PREFIX_PATH=${CMAKE_PREFIX_PATH}:/mnt/hgfs/VMware/ROS2_DEMO/4_Chapter/code/install/python_para_ser:/opt/ros/humble /usr/bin/cmake --install /mnt/hgfs/VMware/ROS2_DEMO/4_Chapter/code/build/cpp_para_server
[1.421s] Level 1:colcon.colcon_core.environment:checking '/mnt/hgfs/VMware/ROS2_DEMO/4_Chapter/code/install/cpp_para_server/lib'
[1.423s] Level 1:colcon.colcon_core.environment:checking '/mnt/hgfs/VMware/ROS2_DEMO/4_Chapter/code/install/cpp_para_server/bin'
[1.424s] Level 1:colcon.colcon_core.environment:checking '/mnt/hgfs/VMware/ROS2_DEMO/4_Chapter/code/install/cpp_para_server/lib/pkgconfig/cpp_para_server.pc'
[1.426s] Level 1:colcon.colcon_core.environment:checking '/mnt/hgfs/VMware/ROS2_DEMO/4_Chapter/code/install/cpp_para_server/lib/python3.10/site-packages'
[1.426s] Level 1:colcon.colcon_core.environment:checking '/mnt/hgfs/VMware/ROS2_DEMO/4_Chapter/code/install/cpp_para_server/bin'
[1.428s] INFO:colcon.colcon_core.shell:Creating package script '/mnt/hgfs/VMware/ROS2_DEMO/4_Chapter/code/install/cpp_para_server/share/cpp_para_server/package.ps1'
[1.431s] INFO:colcon.colcon_core.shell:Creating package descriptor '/mnt/hgfs/VMware/ROS2_DEMO/4_Chapter/code/install/cpp_para_server/share/cpp_para_server/package.dsv'
[1.433s] INFO:colcon.colcon_core.shell:Creating package script '/mnt/hgfs/VMware/ROS2_DEMO/4_Chapter/code/install/cpp_para_server/share/cpp_para_server/package.sh'
[1.436s] INFO:colcon.colcon_core.shell:Creating package script '/mnt/hgfs/VMware/ROS2_DEMO/4_Chapter/code/install/cpp_para_server/share/cpp_para_server/package.bash'
[1.439s] INFO:colcon.colcon_core.shell:Creating package script '/mnt/hgfs/VMware/ROS2_DEMO/4_Chapter/code/install/cpp_para_server/share/cpp_para_server/package.zsh'
[1.441s] Level 1:colcon.colcon_core.environment:create_file_with_runtime_dependencies(/mnt/hgfs/VMware/ROS2_DEMO/4_Chapter/code/install/cpp_para_server/share/colcon-core/packages/cpp_para_server)
[1.446s] Level 1:colcon.colcon_core.environment:create_environment_scripts_only(cpp_para_client)
[1.448s] Level 1:colcon.colcon_core.environment:checking '/mnt/hgfs/VMware/ROS2_DEMO/4_Chapter/code/install/cpp_para_client' for CMake module files
[1.449s] DEBUG:colcon.colcon_core.event_handler.log_command:Invoked command in '/mnt/hgfs/VMware/ROS2_DEMO/4_Chapter/code/build/cpp_para_client' returned '0': CMAKE_PREFIX_PATH=${CMAKE_PREFIX_PATH}:/mnt/hgfs/VMware/ROS2_DEMO/4_Chapter/code/install/python_para_ser:/opt/ros/humble /usr/bin/cmake --install /mnt/hgfs/VMware/ROS2_DEMO/4_Chapter/code/build/cpp_para_client
[1.483s] Level 1:colcon.colcon_core.environment:checking '/mnt/hgfs/VMware/ROS2_DEMO/4_Chapter/code/install/cpp_para_client' for CMake config files
[1.498s] Level 1:colcon.colcon_core.shell:create_environment_hook('cpp_para_client', 'cmake_prefix_path')
[1.500s] INFO:colcon.colcon_core.shell:Creating environment hook '/mnt/hgfs/VMware/ROS2_DEMO/4_Chapter/code/install/cpp_para_client/share/cpp_para_client/hook/cmake_prefix_path.ps1'
[1.502s] INFO:colcon.colcon_core.shell:Creating environment descriptor '/mnt/hgfs/VMware/ROS2_DEMO/4_Chapter/code/install/cpp_para_client/share/cpp_para_client/hook/cmake_prefix_path.dsv'
[1.504s] INFO:colcon.colcon_core.shell:Creating environment hook '/mnt/hgfs/VMware/ROS2_DEMO/4_Chapter/code/install/cpp_para_client/share/cpp_para_client/hook/cmake_prefix_path.sh'
[1.509s] Level 1:colcon.colcon_core.environment:checking '/mnt/hgfs/VMware/ROS2_DEMO/4_Chapter/code/install/cpp_para_client/lib'
[1.510s] Level 1:colcon.colcon_core.environment:checking '/mnt/hgfs/VMware/ROS2_DEMO/4_Chapter/code/install/cpp_para_client/bin'
[1.511s] Level 1:colcon.colcon_core.environment:checking '/mnt/hgfs/VMware/ROS2_DEMO/4_Chapter/code/install/cpp_para_client/lib/pkgconfig/cpp_para_client.pc'
[1.512s] Level 1:colcon.colcon_core.environment:checking '/mnt/hgfs/VMware/ROS2_DEMO/4_Chapter/code/install/cpp_para_client/lib/python3.10/site-packages'
[1.513s] Level 1:colcon.colcon_core.environment:checking '/mnt/hgfs/VMware/ROS2_DEMO/4_Chapter/code/install/cpp_para_client/bin'
[1.514s] INFO:colcon.colcon_core.shell:Creating package script '/mnt/hgfs/VMware/ROS2_DEMO/4_Chapter/code/install/cpp_para_client/share/cpp_para_client/package.ps1'
[1.516s] INFO:colcon.colcon_core.shell:Creating package descriptor '/mnt/hgfs/VMware/ROS2_DEMO/4_Chapter/code/install/cpp_para_client/share/cpp_para_client/package.dsv'
[1.518s] INFO:colcon.colcon_core.shell:Creating package script '/mnt/hgfs/VMware/ROS2_DEMO/4_Chapter/code/install/cpp_para_client/share/cpp_para_client/package.sh'
[1.520s] INFO:colcon.colcon_core.shell:Creating package script '/mnt/hgfs/VMware/ROS2_DEMO/4_Chapter/code/install/cpp_para_client/share/cpp_para_client/package.bash'
[1.523s] INFO:colcon.colcon_core.shell:Creating package script '/mnt/hgfs/VMware/ROS2_DEMO/4_Chapter/code/install/cpp_para_client/share/cpp_para_client/package.zsh'
[1.525s] Level 1:colcon.colcon_core.environment:create_file_with_runtime_dependencies(/mnt/hgfs/VMware/ROS2_DEMO/4_Chapter/code/install/cpp_para_client/share/colcon-core/packages/cpp_para_client)
[1.532s] Level 1:colcon.colcon_core.environment:create_environment_scripts_only(cpp_para_server)
[1.535s] Level 1:colcon.colcon_core.environment:checking '/mnt/hgfs/VMware/ROS2_DEMO/4_Chapter/code/install/cpp_para_server' for CMake module files
[1.547s] Level 1:colcon.colcon_core.environment:checking '/mnt/hgfs/VMware/ROS2_DEMO/4_Chapter/code/install/cpp_para_server' for CMake config files
[1.561s] Level 1:colcon.colcon_core.shell:create_environment_hook('cpp_para_server', 'cmake_prefix_path')
[1.562s] INFO:colcon.colcon_core.shell:Creating environment hook '/mnt/hgfs/VMware/ROS2_DEMO/4_Chapter/code/install/cpp_para_server/share/cpp_para_server/hook/cmake_prefix_path.ps1'
[1.564s] INFO:colcon.colcon_core.shell:Creating environment descriptor '/mnt/hgfs/VMware/ROS2_DEMO/4_Chapter/code/install/cpp_para_server/share/cpp_para_server/hook/cmake_prefix_path.dsv'
[1.566s] INFO:colcon.colcon_core.shell:Creating environment hook '/mnt/hgfs/VMware/ROS2_DEMO/4_Chapter/code/install/cpp_para_server/share/cpp_para_server/hook/cmake_prefix_path.sh'
[1.570s] Level 1:colcon.colcon_core.environment:checking '/mnt/hgfs/VMware/ROS2_DEMO/4_Chapter/code/install/cpp_para_server/lib'
[1.571s] Level 1:colcon.colcon_core.environment:checking '/mnt/hgfs/VMware/ROS2_DEMO/4_Chapter/code/install/cpp_para_server/bin'
[1.572s] Level 1:colcon.colcon_core.environment:checking '/mnt/hgfs/VMware/ROS2_DEMO/4_Chapter/code/install/cpp_para_server/lib/pkgconfig/cpp_para_server.pc'
[1.573s] Level 1:colcon.colcon_core.environment:checking '/mnt/hgfs/VMware/ROS2_DEMO/4_Chapter/code/install/cpp_para_server/lib/python3.10/site-packages'
[1.574s] Level 1:colcon.colcon_core.environment:checking '/mnt/hgfs/VMware/ROS2_DEMO/4_Chapter/code/install/cpp_para_server/bin'
[1.576s] INFO:colcon.colcon_core.shell:Creating package script '/mnt/hgfs/VMware/ROS2_DEMO/4_Chapter/code/install/cpp_para_server/share/cpp_para_server/package.ps1'
[1.579s] INFO:colcon.colcon_core.shell:Creating package descriptor '/mnt/hgfs/VMware/ROS2_DEMO/4_Chapter/code/install/cpp_para_server/share/cpp_para_server/package.dsv'
[1.580s] INFO:colcon.colcon_core.shell:Creating package script '/mnt/hgfs/VMware/ROS2_DEMO/4_Chapter/code/install/cpp_para_server/share/cpp_para_server/package.sh'
[1.583s] INFO:colcon.colcon_core.shell:Creating package script '/mnt/hgfs/VMware/ROS2_DEMO/4_Chapter/code/install/cpp_para_server/share/cpp_para_server/package.bash'
[1.585s] INFO:colcon.colcon_core.shell:Creating package script '/mnt/hgfs/VMware/ROS2_DEMO/4_Chapter/code/install/cpp_para_server/share/cpp_para_server/package.zsh'
[1.587s] Level 1:colcon.colcon_core.environment:create_file_with_runtime_dependencies(/mnt/hgfs/VMware/ROS2_DEMO/4_Chapter/code/install/cpp_para_server/share/colcon-core/packages/cpp_para_server)
[1.596s] Level 1:colcon.colcon_core.environment:create_environment_scripts_only(cpp_para_client)
[1.598s] Level 1:colcon.colcon_core.environment:checking '/mnt/hgfs/VMware/ROS2_DEMO/4_Chapter/code/install/cpp_para_client' for CMake module files
[1.608s] DEBUG:colcon.colcon_core.event_handler.log_command:Invoking command in '/mnt/hgfs/VMware/ROS2_DEMO/4_Chapter/code/python_para_cli': PYTHONPATH=/mnt/hgfs/VMware/ROS2_DEMO/4_Chapter/code/build/python_para_cli/prefix_override:/mnt/hgfs/VMware/ROS2_DEMO/4_Chapter/code/install/python_para_cli/lib/python3.10/site-packages:${PYTHONPATH} /usr/bin/python3 setup.py egg_info --egg-base ../build/python_para_cli build --build-base /mnt/hgfs/VMware/ROS2_DEMO/4_Chapter/code/build/python_para_cli/build install --record /mnt/hgfs/VMware/ROS2_DEMO/4_Chapter/code/build/python_para_cli/install.log --single-version-externally-managed
[1.613s] Level 1:colcon.colcon_core.environment:checking '/mnt/hgfs/VMware/ROS2_DEMO/4_Chapter/code/install/cpp_para_client' for CMake config files
[1.627s] Level 1:colcon.colcon_core.shell:create_environment_hook('cpp_para_client', 'cmake_prefix_path')
[1.628s] INFO:colcon.colcon_core.shell:Creating environment hook '/mnt/hgfs/VMware/ROS2_DEMO/4_Chapter/code/install/cpp_para_client/share/cpp_para_client/hook/cmake_prefix_path.ps1'
[1.630s] INFO:colcon.colcon_core.shell:Creating environment descriptor '/mnt/hgfs/VMware/ROS2_DEMO/4_Chapter/code/install/cpp_para_client/share/cpp_para_client/hook/cmake_prefix_path.dsv'
[1.632s] INFO:colcon.colcon_core.shell:Creating environment hook '/mnt/hgfs/VMware/ROS2_DEMO/4_Chapter/code/install/cpp_para_client/share/cpp_para_client/hook/cmake_prefix_path.sh'
[1.635s] Level 1:colcon.colcon_core.environment:checking '/mnt/hgfs/VMware/ROS2_DEMO/4_Chapter/code/install/cpp_para_client/lib'
[1.637s] Level 1:colcon.colcon_core.environment:checking '/mnt/hgfs/VMware/ROS2_DEMO/4_Chapter/code/install/cpp_para_client/bin'
[1.637s] Level 1:colcon.colcon_core.environment:checking '/mnt/hgfs/VMware/ROS2_DEMO/4_Chapter/code/install/cpp_para_client/lib/pkgconfig/cpp_para_client.pc'
[1.639s] Level 1:colcon.colcon_core.environment:checking '/mnt/hgfs/VMware/ROS2_DEMO/4_Chapter/code/install/cpp_para_client/lib/python3.10/site-packages'
[1.640s] Level 1:colcon.colcon_core.environment:checking '/mnt/hgfs/VMware/ROS2_DEMO/4_Chapter/code/install/cpp_para_client/bin'
[1.642s] INFO:colcon.colcon_core.shell:Creating package script '/mnt/hgfs/VMware/ROS2_DEMO/4_Chapter/code/install/cpp_para_client/share/cpp_para_client/package.ps1'
[1.644s] INFO:colcon.colcon_core.shell:Creating package descriptor '/mnt/hgfs/VMware/ROS2_DEMO/4_Chapter/code/install/cpp_para_client/share/cpp_para_client/package.dsv'
[1.646s] INFO:colcon.colcon_core.shell:Creating package script '/mnt/hgfs/VMware/ROS2_DEMO/4_Chapter/code/install/cpp_para_client/share/cpp_para_client/package.sh'
[1.648s] INFO:colcon.colcon_core.shell:Creating package script '/mnt/hgfs/VMware/ROS2_DEMO/4_Chapter/code/install/cpp_para_client/share/cpp_para_client/package.bash'
[1.650s] INFO:colcon.colcon_core.shell:Creating package script '/mnt/hgfs/VMware/ROS2_DEMO/4_Chapter/code/install/cpp_para_client/share/cpp_para_client/package.zsh'
[1.652s] Level 1:colcon.colcon_core.environment:create_file_with_runtime_dependencies(/mnt/hgfs/VMware/ROS2_DEMO/4_Chapter/code/install/cpp_para_client/share/colcon-core/packages/cpp_para_client)
[1.672s] DEBUG:colcon.colcon_core.event_handler.log_command:Invoking command in '/mnt/hgfs/VMware/ROS2_DEMO/4_Chapter/code/python_para_ser': PYTHONPATH=/mnt/hgfs/VMware/ROS2_DEMO/4_Chapter/code/build/python_para_ser/prefix_override:/mnt/hgfs/VMware/ROS2_DEMO/4_Chapter/code/install/python_para_ser/lib/python3.10/site-packages:${PYTHONPATH} /usr/bin/python3 setup.py egg_info --egg-base ../build/python_para_ser build --build-base /mnt/hgfs/VMware/ROS2_DEMO/4_Chapter/code/build/python_para_ser/build install --record /mnt/hgfs/VMware/ROS2_DEMO/4_Chapter/code/build/python_para_ser/install.log --single-version-externally-managed
[2.156s] Level 1:colcon.colcon_core.environment:checking '/mnt/hgfs/VMware/ROS2_DEMO/4_Chapter/code/install/python_para_cli' for CMake module files
[2.160s] DEBUG:colcon.colcon_core.event_handler.log_command:Invoked command in '/mnt/hgfs/VMware/ROS2_DEMO/4_Chapter/code/python_para_cli' returned '0': PYTHONPATH=/mnt/hgfs/VMware/ROS2_DEMO/4_Chapter/code/build/python_para_cli/prefix_override:/mnt/hgfs/VMware/ROS2_DEMO/4_Chapter/code/install/python_para_cli/lib/python3.10/site-packages:${PYTHONPATH} /usr/bin/python3 setup.py egg_info --egg-base ../build/python_para_cli build --build-base /mnt/hgfs/VMware/ROS2_DEMO/4_Chapter/code/build/python_para_cli/build install --record /mnt/hgfs/VMware/ROS2_DEMO/4_Chapter/code/build/python_para_cli/install.log --single-version-externally-managed
[2.168s] Level 1:colcon.colcon_core.environment:checking '/mnt/hgfs/VMware/ROS2_DEMO/4_Chapter/code/install/python_para_cli' for CMake config files
[2.181s] Level 1:colcon.colcon_core.environment:checking '/mnt/hgfs/VMware/ROS2_DEMO/4_Chapter/code/install/python_para_cli/lib'
[2.183s] Level 1:colcon.colcon_core.environment:checking '/mnt/hgfs/VMware/ROS2_DEMO/4_Chapter/code/install/python_para_cli/bin'
[2.184s] Level 1:colcon.colcon_core.environment:checking '/mnt/hgfs/VMware/ROS2_DEMO/4_Chapter/code/install/python_para_cli/lib/pkgconfig/python_para_cli.pc'
[2.184s] Level 1:colcon.colcon_core.environment:checking '/mnt/hgfs/VMware/ROS2_DEMO/4_Chapter/code/install/python_para_cli/lib/python3.10/site-packages'
[2.185s] Level 1:colcon.colcon_core.shell:create_environment_hook('python_para_cli', 'pythonpath')
[2.186s] INFO:colcon.colcon_core.shell:Creating environment hook '/mnt/hgfs/VMware/ROS2_DEMO/4_Chapter/code/install/python_para_cli/share/python_para_cli/hook/pythonpath.ps1'
[2.190s] INFO:colcon.colcon_core.shell:Creating environment descriptor '/mnt/hgfs/VMware/ROS2_DEMO/4_Chapter/code/install/python_para_cli/share/python_para_cli/hook/pythonpath.dsv'
[2.193s] INFO:colcon.colcon_core.shell:Creating environment hook '/mnt/hgfs/VMware/ROS2_DEMO/4_Chapter/code/install/python_para_cli/share/python_para_cli/hook/pythonpath.sh'
[2.196s] Level 1:colcon.colcon_core.environment:checking '/mnt/hgfs/VMware/ROS2_DEMO/4_Chapter/code/install/python_para_cli/bin'
[2.197s] Level 1:colcon.colcon_core.environment:create_environment_scripts_only(python_para_cli)
[2.198s] INFO:colcon.colcon_core.shell:Creating package script '/mnt/hgfs/VMware/ROS2_DEMO/4_Chapter/code/install/python_para_cli/share/python_para_cli/package.ps1'
[2.202s] INFO:colcon.colcon_core.shell:Creating package descriptor '/mnt/hgfs/VMware/ROS2_DEMO/4_Chapter/code/install/python_para_cli/share/python_para_cli/package.dsv'
[2.206s] INFO:colcon.colcon_core.shell:Creating package script '/mnt/hgfs/VMware/ROS2_DEMO/4_Chapter/code/install/python_para_cli/share/python_para_cli/package.sh'
[2.209s] INFO:colcon.colcon_core.shell:Creating package script '/mnt/hgfs/VMware/ROS2_DEMO/4_Chapter/code/install/python_para_cli/share/python_para_cli/package.bash'
[2.213s] INFO:colcon.colcon_core.shell:Creating package script '/mnt/hgfs/VMware/ROS2_DEMO/4_Chapter/code/install/python_para_cli/share/python_para_cli/package.zsh'
[2.217s] Level 1:colcon.colcon_core.environment:create_file_with_runtime_dependencies(/mnt/hgfs/VMware/ROS2_DEMO/4_Chapter/code/install/python_para_cli/share/colcon-core/packages/python_para_cli)
[2.226s] Level 1:colcon.colcon_core.environment:checking '/mnt/hgfs/VMware/ROS2_DEMO/4_Chapter/code/install/python_para_ser' for CMake module files
[2.237s] DEBUG:colcon.colcon_core.event_handler.log_command:Invoked command in '/mnt/hgfs/VMware/ROS2_DEMO/4_Chapter/code/python_para_ser' returned '0': PYTHONPATH=/mnt/hgfs/VMware/ROS2_DEMO/4_Chapter/code/build/python_para_ser/prefix_override:/mnt/hgfs/VMware/ROS2_DEMO/4_Chapter/code/install/python_para_ser/lib/python3.10/site-packages:${PYTHONPATH} /usr/bin/python3 setup.py egg_info --egg-base ../build/python_para_ser build --build-base /mnt/hgfs/VMware/ROS2_DEMO/4_Chapter/code/build/python_para_ser/build install --record /mnt/hgfs/VMware/ROS2_DEMO/4_Chapter/code/build/python_para_ser/install.log --single-version-externally-managed
[2.242s] Level 1:colcon.colcon_core.environment:checking '/mnt/hgfs/VMware/ROS2_DEMO/4_Chapter/code/install/python_para_ser' for CMake config files
[2.260s] Level 1:colcon.colcon_core.environment:checking '/mnt/hgfs/VMware/ROS2_DEMO/4_Chapter/code/install/python_para_ser/lib'
[2.262s] Level 1:colcon.colcon_core.environment:checking '/mnt/hgfs/VMware/ROS2_DEMO/4_Chapter/code/install/python_para_ser/bin'
[2.263s] Level 1:colcon.colcon_core.environment:checking '/mnt/hgfs/VMware/ROS2_DEMO/4_Chapter/code/install/python_para_ser/lib/pkgconfig/python_para_ser.pc'
[2.265s] Level 1:colcon.colcon_core.environment:checking '/mnt/hgfs/VMware/ROS2_DEMO/4_Chapter/code/install/python_para_ser/lib/python3.10/site-packages'
[2.265s] Level 1:colcon.colcon_core.shell:create_environment_hook('python_para_ser', 'pythonpath')
[2.267s] INFO:colcon.colcon_core.shell:Creating environment hook '/mnt/hgfs/VMware/ROS2_DEMO/4_Chapter/code/install/python_para_ser/share/python_para_ser/hook/pythonpath.ps1'
[2.273s] INFO:colcon.colcon_core.shell:Creating environment descriptor '/mnt/hgfs/VMware/ROS2_DEMO/4_Chapter/code/install/python_para_ser/share/python_para_ser/hook/pythonpath.dsv'
[2.276s] INFO:colcon.colcon_core.shell:Creating environment hook '/mnt/hgfs/VMware/ROS2_DEMO/4_Chapter/code/install/python_para_ser/share/python_para_ser/hook/pythonpath.sh'
[2.281s] Level 1:colcon.colcon_core.environment:checking '/mnt/hgfs/VMware/ROS2_DEMO/4_Chapter/code/install/python_para_ser/bin'
[2.283s] Level 1:colcon.colcon_core.environment:create_environment_scripts_only(python_para_ser)
[2.285s] INFO:colcon.colcon_core.shell:Creating package script '/mnt/hgfs/VMware/ROS2_DEMO/4_Chapter/code/install/python_para_ser/share/python_para_ser/package.ps1'
[2.289s] INFO:colcon.colcon_core.shell:Creating package descriptor '/mnt/hgfs/VMware/ROS2_DEMO/4_Chapter/code/install/python_para_ser/share/python_para_ser/package.dsv'
[2.292s] INFO:colcon.colcon_core.shell:Creating package script '/mnt/hgfs/VMware/ROS2_DEMO/4_Chapter/code/install/python_para_ser/share/python_para_ser/package.sh'
[2.296s] INFO:colcon.colcon_core.shell:Creating package script '/mnt/hgfs/VMware/ROS2_DEMO/4_Chapter/code/install/python_para_ser/share/python_para_ser/package.bash'
[2.299s] INFO:colcon.colcon_core.shell:Creating package script '/mnt/hgfs/VMware/ROS2_DEMO/4_Chapter/code/install/python_para_ser/share/python_para_ser/package.zsh'
[2.302s] Level 1:colcon.colcon_core.environment:create_file_with_runtime_dependencies(/mnt/hgfs/VMware/ROS2_DEMO/4_Chapter/code/install/python_para_ser/share/colcon-core/packages/python_para_ser)
[2.306s] DEBUG:colcon.colcon_parallel_executor.executor.parallel:closing loop
[2.308s] DEBUG:colcon.colcon_parallel_executor.executor.parallel:loop closed
[2.311s] DEBUG:colcon.colcon_parallel_executor.executor.parallel:run_until_complete finished with '0'
[2.312s] DEBUG:colcon.colcon_core.event_reactor:joining thread
[2.326s] INFO:colcon.colcon_core.plugin_system:Skipping extension 'colcon_notification.desktop_notification.terminal_notifier': Not used on non-Darwin systems
[2.326s] INFO:colcon.colcon_core.plugin_system:Skipping extension 'colcon_notification.desktop_notification.win32': Not used on non-Windows systems
[2.327s] INFO:colcon.colcon_notification.desktop_notification:Sending desktop notification using 'notify2'
[2.330s] DEBUG:colcon.colcon_notification.desktop_notification.notify2:Failed to initialize notify2: org.freedesktop.DBus.Error.ServiceUnknown: The name org.freedesktop.Notifications was not provided by any .service files
[2.331s] DEBUG:colcon.colcon_core.event_reactor:joined thread
[2.333s] INFO:colcon.colcon_core.shell:Creating prefix script '/mnt/hgfs/VMware/ROS2_DEMO/4_Chapter/code/install/local_setup.ps1'
[2.338s] INFO:colcon.colcon_core.shell:Creating prefix util module '/mnt/hgfs/VMware/ROS2_DEMO/4_Chapter/code/install/_local_setup_util_ps1.py'
[2.342s] INFO:colcon.colcon_core.shell:Creating prefix chain script '/mnt/hgfs/VMware/ROS2_DEMO/4_Chapter/code/install/setup.ps1'
[2.355s] INFO:colcon.colcon_core.shell:Creating prefix script '/mnt/hgfs/VMware/ROS2_DEMO/4_Chapter/code/install/local_setup.sh'
[2.358s] INFO:colcon.colcon_core.shell:Creating prefix util module '/mnt/hgfs/VMware/ROS2_DEMO/4_Chapter/code/install/_local_setup_util_sh.py'
[2.361s] INFO:colcon.colcon_core.shell:Creating prefix chain script '/mnt/hgfs/VMware/ROS2_DEMO/4_Chapter/code/install/setup.sh'
[2.373s] INFO:colcon.colcon_core.shell:Creating prefix script '/mnt/hgfs/VMware/ROS2_DEMO/4_Chapter/code/install/local_setup.bash'
[2.376s] INFO:colcon.colcon_core.shell:Creating prefix chain script '/mnt/hgfs/VMware/ROS2_DEMO/4_Chapter/code/install/setup.bash'
[2.388s] INFO:colcon.colcon_core.shell:Creating prefix script '/mnt/hgfs/VMware/ROS2_DEMO/4_Chapter/code/install/local_setup.zsh'
[2.391s] INFO:colcon.colcon_core.shell:Creating prefix chain script '/mnt/hgfs/VMware/ROS2_DEMO/4_Chapter/code/install/setup.zsh'
