[35m[1mConsolidate compiler generated dependencies of target vscodeCppDemoNode[0m
[ 50%] [32mBuilding CXX object CMakeFiles/vscodeCppDemoNode.dir/src/vscodeCppDemoNode.cpp.o[0m
[100%] [32m[1mLinking CXX executable vscodeCppDemoNode[0m
[100%] Built target vscodeCppDemoNode
-- Install configuration: ""
-- Installing: /mnt/hgfs/VMware/ROS2_DEMO/1_Chapter/code/install/vscodeCppDemo/lib/vscodeCppDemo/vscodeCppDemoNode
-- Set runtime path of "/mnt/hgfs/VMware/ROS2_DEMO/1_Chapter/code/install/vscodeCppDemo/lib/vscodeCppDemo/vscodeCppDemoNode" to ""
-- Up-to-date: /mnt/hgfs/VMware/ROS2_DEMO/1_Chapter/code/install/vscodeCppDemo/share/ament_index/resource_index/package_run_dependencies/vscodeCppDemo
-- Up-to-date: /mnt/hgfs/VMware/ROS2_DEMO/1_Chapter/code/install/vscodeCppDemo/share/ament_index/resource_index/parent_prefix_path/vscodeCppDemo
-- Up-to-date: /mnt/hgfs/VMware/ROS2_DEMO/1_Chapter/code/install/vscodeCppDemo/share/vscodeCppDemo/environment/ament_prefix_path.sh
-- Up-to-date: /mnt/hgfs/VMware/ROS2_DEMO/1_Chapter/code/install/vscodeCppDemo/share/vscodeCppDemo/environment/ament_prefix_path.dsv
-- Up-to-date: /mnt/hgfs/VMware/ROS2_DEMO/1_Chapter/code/install/vscodeCppDemo/share/vscodeCppDemo/environment/path.sh
-- Up-to-date: /mnt/hgfs/VMware/ROS2_DEMO/1_Chapter/code/install/vscodeCppDemo/share/vscodeCppDemo/environment/path.dsv
-- Up-to-date: /mnt/hgfs/VMware/ROS2_DEMO/1_Chapter/code/install/vscodeCppDemo/share/vscodeCppDemo/local_setup.bash
-- Up-to-date: /mnt/hgfs/VMware/ROS2_DEMO/1_Chapter/code/install/vscodeCppDemo/share/vscodeCppDemo/local_setup.sh
-- Up-to-date: /mnt/hgfs/VMware/ROS2_DEMO/1_Chapter/code/install/vscodeCppDemo/share/vscodeCppDemo/local_setup.zsh
-- Up-to-date: /mnt/hgfs/VMware/ROS2_DEMO/1_Chapter/code/install/vscodeCppDemo/share/vscodeCppDemo/local_setup.dsv
-- Installing: /mnt/hgfs/VMware/ROS2_DEMO/1_Chapter/code/install/vscodeCppDemo/share/vscodeCppDemo/package.dsv
-- Up-to-date: /mnt/hgfs/VMware/ROS2_DEMO/1_Chapter/code/install/vscodeCppDemo/share/ament_index/resource_index/packages/vscodeCppDemo
-- Up-to-date: /mnt/hgfs/VMware/ROS2_DEMO/1_Chapter/code/install/vscodeCppDemo/share/vscodeCppDemo/cmake/vscodeCppDemoConfig.cmake
-- Up-to-date: /mnt/hgfs/VMware/ROS2_DEMO/1_Chapter/code/install/vscodeCppDemo/share/vscodeCppDemo/cmake/vscodeCppDemoConfig-version.cmake
-- Up-to-date: /mnt/hgfs/VMware/ROS2_DEMO/1_Chapter/code/install/vscodeCppDemo/share/vscodeCppDemo/package.xml
