running egg_info
writing ../build/python_idl_pub/python_idl_pub.egg-info/PKG-INFO
writing dependency_links to ../build/python_idl_pub/python_idl_pub.egg-info/dependency_links.txt
writing entry points to ../build/python_idl_pub/python_idl_pub.egg-info/entry_points.txt
writing requirements to ../build/python_idl_pub/python_idl_pub.egg-info/requires.txt
writing top-level names to ../build/python_idl_pub/python_idl_pub.egg-info/top_level.txt
reading manifest file '../build/python_idl_pub/python_idl_pub.egg-info/SOURCES.txt'
writing manifest file '../build/python_idl_pub/python_idl_pub.egg-info/SOURCES.txt'
running build
running build_py
copying python_idl_pub/pythonIdlPubNode.py -> /mnt/hgfs/VMware/ROS2_DEMO/2_Chapter/code/build/python_idl_pub/build/lib/python_idl_pub
running install
running install_lib
copying /mnt/hgfs/VMware/ROS2_DEMO/2_Chapter/code/build/python_idl_pub/build/lib/python_idl_pub/pythonIdlPubNode.py -> /mnt/hgfs/VMware/ROS2_DEMO/2_Chapter/code/install/python_idl_pub/lib/python3.10/site-packages/python_idl_pub
byte-compiling /mnt/hgfs/VMware/ROS2_DEMO/2_Chapter/code/install/python_idl_pub/lib/python3.10/site-packages/python_idl_pub/pythonIdlPubNode.py to pythonIdlPubNode.cpython-310.pyc
running install_data
running install_egg_info
removing '/mnt/hgfs/VMware/ROS2_DEMO/2_Chapter/code/install/python_idl_pub/lib/python3.10/site-packages/python_idl_pub-0.0.0-py3.10.egg-info' (and everything under it)
Copying ../build/python_idl_pub/python_idl_pub.egg-info to /mnt/hgfs/VMware/ROS2_DEMO/2_Chapter/code/install/python_idl_pub/lib/python3.10/site-packages/python_idl_pub-0.0.0-py3.10.egg-info
running install_scripts
Installing pythonIdlPubNode script to /mnt/hgfs/VMware/ROS2_DEMO/2_Chapter/code/install/python_idl_pub/lib/python_idl_pub
writing list of installed files to '/mnt/hgfs/VMware/ROS2_DEMO/2_Chapter/code/build/python_idl_pub/install.log'
