[0.791s] Invoking command in '/mnt/hgfs/VMware/ROS2_DEMO/2_Chapter/code/python_idl_pub': AMENT_PREFIX_PATH=/mnt/hgfs/VMware/ROS2_DEMO/2_Chapter/code/install/student_msg:${AMENT_PREFIX_PATH} CMAKE_PREFIX_PATH=/mnt/hgfs/VMware/ROS2_DEMO/2_Chapter/code/install/student_msg:${CMAKE_PREFIX_PATH} LD_LIBRARY_PATH=/mnt/hgfs/VMware/ROS2_DEMO/2_Chapter/code/install/student_msg/lib:${LD_LIBRARY_PATH} PYTHONPATH=/mnt/hgfs/VMware/ROS2_DEMO/2_Chapter/code/build/python_idl_pub/prefix_override:/mnt/hgfs/VMware/ROS2_DEMO/2_Chapter/code/install/python_idl_pub/lib/python3.10/site-packages:/mnt/hgfs/VMware/ROS2_DEMO/2_Chapter/code/install/student_msg/local/lib/python3.10/dist-packages:${PYTHONPATH} /usr/bin/python3 setup.py egg_info --egg-base ../build/python_idl_pub build --build-base /mnt/hgfs/VMware/ROS2_DEMO/2_Chapter/code/build/python_idl_pub/build install --record /mnt/hgfs/VMware/ROS2_DEMO/2_Chapter/code/build/python_idl_pub/install.log --single-version-externally-managed
[1.061s] running egg_info
[1.064s] writing ../build/python_idl_pub/python_idl_pub.egg-info/PKG-INFO
[1.067s] writing dependency_links to ../build/python_idl_pub/python_idl_pub.egg-info/dependency_links.txt
[1.070s] writing entry points to ../build/python_idl_pub/python_idl_pub.egg-info/entry_points.txt
[1.073s] writing requirements to ../build/python_idl_pub/python_idl_pub.egg-info/requires.txt
[1.077s] writing top-level names to ../build/python_idl_pub/python_idl_pub.egg-info/top_level.txt
[1.092s] reading manifest file '../build/python_idl_pub/python_idl_pub.egg-info/SOURCES.txt'
[1.098s] writing manifest file '../build/python_idl_pub/python_idl_pub.egg-info/SOURCES.txt'
[1.101s] running build
[1.105s] running build_py
[1.108s] copying python_idl_pub/pythonIdlPubNode.py -> /mnt/hgfs/VMware/ROS2_DEMO/2_Chapter/code/build/python_idl_pub/build/lib/python_idl_pub
[1.113s] running install
[1.116s] /usr/lib/python3/dist-packages/setuptools/command/install.py:34: SetuptoolsDeprecationWarning: setup.py install is deprecated. Use build and pip and other standards-based tools.
[1.119s]   warnings.warn(
[1.122s] running install_lib
[1.125s] copying /mnt/hgfs/VMware/ROS2_DEMO/2_Chapter/code/build/python_idl_pub/build/lib/python_idl_pub/pythonIdlPubNode.py -> /mnt/hgfs/VMware/ROS2_DEMO/2_Chapter/code/install/python_idl_pub/lib/python3.10/site-packages/python_idl_pub
[1.127s] byte-compiling /mnt/hgfs/VMware/ROS2_DEMO/2_Chapter/code/install/python_idl_pub/lib/python3.10/site-packages/python_idl_pub/pythonIdlPubNode.py to pythonIdlPubNode.cpython-310.pyc
[1.133s] running install_data
[1.136s] running install_egg_info
[1.140s] removing '/mnt/hgfs/VMware/ROS2_DEMO/2_Chapter/code/install/python_idl_pub/lib/python3.10/site-packages/python_idl_pub-0.0.0-py3.10.egg-info' (and everything under it)
[1.148s] Copying ../build/python_idl_pub/python_idl_pub.egg-info to /mnt/hgfs/VMware/ROS2_DEMO/2_Chapter/code/install/python_idl_pub/lib/python3.10/site-packages/python_idl_pub-0.0.0-py3.10.egg-info
[1.184s] running install_scripts
[1.206s] Installing pythonIdlPubNode script to /mnt/hgfs/VMware/ROS2_DEMO/2_Chapter/code/install/python_idl_pub/lib/python_idl_pub
[1.211s] writing list of installed files to '/mnt/hgfs/VMware/ROS2_DEMO/2_Chapter/code/build/python_idl_pub/install.log'
[1.240s] Invoked command in '/mnt/hgfs/VMware/ROS2_DEMO/2_Chapter/code/python_idl_pub' returned '0': AMENT_PREFIX_PATH=/mnt/hgfs/VMware/ROS2_DEMO/2_Chapter/code/install/student_msg:${AMENT_PREFIX_PATH} CMAKE_PREFIX_PATH=/mnt/hgfs/VMware/ROS2_DEMO/2_Chapter/code/install/student_msg:${CMAKE_PREFIX_PATH} LD_LIBRARY_PATH=/mnt/hgfs/VMware/ROS2_DEMO/2_Chapter/code/install/student_msg/lib:${LD_LIBRARY_PATH} PYTHONPATH=/mnt/hgfs/VMware/ROS2_DEMO/2_Chapter/code/build/python_idl_pub/prefix_override:/mnt/hgfs/VMware/ROS2_DEMO/2_Chapter/code/install/python_idl_pub/lib/python3.10/site-packages:/mnt/hgfs/VMware/ROS2_DEMO/2_Chapter/code/install/student_msg/local/lib/python3.10/dist-packages:${PYTHONPATH} /usr/bin/python3 setup.py egg_info --egg-base ../build/python_idl_pub build --build-base /mnt/hgfs/VMware/ROS2_DEMO/2_Chapter/code/build/python_idl_pub/build install --record /mnt/hgfs/VMware/ROS2_DEMO/2_Chapter/code/build/python_idl_pub/install.log --single-version-externally-managed
