[0.057s] Invoking command in '/mnt/hgfs/VMware/ROS2_DEMO/4_Chapter/code/build/cpp_para_client': CMAKE_PREFIX_PATH=${CMAKE_PREFIX_PATH}:/opt/ros/humble /usr/bin/cmake /mnt/hgfs/VMware/ROS2_DEMO/4_Chapter/code/cpp_para_client -DCMAKE_INSTALL_PREFIX=/mnt/hgfs/VMware/ROS2_DEMO/4_Chapter/code/install/cpp_para_client
[0.248s] -- The C compiler identification is GNU 11.3.0
[0.433s] -- The CXX compiler identification is GNU 11.3.0
[0.464s] -- Detecting C compiler ABI info
[0.915s] -- Detecting C compiler ABI info - done
[0.934s] -- Check for working C compiler: /usr/bin/cc - skipped
[0.944s] -- Detecting C compile features
[0.950s] -- Detecting C compile features - done
[0.967s] -- Detecting CXX compiler ABI info
[1.374s] -- Detecting CXX compiler ABI info - done
[1.392s] -- Check for working CXX compiler: /usr/bin/c++ - skipped
[1.396s] -- Detecting CXX compile features
[1.404s] -- Detecting CXX compile features - done
[1.442s] -- Found ament_cmake: 1.3.3 (/opt/ros/humble/share/ament_cmake/cmake)
[1.716s] -- Found Python3: /usr/bin/python3.10 (found version "3.10.6") found components: Interpreter 
[2.017s] -- Found rclcpp: 16.0.3 (/opt/ros/humble/share/rclcpp/cmake)
[2.208s] -- Found rosidl_generator_c: 3.1.4 (/opt/ros/humble/share/rosidl_generator_c/cmake)
[2.238s] -- Found rosidl_adapter: 3.1.4 (/opt/ros/humble/share/rosidl_adapter/cmake)
[2.271s] -- Found rosidl_generator_cpp: 3.1.4 (/opt/ros/humble/share/rosidl_generator_cpp/cmake)
[2.307s] -- Using all available rosidl_typesupport_c: rosidl_typesupport_fastrtps_c;rosidl_typesupport_introspection_c
[2.362s] -- Using all available rosidl_typesupport_cpp: rosidl_typesupport_fastrtps_cpp;rosidl_typesupport_introspection_cpp
[2.527s] -- Found rmw_implementation_cmake: 6.1.1 (/opt/ros/humble/share/rmw_implementation_cmake/cmake)
[2.542s] -- Found rmw_fastrtps_cpp: 6.2.2 (/opt/ros/humble/share/rmw_fastrtps_cpp/cmake)
[2.739s] -- Found OpenSSL: /usr/lib/x86_64-linux-gnu/libcrypto.so (found version "3.0.2")  
[2.789s] -- Found FastRTPS: /opt/ros/humble/include  
[2.870s] -- Using RMW implementation 'rmw_fastrtps_cpp' as default
[2.935s] -- Looking for pthread.h
[3.211s] -- Looking for pthread.h - found
[3.218s] -- Performing Test CMAKE_HAVE_LIBC_PTHREAD
[3.465s] -- Performing Test CMAKE_HAVE_LIBC_PTHREAD - Success
[3.468s] -- Found Threads: TRUE  
[3.671s] -- Found ament_lint_auto: 0.12.5 (/opt/ros/humble/share/ament_lint_auto/cmake)
[3.998s] -- Added test 'cppcheck' to perform static code analysis on C / C++ code
[4.000s] -- Configured cppcheck include dirs: $<BUILD_INTERFACE:/mnt/hgfs/VMware/ROS2_DEMO/4_Chapter/code/cpp_para_client/include>
[4.003s] -- Configured cppcheck exclude dirs and/or files: 
[4.017s] -- Added test 'lint_cmake' to check CMake code style
[4.055s] -- Added test 'uncrustify' to check C / C++ code style
[4.058s] -- Configured uncrustify additional arguments: 
[4.066s] -- Added test 'xmllint' to check XML markup files
[4.120s] -- Configuring done
[4.298s] -- Generating done
[4.347s] -- Build files have been written to: /mnt/hgfs/VMware/ROS2_DEMO/4_Chapter/code/build/cpp_para_client
[4.355s] Invoked command in '/mnt/hgfs/VMware/ROS2_DEMO/4_Chapter/code/build/cpp_para_client' returned '0': CMAKE_PREFIX_PATH=${CMAKE_PREFIX_PATH}:/opt/ros/humble /usr/bin/cmake /mnt/hgfs/VMware/ROS2_DEMO/4_Chapter/code/cpp_para_client -DCMAKE_INSTALL_PREFIX=/mnt/hgfs/VMware/ROS2_DEMO/4_Chapter/code/install/cpp_para_client
[4.360s] Invoking command in '/mnt/hgfs/VMware/ROS2_DEMO/4_Chapter/code/build/cpp_para_client': CMAKE_PREFIX_PATH=${CMAKE_PREFIX_PATH}:/opt/ros/humble /usr/bin/cmake --build /mnt/hgfs/VMware/ROS2_DEMO/4_Chapter/code/build/cpp_para_client -- -j16 -l16
[4.434s] [ 50%] [32mBuilding CXX object CMakeFiles/cppParaCliNode.dir/src/cppParaCliNode.cpp.o[0m
[9.125s] [100%] [32m[1mLinking CXX executable cppParaCliNode[0m
[9.871s] [100%] Built target cppParaCliNode
[9.885s] Invoked command in '/mnt/hgfs/VMware/ROS2_DEMO/4_Chapter/code/build/cpp_para_client' returned '0': CMAKE_PREFIX_PATH=${CMAKE_PREFIX_PATH}:/opt/ros/humble /usr/bin/cmake --build /mnt/hgfs/VMware/ROS2_DEMO/4_Chapter/code/build/cpp_para_client -- -j16 -l16
[9.914s] Invoking command in '/mnt/hgfs/VMware/ROS2_DEMO/4_Chapter/code/build/cpp_para_client': CMAKE_PREFIX_PATH=${CMAKE_PREFIX_PATH}:/opt/ros/humble /usr/bin/cmake --install /mnt/hgfs/VMware/ROS2_DEMO/4_Chapter/code/build/cpp_para_client
[9.922s] -- Install configuration: ""
[9.930s] -- Installing: /mnt/hgfs/VMware/ROS2_DEMO/4_Chapter/code/install/cpp_para_client/lib/cpp_para_client/cppParaCliNode
[9.970s] -- Set runtime path of "/mnt/hgfs/VMware/ROS2_DEMO/4_Chapter/code/install/cpp_para_client/lib/cpp_para_client/cppParaCliNode" to ""
[9.979s] -- Installing: /mnt/hgfs/VMware/ROS2_DEMO/4_Chapter/code/install/cpp_para_client/share/ament_index/resource_index/package_run_dependencies/cpp_para_client
[9.992s] -- Installing: /mnt/hgfs/VMware/ROS2_DEMO/4_Chapter/code/install/cpp_para_client/share/ament_index/resource_index/parent_prefix_path/cpp_para_client
[10.004s] -- Installing: /mnt/hgfs/VMware/ROS2_DEMO/4_Chapter/code/install/cpp_para_client/share/cpp_para_client/environment/ament_prefix_path.sh
[10.013s] -- Installing: /mnt/hgfs/VMware/ROS2_DEMO/4_Chapter/code/install/cpp_para_client/share/cpp_para_client/environment/ament_prefix_path.dsv
[10.022s] -- Installing: /mnt/hgfs/VMware/ROS2_DEMO/4_Chapter/code/install/cpp_para_client/share/cpp_para_client/environment/path.sh
[10.033s] -- Installing: /mnt/hgfs/VMware/ROS2_DEMO/4_Chapter/code/install/cpp_para_client/share/cpp_para_client/environment/path.dsv
[10.042s] -- Installing: /mnt/hgfs/VMware/ROS2_DEMO/4_Chapter/code/install/cpp_para_client/share/cpp_para_client/local_setup.bash
[10.053s] -- Installing: /mnt/hgfs/VMware/ROS2_DEMO/4_Chapter/code/install/cpp_para_client/share/cpp_para_client/local_setup.sh
[10.064s] -- Installing: /mnt/hgfs/VMware/ROS2_DEMO/4_Chapter/code/install/cpp_para_client/share/cpp_para_client/local_setup.zsh
[10.075s] -- Installing: /mnt/hgfs/VMware/ROS2_DEMO/4_Chapter/code/install/cpp_para_client/share/cpp_para_client/local_setup.dsv
[10.085s] -- Installing: /mnt/hgfs/VMware/ROS2_DEMO/4_Chapter/code/install/cpp_para_client/share/cpp_para_client/package.dsv
[10.097s] -- Installing: /mnt/hgfs/VMware/ROS2_DEMO/4_Chapter/code/install/cpp_para_client/share/ament_index/resource_index/packages/cpp_para_client
[10.109s] -- Installing: /mnt/hgfs/VMware/ROS2_DEMO/4_Chapter/code/install/cpp_para_client/share/cpp_para_client/cmake/cpp_para_clientConfig.cmake
[10.118s] -- Installing: /mnt/hgfs/VMware/ROS2_DEMO/4_Chapter/code/install/cpp_para_client/share/cpp_para_client/cmake/cpp_para_clientConfig-version.cmake
[10.128s] -- Installing: /mnt/hgfs/VMware/ROS2_DEMO/4_Chapter/code/install/cpp_para_client/share/cpp_para_client/package.xml
[10.140s] Invoked command in '/mnt/hgfs/VMware/ROS2_DEMO/4_Chapter/code/build/cpp_para_client' returned '0': CMAKE_PREFIX_PATH=${CMAKE_PREFIX_PATH}:/opt/ros/humble /usr/bin/cmake --install /mnt/hgfs/VMware/ROS2_DEMO/4_Chapter/code/build/cpp_para_client
